E(eV) ImSigma(eV) N_States
 1.4310094e+00  8.6802755e-04 2
 1.4414719e+00  1.6525933e-03 16
 1.4456569e+00  1.2097018e-03 12
 1.4623968e+00  9.5591703e-04 24
 1.4728593e+00  2.2143947e-03 48
 1.4770443e+00  2.0108900e-03 16
 1.4937843e+00  1.2630032e-03 12
 1.5021542e+00  2.2096597e-03 48
 1.5063392e+00  2.7329210e-03 48
 1.5209867e+00  1.3978898e-03 48
 1.5293567e+00  1.5243476e-03 16
 1.5314492e+00  1.7586355e-03 48
 1.5460966e+00  1.6337121e-03 12
 1.5481891e+00  1.5790741e-03 12
 1.5565591e+00  2.2411262e-03 48
 1.5586516e+00  2.3009753e-03 72
 1.5607441e+00  2.3477693e-03 24
 1.5628366e+00  2.4797359e-03 12
 1.5753916e+00  1.4854022e-03 48
 1.5816691e+00  1.2577208e-03 48
 1.5858540e+00  1.6798164e-03 24
 1.5879465e+00  1.8252780e-03 24
 1.5963165e+00  2.2674414e-03 16
 1.6046865e+00  1.0773465e-03 24
 1.6067790e+00  1.2416916e-03 24
 1.6088715e+00  1.8228800e-03 48
 1.6109640e+00  1.8817253e-03 48
