E(Har) ImSigma_kn(Har) ImSigma_Flip
 5.2551487e-02  3.1976703e-05  2.1216229e-05
 5.2551487e-02  3.1822148e-05  2.1148230e-05
 5.3003600e-02  6.1486700e-05  3.1481221e-05
 5.3003613e-02  6.0299535e-05  3.0132895e-05
 5.4288385e-02  7.5915387e-05  4.3305785e-05
 5.4288481e-02  7.2437465e-05  3.9911773e-05
 5.8635300e-02  8.5234756e-05  4.4689652e-05
 5.8635534e-02  8.3828302e-05  4.4644622e-05
 5.6231997e-02  5.8023568e-05  3.2042876e-05
 5.6232200e-02  5.3831402e-05  2.9131165e-05
 5.6231997e-02  5.8025098e-05  3.3226414e-05
 5.6232200e-02  5.6551173e-05  3.2564258e-05
 5.8635300e-02  8.4365729e-05  4.4034330e-05
 5.8635533e-02  8.2121212e-05  4.2190941e-05
 5.4288385e-02  7.4711317e-05  4.2248871e-05
 5.4288481e-02  7.4889009e-05  4.3488932e-05
 5.3003600e-02  6.0837338e-05  3.0819831e-05
 5.3003613e-02  6.1310208e-05  3.1847775e-05
 5.3003600e-02  5.9985757e-05  3.2297996e-05
 5.3003613e-02  6.1618669e-05  3.3879114e-05
 5.3153798e-02  4.4321439e-05  1.7766895e-05
 5.3153804e-02  4.4876897e-05  1.7567884e-05
 5.4155662e-02  7.9938622e-05  5.1010464e-05
 5.4162221e-02  8.3701469e-05  5.3934398e-05
 5.5868665e-02  5.0235300e-05  3.0343996e-05
 5.5886325e-02  5.3040463e-05  3.2147139e-05
 5.7300518e-02  8.6407981e-05  5.2906533e-05
 5.7332745e-02  9.0572858e-05  5.9867480e-05
 5.8102637e-02  4.4069303e-05  3.0113292e-05
 5.8133666e-02  4.9039750e-05  3.1554012e-05
 5.5221213e-02  7.9259284e-05  4.6806751e-05
 5.5239553e-02  8.4809893e-05  5.2932089e-05
 5.3728404e-02  3.4537630e-05  1.9082328e-05
 5.3735163e-02  3.6059638e-05  2.0618746e-05
 5.4288385e-02  7.2264541e-05  4.3252542e-05
 5.4288480e-02  7.5477326e-05  4.5492955e-05
 5.8635300e-02  8.2958539e-05  3.5144693e-05
 5.8635532e-02  8.2185867e-05  3.5480640e-05
 5.4155663e-02  8.2666381e-05  5.3116730e-05
 5.4162220e-02  8.0682197e-05  5.0536273e-05
 5.4860326e-02  4.6282718e-05  2.5871114e-05
 5.4860385e-02  4.6874053e-05  2.7082286e-05
 5.6288252e-02  6.3184728e-05  4.4678962e-05
 5.6305627e-02  6.7204324e-05  4.7562299e-05
 5.8973584e-02  3.8669096e-05  2.2088321e-05
 5.9046284e-02  4.9086938e-05  3.2636511e-05
 5.9159528e-02  7.6239400e-05  5.3478927e-05
 5.9189480e-02  7.6341280e-05  5.3126046e-05
 5.8284180e-02  6.1035452e-05  3.8419153e-05
 5.8325606e-02  6.8795742e-05  4.3701050e-05
 5.6839692e-02  5.9937456e-05  2.7311877e-05
 5.6883694e-02  5.9261924e-05  2.9599027e-05
 5.8284183e-02  6.1833317e-05  3.8120881e-05
 5.8325605e-02  6.6824519e-05  4.3815960e-05
 5.5221212e-02  7.8436555e-05  4.5980388e-05
 5.5239553e-02  8.4543318e-05  5.1454420e-05
 5.8102638e-02  4.5172579e-05  3.0575010e-05
 5.8133664e-02  4.6383022e-05  3.2229843e-05
 5.6231997e-02  5.4515855e-05  2.2082508e-05
 5.6232199e-02  5.7606794e-05  2.3581151e-05
 5.6231997e-02  5.6516712e-05  2.3888878e-05
 5.6232199e-02  5.4282948e-05  2.2608299e-05
 5.5868666e-02  5.2564554e-05  3.1700483e-05
 5.5886323e-02  5.0830012e-05  3.0633449e-05
 5.7300517e-02  8.6695111e-05  5.3752790e-05
 5.7332743e-02  8.3279040e-05  5.0357518e-05
 5.6288253e-02  6.6229364e-05  4.6928486e-05
 5.6305626e-02  6.4409678e-05  4.4990720e-05
 5.8973583e-02  3.9286714e-05  2.2415495e-05
 5.9046283e-02  4.2016639e-05  2.5922659e-05
 5.9159526e-02  7.8472008e-05  5.5930305e-05
 5.9189481e-02  7.6894050e-05  5.2197630e-05
 5.7437770e-02  9.2004297e-05  5.5597076e-05
 5.7437917e-02  9.2196379e-05  5.8105724e-05
 5.7437770e-02  9.5164392e-05  6.5439212e-05
 5.7437918e-02  8.9085768e-05  5.8625490e-05
 5.9159526e-02  7.4854108e-05  5.0899153e-05
 5.9189481e-02  7.9194380e-05  5.1680954e-05
 5.8973583e-02  3.7882391e-05  2.1180108e-05
 5.9046283e-02  4.8520987e-05  3.0657298e-05
 5.6288253e-02  6.4209620e-05  4.4273982e-05
 5.6305626e-02  6.5609820e-05  4.6229121e-05
 5.7300517e-02  8.4412818e-05  5.1280902e-05
 5.7332743e-02  8.9337969e-05  5.5179688e-05
 5.5868666e-02  5.0819866e-05  3.0447920e-05
 5.5886323e-02  5.1598848e-05  3.2049210e-05
 5.8635300e-02  8.2288539e-05  3.3087700e-05
 5.8635532e-02  8.4717485e-05  3.4842293e-05
 5.4288385e-02  7.5171224e-05  4.5731609e-05
 5.4288480e-02  7.2061473e-05  4.4076480e-05
 5.8102638e-02  4.7896873e-05  3.2539374e-05
 5.8133664e-02  4.6132355e-05  3.1784766e-05
 5.5221212e-02  8.0783784e-05  4.7951176e-05
 5.5239553e-02  8.0297872e-05  4.7602728e-05
 5.8284183e-02  6.4309622e-05  4.0202044e-05
 5.8325605e-02  6.6504191e-05  4.2425296e-05
 5.6839692e-02  6.0452224e-05  2.8052096e-05
 5.6883694e-02  5.6734425e-05  2.7323378e-05
 5.8284180e-02  6.4691731e-05  4.0554462e-05
 5.8325606e-02  6.7655806e-05  4.3143298e-05
 5.9159529e-02  7.9803791e-05  5.3887236e-05
 5.9189480e-02  7.4854098e-05  5.0411278e-05
 5.8973583e-02  4.0099243e-05  2.2090253e-05
 5.9046284e-02  4.1860442e-05  2.5737744e-05
 5.6288252e-02  6.5835832e-05  4.6066745e-05
 5.6305627e-02  6.5217669e-05  4.5024707e-05
 5.4860326e-02  4.7406239e-05  2.1664959e-05
 5.4860385e-02  4.5746990e-05  1.9937652e-05
 5.4155663e-02  8.0645474e-05  5.2411954e-05
 5.4162220e-02  8.2098642e-05  5.4479938e-05
 5.3003600e-02  6.1540463e-05  3.0651261e-05
 5.3003613e-02  5.9872127e-05  2.9232195e-05
 5.3728404e-02  3.5661604e-05  1.9217157e-05
 5.3735163e-02  3.4612305e-05  1.8349608e-05
 5.5221213e-02  8.1975879e-05  4.8497487e-05
 5.5239553e-02  8.0029735e-05  4.7689551e-05
 5.8102637e-02  4.8788148e-05  3.3259735e-05
 5.8133665e-02  4.7351464e-05  3.1492865e-05
 5.7300517e-02  8.9363535e-05  5.3698420e-05
 5.7332745e-02  8.2368876e-05  4.9580822e-05
 5.5868666e-02  5.3050351e-05  3.1283951e-05
 5.5886325e-02  5.1593576e-05  2.9932260e-05
 5.4155663e-02  8.2799965e-05  5.3373271e-05
 5.4162221e-02  8.1407170e-05  5.1178061e-05
 5.3153798e-02  4.5133097e-05  1.2632467e-05
 5.3153804e-02  4.4066655e-05  1.2605167e-05
 5.3004005e-02  6.1051530e-05  2.3696760e-05
 5.3004006e-02  6.0314361e-05  2.3909599e-05
 5.3153797e-02  4.5022212e-05  1.3514118e-05
 5.3153803e-02  4.3620040e-05  1.3792117e-05
 5.4155173e-02  8.2755529e-05  3.8862496e-05
 5.4161779e-02  7.9734263e-05  3.5474934e-05
 5.5867577e-02  5.2480937e-05  2.3256056e-05
 5.5885402e-02  4.9713274e-05  2.1221100e-05
 5.7302610e-02  8.7123773e-05  4.7373786e-05
 5.7334343e-02  8.9856913e-05  4.8609228e-05
 5.8100975e-02  4.7602293e-05  2.7441335e-05
 5.8132261e-02  4.3697248e-05  2.5715456e-05
 5.5222701e-02  8.1035321e-05  4.3913113e-05
 5.5240711e-02  8.3322495e-05  4.5239801e-05
 5.3729286e-02  3.5601391e-05  1.6491450e-05
 5.3735928e-02  3.5127781e-05  1.5683308e-05
 5.3153798e-02  4.3569375e-05  1.6291980e-05
 5.3153803e-02  4.5214217e-05  1.5982683e-05
 5.3003600e-02  5.9907343e-05  1.6443202e-05
 5.3003612e-02  6.0951993e-05  1.7670273e-05
 5.3728405e-02  3.4963739e-05  1.4575681e-05
 5.3735163e-02  3.5131405e-05  1.4927791e-05
 5.5221215e-02  8.0620211e-05  3.3346864e-05
 5.5239554e-02  8.1753411e-05  3.4670411e-05
 5.8102633e-02  4.4198005e-05  1.7861999e-05
 5.8133663e-02  5.0930261e-05  2.0673081e-05
 5.7300521e-02  8.8380108e-05  3.7920785e-05
 5.7332746e-02  8.4577505e-05  3.6644454e-05
 5.5868663e-02  5.0729987e-05  1.7008589e-05
 5.5886322e-02  5.3167911e-05  1.7709446e-05
 5.4155661e-02  8.0845509e-05  3.7576368e-05
 5.4162219e-02  8.2673614e-05  3.8658369e-05
 5.4155173e-02  7.8738381e-05  3.4584758e-05
 5.4161779e-02  8.3651135e-05  3.7687961e-05
 5.3728405e-02  3.4128721e-05  1.3400478e-05
 5.3735163e-02  3.5793625e-05  1.4907188e-05
 5.4155173e-02  8.0261750e-05  3.5647306e-05
 5.4161782e-02  8.2437443e-05  3.7792759e-05
 5.5367143e-02  9.9893804e-05  4.6686595e-05
 5.5386387e-02  1.0178121e-04  4.8208222e-05
 5.7213352e-02  8.2956727e-05  3.6688072e-05
 5.7253590e-02  8.4092025e-05  3.6859785e-05
 5.7213348e-02  8.0443995e-05  3.4582801e-05
 5.7253585e-02  8.7881921e-05  3.9758850e-05
 5.5367141e-02  9.8130256e-05  4.0228822e-05
 5.5386383e-02  1.0339478e-04  4.3448452e-05
 5.5867577e-02  4.9575170e-05  1.5904761e-05
 5.5885402e-02  5.3168772e-05  1.7555227e-05
 5.7302608e-02  8.4143097e-05  3.3903743e-05
 5.7334346e-02  8.6428581e-05  3.4533945e-05
 5.5221216e-02  7.8983278e-05  3.8137297e-05
 5.5239553e-02  8.3372704e-05  4.3036785e-05
 5.8102632e-02  4.2832261e-05  2.5035890e-05
 5.8133661e-02  4.6734434e-05  2.8938506e-05
 5.5367144e-02  9.9819536e-05  6.4115330e-05
 5.5386385e-02  1.0141742e-04  6.7661754e-05
 5.6287297e-02  6.3886042e-05  2.7791430e-05
 5.6304815e-02  6.6052271e-05  3.2224300e-05
 5.9160514e-02  7.2713909e-05  4.7878285e-05
 5.9190396e-02  8.0193784e-05  5.5281383e-05
 5.8977647e-02  3.7337088e-05  2.1014269e-05
 5.9049772e-02  4.7542198e-05  2.8189323e-05
 5.7858653e-02  5.5439281e-05  2.4174907e-05
 5.7894214e-02  5.5054928e-05  2.4164696e-05
 5.9115685e-02  5.6030352e-05  2.3611775e-05
 5.9189729e-02  6.5840128e-05  3.0549640e-05
 5.7860850e-02  5.4138767e-05  2.2146958e-05
 5.7896077e-02  5.5306025e-05  2.2545219e-05
 5.9119733e-02  5.5175495e-05  2.3264202e-05
 5.9193279e-02  6.3836038e-05  2.7021481e-05
 5.7212801e-02  7.9214829e-05  3.3477015e-05
 5.7253053e-02  8.7770930e-05  3.8526709e-05
 5.7215547e-02  8.0646316e-05  3.5334916e-05
 5.7255354e-02  8.3765218e-05  3.7558266e-05
 5.8100974e-02  4.3269000e-05  1.7272844e-05
 5.8132261e-02  4.9101327e-05  2.0174667e-05
 5.5222700e-02  7.7718220e-05  3.1592843e-05
 5.5240711e-02  8.3947087e-05  3.4768742e-05
 5.7300522e-02  8.6783483e-05  4.5011437e-05
 5.7332744e-02  8.7559325e-05  4.8539938e-05
 5.5868661e-02  4.9554027e-05  2.3870252e-05
 5.5886322e-02  5.2048416e-05  2.6362919e-05
 5.7213354e-02  8.4103600e-05  5.3133469e-05
 5.7253587e-02  8.3599738e-05  5.5427178e-05
 5.7213347e-02  8.2346907e-05  5.3310822e-05
 5.7253583e-02  8.0365288e-05  5.3505206e-05
 5.7858655e-02  5.6065440e-05  3.5519544e-05
 5.7894212e-02  5.4451902e-05  3.6527175e-05
 5.9115684e-02  5.8106362e-05  3.5390660e-05
 5.9189726e-02  5.8313295e-05  3.7252509e-05
 5.7860849e-02  5.4508923e-05  3.3010720e-05
 5.7896075e-02  5.6091308e-05  3.6477283e-05
 5.9119732e-02  5.6815902e-05  3.6330440e-05
 5.9193278e-02  6.3944209e-05  4.0926611e-05
 5.9158237e-02  7.6212428e-05  4.6830235e-05
 5.9188470e-02  7.7704893e-05  5.0426934e-05
 5.6289155e-02  6.2502779e-05  2.6523486e-05
 5.6306458e-02  6.7623665e-05  3.1984337e-05
 5.8977726e-02  3.7784646e-05  2.0886400e-05
 5.9049957e-02  4.7759766e-05  2.7549903e-05
 5.5368806e-02  9.7901776e-05  4.7657252e-05
 5.5387795e-02  1.0264361e-04  5.0241348e-05
 5.3729285e-02  3.3869935e-05  1.2650950e-05
 5.3735928e-02  3.6290823e-05  1.3848227e-05
 5.4155660e-02  7.9031325e-05  3.8634739e-05
 5.4162218e-02  8.2850942e-05  4.2044542e-05
 5.5367140e-02  1.0119433e-04  6.7698044e-05
 5.5386382e-02  9.8801329e-05  6.6242124e-05
 5.7212801e-02  8.4801190e-05  5.3671530e-05
 5.7253052e-02  7.8643306e-05  4.9099893e-05
 5.7215547e-02  8.3300531e-05  5.2965115e-05
 5.7255352e-02  8.6841157e-05  5.7428649e-05
 5.5368806e-02  1.0021426e-04  6.4154899e-05
 5.5387794e-02  1.0252530e-04  6.6676938e-05
 5.4156364e-02  8.0001193e-05  3.2025934e-05
 5.4162892e-02  8.3409533e-05  3.4803873e-05
 5.4289717e-02  7.3365216e-05  3.3633535e-05
 5.4289720e-02  7.3947959e-05  3.2866543e-05
 5.8637446e-02  8.3408906e-05  7.0657852e-05
 5.8637454e-02  8.3246285e-05  7.0646945e-05
 5.4156360e-02  7.8964146e-05  3.2356377e-05
 5.4162892e-02  8.2901792e-05  3.5829003e-05
 5.4860325e-02  4.6741426e-05  2.2873117e-05
 5.4860379e-02  4.5770818e-05  2.1941945e-05
 5.6287295e-02  6.5269858e-05  2.6654970e-05
 5.6304806e-02  6.3056925e-05  2.5803172e-05
 5.8977645e-02  3.8565134e-05  2.0076153e-05
 5.9049759e-02  4.9642981e-05  2.9805854e-05
 5.9160505e-02  7.7051849e-05  4.9062920e-05
 5.9190398e-02  7.5865182e-05  4.6800838e-05
 5.8282188e-02  6.2756652e-05  3.3487426e-05
 5.8323863e-02  6.4464395e-05  3.5111393e-05
 5.6842807e-02  5.9938804e-05  2.4456339e-05
 5.6886322e-02  5.8903353e-05  2.5143643e-05
 5.8285635e-02  6.3791142e-05  3.8610529e-05
 5.8327060e-02  6.6434285e-05  3.9369399e-05
 5.5223331e-02  8.0461858e-05  4.1101096e-05
 5.5241421e-02  8.2380186e-05  4.1468120e-05
 5.8104299e-02  4.8179362e-05  2.9882366e-05
 5.8135362e-02  4.5856570e-05  2.7214705e-05
 5.4156361e-02  8.2626475e-05  3.4802153e-05
 5.4162892e-02  7.9587051e-05  3.4242951e-05
 5.3729284e-02  3.5373935e-05  1.0303361e-05
 5.3735928e-02  3.4410606e-05  9.8091692e-06
 5.4155660e-02  8.2195660e-05  3.9542465e-05
 5.4162218e-02  7.9595344e-05  3.7707834e-05
 5.5367142e-02  1.0103747e-04  4.1600369e-05
 5.5386381e-02  9.9418763e-05  4.1542261e-05
 5.7212804e-02  8.4133091e-05  3.1794444e-05
 5.7253052e-02  8.0639938e-05  3.1755084e-05
 5.7215544e-02  8.1206320e-05  3.0809566e-05
 5.7255349e-02  8.5996816e-05  3.3278516e-05
 5.5368803e-02  1.0062924e-04  3.5955635e-05
 5.5387793e-02  1.0039860e-04  3.5409623e-05
 5.4860325e-02  4.5599145e-05  1.2744901e-05
 5.4860380e-02  4.7039844e-05  1.3305762e-05
 5.4155661e-02  8.0310253e-05  3.2611224e-05
 5.4162218e-02  8.1206355e-05  3.3432227e-05
 5.4288384e-02  7.2279998e-05  2.3443635e-05
 5.4288480e-02  7.4560417e-05  2.5587104e-05
 5.8635298e-02  8.4190138e-05  4.1170447e-05
 5.8635532e-02  8.2137920e-05  3.9924882e-05
 5.5221214e-02  8.0001065e-05  2.9740948e-05
 5.5239554e-02  8.2165635e-05  3.1216255e-05
 5.8102636e-02  4.2479217e-05  1.7657751e-05
 5.8133662e-02  4.8328492e-05  2.0268956e-05
 5.6839695e-02  6.0487475e-05  1.7445326e-05
 5.6883697e-02  5.7852625e-05  1.7347015e-05
 5.8284174e-02  6.0510224e-05  2.1460696e-05
 5.8325601e-02  6.9423562e-05  2.4552411e-05
 5.8284179e-02  5.9029572e-05  2.2868423e-05
 5.8325602e-02  6.7615735e-05  2.6362527e-05
 5.8973588e-02  4.0714782e-05  1.3551311e-05
 5.9046289e-02  4.4801694e-05  1.6184188e-05
 5.6288248e-02  6.3411663e-05  1.7780508e-05
 5.6305623e-02  6.6041047e-05  1.9151258e-05
 5.9159525e-02  7.1731039e-05  1.6439162e-05
 5.9189476e-02  7.5940121e-05  1.8248558e-05
 5.6287296e-02  6.1802889e-05  1.7118736e-05
 5.6304808e-02  6.6882791e-05  1.9991103e-05
 5.8977643e-02  3.8009021e-05  1.2584531e-05
 5.9049767e-02  4.4886146e-05  1.6082832e-05
 5.9160507e-02  7.2934258e-05  1.6896218e-05
 5.9190396e-02  7.6044867e-05  1.7968175e-05
 5.5367144e-02  9.7823950e-05  3.2660542e-05
 5.5386381e-02  1.0206060e-04  3.5782889e-05
 5.5221215e-02  7.8181933e-05  3.3046146e-05
 5.5239553e-02  8.3450218e-05  3.8791138e-05
 5.8102634e-02  4.5631391e-05  2.6378809e-05
 5.8133662e-02  4.6307461e-05  2.5858120e-05
 5.5867576e-02  5.0460257e-05  1.9848220e-05
 5.5885406e-02  5.2372511e-05  2.2351366e-05
 5.7302608e-02  8.3168500e-05  4.3402089e-05
 5.7334346e-02  8.8696125e-05  4.5238753e-05
 5.7212803e-02  8.2514487e-05  3.3763410e-05
 5.7253059e-02  8.4920958e-05  3.6607005e-05
 5.7215545e-02  7.8319030e-05  3.1039817e-05
 5.7255355e-02  8.5688570e-05  3.3219279e-05
 5.9115688e-02  5.9504576e-05  1.9886604e-05
 5.9189736e-02  6.3098966e-05  2.1717121e-05
 5.7858649e-02  5.3478688e-05  1.2970478e-05
 5.7894206e-02  5.6134282e-05  1.4858259e-05
 5.9119731e-02  5.6592160e-05  1.8501100e-05
 5.9193274e-02  6.2411043e-05  2.1437480e-05
 5.7860845e-02  5.3315089e-05  1.1939252e-05
 5.7896078e-02  5.4669391e-05  1.2397973e-05
 5.8282188e-02  5.9391662e-05  2.1565590e-05
 5.8323865e-02  6.8972064e-05  2.5325258e-05
 5.6842805e-02  5.8805785e-05  1.6811154e-05
 5.6886326e-02  5.8332494e-05  1.7466395e-05
 5.8285638e-02  5.9631708e-05  2.2649211e-05
 5.8327056e-02  6.8878542e-05  2.6025649e-05
 5.7212805e-02  8.0533108e-05  2.6835937e-05
 5.7253052e-02  8.5702235e-05  3.1947752e-05
 5.7215542e-02  7.7979584e-05  3.0717586e-05
 5.7255352e-02  8.4409823e-05  3.4132227e-05
 5.6839698e-02  5.9376931e-05  2.0960672e-05
 5.6883695e-02  5.8886686e-05  2.2687252e-05
 5.8284174e-02  5.9045679e-05  3.0222534e-05
 5.8325599e-02  6.6972484e-05  3.6942353e-05
 5.8284177e-02  6.2448068e-05  3.5157069e-05
 5.8325601e-02  6.7109404e-05  3.8011929e-05
 5.7212804e-02  8.2166848e-05  4.5726696e-05
 5.7253057e-02  8.5098978e-05  5.3534280e-05
 5.7215543e-02  8.0345824e-05  5.0191093e-05
 5.7255354e-02  8.5690287e-05  5.3757216e-05
 5.8282187e-02  6.1223652e-05  3.1417083e-05
 5.8323873e-02  6.8189615e-05  3.7676997e-05
 5.8285641e-02  5.9923252e-05  3.0720921e-05
 5.8327054e-02  6.9707303e-05  3.9336242e-05
 5.6842806e-02  5.8799370e-05  2.1806914e-05
 5.6886329e-02  5.9272797e-05  2.3283355e-05
 5.7216047e-02  7.9518016e-05  3.3825402e-05
 5.7255943e-02  8.4671609e-05  3.6784012e-05
 5.7216046e-02  7.8674997e-05  3.2323953e-05
 5.7255946e-02  8.6600365e-05  3.5388639e-05
 5.5223330e-02  7.7294741e-05  2.8709991e-05
 5.5241423e-02  8.4119923e-05  3.2029233e-05
 5.8104301e-02  4.3176865e-05  1.5791642e-05
 5.8135358e-02  4.9860957e-05  1.7970457e-05
 5.5368802e-02  9.6240783e-05  3.9158901e-05
 5.5387794e-02  1.0298127e-04  4.2222718e-05
 5.8973591e-02  3.9930536e-05  1.9683116e-05
 5.9046285e-02  4.6495353e-05  2.5915758e-05
 5.6288247e-02  6.1693500e-05  3.6139972e-05
 5.6305621e-02  6.5764688e-05  3.9645321e-05
 5.9159522e-02  7.7107885e-05  4.8963502e-05
 5.9189475e-02  7.5353896e-05  4.4973888e-05
 5.9115692e-02  5.9395490e-05  3.2899220e-05
 5.9189733e-02  6.3293665e-05  3.9033412e-05
 5.7858649e-02  5.4943064e-05  3.4995962e-05
 5.7894203e-02  5.2140313e-05  3.3006911e-05
 5.9119732e-02  5.6843529e-05  3.1329640e-05
 5.9193265e-02  6.6300425e-05  4.0795485e-05
 5.7860843e-02  5.5145206e-05  3.3353921e-05
 5.7896078e-02  5.4495110e-05  3.1694593e-05
 5.7216048e-02  8.0539494e-05  4.5074209e-05
 5.7255939e-02  8.6768927e-05  5.2163984e-05
 5.7216044e-02  8.1389149e-05  4.9727133e-05
 5.7255947e-02  8.5354928e-05  5.2894667e-05
 5.5870123e-02  5.0015635e-05  1.7635178e-05
 5.5887758e-02  5.2762202e-05  2.0126221e-05
 5.7303484e-02  8.4716573e-05  4.6702750e-05
 5.7335408e-02  8.9070755e-05  4.9914155e-05
 5.6234096e-02  5.5428381e-05  3.9556608e-05
 5.6234102e-02  5.5824332e-05  3.7448200e-05
 5.6234096e-02  5.7326168e-05  4.2134004e-05
 5.6234102e-02  5.5820152e-05  4.1959878e-05
 5.5870118e-02  4.9795646e-05  1.7980688e-05
 5.5887762e-02  5.1860308e-05  2.0314914e-05
 5.7303486e-02  8.4045814e-05  4.2076028e-05
 5.7335399e-02  9.0413961e-05  4.7028291e-05
 5.6289148e-02  6.2091366e-05  2.2449917e-05
 5.6306459e-02  6.5800985e-05  2.7241090e-05
 5.8977722e-02  3.7326157e-05  1.6580149e-05
 5.9049940e-02  4.9266145e-05  2.5234314e-05
 5.9158236e-02  7.6975043e-05  4.5185591e-05
 5.9188456e-02  7.6900094e-05  4.5845086e-05
 5.7437769e-02  9.2159469e-05  5.1694625e-05
 5.7437906e-02  8.7670383e-05  4.8022457e-05
 5.7437769e-02  9.1126502e-05  5.4162290e-05
 5.7437906e-02  9.2479751e-05  5.5591803e-05
 5.9158236e-02  7.6979272e-05  4.2532006e-05
 5.9188456e-02  7.2017489e-05  4.0191530e-05
 5.8977722e-02  3.8076385e-05  1.8678586e-05
 5.9049940e-02  4.8023346e-05  2.4934879e-05
 5.6289148e-02  6.5710859e-05  2.7548088e-05
 5.6306459e-02  6.4265522e-05  2.6925595e-05
 5.7303486e-02  8.5231842e-05  4.4890285e-05
 5.7335399e-02  8.6481127e-05  4.4600256e-05
 5.5870118e-02  5.2706660e-05  2.0998491e-05
 5.5887763e-02  5.0651658e-05  1.8630841e-05
 5.5870120e-02  5.1868164e-05  1.4099280e-05
 5.5887760e-02  5.0063005e-05  1.3078246e-05
 5.7303484e-02  9.3135311e-05  3.7566349e-05
 5.7335405e-02  8.2529579e-05  3.4700335e-05
 5.5223328e-02  8.0547259e-05  3.1905707e-05
 5.5241424e-02  8.0407607e-05  3.2329057e-05
 5.8104303e-02  4.7043678e-05  2.2924640e-05
 5.8135354e-02  4.6945930e-05  2.3109264e-05
 5.5368801e-02  1.0028199e-04  5.2224364e-05
 5.5387795e-02  9.8879959e-05  5.1068597e-05
 5.6288248e-02  6.5077435e-05  3.4570137e-05
 5.6305621e-02  6.3318322e-05  3.3577135e-05
 5.9159520e-02  7.5346042e-05  4.5114767e-05
 5.9189473e-02  7.7690699e-05  4.6816563e-05
 5.8973590e-02  3.7959268e-05  1.7156869e-05
 5.9046285e-02  4.5132035e-05  2.3547921e-05
 5.7858652e-02  5.6098762e-05  1.9893227e-05
 5.7894202e-02  5.2438202e-05  1.8621896e-05
 5.9119729e-02  5.6502122e-05  2.0597904e-05
 5.9193263e-02  6.4823232e-05  2.4858041e-05
 5.7860842e-02  5.7099430e-05  1.7955614e-05
 5.7896075e-02  5.2797083e-05  1.5958133e-05
 5.9115692e-02  5.5810492e-05  1.9365181e-05
 5.9189727e-02  6.2019483e-05  2.3382541e-05
 5.7216046e-02  8.2036282e-05  3.0675638e-05
 5.7255938e-02  8.2869894e-05  3.0591954e-05
 5.7216043e-02  8.7823764e-05  3.2052347e-05
 5.7255944e-02  8.0059691e-05  2.9726371e-05
 5.6289150e-02  6.5021736e-05  1.6283701e-05
 5.6306458e-02  6.3360323e-05  1.6238112e-05
 5.8977721e-02  4.3999411e-05  1.2430914e-05
 5.9049951e-02  4.2931808e-05  1.2815792e-05
 5.9158237e-02  7.4798126e-05  1.6107454e-05
 5.9188459e-02  7.3526536e-05  1.5484928e-05
 5.5368802e-02  1.0107873e-04  3.1035928e-05
 5.5387795e-02  9.8088863e-05  3.0133101e-05
 5.5222699e-02  8.1064987e-05  3.0272777e-05
 5.5240711e-02  7.9913361e-05  2.9557553e-05
 5.8100972e-02  4.7207305e-05  2.1237369e-05
 5.8132265e-02  4.5003472e-05  2.1241159e-05
 5.5868662e-02  5.1977274e-05  2.1301281e-05
 5.5886321e-02  5.0279323e-05  2.0824448e-05
 5.7300520e-02  8.5447618e-05  4.4210197e-05
 5.7332744e-02  8.5083023e-05  4.4635790e-05
 5.7213350e-02  8.2898199e-05  3.0891646e-05
 5.7253583e-02  8.2636973e-05  3.1575093e-05
 5.7213353e-02  8.0072424e-05  2.8309177e-05
 5.7253583e-02  8.2706213e-05  3.0783345e-05
 5.9115688e-02  5.9549814e-05  1.8104067e-05
 5.9189728e-02  6.1659277e-05  1.9619142e-05
 5.7860844e-02  5.4881627e-05  1.1387972e-05
 5.7896073e-02  5.3850334e-05  1.1290001e-05
 5.9119727e-02  6.3358864e-05  1.8353536e-05
 5.9193271e-02  6.0204883e-05  1.8155263e-05
 5.7858655e-02  5.4263039e-05  1.0425692e-05
 5.7894203e-02  5.3194371e-05  1.0475949e-05
 5.7437770e-02  8.8425505e-05  1.6105444e-05
 5.7437909e-02  9.2929486e-05  1.7647718e-05
 5.7437770e-02  9.1961114e-05  1.6956074e-05
 5.7437909e-02  8.8340363e-05  1.5822837e-05
 5.6288250e-02  6.4208363e-05  1.5738909e-05
 5.6305622e-02  6.4212940e-05  1.6335192e-05
 5.9159520e-02  7.4997832e-05  1.5883444e-05
 5.9189476e-02  7.3980721e-05  1.6018654e-05
 5.8973585e-02  4.3853394e-05  1.1786530e-05
 5.9046288e-02  4.2333513e-05  1.2729686e-05
 5.5868664e-02  5.1033805e-05  1.3292925e-05
 5.5886321e-02  5.1056487e-05  1.2983147e-05
 5.7300518e-02  9.0756926e-05  3.4232838e-05
 5.7332745e-02  8.2863885e-05  3.2609090e-05
 5.6231995e-02  5.4400570e-05  1.8156595e-05
 5.6232199e-02  5.6926802e-05  2.0107544e-05
 5.6231995e-02  5.7151123e-05  2.1219611e-05
 5.6232199e-02  5.4068800e-05  2.0016451e-05
 5.7300518e-02  8.6429019e-05  3.3688747e-05
 5.7332745e-02  8.7289523e-05  3.4373173e-05
 5.5868664e-02  4.9828312e-05  1.2796051e-05
 5.5886321e-02  5.2050741e-05  1.3341063e-05
 5.8973586e-02  3.9895464e-05  1.2087995e-05
 5.9046288e-02  4.6335081e-05  1.4976070e-05
 5.9159520e-02  7.2817108e-05  1.4498503e-05
 5.9189476e-02  7.8494332e-05  1.6182677e-05
 5.6288250e-02  6.2602456e-05  1.6487670e-05
 5.6305622e-02  6.5324992e-05  1.8039857e-05
 5.9158237e-02  7.3107742e-05  1.5161396e-05
 5.9188459e-02  7.7857037e-05  1.6799663e-05
 5.8977721e-02  3.7475963e-05  1.1192210e-05
 5.9049951e-02  4.5157233e-05  1.4646715e-05
 5.6289150e-02  6.2273781e-05  1.6641300e-05
 5.6306458e-02  6.6507419e-05  1.8287277e-05
 5.7858655e-02  5.4376707e-05  1.0401023e-05
 5.7894203e-02  5.4496716e-05  1.0920642e-05
 5.9119727e-02  5.4807331e-05  1.6882385e-05
 5.9193271e-02  6.2004953e-05  2.0116568e-05
 5.7860844e-02  5.3613929e-05  9.8439324e-06
 5.7896072e-02  5.4627000e-05  1.0328387e-05
 5.9115688e-02  6.4162070e-05  1.7822715e-05
 5.9189728e-02  6.0081645e-05  1.7962566e-05
 5.7213353e-02  8.1569860e-05  2.7360993e-05
 5.7253583e-02  8.3643522e-05  2.9939687e-05
 5.7213350e-02  8.6103307e-05  3.1028173e-05
 5.7253583e-02  8.1127819e-05  3.0285436e-05
 5.7300520e-02  8.5812589e-05  3.7746863e-05
 5.7332744e-02  8.7400059e-05  4.2350047e-05
 5.5868662e-02  5.0781736e-05  1.8515688e-05
 5.5886321e-02  5.1856385e-05  1.7982391e-05
 5.8100972e-02  4.4423872e-05  2.1774865e-05
 5.8132265e-02  4.8594543e-05  2.5802702e-05
 5.5222699e-02  7.7737519e-05  3.8025975e-05
 5.5240711e-02  8.4396462e-05  4.2074691e-05
 5.5368802e-02  9.7291947e-05  3.7609746e-05
 5.5387795e-02  1.0268945e-04  3.9426932e-05
 5.7303484e-02  8.2935111e-05  3.5594838e-05
 5.7335405e-02  8.6524099e-05  3.8160478e-05
 5.5870120e-02  4.9464590e-05  1.3548132e-05
 5.5887760e-02  5.3527745e-05  1.3851525e-05
 5.7216043e-02  7.7413968e-05  2.8606791e-05
 5.7255943e-02  8.4469193e-05  3.2076798e-05
 5.7216046e-02  7.8745614e-05  2.5239990e-05
 5.7255938e-02  8.7306330e-05  2.8718143e-05
 5.9115692e-02  5.8587191e-05  1.9012524e-05
 5.9189727e-02  6.2625544e-05  2.1961170e-05
 5.7860842e-02  5.2213696e-05  1.9531622e-05
 5.7896075e-02  5.4659495e-05  2.0385972e-05
 5.9119729e-02  5.5353158e-05  1.7137706e-05
 5.9193262e-02  6.5071349e-05  2.1286081e-05
 5.7858652e-02  5.7214167e-05  1.7739390e-05
 5.7894202e-02  5.3385183e-05  1.5958300e-05
 5.8973590e-02  3.9951409e-05  1.5825644e-05
 5.9046285e-02  4.6010640e-05  2.0900766e-05
 5.9159520e-02  7.1800902e-05  3.6080519e-05
 5.9189473e-02  7.5547225e-05  3.9724132e-05
 5.6288248e-02  6.3906826e-05  3.5190628e-05
 5.6305622e-02  6.5731374e-05  3.5581955e-05
 5.5368801e-02  9.8476814e-05  6.3450910e-05
 5.5387795e-02  1.0238351e-04  6.7029392e-05
 5.8104303e-02  4.3309435e-05  1.9739216e-05
 5.8135355e-02  4.8102587e-05  2.4494549e-05
 5.5223328e-02  7.8385410e-05  3.8716585e-05
 5.5241425e-02  8.4480870e-05  4.2938985e-05
 5.8637447e-02  8.3541322e-05  6.0483617e-05
 5.8637454e-02  8.2251104e-05  5.8549031e-05
 5.4289717e-02  7.4580687e-05  3.2589678e-05
 5.4289720e-02  7.3779414e-05  3.2326089e-05
 5.8104299e-02  4.3661108e-05  1.9018107e-05
 5.8135362e-02  4.6308401e-05  2.2075118e-05
 5.5223331e-02  7.8413360e-05  3.4740530e-05
 5.5241421e-02  8.5276238e-05  3.9768695e-05
 5.8285636e-02  5.9915412e-05  2.7240504e-05
 5.8327060e-02  6.6720189e-05  3.4503263e-05
 5.6842807e-02  5.8823838e-05  1.9344655e-05
 5.6886321e-02  5.9486188e-05  2.0925846e-05
 5.8282188e-02  6.3383070e-05  2.9681140e-05
 5.8323863e-02  6.7594947e-05  3.4757846e-05
 5.9160505e-02  7.2165064e-05  3.5979322e-05
 5.9190398e-02  7.5480461e-05  3.9115464e-05
 5.8977645e-02  3.6489977e-05  1.3413468e-05
 5.9049759e-02  4.9373047e-05  1.9374297e-05
 5.6287295e-02  6.4822845e-05  2.1620539e-05
 5.6304806e-02  6.5807208e-05  2.4172242e-05
 5.4860325e-02  4.6223111e-05  1.8316391e-05
 5.4860379e-02  4.6774965e-05  1.9066667e-05
 5.4156360e-02  8.2895606e-05  3.4892783e-05
 5.4162892e-02  8.0260693e-05  3.2727700e-05
 5.8104301e-02  4.5037363e-05  1.3653661e-05
 5.8135358e-02  4.5370791e-05  1.4023783e-05
 5.5223330e-02  8.3966069e-05  2.8538692e-05
 5.5241423e-02  7.9726441e-05  2.8230164e-05
 5.7303484e-02  8.6530090e-05  3.6426500e-05
 5.7335408e-02  8.3292131e-05  3.4639955e-05
 5.5870123e-02  5.2115433e-05  1.5035074e-05
 5.5887758e-02  5.1509214e-05  1.4409030e-05
 5.7216044e-02  8.1553156e-05  3.7579760e-05
 5.7255947e-02  8.0784969e-05  3.8137793e-05
 5.7216048e-02  8.0251499e-05  3.8929272e-05
 5.7255939e-02  8.7764028e-05  4.3786921e-05
 5.7860843e-02  5.5067809e-05  2.2586874e-05
 5.7896078e-02  5.2764993e-05  2.2073835e-05
 5.9119731e-02  5.5334108e-05  2.4287137e-05
 5.9193265e-02  6.6707562e-05  3.1661905e-05
 5.7858649e-02  5.5159124e-05  2.1074981e-05
 5.7894203e-02  5.5551835e-05  2.1974571e-05
 5.9115692e-02  5.7851988e-05  2.6144936e-05
 5.9189733e-02  6.1756634e-05  3.0080351e-05
 5.9159522e-02  7.5952213e-05  3.7254745e-05
 5.9189475e-02  7.3560210e-05  3.5262296e-05
 5.6288247e-02  6.4778255e-05  3.1174028e-05
 5.6305621e-02  6.4876658e-05  3.1891713e-05
 5.8973591e-02  3.8187344e-05  1.4187236e-05
 5.9046285e-02  4.4840517e-05  1.8850165e-05
 5.5368802e-02  1.0339644e-04  4.2051440e-05
 5.5387794e-02  9.8433376e-05  4.1049769e-05
 5.8285638e-02  6.1907722e-05  1.9815055e-05
 5.8327056e-02  6.5682736e-05  2.1342911e-05
 5.6842805e-02  6.1586919e-05  1.4481929e-05
 5.6886326e-02  5.6627204e-05  1.3430479e-05
 5.8282188e-02  6.1078556e-05  2.0152542e-05
 5.8323865e-02  6.5002693e-05  2.1644402e-05
 5.7216046e-02  8.3574600e-05  2.4556385e-05
 5.7255946e-02  7.9307755e-05  2.3589121e-05
 5.7216047e-02  8.7524313e-05  2.8597417e-05
 5.7255943e-02  8.0917123e-05  2.6635663e-05
 5.6842806e-02  6.0541395e-05  1.8295802e-05
 5.6886329e-02  5.6563465e-05  1.7837738e-05
 5.8285641e-02  6.3003795e-05  2.8616696e-05
 5.8327054e-02  6.7362765e-05  3.2159202e-05
 5.8282187e-02  6.4063167e-05  2.9756471e-05
 5.8323874e-02  6.5054977e-05  3.2601773e-05
 5.7215543e-02  8.3625540e-05  3.9142022e-05
 5.7255354e-02  8.0276491e-05  3.6893728e-05
 5.7212804e-02  8.2700386e-05  4.1216309e-05
 5.7253057e-02  8.1491793e-05  4.0682066e-05
 5.8284176e-02  6.2486698e-05  2.7885512e-05
 5.8325601e-02  6.5666695e-05  3.1483165e-05
 5.8284174e-02  6.2321589e-05  2.8570228e-05
 5.8325599e-02  6.7133094e-05  3.2795626e-05
 5.6839698e-02  5.9908706e-05  1.8206014e-05
 5.6883695e-02  5.7149661e-05  1.8109961e-05
 5.7215542e-02  8.6033477e-05  2.9557050e-05
 5.7255352e-02  8.1368308e-05  2.8020123e-05
 5.7212805e-02  8.0984908e-05  2.5194034e-05
 5.7253052e-02  8.1474029e-05  2.5577903e-05
 5.9160507e-02  7.5533143e-05  1.4398968e-05
 5.9190396e-02  7.4356133e-05  1.4409798e-05
 5.8977643e-02  4.2940198e-05  1.0623761e-05
 5.9049767e-02  4.3696217e-05  1.1644114e-05
 5.6287296e-02  6.4845366e-05  1.5308176e-05
 5.6304808e-02  6.2921633e-05  1.5252227e-05
 5.7860846e-02  5.6278953e-05  8.7454542e-06
 5.7896078e-02  5.1752985e-05  7.9565043e-06
 5.9119731e-02  6.4252930e-05  1.6746982e-05
 5.9193274e-02  5.9803436e-05  1.6613834e-05
 5.7858649e-02  5.5809689e-05  8.4856842e-06
 5.7894206e-02  5.1636563e-05  7.7744315e-06
 5.9115688e-02  6.5348845e-05  1.6593738e-05
 5.9189737e-02  5.9602934e-05  1.6569834e-05
 5.7215545e-02  8.4134661e-05  2.3395093e-05
 5.7255355e-02  7.9534233e-05  2.2263745e-05
 5.7212802e-02  8.7810290e-05  2.7627006e-05
 5.7253059e-02  7.9720300e-05  2.5585129e-05
 5.7302608e-02  8.8906732e-05  3.2123208e-05
 5.7334346e-02  8.3153011e-05  2.8218861e-05
 5.5867576e-02  5.2476469e-05  1.1311762e-05
 5.5885406e-02  5.0113885e-05  1.0328155e-05
 5.8102634e-02  4.6326117e-05  1.8894264e-05
 5.8133662e-02  4.6260069e-05  1.9330191e-05
 5.5221215e-02  7.9946042e-05  3.5322643e-05
 5.5239553e-02  8.0692787e-05  3.7124158e-05
 5.5367144e-02  9.9758216e-05  3.4624804e-05
 5.5386381e-02  9.9308223e-05  3.4781329e-05
 5.4860325e-02  4.6942589e-05  1.2349444e-05
 5.4860380e-02  4.5572272e-05  1.2032591e-05
 5.9159525e-02  7.7341796e-05  1.4422909e-05
 5.9189476e-02  7.2855090e-05  1.3498256e-05
 5.6288248e-02  6.3810720e-05  1.4711554e-05
 5.6305623e-02  6.4401919e-05  1.5577772e-05
 5.8973587e-02  4.5077571e-05  1.0636500e-05
 5.9046289e-02  4.2559269e-05  1.1490765e-05
 5.8284179e-02  6.2802906e-05  1.8146841e-05
 5.8325602e-02  6.5816674e-05  1.9748125e-05
 5.8284174e-02  6.0986110e-05  1.9013289e-05
 5.8325601e-02  6.6283178e-05  2.1119544e-05
 5.6839695e-02  6.1794866e-05  1.3376834e-05
 5.6883697e-02  5.7288038e-05  1.2524416e-05
 5.8102636e-02  4.6826366e-05  1.2040000e-05
 5.8133662e-02  4.5407084e-05  1.2294240e-05
 5.5221214e-02  8.1765507e-05  2.7186056e-05
 5.5239554e-02  8.0846679e-05  2.8080932e-05
 5.8635298e-02  8.2222276e-05  3.2739089e-05
 5.8635532e-02  8.4532643e-05  3.3299174e-05
 5.4288384e-02  7.4808424e-05  2.7414391e-05
 5.4288480e-02  7.2131734e-05  2.6144283e-05
 5.4155661e-02  8.0037733e-05  3.3911318e-05
 5.4162218e-02  8.1712763e-05  3.5106797e-05
 5.4156361e-02  7.9083228e-05  3.6332581e-05
 5.4162892e-02  8.3935489e-05  3.8219717e-05
 5.5368803e-02  9.7744604e-05  3.1692254e-05
 5.5387792e-02  1.0327233e-04  3.3793111e-05
 5.7215544e-02  7.8504702e-05  2.3733651e-05
 5.7255349e-02  8.6875889e-05  2.5785675e-05
 5.7212804e-02  8.7245488e-05  2.8613900e-05
 5.7253053e-02  8.1486094e-05  2.7573554e-05
 5.5367142e-02  1.0127476e-04  4.1935386e-05
 5.5386381e-02  1.0069642e-04  4.2519669e-05
 5.4155660e-02  7.9792165e-05  3.1488069e-05
 5.4162218e-02  8.2617319e-05  3.2383608e-05
 5.3729284e-02  3.4210205e-05  1.1747119e-05
 5.3735928e-02  3.6010981e-05  1.2545698e-05
 5.3004005e-02  6.0407073e-05  9.5815117e-06
 5.3004006e-02  6.1182891e-05  9.4412452e-06
 5.3729286e-02  3.4271284e-05  8.0036244e-06
 5.3735928e-02  3.6445191e-05  9.1848185e-06
 5.5222701e-02  7.7269346e-05  2.8263806e-05
 5.5240711e-02  8.5944795e-05  3.2519135e-05
 5.8100975e-02  4.8238375e-05  1.6607215e-05
 5.8132261e-02  4.7510545e-05  1.7545088e-05
 5.7302610e-02  8.1157744e-05  2.8958696e-05
 5.7334343e-02  9.1555002e-05  3.2191071e-05
 5.5867577e-02  5.2027220e-05  1.0801430e-05
 5.5885402e-02  5.2130992e-05  1.0946528e-05
 5.4155173e-02  8.1186057e-05  2.3020774e-05
 5.4161779e-02  8.2615294e-05  2.4319219e-05
 5.3153797e-02  4.3874485e-05  6.2537073e-06
 5.3153803e-02  4.4946381e-05  6.2620023e-06
 5.3729285e-02  3.6276775e-05  7.8564207e-06
 5.3735928e-02  3.4228119e-05  7.4293709e-06
 5.4156364e-02  8.2303253e-05  2.5113218e-05
 5.4162892e-02  8.1619210e-05  2.4732498e-05
 5.5368806e-02  9.8388627e-05  4.9333317e-05
 5.5387794e-02  1.0379007e-04  5.3151406e-05
 5.7215547e-02  7.8084650e-05  3.2574018e-05
 5.7255352e-02  8.9106884e-05  3.8179935e-05
 5.7212801e-02  8.1954454e-05  3.2920849e-05
 5.7253052e-02  8.7099531e-05  3.7071919e-05
 5.5367140e-02  9.9294094e-05  5.0980414e-05
 5.5386382e-02  1.0267450e-04  5.4191955e-05
 5.4155660e-02  8.2079293e-05  2.5965739e-05
 5.4162218e-02  8.0837546e-05  2.5475092e-05
 5.5222700e-02  8.2880080e-05  2.1520855e-05
 5.5240711e-02  8.0168433e-05  2.1563129e-05
 5.8100974e-02  4.5004841e-05  1.1630185e-05
 5.8132261e-02  4.5148045e-05  1.1947782e-05
 5.5368806e-02  1.0347788e-04  3.4469200e-05
 5.5387795e-02  9.8752464e-05  3.4081329e-05
 5.8977726e-02  3.9785486e-05  1.3032534e-05
 5.9049957e-02  4.3410148e-05  1.6150140e-05
 5.6289155e-02  6.5310232e-05  1.9375441e-05
 5.6306458e-02  6.5196710e-05  2.0446454e-05
 5.9158237e-02  7.9878944e-05  3.9453497e-05
 5.9188470e-02  7.3886105e-05  3.6629057e-05
 5.9119732e-02  5.8989165e-05  2.3123832e-05
 5.9193278e-02  6.0407939e-05  2.5953727e-05
 5.7860849e-02  5.3907368e-05  2.1047820e-05
 5.7896075e-02  5.6529555e-05  2.2205737e-05
 5.9115684e-02  5.7068926e-05  2.1332354e-05
 5.9189726e-02  6.5185178e-05  2.7373951e-05
 5.7858655e-02  5.6491790e-05  2.0728943e-05
 5.7894212e-02  5.3185232e-05  1.8715350e-05
 5.7213347e-02  8.1157244e-05  3.4001308e-05
 5.7253583e-02  8.6345244e-05  3.7419670e-05
 5.7213354e-02  8.2261236e-05  3.4780790e-05
 5.7253587e-02  8.2152624e-05  3.5848804e-05
 5.5868661e-02  5.1866657e-05  1.2416962e-05
 5.5886321e-02  5.1133902e-05  1.1707911e-05
 5.7300522e-02  8.6232441e-05  3.3800300e-05
 5.7332744e-02  8.4332587e-05  3.3435547e-05
 5.7302608e-02  9.0310975e-05  2.2973866e-05
 5.7334346e-02  8.3860604e-05  2.1506113e-05
 5.5867577e-02  5.1616877e-05  6.4726409e-06
 5.5885402e-02  4.9947133e-05  5.9273637e-06
 5.7215547e-02  8.7352418e-05  2.2926433e-05
 5.7255354e-02  8.0440546e-05  2.2193905e-05
 5.7212801e-02  8.3309129e-05  2.0653313e-05
 5.7253053e-02  7.9544096e-05  2.0247753e-05
 5.9119733e-02  5.9910998e-05  1.5304129e-05
 5.9193279e-02  5.9956221e-05  1.6919344e-05
 5.7860850e-02  5.8013115e-05  1.3839654e-05
 5.7896077e-02  5.2506901e-05  1.2099675e-05
 5.9115685e-02  5.8404847e-05  1.5017914e-05
 5.9189729e-02  5.8470358e-05  1.6622266e-05
 5.7858653e-02  5.8488754e-05  1.2343386e-05
 5.7894214e-02  5.2469081e-05  1.0565205e-05
 5.8977647e-02  4.0905426e-05  1.2710284e-05
 5.9049772e-02  4.3469686e-05  1.4937067e-05
 5.9160513e-02  7.6930575e-05  3.4026426e-05
 5.9190396e-02  7.7345327e-05  3.3914797e-05
 5.6287297e-02  6.6538896e-05  1.8958983e-05
 5.6304816e-02  6.3561729e-05  1.9515424e-05
 5.5367144e-02  1.0067280e-04  5.3625222e-05
 5.5386385e-02  9.9527653e-05  5.3799064e-05
 5.8102632e-02  4.5883206e-05  1.4988352e-05
 5.8133661e-02  4.6888443e-05  1.5481353e-05
 5.5221216e-02  8.0199965e-05  2.8841004e-05
 5.5239553e-02  8.0489382e-05  3.0157699e-05
 5.4155173e-02  8.2490980e-05  2.4168202e-05
 5.4161779e-02  7.9426852e-05  2.3889570e-05
 5.5367141e-02  1.0160475e-04  2.8919603e-05
 5.5386383e-02  9.8433638e-05  2.8746481e-05
 5.7213348e-02  8.3980388e-05  2.1592957e-05
 5.7253585e-02  8.0014316e-05  2.1836087e-05
 5.7213352e-02  8.9433946e-05  2.4136885e-05
 5.7253590e-02  8.0984088e-05  2.2918299e-05
 5.5367143e-02  1.0333047e-04  3.5719807e-05
 5.5386387e-02  9.9473107e-05  3.5478275e-05
 5.4155173e-02  8.2643256e-05  1.7048550e-05
 5.4161782e-02  8.0118227e-05  1.6465234e-05
 5.3728405e-02  3.5281195e-05  7.2725406e-06
 5.3735163e-02  3.4377242e-05  7.0711365e-06
 5.3153798e-02  4.5211652e-05  6.0688853e-06
 5.3153803e-02  4.3612231e-05  6.2222250e-06
 5.4155661e-02  8.1121085e-05  2.2814148e-05
 5.4162219e-02  8.1626768e-05  2.3462965e-05
 5.5868663e-02  5.0775616e-05  6.3898732e-06
 5.5886322e-02  5.1534973e-05  6.2441949e-06
 5.7300521e-02  9.4130324e-05  2.6733140e-05
 5.7332747e-02  8.4167922e-05  2.5398362e-05
 5.8102633e-02  4.4083391e-05  1.0664423e-05
 5.8133663e-02  4.6975046e-05  1.1664821e-05
 5.5221215e-02  8.2885353e-05  2.1444046e-05
 5.5239555e-02  8.1419483e-05  2.2085574e-05
 5.3728405e-02  3.5488612e-05  6.8518858e-06
 5.3735164e-02  3.4950561e-05  6.7957363e-06
 5.3003600e-02  6.1105469e-05  4.2988679e-06
 5.3003613e-02  5.9835540e-05  3.8688676e-06
