E(Har) ImSigma_kn(Har) ImSigmaP(Har) dfde v*v
 5.2551487e-02  3.1976703e-05  3.1976743e-05  2.6314587e+02  1.6160119e-18  9.8063644e-20  9.2369821e-20
 5.2551487e-02  3.1822148e-05  3.1822426e-05  2.6314587e+02  5.1726011e-21  1.1817643e-19  6.5126087e-18
 5.3003600e-02  6.1486700e-05  4.6936222e-05  2.4879497e+02  4.9404674e-03  4.8956355e-03  4.9404768e-03
 5.3003613e-02  6.0299535e-05  4.5580042e-05  2.4879418e+02  4.9125848e-03  4.9520275e-03  4.9125631e-03
 5.4288385e-02  7.5915387e-05  4.7137178e-05  1.2555762e+02  1.6836060e-02  1.6544407e-02  1.6834715e-02
 5.4288481e-02  7.2437465e-05  4.3575284e-05  1.2554851e+02  1.6644846e-02  1.6926230e-02  1.6646155e-02
 5.8635300e-02  8.5234756e-05  3.1721317e-05  1.7367617e+00  4.0575309e-02  3.9199137e-02  4.0568050e-02
 5.8635534e-02  8.3828302e-05  3.0963406e-05  1.7363359e+00  3.9647676e-02  4.1036077e-02  3.9654849e-02
 5.6231997e-02  5.8023568e-05  2.9756505e-05  2.0986559e+01  3.0017681e-02  2.9251958e-02  3.0013577e-02
 5.6232200e-02  5.3831402e-05  2.5352766e-05  2.0982266e+01  2.9505400e-02  3.0268803e-02  2.9509446e-02
 5.6231997e-02  5.8025098e-05  2.9085263e-05  2.0986560e+01  3.0017577e-02  2.9251960e-02  3.0013682e-02
 5.6232200e-02  5.6551173e-05  2.8569814e-05  2.0982264e+01  2.9505503e-02  3.0268801e-02  2.9509342e-02
 5.8635300e-02  8.4365729e-05  3.1569887e-05  1.7367617e+00  4.0575494e-02  3.9199135e-02  4.0567864e-02
 5.8635533e-02  8.2121212e-05  2.8783530e-05  1.7363361e+00  3.9647493e-02  4.1036079e-02  3.9655033e-02
 5.4288385e-02  7.4711317e-05  4.5616166e-05  1.2555762e+02  1.6836013e-02  1.6544409e-02  1.6834763e-02
 5.4288481e-02  7.4889009e-05  4.6347470e-05  1.2554851e+02  1.6644893e-02  1.6926228e-02  1.6646108e-02
 5.3003600e-02  6.0837338e-05  4.6094343e-05  2.4879497e+02  4.9404537e-03  4.8956365e-03  4.9404907e-03
 5.3003613e-02  6.1310208e-05  4.6760424e-05  2.4879417e+02  4.9125988e-03  4.9520267e-03  4.9125498e-03
 5.3003600e-02  5.9985757e-05  4.4967731e-05  2.4879498e+02  4.9413853e-03  4.9395316e-03  4.8956576e-03
 5.3003613e-02  6.1618669e-05  4.6973857e-05  2.4879419e+02  4.9116748e-03  4.9134917e-03  4.9520058e-03
 5.3153798e-02  4.4321439e-05  3.2949796e-05  2.3838306e+02  1.9607941e-02  5.3197338e-08  4.0545316e-08
 5.3153804e-02  4.4876897e-05  3.3401229e-05  2.3838259e+02  1.9608622e-02  3.5706730e-08  2.5463458e-08
 5.4155662e-02  7.9938622e-05  4.8080243e-05  1.3856984e+02  3.9187063e-02  4.1544130e-03  4.1627668e-03
 5.4162221e-02  8.3701469e-05  5.1619485e-05  1.3791240e+02  3.9599750e-02  4.2230398e-03  4.2270202e-03
 5.5868665e-02  5.0235300e-05  2.3032478e-05  3.0188056e+01  5.7015252e-02  1.3471846e-02  1.3487662e-02
 5.5886325e-02  5.3040463e-05  2.5869037e-05  2.9664392e+01  5.8191213e-02  1.3524198e-02  1.3524530e-02
 5.7300518e-02  8.6407981e-05  3.7075774e-05  7.0065970e+00  1.1430304e-02  4.7002547e-02  4.7001826e-02
 5.7332745e-02  9.0572858e-05  4.1640102e-05  6.7759354e+00  1.0873580e-02  4.8294857e-02  4.8288563e-02
 5.8102637e-02  4.4069303e-05  2.1156841e-05  3.0349980e+00  6.9307235e-02  2.3304590e-02  2.3321884e-02
 5.8133666e-02  4.9039750e-05  2.4984118e-05  2.9380216e+00  7.1444920e-02  2.3185959e-02  2.3179387e-02
 5.5221213e-02  7.9259284e-05  4.1218346e-05  5.6374926e+01  3.6873433e-03  3.3661906e-02  3.3663410e-02
 5.5239553e-02  8.4809893e-05  4.5861254e-05  5.5417306e+01  3.5543043e-03  3.4411949e-02  3.4412059e-02
 5.3728404e-02  3.4537630e-05  2.2365827e-05  1.8334312e+02  1.4340556e-15  1.7933034e-02  1.7933067e-02
 5.3735163e-02  3.6059638e-05  2.3949568e-05  1.8262459e+02  2.3188235e-16  1.8222861e-02  1.8222856e-02
 5.4288385e-02  7.2264541e-05  4.2976929e-05  1.2555766e+02  1.6837725e-02  1.6832976e-02  1.6544459e-02
 5.4288480e-02  7.5477326e-05  4.6362917e-05  1.2554859e+02  1.6643199e-02  1.6647841e-02  1.6926189e-02
 5.8635300e-02  8.2958539e-05  2.9675539e-05  1.7367622e+00  4.0580310e-02  4.0562875e-02  3.9199251e-02
 5.8635532e-02  8.2185867e-05  2.8428042e-05  1.7363389e+00  3.9642720e-02  3.9659903e-02  4.1036008e-02
 5.4155663e-02  8.2666381e-05  5.0139866e-05  1.3856980e+02  3.9187053e-02  4.1627623e-03  4.1544052e-03
 5.4162220e-02  8.0682197e-05  4.8321076e-05  1.3791249e+02  3.9599770e-02  4.2270017e-03  4.2230402e-03
 5.4860326e-02  4.6282718e-05  2.4231087e-05  7.8263974e+01  6.6044929e-02  5.6531986e-07  5.3216971e-07
 5.4860385e-02  4.6874053e-05  2.4818282e-05  7.8259900e+01  6.6047800e-02  4.7645719e-07  4.4587719e-07
 5.6288252e-02  6.3184728e-05  2.8991962e-05  1.9826339e+01  8.8886005e-02  3.0439904e-03  3.0528916e-03
 5.6305627e-02  6.7204324e-05  3.2507022e-05  1.9480597e+01  8.9696600e-02  3.2403633e-03  3.2438357e-03
 5.8973584e-02  3.8669096e-05  1.9784644e-05  1.2176721e+00  2.2708268e-03  6.1807062e-02  6.1803699e-02
 5.9046284e-02  4.9086938e-05  2.6921311e-05  1.1281603e+00  2.1244480e-03  6.3882293e-02  6.3877659e-02
 5.9159528e-02  7.6239400e-05  2.8251317e-05  1.0016314e+00  1.3620414e-01  2.0291016e-03  2.0220276e-03
 5.9189480e-02  7.6341280e-05  2.8726250e-05  9.7060311e-01  1.3726535e-01  2.3228484e-03  2.3209590e-03
 5.8284180e-02  6.1035452e-05  2.6680014e-05  2.5096112e+00  1.0396048e-01  9.6808840e-03  9.6943287e-03
 5.8325606e-02  6.8795742e-05  3.1048923e-05  2.4030221e+00  1.0581013e-01  9.9892785e-03  9.9915476e-03
 5.6839692e-02  5.9937456e-05  2.6079968e-05  1.1285961e+01  3.0837254e-15  4.9884348e-02  4.9884444e-02
 5.6883694e-02  5.9261924e-05  2.6740954e-05  1.0785746e+01  8.2536449e-15  5.1308782e-02  5.1308770e-02
 5.8284183e-02  6.1833317e-05  2.7067173e-05  2.5096043e+00  1.0396044e-01  9.6943039e-03  9.6809021e-03
 5.8325605e-02  6.6824519e-05  2.8782475e-05  2.4030245e+00  1.0581022e-01  9.9915425e-03  9.9892751e-03
 5.5221212e-02  7.8436555e-05  4.0462453e-05  5.6374952e+01  3.6873559e-03  3.3663329e-02  3.3661971e-02
 5.5239553e-02  8.4543318e-05  4.4689046e-05  5.5417333e+01  3.5542926e-03  3.4412076e-02  3.4411932e-02
 5.8102638e-02  4.5172579e-05  2.1769957e-05  3.0349934e+00  6.9307195e-02  2.3321815e-02  2.3304660e-02
 5.8133664e-02  4.6383022e-05  2.1784188e-05  2.9380260e+00  7.1444983e-02  2.3179409e-02  2.3185921e-02
 5.6231997e-02  5.4515855e-05  2.5778520e-05  2.0986568e+01  3.0020490e-02  3.0010625e-02  2.9252055e-02
 5.6232199e-02  5.7606794e-05  2.8335488e-05  2.0982295e+01  2.9502614e-02  2.9512309e-02  3.0268738e-02
 5.6231997e-02  5.6516712e-05  2.8099740e-05  2.0986568e+01  3.0020742e-02  3.0010372e-02  2.9252055e-02
 5.6232199e-02  5.4282948e-05  2.5193503e-05  2.0982295e+01  2.9502365e-02  2.9512559e-02  3.0268737e-02
 5.5868666e-02  5.2564554e-05  2.4464061e-05  3.0188036e+01  5.7015223e-02  1.3487641e-02  1.3471857e-02
 5.5886323e-02  5.0830012e-05  2.3346883e-05  2.9664431e+01  5.8191256e-02  1.3524506e-02  1.3524194e-02
 5.7300517e-02  8.6695111e-05  3.6848377e-05  7.0066028e+00  1.1430323e-02  4.7001724e-02  4.7002625e-02
 5.7332743e-02  8.3279040e-05  3.4893635e-05  6.7759451e+00  1.0873547e-02  4.8288579e-02  4.8294844e-02
 5.6288253e-02  6.6229364e-05  3.1054484e-05  1.9826312e+01  8.8885969e-02  3.0528896e-03  3.0439818e-03
 5.6305626e-02  6.4409678e-05  2.9894086e-05  1.9480619e+01  8.9696653e-02  3.2438177e-03  3.2403673e-03
 5.8973583e-02  3.9286714e-05  1.9787775e-05  1.2176724e+00  2.2708334e-03  6.1803604e-02  6.1807149e-02
 5.9046283e-02  4.2016639e-05  2.1924671e-05  1.1281617e+00  2.1244261e-03  6.3877649e-02  6.3882299e-02
 5.9159526e-02  7.8472008e-05  3.1039574e-05  1.0016338e+00  1.3620417e-01  2.0220273e-03  2.0291069e-03
 5.9189481e-02  7.6894050e-05  2.8511558e-05  9.7060266e-01  1.3726526e-01  2.3209568e-03  2.3228536e-03
 5.7437770e-02  9.2004297e-05  3.5340068e-05  6.0750242e+00  1.1730992e-01  2.0635727e-06  1.9972406e-06
 5.7437917e-02  9.2196379e-05  3.5234646e-05  6.0740944e+00  1.1731288e-01  1.8982224e-06  1.8343591e-06
 5.7437770e-02  9.5164392e-05  3.8056772e-05  6.0750251e+00  1.1730992e-01  2.0589693e-06  2.0018783e-06
 5.7437918e-02  8.9085768e-05  3.3056182e-05  6.0740931e+00  1.1731287e-01  1.8938094e-06  1.8387954e-06
 5.9159526e-02  7.4854108e-05  2.7236289e-05  1.0016340e+00  1.3620418e-01  2.0220300e-03  2.0291046e-03
 5.9189481e-02  7.9194380e-05  3.0586758e-05  9.7060257e-01  1.3726525e-01  2.3209540e-03  2.3228558e-03
 5.8973583e-02  3.7882391e-05  1.9117002e-05  1.2176722e+00  2.2708337e-03  6.1803602e-02  6.1807146e-02
 5.9046283e-02  4.8520987e-05  2.5611063e-05  1.1281618e+00  2.1244259e-03  6.3877651e-02  6.3882303e-02
 5.6288253e-02  6.4209620e-05  2.9705708e-05  1.9826312e+01  8.8885973e-02  3.0528912e-03  3.0439792e-03
 5.6305626e-02  6.5609820e-05  3.0862240e-05  1.9480618e+01  8.9696648e-02  3.2438158e-03  3.2403696e-03
 5.7300517e-02  8.4412818e-05  3.5099903e-05  7.0066022e+00  1.1430324e-02  4.7001724e-02  4.7002621e-02
 5.7332743e-02  8.9337969e-05  3.8160824e-05  6.7759456e+00  1.0873546e-02  4.8288579e-02  4.8294849e-02
 5.5868666e-02  5.0819866e-05  2.3270908e-05  3.0188035e+01  5.7015225e-02  1.3487642e-02  1.3471854e-02
 5.5886323e-02  5.1598848e-05  2.3949972e-05  2.9664431e+01  5.8191253e-02  1.3524504e-02  1.3524197e-02
 5.8635300e-02  8.2288539e-05  2.8733284e-05  1.7367621e+00  4.0579944e-02  4.0563242e-02  3.9199249e-02
 5.8635532e-02  8.4717485e-05  3.0500035e-05  1.7363389e+00  3.9643081e-02  3.9659540e-02  4.1036010e-02
 5.4288385e-02  7.5171224e-05  4.6401632e-05  1.2555766e+02  1.6837863e-02  1.6832837e-02  1.6544459e-02
 5.4288480e-02  7.2061473e-05  4.2625376e-05  1.2554859e+02  1.6643063e-02  1.6647978e-02  1.6926187e-02
 5.8102638e-02  4.7896873e-05  2.2994622e-05  3.0349934e+00  6.9307193e-02  2.3321814e-02  2.3304664e-02
 5.8133664e-02  4.6132355e-05  2.1731948e-05  2.9380259e+00  7.1444986e-02  2.3179410e-02  2.3185918e-02
 5.5221212e-02  8.0783784e-05  4.2668406e-05  5.6374956e+01  3.6873556e-03  3.3663328e-02  3.3661973e-02
 5.5239553e-02  8.0297872e-05  4.1470725e-05  5.5417331e+01  3.5542930e-03  3.4412076e-02  3.4411928e-02
 5.8284183e-02  6.4309622e-05  2.8194926e-05  2.5096043e+00  1.0396044e-01  9.6943019e-03  9.6809056e-03
 5.8325605e-02  6.6504191e-05  2.8595122e-05  2.4030245e+00  1.0581022e-01  9.9915447e-03  9.9892721e-03
 5.6839692e-02  6.0452224e-05  2.6582269e-05  1.1285963e+01  2.8589770e-15  4.9884348e-02  4.9884447e-02
 5.6883694e-02  5.6734425e-05  2.4796676e-05  1.0785746e+01  7.8280652e-15  5.1308781e-02  5.1308767e-02
 5.8284180e-02  6.4691731e-05  3.0453214e-05  2.5096108e+00  1.0396047e-01  9.6808797e-03  9.6943317e-03
 5.8325606e-02  6.7655806e-05  2.9668260e-05  2.4030223e+00  1.0581014e-01  9.9892828e-03  9.9915450e-03
 5.9159529e-02  7.9803791e-05  2.9882011e-05  1.0016314e+00  1.3620413e-01  2.0290998e-03  2.0220300e-03
 5.9189480e-02  7.4854098e-05  2.7474935e-05  9.7060316e-01  1.3726536e-01  2.3228504e-03  2.3209567e-03
 5.8973583e-02  4.0099243e-05  2.0556527e-05  1.2176723e+00  2.2708271e-03  6.1807064e-02  6.1803702e-02
 5.9046284e-02  4.1860442e-05  2.1624875e-05  1.1281602e+00  2.1244478e-03  6.3882291e-02  6.3877656e-02
 5.6288252e-02  6.5835832e-05  3.1666653e-05  1.9826336e+01  8.8885999e-02  3.0439877e-03  3.0528937e-03
 5.6305627e-02  6.5217669e-05  3.0519104e-05  1.9480598e+01  8.9696606e-02  3.2403661e-03  3.2438338e-03
 5.4860326e-02  4.7406239e-05  2.5325261e-05  7.8263979e+01  6.6044929e-02  5.6340273e-07  5.3410027e-07
 5.4860385e-02  4.5746990e-05  2.3728872e-05  7.8259890e+01  6.6047800e-02  4.7469861e-07  4.4763946e-07
 5.4155663e-02  8.0645474e-05  4.8447409e-05  1.3856980e+02  3.9187055e-02  4.1627630e-03  4.1544032e-03
 5.4162220e-02  8.2098642e-05  4.9563632e-05  1.3791249e+02  3.9599768e-02  4.2270008e-03  4.2230417e-03
 5.3003600e-02  6.1540463e-05  4.6983200e-05  2.4879498e+02  4.9414323e-03  4.9394836e-03  4.8956583e-03
 5.3003613e-02  5.9872127e-05  4.4806080e-05  2.4879419e+02  4.9116282e-03  4.9135393e-03  4.9520045e-03
 5.3728404e-02  3.5661604e-05  2.3666741e-05  1.8334313e+02  1.4279777e-15  1.7933033e-02  1.7933067e-02
 5.3735163e-02  3.4612305e-05  2.2623754e-05  1.8262459e+02  1.7906748e-16  1.8222861e-02  1.8222854e-02
 5.5221213e-02  8.1975879e-05  4.3869951e-05  5.6374930e+01  3.6873433e-03  3.3661906e-02  3.3663410e-02
 5.5239553e-02  8.0029735e-05  4.1227575e-05  5.5417305e+01  3.5543042e-03  3.4411948e-02  3.4412057e-02
 5.8102637e-02  4.8788148e-05  2.6385869e-05  3.0349976e+00  6.9307231e-02  2.3304583e-02  2.3321889e-02
 5.8133665e-02  4.7351464e-05  2.3107351e-05  2.9380217e+00  7.1444924e-02  2.3185966e-02  2.3179383e-02
 5.7300517e-02  8.9363535e-05  3.9399198e-05  7.0065977e+00  1.1430304e-02  4.7002548e-02  4.7001826e-02
 5.7332745e-02  8.2368876e-05  3.3992751e-05  6.7759352e+00  1.0873580e-02  4.8294856e-02  4.8288562e-02
 5.5868666e-02  5.3050351e-05  2.6188408e-05  3.0188053e+01  5.7015249e-02  1.3471842e-02  1.3487666e-02
 5.5886325e-02  5.1593576e-05  2.4116349e-05  2.9664393e+01  5.8191216e-02  1.3524202e-02  1.3524527e-02
 5.4155663e-02  8.2799965e-05  5.1350640e-05  1.3856983e+02  3.9187061e-02  4.1544111e-03  4.1627682e-03
 5.4162221e-02  8.1407170e-05  4.8924262e-05  1.3791240e+02  3.9599752e-02  4.2230418e-03  4.2270192e-03
 5.3153798e-02  4.5133097e-05  3.3664634e-05  2.3838306e+02  1.9607940e-02  5.2684114e-08  4.1059829e-08
 5.3153804e-02  4.4066655e-05  3.2662690e-05  2.3838259e+02  1.9608622e-02  3.5286932e-08  2.5870162e-08
 5.3004005e-02  6.1051530e-05  4.6382264e-05  2.4877016e+02  4.9566939e-03  4.9181693e-03  4.9152347e-03
 5.3004006e-02  6.0314361e-05  4.5387028e-05  2.4877013e+02  4.9034536e-03  4.9418461e-03  4.9448209e-03
 5.3153797e-02  4.5022212e-05  3.3608647e-05  2.3838312e+02  4.7162603e-08  1.9607930e-02  4.6854217e-08
 5.3153803e-02  4.3620040e-05  3.2128175e-05  2.3838272e+02  3.0673725e-08  1.9608561e-02  3.0480768e-08
 5.4155173e-02  8.2755529e-05  5.0800950e-05  1.3861900e+02  4.1568604e-03  3.9182756e-02  4.1568352e-03
 5.4161779e-02  7.9734263e-05  4.7402943e-05  1.3795661e+02  4.2242007e-03  3.9593279e-02  4.2242278e-03
 5.5867577e-02  5.2480937e-05  2.5147611e-05  3.0220617e+01  1.3476923e-02  5.7013095e-02  1.3476842e-02
 5.5885402e-02  4.9713274e-05  2.2412980e-05  2.9691536e+01  1.3522895e-02  5.8183156e-02  1.3522960e-02
 5.7302610e-02  8.7123773e-05  3.9375249e-05  6.9913859e+00  4.7013831e-02  1.1428055e-02  4.7013777e-02
 5.7334343e-02  8.9856913e-05  4.1390671e-05  6.7646901e+00  4.8303242e-02  1.0869239e-02  4.8303193e-02
 5.8100975e-02  4.7602293e-05  2.4420677e-05  3.0402805e+00  2.3307876e-02  6.9309553e-02  2.3307754e-02
 5.8132261e-02  4.3697248e-05  1.9745246e-05  2.9423453e+00  2.3177336e-02  7.1438486e-02  2.3177430e-02
 5.5222701e-02  8.1035321e-05  4.3779684e-05  5.6296667e+01  3.3676934e-02  3.6841786e-03  3.3676878e-02
 5.5240711e-02  8.3322495e-05  4.5006810e-05  5.5357362e+01  3.4423107e-02  3.5490219e-03  3.4423046e-02
 5.3729286e-02  3.5601391e-05  2.3698247e-05  1.8324937e+02  1.7945207e-02  9.8098400e-10  1.7945154e-02
 5.3735928e-02  3.5127781e-05  2.3364725e-05  1.8254326e+02  1.8232223e-02  2.5126615e-09  1.8232180e-02
 5.3153798e-02  4.3569375e-05  3.2071612e-05  2.3838308e+02  4.0918741e-08  5.2848859e-08  1.9607948e-02
 5.3153803e-02  4.5214217e-05  3.3792783e-05  2.3838271e+02  2.5694356e-08  3.5387413e-08  1.9608588e-02
 5.3003600e-02  5.9907343e-05  4.4703164e-05  2.4879499e+02  4.8956436e-03  4.9396424e-03  4.9412837e-03
 5.3003612e-02  6.0951993e-05  4.6262693e-05  2.4879420e+02  4.9520047e-03  4.9133929e-03  4.9117691e-03
 5.3728405e-02  3.4963739e-05  2.2902454e-05  1.8334302e+02  1.7933082e-02  1.7933076e-02  1.1301496e-16
 5.3735163e-02  3.5131405e-05  2.3320664e-05  1.8262454e+02  1.8222836e-02  1.8222836e-02  1.4799343e-15
 5.5221215e-02  8.0620211e-05  4.2922392e-05  5.6374806e+01  3.3663465e-02  3.3661966e-02  3.6873521e-03
 5.5239554e-02  8.1753411e-05  4.3391959e-05  5.5417257e+01  3.4412009e-02  3.4411908e-02  3.5542937e-03
 5.8102633e-02  4.4198005e-05  2.1223204e-05  3.0350099e+00  2.3321860e-02  2.3304585e-02  6.9307196e-02
 5.8133663e-02  5.0930261e-05  2.6739634e-05  2.9380298e+00  2.3179446e-02  2.3185942e-02  7.1444982e-02
 5.7300521e-02  8.8380108e-05  3.9934254e-05  7.0065726e+00  4.7001909e-02  4.7002592e-02  1.1430325e-02
 5.7332746e-02  8.4577505e-05  3.6138158e-05  6.7759239e+00  4.8288480e-02  4.8294835e-02  1.0873563e-02
 5.5868663e-02  5.0729987e-05  2.3415746e-05  3.0188139e+01  1.3487663e-02  1.3471837e-02  5.7015214e-02
 5.5886322e-02  5.3167911e-05  2.6044835e-05  2.9664456e+01  1.3524573e-02  1.3524190e-02  5.8191245e-02
 5.4155661e-02  8.0845509e-05  4.8827529e-05  1.3857001e+02  4.1627708e-03  4.1544158e-03  3.9187032e-02
 5.4162219e-02  8.2673614e-05  5.0732390e-05  1.3791257e+02  4.2270467e-03  4.2230262e-03  3.9599751e-02
 5.4155173e-02  7.8738381e-05  4.6645039e-05  1.3861893e+02  4.1568679e-03  4.1568140e-03  3.9182797e-02
 5.4161779e-02  8.3651135e-05  5.0855791e-05  1.3795661e+02  4.2241978e-03  4.2242402e-03  3.9593276e-02
 5.3728405e-02  3.4128721e-05  2.1740014e-05  1.8334296e+02  1.7933057e-02  6.9205807e-17  1.7933088e-02
 5.3735163e-02  3.5793625e-05  2.3808562e-05  1.8262460e+02  1.8222866e-02  1.6287464e-15  1.8222846e-02
 5.4155173e-02  8.0261750e-05  4.7731712e-05  1.3861892e+02  3.9182731e-02  4.1568326e-03  4.1568454e-03
 5.4161782e-02  8.2437443e-05  5.0230974e-05  1.3795632e+02  3.9593310e-02  4.2242329e-03  4.2242229e-03
 5.5367143e-02  9.9893804e-05  4.8889803e-05  4.9139173e+01  6.1172938e-02  1.4150144e-02  2.1041823e-10
 5.5386387e-02  1.0178121e-04  5.0672434e-05  4.8248815e+01  6.2004881e-02  1.4735678e-02  1.2339501e-10
 5.7213352e-02  8.2956727e-05  3.9455572e-05  7.6699767e+00  7.8167091e-02  2.5600767e-02  2.8207417e-03
 5.7253590e-02  8.4092025e-05  4.0308996e-05  7.3563853e+00  7.9751182e-02  2.6650326e-02  2.7311181e-03
 5.7213348e-02  8.0443995e-05  3.6187445e-05  7.6700104e+00  2.8207158e-03  2.5600747e-02  7.8167093e-02
 5.7253585e-02  8.7881921e-05  4.2951897e-05  7.3564218e+00  2.7311355e-03  2.6650321e-02  7.9751303e-02
 5.5367141e-02  9.8130256e-05  4.7244152e-05  4.9139286e+01  2.0330798e-10  1.4150105e-02  6.1172968e-02
 5.5386383e-02  1.0339478e-04  5.1476718e-05  4.8248984e+01  1.2854607e-10  1.4735700e-02  6.2004927e-02
 5.5867577e-02  4.9575170e-05  2.1952450e-05  3.0220614e+01  1.3476921e-02  1.3476765e-02  5.7013166e-02
 5.5885402e-02  5.3168772e-05  2.5113745e-05  2.9691539e+01  1.3522890e-02  1.3522986e-02  5.8183114e-02
 5.7302608e-02  8.4143097e-05  3.4199014e-05  6.9914014e+00  4.7013929e-02  4.7013768e-02  1.1428011e-02
 5.7334346e-02  8.6428581e-05  3.8778211e-05  6.7646738e+00  4.8303177e-02  4.8303123e-02  1.0869266e-02
 5.5221216e-02  7.8983278e-05  4.0347264e-05  5.6374765e+01  3.3663405e-02  3.6873453e-03  3.3661988e-02
 5.5239553e-02  8.3372704e-05  4.3966813e-05  5.5417324e+01  3.4412067e-02  3.5542850e-03  3.4411924e-02
 5.8102632e-02  4.2832261e-05  1.9324239e-05  3.0350133e+00  2.3321862e-02  6.9307201e-02  2.3304648e-02
 5.8133661e-02  4.6734434e-05  2.3245973e-05  2.9380342e+00  2.3179455e-02  7.1444958e-02  2.3185910e-02
 5.5367144e-02  9.9819536e-05  4.8095985e-05  4.9139135e+01  6.1172876e-02  2.1201439e-10  1.4150148e-02
 5.5386385e-02  1.0141742e-04  4.9979275e-05  4.8248869e+01  6.2004943e-02  1.2110200e-10  1.4735699e-02
 5.6287297e-02  6.3886042e-05  2.9313609e-05  1.9845514e+01  8.8880049e-02  3.0456294e-03  3.0456483e-03
 5.6304815e-02  6.6052271e-05  3.1434451e-05  1.9496614e+01  8.9687065e-02  3.2406200e-03  3.2406077e-03
 5.9160514e-02  7.2713909e-05  2.5660982e-05  1.0005954e+00  1.3622881e-01  2.0273476e-03  2.0273751e-03
 5.9190396e-02  8.0193784e-05  3.2351782e-05  9.6966976e-01  1.3728261e-01  2.3268836e-03  2.3268900e-03
 5.8977647e-02  3.7337088e-05  1.8888357e-05  1.2124876e+00  2.2694383e-03  6.1831098e-02  6.1831230e-02
 5.9049772e-02  4.7542198e-05  2.5365623e-05  1.1240349e+00  2.1206210e-03  6.3910476e-02  6.3910528e-02
 5.7858653e-02  5.5439281e-05  2.1187403e-05  3.9170217e+00  1.1017882e-01  9.9874658e-03  6.4526084e-10
 5.7894214e-02  5.5054928e-05  2.2385912e-05  3.7741514e+00  1.1146462e-01  1.0838851e-02  1.3663826e-10
 5.9115685e-02  5.6030352e-05  2.4334934e-05  1.0488449e+00  1.0798197e-10  3.6796854e-02  9.3024017e-02
 5.9189729e-02  6.5840128e-05  3.0330184e-05  9.7035003e-01  1.1878690e-10  3.8608928e-02  9.5245046e-02
 5.7860850e-02  5.4138767e-05  2.0425275e-05  3.9080413e+00  1.1020637e-01  1.0001047e-02  6.9997696e-10
 5.7896077e-02  5.5306025e-05  2.2808628e-05  3.7668075e+00  1.1149293e-01  1.0849962e-02  2.9455334e-09
 5.9119733e-02  5.5175495e-05  2.3775271e-05  1.0443934e+00  5.1189566e-10  3.6823174e-02  9.3063019e-02
 5.9193279e-02  6.3836038e-05  2.9067614e-05  9.6673752e-01  3.6762394e-09  3.8635224e-02  9.5291990e-02
 5.7212801e-02  7.9214829e-05  3.5105853e-05  7.6743633e+00  2.8180562e-03  2.5601041e-02  7.8167836e-02
 5.7253053e-02  8.7770930e-05  4.1264078e-05  7.3604839e+00  2.7292848e-03  2.6647056e-02  7.9750713e-02
 5.7215547e-02  8.0646316e-05  3.6993505e-05  7.6525377e+00  7.8184648e-02  2.5620225e-02  2.8166251e-03
 5.7255354e-02  8.3765218e-05  4.0264236e-05  7.3429286e+00  7.9774126e-02  2.6660756e-02  2.7261307e-03
 5.8100974e-02  4.3269000e-05  1.9968519e-05  3.0402840e+00  2.3307859e-02  2.3307622e-02  6.9309625e-02
 5.8132261e-02  4.9101327e-05  2.3474320e-05  2.9423443e+00  2.3177314e-02  2.3177467e-02  7.1438425e-02
 5.5222700e-02  7.7718220e-05  3.9247620e-05  5.6296734e+01  3.3677002e-02  3.3676839e-02  3.6841547e-03
 5.5240711e-02  8.3947087e-05  4.5869635e-05  5.5357332e+01  3.4423061e-02  3.4422987e-02  3.5490258e-03
 5.7300522e-02  8.6783483e-05  3.6079544e-05  7.0065621e+00  4.7001834e-02  1.1430308e-02  4.7002612e-02
 5.7332744e-02  8.7559325e-05  3.7366316e-05  6.7759405e+00  4.8288532e-02  1.0873539e-02  4.8294875e-02
 5.5868661e-02  4.9554027e-05  2.1956207e-05  3.0188181e+01  1.3487689e-02  5.7015186e-02  1.3471844e-02
 5.5886322e-02  5.2048416e-05  2.4887362e-05  2.9664484e+01  1.3524559e-02  5.8191214e-02  1.3524192e-02
 5.7213354e-02  8.4103600e-05  3.8178371e-05  7.6699590e+00  7.8167003e-02  2.8207463e-03  2.5600791e-02
 5.7253587e-02  8.3599738e-05  3.8938960e-05  7.3564058e+00  7.9751269e-02  2.7311039e-03  2.6650369e-02
 5.7213347e-02  8.2346907e-05  3.7060454e-05  7.6700159e+00  2.8207332e-03  7.8167061e-02  2.5600808e-02
 5.7253583e-02  8.0365288e-05  3.7054358e-05  7.3564398e+00  2.7311164e-03  7.9751333e-02  2.6650338e-02
 5.7858655e-02  5.6065440e-05  2.1330272e-05  3.9170144e+00  1.1017877e-01  6.5315071e-10  9.9874797e-03
 5.7894212e-02  5.4451902e-05  2.1630037e-05  3.7741582e+00  1.1146468e-01  1.3367226e-10  1.0838881e-02
 5.9115684e-02  5.8106362e-05  2.5672782e-05  1.0488454e+00  1.0994444e-10  9.3024023e-02  3.6796974e-02
 5.9189726e-02  5.8313295e-05  2.5388461e-05  9.7035221e-01  1.1381737e-10  9.5245094e-02  3.8608967e-02
 5.7860849e-02  5.4508923e-05  2.0802310e-05  3.9080437e+00  1.1020634e-01  6.8708816e-10  1.0001081e-02
 5.7896075e-02  5.6091308e-05  2.3570466e-05  3.7668162e+00  1.1149292e-01  2.9365362e-09  1.0850008e-02
 5.9119732e-02  5.6815902e-05  2.5300727e-05  1.0443948e+00  5.1008441e-10  9.3062900e-02  3.6823309e-02
 5.9193278e-02  6.3944209e-05  2.8909814e-05  9.6673808e-01  3.6773800e-09  9.5291916e-02  3.8635285e-02
 5.9158237e-02  7.6212428e-05  2.7840877e-05  1.0029913e+00  1.3619186e-01  2.0229803e-03  2.0230074e-03
 5.9188470e-02  7.7704893e-05  2.9255647e-05  9.7163444e-01  1.3724905e-01  2.3203141e-03  2.3203027e-03
 5.6289155e-02  6.2502779e-05  2.8492128e-05  1.9808215e+01  8.8908234e-02  3.0523369e-03  3.0523658e-03
 5.6306458e-02  6.7623665e-05  3.3083708e-05  1.9464206e+01  8.9707131e-02  3.2494174e-03  3.2494326e-03
 5.8977726e-02  3.7784646e-05  1.9062236e-05  1.2123867e+00  2.2739942e-03  6.1845463e-02  6.1845645e-02
 5.9049957e-02  4.7759766e-05  2.6283971e-05  1.1238163e+00  2.1319746e-03  6.3922235e-02  6.3922306e-02
 5.5368806e-02  9.7901776e-05  4.7403301e-05  4.9061686e+01  6.1193099e-02  1.4166892e-02  1.1563316e-09
 5.5387795e-02  1.0264361e-04  5.1635408e-05  4.8184225e+01  6.2022436e-02  1.4747925e-02  3.8371826e-09
 5.3729285e-02  3.3869935e-05  2.1645863e-05  1.8324943e+02  1.7945233e-02  1.7945112e-02  9.8978591e-10
 5.3735928e-02  3.6290823e-05  2.4688502e-05  1.8254327e+02  1.8232209e-02  1.8232145e-02  2.5220314e-09
 5.4155660e-02  7.9031325e-05  4.7034831e-05  1.3857011e+02  4.1627853e-03  3.9186995e-02  4.1544050e-03
 5.4162218e-02  8.2850942e-05  5.0648437e-05  1.3791264e+02  4.2270401e-03  3.9599720e-02  4.2230306e-03
 5.5367140e-02  1.0119433e-04  4.9859673e-05  4.9139322e+01  2.0715329e-10  6.1172918e-02  1.4150139e-02
 5.5386382e-02  9.8801329e-05  4.7738540e-05  4.8249031e+01  1.2600821e-10  6.2004944e-02  1.4735702e-02
 5.7212801e-02  8.4801190e-05  3.9582059e-05  7.6743650e+00  2.8180499e-03  7.8167793e-02  2.5601141e-02
 5.7253052e-02  7.8643306e-05  3.5280354e-05  7.3604910e+00  2.7292993e-03  7.9750762e-02  2.6647060e-02
 5.7215547e-02  8.3300531e-05  4.0639757e-05  7.6525359e+00  7.8184564e-02  2.8166436e-03  2.5620275e-02
 5.7255352e-02  8.6841157e-05  4.2419577e-05  7.3429499e+00  7.9774165e-02  2.7261360e-03  2.6660808e-02
 5.5368806e-02  1.0021426e-04  5.0086987e-05  4.9061677e+01  6.1193044e-02  1.1417832e-09  1.4166933e-02
 5.5387794e-02  1.0252530e-04  5.1238787e-05  4.8184260e+01  6.2022473e-02  3.8245426e-09  1.4747975e-02
 5.4156364e-02  8.0001193e-05  4.8414743e-05  1.3849946e+02  3.9201941e-02  4.1639688e-03  4.1639949e-03
 5.4162892e-02  8.3409533e-05  5.1060884e-05  1.3784516e+02  3.9606465e-02  4.2328190e-03  4.2328380e-03
 5.4289717e-02  7.3365216e-05  4.4427095e-05  1.2543041e+02  1.6911493e-02  1.6592088e-02  1.6761327e-02
 5.4289720e-02  7.3947959e-05  4.4724180e-05  1.2543016e+02  1.6598863e-02  1.6918037e-02  1.6748129e-02
 5.8637446e-02  8.3408906e-05  2.9860390e-05  1.7328548e+00  4.0814890e-02  3.9284606e-02  4.0342433e-02
 5.8637454e-02  8.3246285e-05  3.0270935e-05  1.7328415e+00  3.9480551e-02  4.1013944e-02  3.9947555e-02
 5.4156360e-02  7.8964146e-05  4.6922826e-05  1.3849984e+02  4.1640369e-03  3.9201717e-02  4.1639814e-03
 5.4162892e-02  8.2901792e-05  5.0186982e-05  1.3784513e+02  4.2328722e-03  3.9606429e-02  4.2328638e-03
 5.4860325e-02  4.6741426e-05  2.4698012e-05  7.8264077e+01  5.4435797e-07  6.6045034e-02  5.5368673e-07
 5.4860379e-02  4.5770818e-05  2.3699166e-05  7.8260351e+01  4.5660319e-07  6.6047667e-02  4.6544192e-07
 5.6287295e-02  6.5269858e-05  3.0829706e-05  1.9845543e+01  3.0456818e-03  8.8880293e-02  3.0456384e-03
 5.6304806e-02  6.3056925e-05  2.8489796e-05  1.9496793e+01  3.2405866e-03  8.9687092e-02  3.2406229e-03
 5.8977645e-02  3.8565134e-05  2.0344481e-05  1.2124895e+00  6.1831273e-02  2.2695030e-03  6.1831134e-02
 5.9049759e-02  4.9642981e-05  2.8966825e-05  1.1240505e+00  6.3910537e-02  2.1206478e-03  6.3910418e-02
 5.9160505e-02  7.7051849e-05  2.8567733e-05  1.0006045e+00  2.0274150e-03  1.3622874e-01  2.0273628e-03
 5.9190398e-02  7.5865182e-05  2.6558417e-05  9.6966800e-01  2.3268992e-03  1.3728282e-01  2.3269005e-03
 5.8282188e-02  6.2756652e-05  2.8151198e-05  2.5148541e+00  9.6829925e-03  1.0395337e-01  9.6828894e-03
 5.8323863e-02  6.4464395e-05  2.6824840e-05  2.4074164e+00  9.9864215e-03  1.0579452e-01  9.9864697e-03
 5.6842807e-02  5.9938804e-05  2.6555254e-05  1.1249824e+01  4.9913207e-02  1.0450244e-09  4.9913061e-02
 5.6886322e-02  5.8903353e-05  2.7153814e-05  1.0756573e+01  5.1335162e-02  5.2403452e-09  5.1335038e-02
 5.8285635e-02  6.3791142e-05  2.8463717e-05  2.5057876e+00  9.6953502e-03  1.0400619e-01  9.6952042e-03
 5.8327060e-02  6.6434285e-05  2.8321720e-05  2.3993652e+00  1.0005382e-02  1.0584009e-01  1.0005338e-02
 5.5223331e-02  8.0461858e-05  4.2836762e-05  5.6263600e+01  3.3691089e-02  3.6926178e-03  3.3690931e-02
 5.5241421e-02  8.2380186e-05  4.3783220e-05  5.5320586e+01  3.4434240e-02  3.5647909e-03  3.4434147e-02
 5.8104299e-02  4.8179362e-05  2.4047327e-05  3.0297233e+00  2.3331131e-02  6.9361490e-02  2.3330873e-02
 5.8135362e-02  4.5856570e-05  2.1759164e-05  2.9328083e+00  2.3210669e-02  7.1477819e-02  2.3210594e-02
 5.4156361e-02  8.2626475e-05  5.0478315e-05  1.3849972e+02  4.1640427e-03  4.1639609e-03  3.9201814e-02
 5.4162892e-02  7.9587051e-05  4.7066547e-05  1.3784517e+02  4.2328604e-03  4.2328388e-03  3.9606459e-02
 5.3729284e-02  3.5373935e-05  2.3084570e-05  1.8324958e+02  1.0018337e-09  1.7945099e-02  1.7945164e-02
 5.3735928e-02  3.4410606e-05  2.2247007e-05  1.8254329e+02  2.5428462e-09  1.8232182e-02  1.8232194e-02
 5.4155660e-02  8.2195660e-05  5.0306458e-05  1.3857009e+02  4.1544178e-03  3.9187023e-02  4.1627528e-03
 5.4162218e-02  7.9595344e-05  4.6665472e-05  1.3791266e+02  4.2229966e-03  3.9599720e-02  4.2270473e-03
 5.5367142e-02  1.0103747e-04  5.0300976e-05  4.9139232e+01  1.4150190e-02  6.1173028e-02  2.0538162e-10
 5.5386381e-02  9.9418763e-05  4.7973966e-05  4.8249055e+01  1.4735668e-02  6.2004857e-02  1.2589956e-10
 5.7212804e-02  8.4133091e-05  4.0623993e-05  7.6743403e+00  2.5601248e-02  7.8167902e-02  2.8180455e-03
 5.7253052e-02  8.0639938e-05  3.6642666e-05  7.3604909e+00  2.6647027e-02  7.9750677e-02  2.7293014e-03
 5.7215544e-02  8.1206320e-05  3.7735478e-05  7.6525597e+00  2.5620354e-02  2.8166446e-03  7.8184479e-02
 5.7255349e-02  8.5996816e-05  4.2550900e-05  7.3429688e+00  2.6660888e-02  2.7261297e-03  7.9774139e-02
 5.5368803e-02  1.0062924e-04  4.9808085e-05  4.9061798e+01  1.4167018e-02  1.1378979e-09  6.1192938e-02
 5.5387793e-02  1.0039860e-04  4.9653417e-05  4.8184324e+01  1.4748023e-02  3.8407203e-09  6.2022441e-02
 5.4860325e-02  4.5599145e-05  2.3460870e-05  7.8264029e+01  5.2559159e-07  5.7231162e-07  6.6045045e-02
 5.4860380e-02  4.7039844e-05  2.4938066e-05  7.8260261e+01  4.3951107e-07  4.8270690e-07  6.6047715e-02
 5.4155661e-02  8.0310253e-05  4.7701187e-05  1.3856997e+02  4.1544190e-03  4.1627380e-03  3.9187066e-02
 5.4162218e-02  8.1206355e-05  4.8448152e-05  1.3791269e+02  4.2229995e-03  4.2270416e-03  3.9599741e-02
 5.4288384e-02  7.2279998e-05  4.2478939e-05  1.2555773e+02  1.6544424e-02  1.6833757e-02  1.6836974e-02
 5.4288480e-02  7.4560417e-05  4.5650073e-05  1.2554860e+02  1.6926196e-02  1.6647086e-02  1.6643922e-02
 5.8635298e-02  8.4190138e-05  3.0334125e-05  1.7367656e+00  3.9199231e-02  4.0567141e-02  4.0576102e-02
 5.8635532e-02  8.2137920e-05  2.8957941e-05  1.7363379e+00  4.1036049e-02  3.9655660e-02  3.9646832e-02
 5.5221214e-02  8.0001065e-05  4.1928072e-05  5.6374882e+01  3.3661982e-02  3.3663439e-02  3.6873363e-03
 5.5239554e-02  8.2165635e-05  4.3281472e-05  5.5417289e+01  3.4411914e-02  3.4411981e-02  3.5542972e-03
 5.8102636e-02  4.2479217e-05  1.9135027e-05  3.0350023e+00  2.3304691e-02  2.3321732e-02  6.9307286e-02
 5.8133662e-02  4.8328492e-05  2.3206174e-05  2.9380320e+00  2.3185904e-02  2.3179499e-02  7.1444972e-02
 5.6839695e-02  6.0487475e-05  2.7075350e-05  1.1285926e+01  4.9884501e-02  4.9884456e-02  1.7688064e-14
 5.6883697e-02  5.7852625e-05  2.5919548e-05  1.0785718e+01  5.1308726e-02  5.1308685e-02  2.9114422e-15
 5.8284174e-02  6.0510224e-05  2.5696952e-05  2.5096257e+00  9.6943132e-03  9.6809020e-03  1.0396047e-01
 5.8325601e-02  6.9423562e-05  3.1331955e-05  2.4030351e+00  9.9916029e-03  9.9892399e-03  1.0581027e-01
 5.8284179e-02  5.9029572e-05  2.4143990e-05  2.5096133e+00  9.6809793e-03  9.6942234e-03  1.0396064e-01
 5.8325602e-02  6.7615735e-05  2.9232192e-05  2.4030328e+00  9.9892061e-03  9.9916387e-03  1.0581030e-01
 5.8973588e-02  4.0714782e-05  2.2330071e-05  1.2176670e+00  6.1803777e-02  6.1807143e-02  2.2708450e-03
 5.9046289e-02  4.4801694e-05  2.4062794e-05  1.1281547e+00  6.3877605e-02  6.3882238e-02  2.1244479e-03
 5.6288248e-02  6.3411663e-05  2.8834811e-05  1.9826427e+01  3.0528786e-03  3.0440120e-03  8.8886002e-02
 5.6305623e-02  6.6041047e-05  3.1391396e-05  1.9480676e+01  3.2438774e-03  3.2403285e-03  8.9696699e-02
 5.9159525e-02  7.1731039e-05  2.3506811e-05  1.0016349e+00  2.0220960e-03  2.0290393e-03  1.3620442e-01
 5.9189476e-02  7.5940121e-05  2.7753555e-05  9.7060770e-01  2.3208890e-03  2.3229222e-03  1.3726550e-01
 5.6287296e-02  6.1802889e-05  2.7214648e-05  1.9845521e+01  3.0456937e-03  3.0456093e-03  8.8880284e-02
 5.6304808e-02  6.6882791e-05  3.1779199e-05  1.9496766e+01  3.2405760e-03  3.2406370e-03  8.9687061e-02
 5.8977643e-02  3.8009021e-05  1.9259872e-05  1.2124922e+00  6.1831379e-02  6.1831125e-02  2.2694753e-03
 5.9049767e-02  4.4886146e-05  2.5091744e-05  1.1240402e+00  6.3910502e-02  6.3910308e-02  2.1206402e-03
 5.9160507e-02  7.2934258e-05  2.5090317e-05  1.0006020e+00  2.0274176e-03  2.0273414e-03  1.3622870e-01
 5.9190396e-02  7.6044867e-05  2.7678694e-05  9.6966940e-01  2.3268960e-03  2.3268912e-03  1.3728284e-01
 5.5367144e-02  9.7823950e-05  4.6195285e-05  4.9139155e+01  1.4150160e-02  2.0809037e-10  6.1173038e-02
 5.5386381e-02  1.0206060e-04  5.0187297e-05  4.8249068e+01  1.4735702e-02  1.2455252e-10  6.2004872e-02
 5.5221215e-02  7.8181933e-05  3.9370720e-05  5.6374814e+01  3.3661919e-02  3.6873376e-03  3.3663456e-02
 5.5239553e-02  8.3450218e-05  4.4340343e-05  5.5417333e+01  3.4411978e-02  3.5542919e-03  3.4412005e-02
 5.8102634e-02  4.5631391e-05  2.1863771e-05  3.0350077e+00  2.3304677e-02  6.9307261e-02  2.3321817e-02
 5.8133662e-02  4.6307461e-05  2.1842481e-05  2.9380331e+00  2.3185913e-02  7.1444963e-02  2.3179452e-02
 5.5867576e-02  5.0460257e-05  2.2415108e-05  3.0220642e+01  5.7013059e-02  1.3476809e-02  1.3476840e-02
 5.5885406e-02  5.2372511e-05  2.5074244e-05  2.9691424e+01  5.8183140e-02  1.3522933e-02  1.3522925e-02
 5.7302608e-02  8.3168500e-05  3.4111635e-05  6.9914037e+00  1.1427982e-02  4.7013722e-02  4.7013847e-02
 5.7334346e-02  8.8696125e-05  3.7920265e-05  6.7646721e+00  1.0869254e-02  4.8303238e-02  4.8303208e-02
 5.7212803e-02  8.2514487e-05  3.7982554e-05  7.6743492e+00  7.8167740e-02  2.5601120e-02  2.8180073e-03
 5.7253059e-02  8.4920958e-05  4.0770434e-05  7.3604421e+00  7.9750649e-02  2.6646960e-02  2.7293000e-03
 5.7215545e-02  7.8319030e-05  3.4327773e-05  7.6525556e+00  2.8166077e-03  2.5620190e-02  7.8184564e-02
 5.7255355e-02  8.5688570e-05  4.0034848e-05  7.3429247e+00  2.7261058e-03  2.6660843e-02  7.9774200e-02
 5.9115688e-02  5.9504576e-05  2.7535744e-05  1.0488412e+00  9.3023955e-02  3.6796883e-02  1.1673675e-10
 5.9189736e-02  6.3098966e-05  2.8903636e-05  9.7034217e-01  9.5244894e-02  3.8608895e-02  1.1813005e-10
 5.7858649e-02  5.3478688e-05  1.9205535e-05  3.9170362e+00  6.1708425e-10  9.9874532e-03  1.1017899e-01
 5.7894206e-02  5.6134282e-05  2.2869378e-05  3.7741805e+00  1.4567110e-10  1.0838854e-02  1.1146479e-01
 5.9119731e-02  5.6592160e-05  2.5941068e-05  1.0443958e+00  9.3063229e-02  3.6823185e-02  4.9322798e-10
 5.9193274e-02  6.2411043e-05  2.8793686e-05  9.6674228e-01  9.5291883e-02  3.8635152e-02  3.6334079e-09
 5.7860845e-02  5.3315089e-05  1.9132739e-05  3.9080594e+00  7.0393990e-10  1.0001043e-02  1.1020627e-01
 5.7896078e-02  5.4669391e-05  2.1738838e-05  3.7668039e+00  2.9925109e-09  1.0849988e-02  1.1149310e-01
 5.8282188e-02  5.9391662e-05  2.4284271e-05  2.5148536e+00  9.6829942e-03  9.6828072e-03  1.0395333e-01
 5.8323865e-02  6.8972064e-05  3.0264192e-05  2.4074113e+00  9.9864018e-03  9.9864785e-03  1.0579443e-01
 5.6842805e-02  5.8805785e-05  2.5287053e-05  1.1249842e+01  4.9913289e-02  4.9912988e-02  1.0635946e-09
 5.6886326e-02  5.8332494e-05  2.6800149e-05  1.0756521e+01  5.1335111e-02  5.1334935e-02  5.2649502e-09
 5.8285638e-02  5.9631708e-05  2.4860808e-05  2.5057821e+00  9.6953802e-03  9.6951149e-03  1.0400625e-01
 5.8327056e-02  6.8878542e-05  3.0859031e-05  2.3993737e+00  1.0005356e-02  1.0005313e-02  1.0584020e-01
 5.7212805e-02  8.0533108e-05  3.5086033e-05  7.6743269e+00  2.5601202e-02  2.8180212e-03  7.8167894e-02
 5.7253052e-02  8.5702235e-05  3.9874471e-05  7.3604952e+00  2.6647055e-02  2.7293023e-03  7.9750668e-02
 5.7215542e-02  7.7979584e-05  3.3383430e-05  7.6525766e+00  2.5620391e-02  7.8184500e-02  2.8166292e-03
 5.7255352e-02  8.4409823e-05  4.1501235e-05  7.3429494e+00  2.6660881e-02  7.9774043e-02  2.7261218e-03
 5.6839698e-02  5.9376931e-05  2.5349160e-05  1.1285900e+01  4.9884415e-02  7.7241364e-15  4.9884477e-02
 5.6883695e-02  5.8886686e-05  2.6436573e-05  1.0785738e+01  5.1308800e-02  1.1522295e-16  5.1308720e-02
 5.8284174e-02  5.9045679e-05  2.3986312e-05  2.5096272e+00  9.6943157e-03  1.0396055e-01  9.6809336e-03
 5.8325599e-02  6.6972484e-05  2.9642014e-05  2.4030399e+00  9.9916147e-03  1.0581027e-01  9.9892229e-03
 5.8284177e-02  6.2448068e-05  2.6885272e-05  2.5096200e+00  9.6809818e-03  1.0396064e-01  9.6942538e-03
 5.8325601e-02  6.7109404e-05  2.9137885e-05  2.4030355e+00  9.9891979e-03  1.0581031e-01  9.9916375e-03
 5.7212804e-02  8.2166848e-05  3.6447156e-05  7.6743364e+00  7.8167668e-02  2.8180019e-03  2.5601152e-02
 5.7253057e-02  8.5098978e-05  4.0398555e-05  7.3604541e+00  7.9750718e-02  2.7293009e-03  2.6646993e-02
 5.7215543e-02  8.0345824e-05  3.6061189e-05  7.6525661e+00  2.8166081e-03  7.8184445e-02  2.5620281e-02
 5.7255354e-02  8.5690287e-05  3.9862267e-05  7.3429289e+00  2.7261039e-03  7.9774203e-02  2.6660865e-02
 5.8282187e-02  6.1223652e-05  2.6082655e-05  2.5148559e+00  1.0395303e-01  9.6828316e-03  9.6828730e-03
 5.8323873e-02  6.8189615e-05  3.0453500e-05  2.4073889e+00  1.0579433e-01  9.9864193e-03  9.9864178e-03
 5.8285641e-02  5.9923252e-05  2.5706382e-05  2.5057736e+00  1.0400650e-01  9.6951451e-03  9.6952696e-03
 5.8327054e-02  6.9707303e-05  3.1994569e-05  2.3993786e+00  1.0584016e-01  1.0005289e-02  1.0005289e-02
 5.6842806e-02  5.8799370e-05  2.5246603e-05  1.1249836e+01  1.0907967e-09  4.9912929e-02  4.9913095e-02
 5.6886329e-02  5.9272797e-05  2.6859114e-05  1.0756491e+01  5.3105190e-09  5.1335062e-02  5.1335091e-02
 5.7216047e-02  7.9518016e-05  3.6696556e-05  7.6485681e+00  7.8208953e-02  2.5627373e-02  2.8232868e-03
 5.7255943e-02  8.4671609e-05  4.1379435e-05  7.3384439e+00  7.9787860e-02  2.6671898e-02  2.7396664e-03
 5.7216046e-02  7.8674997e-05  3.4496120e-05  7.6485786e+00  2.8233308e-03  2.5627355e-02  7.8208676e-02
 5.7255946e-02  8.6600365e-05  4.1765843e-05  7.3384218e+00  2.7397163e-03  2.6671940e-02  7.9787897e-02
 5.5223330e-02  7.7294741e-05  3.9536145e-05  5.6263675e+01  3.3691145e-02  3.3690819e-02  3.6926460e-03
 5.5241423e-02  8.4119923e-05  4.5893794e-05  5.5320475e+01  3.4434197e-02  3.4434083e-02  3.5648245e-03
 5.8104301e-02  4.3176865e-05  1.9722829e-05  3.0297159e+00  2.3331220e-02  2.3330672e-02  6.9361620e-02
 5.8135358e-02  4.9860957e-05  2.5657566e-05  2.9328226e+00  2.3210589e-02  2.3210586e-02  7.1477962e-02
 5.5368802e-02  9.6240783e-05  4.5253730e-05  4.9061878e+01  1.4167041e-02  6.1192881e-02  1.1478421e-09
 5.5387794e-02  1.0298127e-04  5.2099258e-05  4.8184278e+01  1.4748018e-02  6.2022371e-02  3.8614564e-09
 5.8973591e-02  3.9930536e-05  2.0038580e-05  1.2176620e+00  6.1803696e-02  2.2708387e-03  6.1807157e-02
 5.9046285e-02  4.6495353e-05  2.4352299e-05  1.1281589e+00  6.3877649e-02  2.1244376e-03  6.3882298e-02
 5.6288247e-02  6.1693500e-05  2.7243760e-05  1.9826446e+01  3.0528824e-03  8.8886017e-02  3.0440143e-03
 5.6305621e-02  6.5764688e-05  3.1386083e-05  1.9480707e+01  3.2438814e-03  8.9696680e-02  3.2403228e-03
 5.9159522e-02  7.7107885e-05  2.7897207e-05  1.0016378e+00  2.0221072e-03  1.3620447e-01  2.0290357e-03
 5.9189475e-02  7.5353896e-05  2.7167249e-05  9.7060878e-01  2.3208741e-03  1.3726557e-01  2.3229362e-03
 5.9115692e-02  5.9395490e-05  2.6375624e-05  1.0488370e+00  9.3023884e-02  1.1753585e-10  3.6796939e-02
 5.9189733e-02  6.3293665e-05  2.8392618e-05  9.7034595e-01  9.5244964e-02  1.1706649e-10  3.8608964e-02
 5.7858649e-02  5.4943064e-05  2.0489332e-05  3.9170387e+00  6.2474973e-10  1.1017906e-01  9.9874918e-03
 5.7894203e-02  5.2140313e-05  1.9943102e-05  3.7741919e+00  1.4205321e-10  1.1146485e-01  1.0838870e-02
 5.9119732e-02  5.6843529e-05  2.5631703e-05  1.0443955e+00  9.3063124e-02  4.7759554e-10  3.6823266e-02
 5.9193265e-02  6.6300425e-05  3.2481969e-05  9.6675131e-01  9.5291917e-02  3.6133480e-09  3.8635248e-02
 5.7860843e-02  5.5145206e-05  2.0605725e-05  3.9080685e+00  6.9903444e-10  1.1020620e-01  1.0001093e-02
 5.7896078e-02  5.4495110e-05  2.1411425e-05  3.7668043e+00  3.0040616e-09  1.1149309e-01  1.0850017e-02
 5.7216048e-02  8.0539494e-05  3.7484420e-05  7.6485624e+00  7.8208871e-02  2.8232416e-03  2.5627491e-02
 5.7255939e-02  8.6768927e-05  4.2709904e-05  7.3384757e+00  7.9787921e-02  2.7396486e-03  2.6671965e-02
 5.7216044e-02  8.1389149e-05  3.7260415e-05  7.6485893e+00  2.8233175e-03  7.8208497e-02  2.5627505e-02
 5.7255947e-02  8.5354928e-05  3.9965469e-05  7.3384150e+00  2.7397288e-03  7.9787856e-02  2.6671973e-02
 5.5870123e-02  5.0015635e-05  2.2977718e-05  3.0144513e+01  5.7053468e-02  1.3493057e-02  1.3493201e-02
 5.5887758e-02  5.2762202e-05  2.5440197e-05  2.9622253e+01  5.8211203e-02  1.3544942e-02  1.3544937e-02
 5.7303484e-02  8.4716573e-05  3.5156657e-05  6.9850458e+00  1.1441344e-02  4.7043168e-02  4.7043445e-02
 5.7335408e-02  8.9070755e-05  3.9999451e-05  6.7572102e+00  1.0896557e-02  4.8326563e-02  4.8326547e-02
 5.6234096e-02  5.5428381e-05  2.7051070e-05  2.0942128e+01  3.0171012e-02  2.9324017e-02  2.9876616e-02
 5.6234102e-02  5.5824332e-05  2.6950654e-05  2.0942008e+01  2.9410793e-02  3.0258466e-02  2.9702559e-02
 5.6234096e-02  5.7326168e-05  2.8172362e-05  2.0942131e+01  3.0173488e-02  2.9324440e-02  2.9873727e-02
 5.6234102e-02  5.5820152e-05  2.7377092e-05  2.0942005e+01  2.9408347e-02  3.0258037e-02  2.9705438e-02
 5.5870118e-02  4.9795646e-05  2.2421273e-05  3.0144656e+01  1.3493279e-02  5.7053080e-02  1.3493118e-02
 5.5887762e-02  5.1860308e-05  2.4278929e-05  2.9622133e+01  1.3545072e-02  5.8211071e-02  1.3545029e-02
 5.7303486e-02  8.4045814e-05  3.5575075e-05  6.9850300e+00  4.7043654e-02  1.1441162e-02  4.7043397e-02
 5.7335399e-02  9.0413961e-05  4.1284327e-05  6.7572751e+00  4.8326709e-02  1.0896361e-02  4.8326581e-02
 5.6289148e-02  6.2091366e-05  2.7759182e-05  1.9808369e+01  3.0524128e-03  8.8907974e-02  3.0523571e-03
 5.6306459e-02  6.5800985e-05  3.0985802e-05  1.9464182e+01  3.2494605e-03  8.9707210e-02  3.2494517e-03
 5.8977722e-02  3.7326157e-05  1.9218507e-05  1.2123910e+00  6.1845831e-02  2.2739060e-03  6.1845611e-02
 5.9049940e-02  4.9266145e-05  2.8268600e-05  1.1238361e+00  6.3922415e-02  2.1319037e-03  6.3922255e-02
 5.9158236e-02  7.6975043e-05  2.7587074e-05  1.0029921e+00  2.0230500e-03  1.3619241e-01  2.0229924e-03
 5.9188456e-02  7.6900094e-05  2.7969500e-05  9.7164838e-01  2.3202928e-03  1.3724932e-01  2.3203256e-03
 5.7437769e-02  9.2159469e-05  3.4851571e-05  6.0750307e+00  2.0137999e-06  1.1731026e-01  2.0475657e-06
 5.7437906e-02  8.7670383e-05  3.1657874e-05  6.0741646e+00  1.8496376e-06  1.1731287e-01  1.8823989e-06
 5.7437769e-02  9.1126502e-05  3.3235846e-05  6.0750305e+00  2.0132297e-06  1.1731026e-01  2.0482465e-06
 5.7437906e-02  9.2479751e-05  3.5107188e-05  6.0741643e+00  1.8490963e-06  1.1731287e-01  1.8830495e-06
 5.9158236e-02  7.6979272e-05  2.8091962e-05  1.0029921e+00  2.0230487e-03  1.3619242e-01  2.0229938e-03
 5.9188456e-02  7.2017489e-05  2.4777881e-05  9.7164849e-01  2.3202941e-03  1.3724932e-01  2.3203244e-03
 5.8977722e-02  3.8076385e-05  1.9261689e-05  1.2123912e+00  6.1845827e-02  2.2739070e-03  6.1845612e-02
 5.9049940e-02  4.8023346e-05  2.7850814e-05  1.1238360e+00  6.3922419e-02  2.1319028e-03  6.3922256e-02
 5.6289148e-02  6.5710859e-05  3.0837158e-05  1.9808369e+01  3.0524145e-03  8.8907980e-02  3.0523550e-03
 5.6306459e-02  6.4265522e-05  2.9172093e-05  1.9464180e+01  3.2494584e-03  8.9707204e-02  3.2494538e-03
 5.7303486e-02  8.5231842e-05  3.6285291e-05  6.9850309e+00  4.7043652e-02  1.1441164e-02  4.7043397e-02
 5.7335399e-02  8.6481127e-05  3.8321802e-05  6.7572742e+00  4.8326712e-02  1.0896359e-02  4.8326582e-02
 5.5870118e-02  5.2706660e-05  2.4913824e-05  3.0144658e+01  1.3493283e-02  5.7053085e-02  1.3493113e-02
 5.5887763e-02  5.0651658e-05  2.3159504e-05  2.9622130e+01  1.3545067e-02  5.8211066e-02  1.3545034e-02
 5.5870120e-02  5.1868164e-05  2.4232222e-05  3.0144587e+01  1.3493320e-02  1.3493018e-02  5.7053229e-02
 5.5887760e-02  5.0063005e-05  2.2717529e-05  2.9622213e+01  1.3545026e-02  1.3544992e-02  5.8211148e-02
 5.7303484e-02  9.3135311e-05  4.2880086e-05  6.9850484e+00  4.7043752e-02  4.7043217e-02  1.1441231e-02
 5.7335405e-02  8.2529579e-05  3.4293488e-05  6.7572336e+00  4.8326614e-02  4.8326498e-02  1.0896441e-02
 5.5223328e-02  8.0547259e-05  4.2145657e-05  5.6263738e+01  3.6926912e-03  3.3690781e-02  3.3690953e-02
 5.5241424e-02  8.0407607e-05  4.1200009e-05  5.5320412e+01  3.5648745e-03  3.4434148e-02  3.4434158e-02
 5.8104303e-02  4.7043678e-05  2.3527834e-05  3.0297113e+00  6.9361909e-02  2.3330747e-02  2.3331055e-02
 5.8135354e-02  4.6945930e-05  2.2988637e-05  2.9328325e+00  7.1478062e-02  2.3210523e-02  2.3210436e-02
 5.5368801e-02  1.0028199e-04  4.9353682e-05  4.9061899e+01  1.1652926e-09  6.1192818e-02  1.4166953e-02
 5.5387795e-02  9.8879959e-05  4.7107998e-05  4.8184222e+01  3.8918764e-09  6.2022476e-02  1.4747989e-02
 5.6288248e-02  6.5077435e-05  3.0804748e-05  1.9826422e+01  3.0440405e-03  8.8886069e-02  3.0528405e-03
 5.6305621e-02  6.3318322e-05  2.8525153e-05  1.9480702e+01  3.2402856e-03  8.9696678e-02  3.2438976e-03
 5.9159520e-02  7.5346042e-05  2.6715273e-05  1.0016405e+00  2.0290704e-03  1.3620437e-01  2.0220762e-03
 5.9189473e-02  7.7690699e-05  2.7859149e-05  9.7061020e-01  2.3229148e-03  1.3726554e-01  2.3209007e-03
 5.8973590e-02  3.7959268e-05  1.8438700e-05  1.2176642e+00  6.1807121e-02  2.2708092e-03  6.1803724e-02
 5.9046285e-02  4.5132035e-05  2.4556022e-05  1.1281592e+00  6.3882368e-02  2.1244279e-03  6.3877559e-02
 5.7858652e-02  5.6098762e-05  2.2051819e-05  3.9170253e+00  9.9875641e-03  1.1017921e-01  6.2617638e-10
 5.7894202e-02  5.2438202e-05  1.9718809e-05  3.7741960e+00  1.0838862e-02  1.1146475e-01  1.4220298e-10
 5.9119729e-02  5.6502122e-05  2.4558425e-05  1.0443981e+00  3.6823424e-02  4.7601684e-10  9.3062943e-02
 5.9193263e-02  6.4823232e-05  3.1361651e-05  9.6675392e-01  3.8635388e-02  3.6126836e-09  9.5291831e-02
 5.7860842e-02  5.7099430e-05  2.2328281e-05  3.9080725e+00  1.0001176e-02  1.1020626e-01  6.8351514e-10
 5.7896075e-02  5.2797083e-05  1.9824083e-05  3.7668179e+00  1.0850047e-02  1.1149294e-01  2.9817977e-09
 5.9115692e-02  5.5810492e-05  2.3042074e-05  1.0488367e+00  3.6797045e-02  1.1076736e-10  9.3024131e-02
 5.9189727e-02  6.2019483e-05  2.7720099e-05  9.7035206e-01  3.8609057e-02  1.1615635e-10  9.5244972e-02
 5.7216046e-02  8.2036282e-05  3.7538062e-05  7.6485804e+00  2.5627660e-02  2.8232313e-03  7.8208661e-02
 5.7255938e-02  8.2869894e-05  3.9609883e-05  7.3384799e+00  2.6672071e-02  2.7396588e-03  7.9787841e-02
 5.7216043e-02  8.7823764e-05  4.2651501e-05  7.6485987e+00  2.5627691e-02  7.8208586e-02  2.8232568e-03
 5.7255944e-02  8.0059691e-05  3.5791419e-05  7.3384403e+00  2.6672050e-02  7.9787715e-02  2.7396931e-03
 5.6289150e-02  6.5021736e-05  3.0338539e-05  1.9808322e+01  3.0524173e-03  3.0523342e-03  8.8908055e-02
 5.6306458e-02  6.3360323e-05  2.8872590e-05  1.9464204e+01  3.2494499e-03  3.2494312e-03  8.9707240e-02
 5.8977721e-02  4.3999411e-05  2.3644898e-05  1.2123931e+00  6.1845917e-02  6.1845521e-02  2.2739394e-03
 5.9049951e-02  4.2931808e-05  2.3058114e-05  1.1238237e+00  6.3922352e-02  6.3922113e-02  2.1319324e-03
 5.9158237e-02  7.4798126e-05  2.5627696e-05  1.0029912e+00  2.0230651e-03  2.0229609e-03  1.3619228e-01
 5.9188459e-02  7.3526536e-05  2.5454986e-05  9.7164554e-01  2.3202774e-03  2.3203355e-03  1.3724920e-01
 5.5368802e-02  1.0107873e-04  4.9372792e-05  4.9061836e+01  1.1683346e-09  1.4166885e-02  6.1192950e-02
 5.5387795e-02  9.8088863e-05  4.6708519e-05  4.8184229e+01  3.8822467e-09  1.4747964e-02  6.2022482e-02
 5.5222699e-02  8.1064987e-05  4.2717679e-05  5.6296808e+01  3.6841347e-03  3.3676800e-02  3.3676916e-02
 5.5240711e-02  7.9913361e-05  4.0424956e-05  5.5357339e+01  3.5490057e-03  3.4423073e-02  3.4423059e-02
 5.8100972e-02  4.7207305e-05  2.2945346e-05  3.0402908e+00  6.9309513e-02  2.3307666e-02  2.3307726e-02
 5.8132265e-02  4.5003472e-05  2.1235130e-05  2.9423305e+00  7.1438428e-02  2.3177352e-02  2.3177328e-02
 5.5868662e-02  5.1977274e-05  2.4721493e-05  3.0188157e+01  1.3471882e-02  5.7015233e-02  1.3487630e-02
 5.5886321e-02  5.0279323e-05  2.2308736e-05  2.9664493e+01  1.3524144e-02  5.8191212e-02  1.3524571e-02
 5.7300520e-02  8.5447618e-05  3.5207131e-05  7.0065785e+00  4.7002538e-02  1.1430269e-02  4.7001893e-02
 5.7332744e-02  8.5083023e-05  3.6472406e-05  6.7759420e+00  4.8294953e-02  1.0873541e-02  4.8288430e-02
 5.7213350e-02  8.2898199e-05  3.9574135e-05  7.6699943e+00  2.5600891e-02  7.8167223e-02  2.8207192e-03
 5.7253583e-02  8.2636973e-05  3.7651839e-05  7.3564380e+00  2.6650334e-02  7.9751208e-02  2.7311169e-03
 5.7213353e-02  8.0072424e-05  3.4737251e-05  7.6699708e+00  2.5600842e-02  2.8207195e-03  7.8167202e-02
 5.7253583e-02  8.2706213e-05  3.8485875e-05  7.3564424e+00  2.6650385e-02  2.7311194e-03  7.9751222e-02
 5.9115688e-02  5.9549814e-05  2.7876270e-05  1.0488411e+00  3.6797101e-02  9.3024191e-02  1.0860274e-10
 5.9189728e-02  6.1659277e-05  2.7371001e-05  9.7035050e-01  3.8609020e-02  9.5244973e-02  1.1377668e-10
 5.7860844e-02  5.4881627e-05  2.0450456e-05  3.9080644e+00  1.0001166e-02  6.7963366e-10  1.1020623e-01
 5.7896073e-02  5.3850334e-05  2.1677457e-05  3.7668265e+00  1.0850045e-02  2.9565810e-09  1.1149300e-01
 5.9119727e-02  6.3358864e-05  2.9142972e-05  1.0444004e+00  3.6823474e-02  9.3062970e-02  4.8726157e-10
 5.9193271e-02  6.0204883e-05  2.6470389e-05  9.6674515e-01  3.8635367e-02  9.5291690e-02  3.6407051e-09
 5.7858655e-02  5.4263039e-05  1.9447151e-05  3.9170147e+00  9.9875446e-03  6.3596757e-10  1.1017915e-01
 5.7894203e-02  5.3194371e-05  2.0561522e-05  3.7741931e+00  1.0838884e-02  1.4043014e-10  1.1146470e-01
 5.7437770e-02  8.8425505e-05  3.1390920e-05  6.0750278e+00  1.9682711e-06  2.0938281e-06  1.1731021e-01
 5.7437909e-02  9.2929486e-05  3.5664279e-05  6.0741488e+00  1.8061624e-06  1.9269918e-06  1.1731285e-01
 5.7437770e-02  9.1961114e-05  3.4338473e-05  6.0750279e+00  1.9691629e-06  2.0927812e-06  1.1731021e-01
 5.7437909e-02  8.8340363e-05  3.1982007e-05  6.0741486e+00  1.8070166e-06  1.9259808e-06  1.1731285e-01
 5.6288250e-02  6.4208363e-05  2.9000308e-05  1.9826376e+01  3.0440309e-03  3.0528369e-03  8.8886086e-02
 5.6305622e-02  6.4212940e-05  2.9368474e-05  1.9480695e+01  3.2403005e-03  3.2438832e-03  8.9696679e-02
 5.9159520e-02  7.4997832e-05  2.6815121e-05  1.0016402e+00  2.0290792e-03  2.0220600e-03  1.3620423e-01
 5.9189476e-02  7.3980721e-05  2.5478470e-05  9.7060806e-01  2.3228992e-03  2.3209145e-03  1.3726550e-01
 5.8973585e-02  4.3853394e-05  2.4075158e-05  1.2176697e+00  6.1807200e-02  6.1803730e-02  2.2708081e-03
 5.9046288e-02  4.2333513e-05  2.2351068e-05  1.1281557e+00  6.3882298e-02  6.3877498e-02  2.1244218e-03
 5.5868664e-02  5.1033805e-05  2.2907115e-05  3.0188103e+01  1.3471879e-02  1.3487584e-02  5.7015274e-02
 5.5886321e-02  5.1056487e-05  2.3410821e-05  2.9664502e+01  1.3524151e-02  1.3524580e-02  5.8191228e-02
 5.7300518e-02  9.0756926e-05  4.0202786e-05  7.0065958e+00  4.7002615e-02  4.7001897e-02  1.1430271e-02
 5.7332745e-02  8.2863885e-05  3.4560120e-05  6.7759322e+00  4.8294875e-02  4.8288385e-02  1.0873547e-02
 5.6231995e-02  5.4400570e-05  2.5104661e-05  2.0986601e+01  2.9252016e-02  3.0012733e-02  3.0018434e-02
 5.6232199e-02  5.6926802e-05  2.8348164e-05  2.0982293e+01  3.0268771e-02  2.9510221e-02  2.9504611e-02
 5.6231995e-02  5.7151123e-05  2.7931751e-05  2.0986603e+01  2.9252024e-02  3.0012781e-02  3.0018380e-02
 5.6232199e-02  5.4068800e-05  2.5213706e-05  2.0982289e+01  3.0268761e-02  2.9510175e-02  2.9504663e-02
 5.7300518e-02  8.6429019e-05  3.7145969e-05  7.0065953e+00  4.7002618e-02  4.7001884e-02  1.1430273e-02
 5.7332745e-02  8.7289523e-05  3.7876629e-05  6.7759337e+00  4.8294872e-02  4.8288399e-02  1.0873545e-02
 5.5868664e-02  4.9828312e-05  2.2127572e-05  3.0188102e+01  1.3471877e-02  1.3487583e-02  5.7015282e-02
 5.5886321e-02  5.2050741e-05  2.4048528e-05  2.9664502e+01  1.3524153e-02  1.3524581e-02  5.8191219e-02
 5.8973586e-02  3.9895464e-05  2.1243579e-05  1.2176695e+00  6.1807197e-02  6.1803721e-02  2.2708089e-03
 5.9046288e-02  4.6335081e-05  2.5329121e-05  1.1281561e+00  6.3882302e-02  6.3877509e-02  2.1244210e-03
 5.9159520e-02  7.2817108e-05  2.4474872e-05  1.0016402e+00  2.0290785e-03  2.0220618e-03  1.3620425e-01
 5.9189476e-02  7.8494332e-05  2.9830640e-05  9.7060804e-01  2.3228998e-03  2.3209128e-03  1.3726549e-01
 5.6288250e-02  6.2602456e-05  2.7940228e-05  1.9826376e+01  3.0440312e-03  3.0528358e-03  8.8886098e-02
 5.6305622e-02  6.5324992e-05  3.0374647e-05  1.9480695e+01  3.2403002e-03  3.2438846e-03  8.9696666e-02
 5.9158237e-02  7.3107742e-05  2.4265063e-05  1.0029912e+00  2.0230644e-03  2.0229610e-03  1.3619228e-01
 5.9188459e-02  7.7857037e-05  2.8962079e-05  9.7164556e-01  2.3202781e-03  2.3203357e-03  1.3724920e-01
 5.8977721e-02  3.7475963e-05  1.9415312e-05  1.2123931e+00  6.1845919e-02  6.1845518e-02  2.2739391e-03
 5.9049951e-02  4.5157233e-05  2.5190184e-05  1.1238237e+00  6.3922351e-02  6.3922116e-02  2.1319329e-03
 5.6289150e-02  6.2273781e-05  2.7868389e-05  1.9808322e+01  3.0524201e-03  3.0523322e-03  8.8908057e-02
 5.6306458e-02  6.6507419e-05  3.1722382e-05  1.9464205e+01  3.2494469e-03  3.2494334e-03  8.9707238e-02
 5.7858655e-02  5.4376707e-05  1.9585871e-05  3.9170149e+00  9.9875435e-03  6.3688504e-10  1.1017914e-01
 5.7894203e-02  5.4496716e-05  2.1223996e-05  3.7741931e+00  1.0838885e-02  1.3991811e-10  1.1146471e-01
 5.9119727e-02  5.4807331e-05  2.3181396e-05  1.0444004e+00  3.6823476e-02  9.3062966e-02  4.8722477e-10
 5.9193271e-02  6.2004953e-05  2.8890344e-05  9.6674517e-01  3.8635366e-02  9.5291694e-02  3.6408557e-09
 5.7860844e-02  5.3613929e-05  1.9895557e-05  3.9080639e+00  1.0001167e-02  6.7938001e-10  1.1020622e-01
 5.7896072e-02  5.4627000e-05  2.1738829e-05  3.7668270e+00  1.0850044e-02  2.9572078e-09  1.1149301e-01
 5.9115688e-02  6.4162070e-05  3.0788760e-05  1.0488412e+00  3.6797106e-02  9.3024197e-02  1.0864726e-10
 5.9189728e-02  6.0081645e-05  2.6612177e-05  9.7035025e-01  3.8609014e-02  9.5244965e-02  1.1377635e-10
 5.7213353e-02  8.1569860e-05  3.5415105e-05  7.6699710e+00  2.5600841e-02  2.8207220e-03  7.8167196e-02
 5.7253583e-02  8.3643522e-05  3.9006043e-05  7.3564426e+00  2.6650386e-02  2.7311166e-03  7.9751229e-02
 5.7213350e-02  8.6103307e-05  4.0164182e-05  7.6699943e+00  2.5600889e-02  7.8167230e-02  2.8207194e-03
 5.7253583e-02  8.1127819e-05  3.7487227e-05  7.3564369e+00  2.6650336e-02  7.9751200e-02  2.7311168e-03
 5.7300520e-02  8.5812589e-05  3.4591974e-05  7.0065782e+00  4.7002540e-02  1.1430276e-02  4.7001887e-02
 5.7332744e-02  8.7400059e-05  3.8446764e-05  6.7759429e+00  4.8294951e-02  1.0873534e-02  4.8288437e-02
 5.5868662e-02  5.0781736e-05  2.2856272e-05  3.0188152e+01  1.3471873e-02  5.7015236e-02  1.3487630e-02
 5.5886321e-02  5.1856385e-05  2.4295582e-05  2.9664494e+01  1.3524152e-02  5.8191209e-02  1.3524571e-02
 5.8100972e-02  4.4423872e-05  2.0308812e-05  3.0402901e+00  6.9309510e-02  2.3307668e-02  2.3307728e-02
 5.8132265e-02  4.8594543e-05  2.4505242e-05  2.9423315e+00  7.1438432e-02  2.3177350e-02  2.3177325e-02
 5.5222699e-02  7.7737519e-05  3.9434185e-05  5.6296804e+01  3.6841318e-03  3.3676802e-02  3.3676915e-02
 5.5240711e-02  8.4396462e-05  4.4406165e-05  5.5357338e+01  3.5490087e-03  3.4423071e-02  3.4423059e-02
 5.5368802e-02  9.7291947e-05  4.6217612e-05  4.9061837e+01  1.1696727e-09  1.4166885e-02  6.1192956e-02
 5.5387795e-02  1.0268945e-04  5.0777554e-05  4.8184226e+01  3.8796632e-09  1.4747964e-02  6.2022476e-02
 5.7303484e-02  8.2935111e-05  3.4829721e-05  6.9850485e+00  4.7043753e-02  4.7043217e-02  1.1441230e-02
 5.7335405e-02  8.6524099e-05  3.8577727e-05  6.7572337e+00  4.8326614e-02  4.8326499e-02  1.0896442e-02
 5.5870120e-02  4.9464590e-05  2.1947621e-05  3.0144586e+01  1.3493328e-02  1.3493011e-02  5.7053229e-02
 5.5887760e-02  5.3527745e-05  2.6118571e-05  2.9622213e+01  1.3545018e-02  1.3544998e-02  5.8211146e-02
 5.7216043e-02  7.7413968e-05  3.4051721e-05  7.6485984e+00  2.5627691e-02  7.8208581e-02  2.8232578e-03
 5.7255943e-02  8.4469193e-05  4.0788323e-05  7.3384408e+00  2.6672050e-02  7.9787720e-02  2.7396923e-03
 5.7216046e-02  7.8745614e-05  3.5637846e-05  7.6485795e+00  2.5627663e-02  2.8232296e-03  7.8208656e-02
 5.7255938e-02  8.7306330e-05  4.2681994e-05  7.3384809e+00  2.6672068e-02  2.7396604e-03  7.9787845e-02
 5.9115692e-02  5.8587191e-05  2.5198039e-05  1.0488367e+00  3.6797045e-02  1.1143697e-10  9.3024128e-02
 5.9189727e-02  6.2625544e-05  2.7801913e-05  9.7035207e-01  3.8609057e-02  1.1539090e-10  9.5244977e-02
 5.7860842e-02  5.2213696e-05  1.8108437e-05  3.9080724e+00  1.0001178e-02  1.1020626e-01  6.8371718e-10
 5.7896075e-02  5.4659495e-05  2.2342553e-05  3.7668181e+00  1.0850046e-02  1.1149295e-01  2.9813748e-09
 5.9119729e-02  5.5353158e-05  2.4402039e-05  1.0443979e+00  3.6823426e-02  4.7560025e-10  9.3062937e-02
 5.9193262e-02  6.5071349e-05  3.0657697e-05  9.6675408e-01  3.8635386e-02  3.6137735e-09  9.5291837e-02
 5.7858652e-02  5.7214167e-05  2.1997712e-05  3.9170254e+00  9.9875651e-03  1.1017921e-01  6.2668678e-10
 5.7894202e-02  5.3385183e-05  2.0837555e-05  3.7741954e+00  1.0838861e-02  1.1146475e-01  1.4199925e-10
 5.8973590e-02  3.9951409e-05  1.9783964e-05  1.2176641e+00  6.1807123e-02  2.2708127e-03  6.1803723e-02
 5.9046285e-02  4.6010640e-05  2.4632840e-05  1.1281593e+00  6.3882367e-02  2.1244242e-03  6.3877562e-02
 5.9159520e-02  7.1800902e-05  2.3413870e-05  1.0016405e+00  2.0290728e-03  1.3620438e-01  2.0220780e-03
 5.9189473e-02  7.5547225e-05  2.8175934e-05  9.7061018e-01  2.3229124e-03  1.3726554e-01  2.3208990e-03
 5.6288248e-02  6.3906826e-05  2.8801690e-05  1.9826420e+01  3.0440369e-03  8.8886069e-02  3.0528393e-03
 5.6305622e-02  6.5731374e-05  3.1056904e-05  1.9480702e+01  3.2402896e-03  8.9696677e-02  3.2438988e-03
 5.5368801e-02  9.8476814e-05  4.7293792e-05  4.9061896e+01  1.1672220e-09  6.1192820e-02  1.4166948e-02
 5.5387795e-02  1.0238351e-04  5.0285271e-05  4.8184220e+01  3.8880801e-09  6.2022475e-02  1.4747993e-02
 5.8104303e-02  4.3309435e-05  2.0798014e-05  3.0297116e+00  6.9361913e-02  2.3330749e-02  2.3331048e-02
 5.8135355e-02  4.8102587e-05  2.4160235e-05  2.9328322e+00  7.1478059e-02  2.3210521e-02  2.3210443e-02
 5.5223328e-02  7.8385410e-05  4.0097558e-05  5.6263741e+01  3.6926941e-03  3.3690781e-02  3.3690952e-02
 5.5241425e-02  8.4480870e-05  4.5203763e-05  5.5320406e+01  3.5648713e-03  3.4434149e-02  3.4434158e-02
 5.8637447e-02  8.3541322e-05  3.0339165e-05  1.7328546e+00  4.0810006e-02  3.9283545e-02  4.0348363e-02
 5.8637454e-02  8.2251104e-05  2.8959513e-05  1.7328418e+00  3.9485356e-02  4.1015027e-02  3.9941655e-02
 5.4289717e-02  7.4580687e-05  4.5336852e-05  1.2543042e+02  1.6911821e-02  1.6591610e-02  1.6761482e-02
 5.4289720e-02  7.3779414e-05  4.4807839e-05  1.2543015e+02  1.6598537e-02  1.6918520e-02  1.6747974e-02
 5.8104299e-02  4.3661108e-05  2.0607279e-05  3.0297229e+00  2.3331126e-02  6.9361485e-02  2.3330880e-02
 5.8135362e-02  4.6308401e-05  2.2115196e-05  2.9328087e+00  2.3210675e-02  7.1477823e-02  2.3210588e-02
 5.5223331e-02  7.8413360e-05  4.0858707e-05  5.6263596e+01  3.3691090e-02  3.6926165e-03  3.3690932e-02
 5.5241421e-02  8.5276238e-05  4.6620259e-05  5.5320591e+01  3.4434238e-02  3.5647922e-03  3.4434145e-02
 5.8285636e-02  5.9915412e-05  2.5316947e-05  2.5057874e+00  9.6953467e-03  1.0400619e-01  9.6952079e-03
 5.8327060e-02  6.6720189e-05  2.8752339e-05  2.3993654e+00  1.0005386e-02  1.0584010e-01  1.0005334e-02
 5.6842807e-02  5.8823838e-05  2.5696530e-05  1.1249823e+01  4.9913210e-02  1.0443275e-09  4.9913061e-02
 5.6886321e-02  5.9486188e-05  2.7715938e-05  1.0756574e+01  5.1335158e-02  5.2419164e-09  5.1335037e-02
 5.8282188e-02  6.3383070e-05  2.7837045e-05  2.5148543e+00  9.6829945e-03  1.0395337e-01  9.6828872e-03
 5.8323863e-02  6.7594947e-05  2.9631247e-05  2.4074160e+00  9.9864195e-03  1.0579452e-01  9.9864717e-03
 5.9160505e-02  7.2165064e-05  2.4678499e-05  1.0006045e+00  2.0274136e-03  1.3622874e-01  2.0273642e-03
 5.9190398e-02  7.5480461e-05  2.7370547e-05  9.6966806e-01  2.3269010e-03  1.3728282e-01  2.3268989e-03
 5.8977645e-02  3.6489977e-05  1.8570596e-05  1.2124894e+00  6.1831278e-02  2.2695039e-03  6.1831133e-02
 5.9049759e-02  4.9373047e-05  2.8606140e-05  1.1240506e+00  6.3910533e-02  2.1206469e-03  6.3910418e-02
 5.6287295e-02  6.4822845e-05  2.9693298e-05  1.9845543e+01  3.0456834e-03  8.8880290e-02  3.0456369e-03
 5.6304806e-02  6.5807208e-05  3.0953572e-05  1.9496791e+01  3.2405851e-03  8.9687094e-02  3.2406246e-03
 5.4860325e-02  4.6223111e-05  2.4064628e-05  7.8264074e+01  5.4411083e-07  6.6045030e-02  5.5396321e-07
 5.4860379e-02  4.6774965e-05  2.4677660e-05  7.8260347e+01  4.5637970e-07  6.6047671e-02  4.6569792e-07
 5.4156360e-02  8.2895606e-05  5.0467687e-05  1.3849984e+02  4.1640385e-03  3.9201721e-02  4.1639790e-03
 5.4162892e-02  8.0260693e-05  4.7515300e-05  1.3784512e+02  4.2328702e-03  3.9606426e-02  4.2328659e-03
 5.8104301e-02  4.5037363e-05  2.1334206e-05  3.0297159e+00  2.3331209e-02  2.3330681e-02  6.9361619e-02
 5.8135358e-02  4.5370791e-05  2.1859519e-05  2.9328226e+00  2.3210600e-02  2.3210577e-02  7.1477963e-02
 5.5223330e-02  8.3966069e-05  4.5714812e-05  5.6263675e+01  3.3691141e-02  3.3690822e-02  3.6926462e-03
 5.5241423e-02  7.9726441e-05  4.0927997e-05  5.5320474e+01  3.4434199e-02  3.4434080e-02  3.5648240e-03
 5.7303484e-02  8.6530090e-05  3.6656557e-05  6.9850451e+00  1.1441339e-02  4.7043170e-02  4.7043444e-02
 5.7335408e-02  8.3292131e-05  3.4548485e-05  6.7572111e+00  1.0896562e-02  4.8326560e-02  4.8326548e-02
 5.5870123e-02  5.2115433e-05  2.4651397e-05  3.0144512e+01  5.7053464e-02  1.3493056e-02  1.3493206e-02
 5.5887758e-02  5.1509214e-05  2.4264937e-05  2.9622255e+01  5.8211207e-02  1.3544943e-02  1.3544931e-02
 5.7216044e-02  8.1553156e-05  3.7314757e-05  7.6485891e+00  2.8233145e-03  7.8208496e-02  2.5627509e-02
 5.7255947e-02  8.0784969e-05  3.6331349e-05  7.3384157e+00  2.7397320e-03  7.9787857e-02  2.6671969e-02
 5.7216048e-02  8.0251499e-05  3.6776457e-05  7.6485623e+00  7.8208875e-02  2.8232409e-03  2.5627495e-02
 5.7255939e-02  8.7764028e-05  4.3597178e-05  7.3384760e+00  7.9787917e-02  2.7396494e-03  2.6671959e-02
 5.7860843e-02  5.5067809e-05  2.1073946e-05  3.9080688e+00  6.9729579e-10  1.1020620e-01  1.0001098e-02
 5.7896078e-02  5.2764993e-05  1.9901226e-05  3.7668043e+00  3.0079344e-09  1.1149309e-01  1.0850012e-02
 5.9119731e-02  5.5334108e-05  2.4465525e-05  1.0443956e+00  9.3063132e-02  4.7717557e-10  3.6823270e-02
 5.9193265e-02  6.6707562e-05  3.2546812e-05  9.6675131e-01  9.5291909e-02  3.6145054e-09  3.8635243e-02
 5.7858649e-02  5.5159124e-05  2.0581023e-05  3.9170384e+00  6.2409379e-10  1.1017905e-01  9.9874866e-03
 5.7894203e-02  5.5551835e-05  2.1917452e-05  3.7741919e+00  1.4234582e-10  1.1146486e-01  1.0838875e-02
 5.9115692e-02  5.7851988e-05  2.5351499e-05  1.0488371e+00  9.3023881e-02  1.1840105e-10  3.6796937e-02
 5.9189733e-02  6.1756634e-05  2.7812682e-05  9.7034583e-01  9.5244967e-02  1.1615295e-10  3.8608965e-02
 5.9159522e-02  7.5952213e-05  2.8201360e-05  1.0016379e+00  2.0221104e-03  1.3620447e-01  2.0290364e-03
 5.9189475e-02  7.3560210e-05  2.5282958e-05  9.7060878e-01  2.3208706e-03  1.3726557e-01  2.3229352e-03
 5.6288247e-02  6.4778255e-05  3.0065830e-05  1.9826445e+01  3.0528795e-03  8.8886016e-02  3.0440123e-03
 5.6305621e-02  6.4876658e-05  2.9824944e-05  1.9480707e+01  3.2438841e-03  8.9696681e-02  3.2403249e-03
 5.8973591e-02  3.8187344e-05  1.8891874e-05  1.2176621e+00  6.1803695e-02  2.2708421e-03  6.1807157e-02
 5.9046285e-02  4.4840517e-05  2.3932600e-05  1.1281589e+00  6.3877650e-02  2.1244339e-03  6.3882297e-02
 5.5368802e-02  1.0339644e-04  5.2010284e-05  4.9061877e+01  1.4167038e-02  6.1192887e-02  1.1476091e-09
 5.5387794e-02  9.8433376e-05  4.6753217e-05  4.8184277e+01  1.4748020e-02  6.2022366e-02  3.8615773e-09
 5.8285638e-02  6.1907722e-05  2.6684339e-05  2.5057822e+00  9.6953746e-03  9.6951190e-03  1.0400625e-01
 5.8327056e-02  6.5682736e-05  2.8142648e-05  2.3993737e+00  1.0005362e-02  1.0005309e-02  1.0584021e-01
 5.6842805e-02  6.1586919e-05  2.7740458e-05  1.1249842e+01  4.9913284e-02  4.9912994e-02  1.0637983e-09
 5.6886326e-02  5.6627204e-05  2.4840173e-05  1.0756521e+01  5.1335116e-02  5.1334930e-02  5.2641164e-09
 5.8282188e-02  6.1078556e-05  2.5938272e-05  2.5148537e+00  9.6829944e-03  9.6828078e-03  1.0395333e-01
 5.8323865e-02  6.5002693e-05  2.7095055e-05  2.4074113e+00  9.9864016e-03  9.9864772e-03  1.0579443e-01
 5.7216046e-02  8.3574600e-05  3.7999298e-05  7.6485782e+00  2.8233277e-03  2.5627356e-02  7.8208670e-02
 5.7255946e-02  7.9307755e-05  3.5563668e-05  7.3384225e+00  2.7397194e-03  2.6671938e-02  7.9787904e-02
 5.7216047e-02  8.7524313e-05  4.2239773e-05  7.6485679e+00  7.8208948e-02  2.5627376e-02  2.8232880e-03
 5.7255943e-02  8.0917123e-05  3.7565726e-05  7.3384440e+00  7.9787865e-02  2.6671896e-02  2.7396648e-03
 5.6842806e-02  6.0541395e-05  2.6644624e-05  1.1249836e+01  1.0888247e-09  4.9912928e-02  4.9913095e-02
 5.6886329e-02  5.6563465e-05  2.4628194e-05  1.0756492e+01  5.3150707e-09  5.1335062e-02  5.1335091e-02
 5.8285641e-02  6.3003795e-05  2.8092376e-05  2.5057736e+00  1.0400650e-01  9.6951460e-03  9.6952735e-03
 5.8327054e-02  6.7362765e-05  2.9658077e-05  2.3993786e+00  1.0584015e-01  1.0005288e-02  1.0005285e-02
 5.8282187e-02  6.4063167e-05  2.8808936e-05  2.5148565e+00  1.0395303e-01  9.6828303e-03  9.6828699e-03
 5.8323874e-02  6.5054977e-05  2.7809884e-05  2.4073880e+00  1.0579433e-01  9.9864207e-03  9.9864206e-03
 5.7215543e-02  8.3625540e-05  3.9434961e-05  7.6525671e+00  2.8166117e-03  7.8184447e-02  2.5620286e-02
 5.7255354e-02  8.0276491e-05  3.5296622e-05  7.3429287e+00  2.7261002e-03  7.9774201e-02  2.6660859e-02
 5.7212804e-02  8.2700386e-05  3.7796206e-05  7.6743374e+00  7.8167665e-02  2.8179980e-03  2.5601152e-02
 5.7253057e-02  8.1491793e-05  3.7927494e-05  7.3604526e+00  7.9750719e-02  2.7293049e-03  2.6646993e-02
 5.8284176e-02  6.2486698e-05  2.8117130e-05  2.5096204e+00  9.6809887e-03  1.0396064e-01  9.6942549e-03
 5.8325601e-02  6.5666695e-05  2.7414326e-05  2.4030355e+00  9.9891907e-03  1.0581031e-01  9.9916360e-03
 5.8284174e-02  6.2321589e-05  2.6864513e-05  2.5096270e+00  9.6943112e-03  1.0396055e-01  9.6809300e-03
 5.8325599e-02  6.7133094e-05  2.8479292e-05  2.4030401e+00  9.9916192e-03  1.0581028e-01  9.9892266e-03
 5.6839698e-02  5.9908706e-05  2.5931780e-05  1.1285901e+01  4.9884414e-02  1.4865684e-14  4.9884477e-02
 5.6883695e-02  5.7149661e-05  2.5162026e-05  1.0785738e+01  5.1308800e-02  6.8011680e-16  5.1308718e-02
 5.7215542e-02  8.6033477e-05  4.0683345e-05  7.6525764e+00  2.5620386e-02  7.8184506e-02  2.8166287e-03
 5.7255352e-02  8.1368308e-05  3.6555331e-05  7.3429493e+00  2.6660886e-02  7.9774037e-02  2.7261225e-03
 5.7212805e-02  8.0984908e-05  3.6083457e-05  7.6743267e+00  2.5601202e-02  2.8180239e-03  7.8167895e-02
 5.7253052e-02  8.1474029e-05  3.7308977e-05  7.3604952e+00  2.6647054e-02  2.7292992e-03  7.9750666e-02
 5.9160507e-02  7.5533143e-05  2.7013301e-05  1.0006020e+00  2.0274154e-03  2.0273427e-03  1.3622870e-01
 5.9190396e-02  7.4356133e-05  2.6344902e-05  9.6966938e-01  2.3268983e-03  2.3268897e-03  1.3728284e-01
 5.8977643e-02  4.2940198e-05  2.2541672e-05  1.2124922e+00  6.1831375e-02  6.1831131e-02  2.2694749e-03
 5.9049767e-02  4.3696217e-05  2.3474376e-05  1.1240402e+00  6.3910505e-02  6.3910302e-02  2.1206407e-03
 5.6287296e-02  6.4845366e-05  2.9975277e-05  1.9845521e+01  3.0456943e-03  3.0456094e-03  8.8880282e-02
 5.6304808e-02  6.2921633e-05  2.8315645e-05  1.9496766e+01  3.2405753e-03  3.2406367e-03  8.9687062e-02
 5.7860846e-02  5.6278953e-05  2.1282873e-05  3.9080593e+00  7.0287512e-10  1.0001043e-02  1.1020626e-01
 5.7896078e-02  5.1752985e-05  1.9315082e-05  3.7668041e+00  2.9946846e-09  1.0849987e-02  1.1149311e-01
 5.9119731e-02  6.4252930e-05  2.9732783e-05  1.0443957e+00  9.3063225e-02  3.6823189e-02  4.9351383e-10
 5.9193274e-02  5.9803436e-05  2.7023505e-05  9.6674226e-01  9.5291886e-02  3.8635148e-02  3.6323437e-09
 5.7858649e-02  5.5809689e-05  2.1196188e-05  3.9170365e+00  6.1726226e-10  9.9874508e-03  1.1017898e-01
 5.7894206e-02  5.1636563e-05  1.9079843e-05  3.7741803e+00  1.4558841e-10  1.0838856e-02  1.1146479e-01
 5.9115688e-02  6.5348845e-05  3.2601632e-05  1.0488413e+00  9.3023961e-02  3.6796888e-02  1.1713450e-10
 5.9189737e-02  5.9602934e-05  2.6335608e-05  9.7034191e-01  9.5244886e-02  3.8608889e-02  1.1773365e-10
 5.7215545e-02  8.4134661e-05  3.8496156e-05  7.6525557e+00  2.8166098e-03  2.5620188e-02  7.8184557e-02
 5.7255355e-02  7.9534233e-05  3.5181034e-05  7.3429251e+00  2.7261038e-03  2.6660844e-02  7.9774208e-02
 5.7212802e-02  8.7810290e-05  4.2835127e-05  7.6743504e+00  7.8167743e-02  2.5601126e-02  2.8180048e-03
 5.7253059e-02  7.9720300e-05  3.6443464e-05  7.3604399e+00  7.9750644e-02  2.6646954e-02  2.7293023e-03
 5.7302608e-02  8.8906732e-05  3.9122122e-05  6.9914045e+00  1.1427988e-02  4.7013720e-02  4.7013848e-02
 5.7334346e-02  8.3153011e-05  3.3390867e-05  6.7646719e+00  1.0869249e-02  4.8303239e-02  4.8303208e-02
 5.5867576e-02  5.2476469e-05  2.4606382e-05  3.0220647e+01  5.7013063e-02  1.3476808e-02  1.3476838e-02
 5.5885406e-02  5.0113885e-05  2.2706040e-05  2.9691415e+01  5.8183136e-02  1.3522935e-02  1.3522927e-02
 5.8102634e-02  4.6326117e-05  2.3217998e-05  3.0350082e+00  2.3304689e-02  6.9307260e-02  2.3321816e-02
 5.8133662e-02  4.6260069e-05  2.1173368e-05  2.9380330e+00  2.3185901e-02  7.1444964e-02  2.3179453e-02
 5.5221215e-02  7.9946042e-05  4.1462633e-05  5.6374814e+01  3.3661918e-02  3.6873343e-03  3.3663460e-02
 5.5239553e-02  8.0692787e-05  4.1660539e-05  5.5417328e+01  3.4411979e-02  3.5542954e-03  3.4412000e-02
 5.5367144e-02  9.9758216e-05  4.8120990e-05  4.9139153e+01  1.4150161e-02  2.0748630e-10  6.1173041e-02
 5.5386381e-02  9.9308223e-05  4.7856044e-05  4.8249068e+01  1.4735701e-02  1.2507938e-10  6.2004867e-02
 5.4860325e-02  4.6942589e-05  2.4851289e-05  7.8264029e+01  5.2615584e-07  5.7164420e-07  6.6045042e-02
 5.4860380e-02  4.5572272e-05  2.3501626e-05  7.8260260e+01  4.4002852e-07  4.8209123e-07  6.6047716e-02
 5.9159525e-02  7.7341796e-05  2.7789757e-05  1.0016349e+00  2.0220959e-03  2.0290399e-03  1.3620441e-01
 5.9189476e-02  7.2855090e-05  2.4956905e-05  9.7060772e-01  2.3208893e-03  2.3229212e-03  1.3726552e-01
 5.6288248e-02  6.3810720e-05  2.9530753e-05  1.9826427e+01  3.0528799e-03  3.0440099e-03  8.8885989e-02
 5.6305623e-02  6.4401919e-05  2.9816744e-05  1.9480676e+01  3.2438759e-03  3.2403306e-03  8.9696712e-02
 5.8973587e-02  4.5077571e-05  2.5402630e-05  1.2176671e+00  6.1803786e-02  6.1807146e-02  2.2708456e-03
 5.9046289e-02  4.2559269e-05  2.3081936e-05  1.1281544e+00  6.3877594e-02  6.3882233e-02  2.1244473e-03
 5.8284179e-02  6.2802906e-05  2.6520865e-05  2.5096134e+00  9.6809792e-03  9.6942245e-03  1.0396063e-01
 5.8325602e-02  6.5816674e-05  2.7810292e-05  2.4030329e+00  9.9892065e-03  9.9916370e-03  1.0581031e-01
 5.8284174e-02  6.0986110e-05  2.6246232e-05  2.5096257e+00  9.6943154e-03  9.6808980e-03  1.0396046e-01
 5.8325601e-02  6.6283178e-05  2.8578896e-05  2.4030352e+00  9.9916008e-03  9.9892439e-03  1.0581028e-01
 5.6839695e-02  6.1794866e-05  2.7821674e-05  1.1285927e+01  4.9884506e-02  4.9884462e-02  1.9587973e-14
 5.6883697e-02  5.7288038e-05  2.5734303e-05  1.0785716e+01  5.1308720e-02  5.1308678e-02  2.2361593e-15
 5.8102636e-02  4.6826366e-05  2.1942288e-05  3.0350025e+00  2.3304694e-02  2.3321732e-02  6.9307279e-02
 5.8133662e-02  4.5407084e-05  2.1270974e-05  2.9380320e+00  2.3185902e-02  2.3179498e-02  7.1444980e-02
 5.5221214e-02  8.1765507e-05  4.3245674e-05  5.6374884e+01  3.3661981e-02  3.3663447e-02  3.6873350e-03
 5.5239554e-02  8.0846679e-05  4.2153498e-05  5.5417280e+01  3.4411914e-02  3.4411973e-02  3.5542982e-03
 5.8635298e-02  8.2222276e-05  2.8507306e-05  1.7367654e+00  3.9199220e-02  4.0567077e-02  4.0576174e-02
 5.8635532e-02  8.4532643e-05  3.1167596e-05  1.7363383e+00  4.1036060e-02  3.9655723e-02  3.9646761e-02
 5.4288384e-02  7.4808424e-05  4.5466077e-05  1.2555774e+02  1.6544429e-02  1.6833785e-02  1.6836941e-02
 5.4288480e-02  7.2131734e-05  4.2610534e-05  1.2554859e+02  1.6926191e-02  1.6647059e-02  1.6643953e-02
 5.4155661e-02  8.0037733e-05  4.7588905e-05  1.3856997e+02  4.1544188e-03  4.1627371e-03  3.9187073e-02
 5.4162218e-02  8.1712763e-05  4.8809987e-05  1.3791269e+02  4.2229998e-03  4.2270427e-03  3.9599733e-02
 5.4156361e-02  7.9083228e-05  4.6882968e-05  1.3849972e+02  4.1640457e-03  4.1639585e-03  3.9201814e-02
 5.4162892e-02  8.3935489e-05  5.1546312e-05  1.3784517e+02  4.2328571e-03  4.2328414e-03  3.9606457e-02
 5.5368803e-02  9.7744604e-05  4.7617181e-05  4.9061795e+01  1.4167020e-02  1.1373875e-09  6.1192933e-02
 5.5387792e-02  1.0327233e-04  5.1784501e-05  4.8184329e+01  1.4748022e-02  3.8417745e-09  6.2022445e-02
 5.7215544e-02  7.8504702e-05  3.5735385e-05  7.6525591e+00  2.5620356e-02  2.8166449e-03  7.8184471e-02
 5.7255349e-02  8.6875889e-05  4.2138858e-05  7.3429698e+00  2.6660886e-02  2.7261294e-03  7.9774146e-02
 5.7212804e-02  8.7245488e-05  4.1629978e-05  7.6743411e+00  2.5601254e-02  7.8167905e-02  2.8180447e-03
 5.7253053e-02  8.1486094e-05  3.8495213e-05  7.3604892e+00  2.6647021e-02  7.9750672e-02  2.7293022e-03
 5.5367142e-02  1.0127476e-04  4.9491363e-05  4.9139232e+01  1.4150192e-02  6.1173032e-02  2.0553981e-10
 5.5386381e-02  1.0069642e-04  4.9634172e-05  4.8249048e+01  1.4735666e-02  6.2004853e-02  1.2575435e-10
 5.4155660e-02  7.9792165e-05  4.7115413e-05  1.3857008e+02  4.1544145e-03  3.9187026e-02  4.1627518e-03
 5.4162218e-02  8.2617319e-05  5.0154806e-05  1.3791266e+02  4.2230002e-03  3.9599716e-02  4.2270479e-03
 5.3729284e-02  3.4210205e-05  2.1971177e-05  1.8324957e+02  1.0029630e-09  1.7945100e-02  1.7945163e-02
 5.3735928e-02  3.6010981e-05  2.3866871e-05  1.8254328e+02  2.5408351e-09  1.8232181e-02  1.8232195e-02
 5.3004005e-02  6.0407073e-05  4.5517031e-05  2.4877016e+02  4.9569178e-03  4.9167381e-03  4.9164426e-03
 5.3004006e-02  6.1182891e-05  4.6505305e-05  2.4877012e+02  4.9032306e-03  4.9432812e-03  4.9436089e-03
 5.3729286e-02  3.4271284e-05  2.2502166e-05  1.8324937e+02  1.7945208e-02  9.8053813e-10  1.7945154e-02
 5.3735928e-02  3.6445191e-05  2.4785609e-05  1.8254327e+02  1.8232222e-02  2.5134708e-09  1.8232179e-02
 5.5222701e-02  7.7269346e-05  4.0318695e-05  5.6296668e+01  3.3676937e-02  3.6841795e-03  3.3676878e-02
 5.5240711e-02  8.5944795e-05  4.7136688e-05  5.5357364e+01  3.4423104e-02  3.5490209e-03  3.4423045e-02
 5.8100975e-02  4.8238375e-05  2.4146477e-05  3.0402807e+00  2.3307878e-02  6.9309552e-02  2.3307752e-02
 5.8132261e-02  4.7510545e-05  2.3880955e-05  2.9423449e+00  2.3177334e-02  7.1438486e-02  2.3177432e-02
 5.7302610e-02  8.1157744e-05  3.3600944e-05  6.9913861e+00  4.7013835e-02  1.1428056e-02  4.7013776e-02
 5.7334343e-02  9.1555002e-05  4.2497561e-05  6.7646905e+00  4.8303238e-02  1.0869238e-02  4.8303193e-02
 5.5867577e-02  5.2027220e-05  2.4219618e-05  3.0220618e+01  1.3476925e-02  5.7013095e-02  1.3476841e-02
 5.5885402e-02  5.2130992e-05  2.4984001e-05  2.9691532e+01  1.3522893e-02  5.8183156e-02  1.3522962e-02
 5.4155173e-02  8.1186057e-05  4.8697028e-05  1.3861899e+02  4.1568618e-03  3.9182755e-02  4.1568342e-03
 5.4161779e-02  8.2615294e-05  5.0368997e-05  1.3795660e+02  4.2241995e-03  3.9593279e-02  4.2242292e-03
 5.3153797e-02  4.3874485e-05  3.2332045e-05  2.3838312e+02  4.7082173e-08  1.9607928e-02  4.6923661e-08
 5.3153803e-02  4.4946381e-05  3.3512885e-05  2.3838272e+02  3.0609673e-08  1.9608563e-02  3.0538107e-08
 5.3729285e-02  3.6276775e-05  2.4351216e-05  1.8324943e+02  1.7945229e-02  1.7945115e-02  9.8982153e-10
 5.3735928e-02  3.4228119e-05  2.2233637e-05  1.8254327e+02  1.8232212e-02  1.8232142e-02  2.5215674e-09
 5.4156364e-02  8.2303253e-05  5.0162119e-05  1.3849946e+02  3.9201938e-02  4.1639693e-03  4.1639967e-03
 5.4162892e-02  8.1619210e-05  4.9674404e-05  1.3784516e+02  3.9606468e-02  4.2328186e-03  4.2328357e-03
 5.5368806e-02  9.8388627e-05  4.8028383e-05  4.9061680e+01  6.1193048e-02  1.1413132e-09  1.4166936e-02
 5.5387794e-02  1.0379007e-04  5.2690977e-05  4.8184259e+01  6.2022469e-02  3.8254579e-09  1.4747971e-02
 5.7215547e-02  7.8084650e-05  3.5424895e-05  7.6525368e+00  7.8184572e-02  2.8166448e-03  2.5620278e-02
 5.7255352e-02  8.9106884e-05  4.4910147e-05  7.3429496e+00  7.9774157e-02  2.7261349e-03  2.6660804e-02
 5.7212801e-02  8.1954454e-05  3.7492221e-05  7.6743644e+00  2.8180502e-03  7.8167786e-02  2.5601137e-02
 5.7253052e-02  8.7099531e-05  4.1275189e-05  7.3604910e+00  2.7292990e-03  7.9750768e-02  2.6647065e-02
 5.5367140e-02  9.9294094e-05  4.8117027e-05  4.9139318e+01  2.0692962e-10  6.1172914e-02  1.4150135e-02
 5.5386382e-02  1.0267450e-04  5.0610115e-05  4.8249032e+01  1.2615273e-10  6.2004948e-02  1.4735707e-02
 5.4155660e-02  8.2079293e-05  4.9907712e-05  1.3857010e+02  4.1627828e-03  3.9186997e-02  4.1544035e-03
 5.4162218e-02  8.0837546e-05  4.8313849e-05  1.3791264e+02  4.2270424e-03  3.9599718e-02  4.2230326e-03
 5.5222700e-02  8.2880080e-05  4.4729176e-05  5.6296734e+01  3.3676996e-02  3.3676846e-02  3.6841544e-03
 5.5240711e-02  8.0168433e-05  4.1129801e-05  5.5357331e+01  3.4423067e-02  3.4422981e-02  3.5490265e-03
 5.8100974e-02  4.5004841e-05  2.1473655e-05  3.0402840e+00  2.3307859e-02  2.3307623e-02  6.9309623e-02
 5.8132261e-02  4.5148045e-05  2.0814117e-05  2.9423442e+00  2.3177314e-02  2.3177465e-02  7.1438426e-02
 5.5368806e-02  1.0347788e-04  5.1854548e-05  4.9061686e+01  6.1193092e-02  1.4166896e-02  1.1565347e-09
 5.5387795e-02  9.8752464e-05  4.7943400e-05  4.8184225e+01  6.2022442e-02  1.4747922e-02  3.8363355e-09
 5.8977726e-02  3.9785486e-05  2.0227704e-05  1.2123867e+00  2.2739913e-03  6.1845463e-02  6.1845644e-02
 5.9049957e-02  4.3410148e-05  2.2785639e-05  1.1238164e+00  2.1319776e-03  6.3922233e-02  6.3922307e-02
 5.6289155e-02  6.5310232e-05  3.0778386e-05  1.9808216e+01  8.8908233e-02  3.0523383e-03  3.0523674e-03
 5.6306458e-02  6.5196710e-05  3.0916208e-05  1.9464206e+01  8.9707132e-02  3.2494161e-03  3.2494306e-03
 5.9158237e-02  7.9878944e-05  3.1438164e-05  1.0029915e+00  1.3619186e-01  2.0229802e-03  2.0230050e-03
 5.9188470e-02  7.3886105e-05  2.6426366e-05  9.7163414e-01  1.3724905e-01  2.3203142e-03  2.3203051e-03
 5.9119732e-02  5.8989165e-05  2.6741426e-05  1.0443949e+00  5.0851206e-10  9.3062903e-02  3.6823313e-02
 5.9193278e-02  6.0407939e-05  2.6050014e-05  9.6673811e-01  3.6818471e-09  9.5291912e-02  3.8635281e-02
 5.7860849e-02  5.3907368e-05  2.0350968e-05  3.9080443e+00  1.1020635e-01  6.8677327e-10  1.0001085e-02
 5.7896075e-02  5.6529555e-05  2.3780674e-05  3.7668158e+00  1.1149291e-01  2.9372255e-09  1.0850003e-02
 5.9115684e-02  5.7068926e-05  2.5306389e-05  1.0488453e+00  1.0991071e-10  9.3024015e-02  3.6796968e-02
 5.9189726e-02  6.5185178e-05  2.9399183e-05  9.7035229e-01  1.1385737e-10  9.5245102e-02  3.8608973e-02
 5.7858655e-02  5.6491790e-05  2.1903090e-05  3.9170149e+00  1.1017877e-01  6.5492863e-10  9.9874771e-03
 5.7894212e-02  5.3185232e-05  2.0857327e-05  3.7741575e+00  1.1146468e-01  1.3283640e-10  1.0838883e-02
 5.7213347e-02  8.1157244e-05  3.6646473e-05  7.6700151e+00  2.8207324e-03  7.8167055e-02  2.5600802e-02
 5.7253583e-02  8.6345244e-05  3.9667379e-05  7.3564404e+00  2.7311171e-03  7.9751338e-02  2.6650345e-02
 5.7213354e-02  8.2261236e-05  3.7738821e-05  7.6699593e+00  7.8167002e-02  2.8207496e-03  2.5600787e-02
 5.7253587e-02  8.2152624e-05  3.7927916e-05  7.3564053e+00  7.9751269e-02  2.7311004e-03  2.6650372e-02
 5.5868661e-02  5.1866657e-05  2.4018426e-05  3.0188179e+01  1.3487684e-02  5.7015188e-02  1.3471841e-02
 5.5886321e-02  5.1133902e-05  2.3483159e-05  2.9664485e+01  1.3524563e-02  5.8191212e-02  1.3524196e-02
 5.7300522e-02  8.6232441e-05  3.6866314e-05  7.0065620e+00  4.7001833e-02  1.1430314e-02  4.7002608e-02
 5.7332744e-02  8.4332587e-05  3.5151113e-05  6.7759405e+00  4.8288533e-02  1.0873533e-02  4.8294877e-02
 5.7302608e-02  9.0310975e-05  3.9762110e-05  6.9914013e+00  4.7013922e-02  4.7013777e-02  1.1428010e-02
 5.7334346e-02  8.3860604e-05  3.5036633e-05  6.7646737e+00  4.8303184e-02  4.8303115e-02  1.0869267e-02
 5.5867577e-02  5.1616877e-05  2.3974502e-05  3.0220615e+01  1.3476921e-02  1.3476766e-02  5.7013163e-02
 5.5885402e-02  4.9947133e-05  2.2437443e-05  2.9691539e+01  1.3522890e-02  1.3522985e-02  5.8183115e-02
 5.7215547e-02  8.7352418e-05  4.1557026e-05  7.6525378e+00  7.8184642e-02  2.5620229e-02  2.8166252e-03
 5.7255354e-02  8.0440546e-05  3.7189934e-05  7.3429284e+00  7.9774132e-02  2.6660752e-02  2.7261310e-03
 5.7212801e-02  8.3309129e-05  3.8320839e-05  7.6743639e+00  2.8180557e-03  2.5601040e-02  7.8167834e-02
 5.7253053e-02  7.9544096e-05  3.5516304e-05  7.3604834e+00  2.7292853e-03  2.6647057e-02  7.9750714e-02
 5.9119733e-02  5.9910998e-05  2.6448813e-05  1.0443934e+00  5.1063656e-10  3.6823173e-02  9.3063012e-02
 5.9193279e-02  5.9956221e-05  2.5991402e-05  9.6673761e-01  3.6795941e-09  3.8635224e-02  9.5291998e-02
 5.7860850e-02  5.8013115e-05  2.2971192e-05  3.9080414e+00  1.1020637e-01  1.0001050e-02  7.0001331e-10
 5.7896077e-02  5.2506901e-05  2.0626545e-05  3.7668074e+00  1.1149294e-01  1.0849960e-02  2.9450973e-09
 5.9115685e-02  5.8404847e-05  2.6032941e-05  1.0488450e+00  1.0808722e-10  3.6796852e-02  9.3024015e-02
 5.9189729e-02  5.8470358e-05  2.4835525e-05  9.7034993e-01  1.1868935e-10  3.8608930e-02  9.5245048e-02
 5.7858653e-02  5.8488754e-05  2.4134397e-05  3.9170220e+00  1.1017882e-01  9.9874669e-03  6.4724088e-10
 5.7894214e-02  5.2469081e-05  2.0101275e-05  3.7741506e+00  1.1146461e-01  1.0838850e-02  1.3577426e-10
 5.8977647e-02  4.0905426e-05  2.1240081e-05  1.2124877e+00  2.2694413e-03  6.1831098e-02  6.1831230e-02
 5.9049772e-02  4.3469686e-05  2.2457674e-05  1.1240349e+00  2.1206181e-03  6.3910475e-02  6.3910528e-02
 5.9160513e-02  7.6930575e-05  2.8603979e-05  1.0005955e+00  1.3622882e-01  2.0273490e-03  2.0273761e-03
 5.9190396e-02  7.7345327e-05  2.9364472e-05  9.6966966e-01  1.3728261e-01  2.3268822e-03  2.3268886e-03
 5.6287297e-02  6.6538896e-05  3.1860109e-05  1.9845518e+01  8.8880050e-02  3.0456291e-03  3.0456457e-03
 5.6304816e-02  6.3561729e-05  2.9119004e-05  1.9496608e+01  8.9687063e-02  3.2406204e-03  3.2406101e-03
 5.5367144e-02  1.0067280e-04  4.9416759e-05  4.9139137e+01  6.1172876e-02  2.1290126e-10  1.4150146e-02
 5.5386385e-02  9.9527653e-05  4.8085849e-05  4.8248863e+01  6.2004943e-02  1.2039502e-10  1.4735700e-02
 5.8102632e-02  4.5883206e-05  2.1721091e-05  3.0350130e+00  2.3321857e-02  6.9307201e-02  2.3304644e-02
 5.8133661e-02  4.6888443e-05  2.2127965e-05  2.9380344e+00  2.3179460e-02  7.1444957e-02  2.3185914e-02
 5.5221216e-02  8.0199965e-05  4.2058986e-05  5.6374765e+01  3.3663405e-02  3.6873485e-03  3.3661985e-02
 5.5239553e-02  8.0489382e-05  4.1425700e-05  5.5417323e+01  3.4412068e-02  3.5542816e-03  3.4411925e-02
 5.4155173e-02  8.2490980e-05  5.0173256e-05  1.3861894e+02  4.1568683e-03  4.1568142e-03  3.9182795e-02
 5.4161779e-02  7.9426852e-05  4.7079929e-05  1.3795661e+02  4.2241975e-03  4.2242398e-03  3.9593277e-02
 5.5367141e-02  1.0160475e-04  5.0294528e-05  4.9139289e+01  2.0343577e-10  1.4150103e-02  6.1172964e-02
 5.5386383e-02  9.8433638e-05  4.7238524e-05  4.8248982e+01  1.2842597e-10  1.4735702e-02  6.2004930e-02
 5.7213348e-02  8.3980388e-05  3.8979371e-05  7.6700112e+00  2.8207165e-03  2.5600744e-02  7.8167089e-02
 5.7253585e-02  8.0014316e-05  3.5954767e-05  7.3564213e+00  2.7311348e-03  2.6650324e-02  7.9751307e-02
 5.7213352e-02  8.9433946e-05  4.5189813e-05  7.6699768e+00  7.8167096e-02  2.5600767e-02  2.8207439e-03
 5.7253590e-02  8.0984088e-05  3.7564916e-05  7.3563842e+00  7.9751176e-02  2.6650326e-02  2.7311161e-03
 5.5367143e-02  1.0333047e-04  5.2285883e-05  4.9139175e+01  6.1172940e-02  1.4150146e-02  2.1114130e-10
 5.5386387e-02  9.9473107e-05  4.8317947e-05  4.8248807e+01  6.2004878e-02  1.4735676e-02  1.2289592e-10
 5.4155173e-02  8.2643256e-05  5.0459482e-05  1.3861893e+02  3.9182733e-02  4.1568321e-03  4.1568435e-03
 5.4161782e-02  8.0118227e-05  4.7476663e-05  1.3795630e+02  3.9593307e-02  4.2242335e-03  4.2242243e-03
 5.3728405e-02  3.5281195e-05  2.2997928e-05  1.8334296e+02  1.7933057e-02  1.3504610e-16  1.7933088e-02
 5.3735163e-02  3.4377242e-05  2.2457665e-05  1.8262460e+02  1.8222867e-02  3.8554460e-15  1.8222845e-02
 5.3153798e-02  4.5211652e-05  3.3790875e-05  2.3838308e+02  4.1079019e-08  5.2552090e-08  1.9607947e-02
 5.3153803e-02  4.3612231e-05  3.2127130e-05  2.3838271e+02  2.5822050e-08  3.5144080e-08  1.9608588e-02
 5.4155661e-02  8.1121085e-05  4.9558921e-05  1.3857001e+02  4.1627722e-03  4.1544142e-03  3.9187025e-02
 5.4162219e-02  8.1626768e-05  4.9335632e-05  1.3791257e+02  4.2270450e-03  4.2230277e-03  3.9599757e-02
 5.5868663e-02  5.0775616e-05  2.3540370e-05  3.0188140e+01  1.3487666e-02  1.3471834e-02  5.7015206e-02
 5.5886322e-02  5.1534973e-05  2.4297511e-05  2.9664457e+01  1.3524570e-02  1.3524193e-02  5.8191252e-02
 5.7300521e-02  9.4130324e-05  4.4292111e-05  7.0065731e+00  4.7001919e-02  4.7002591e-02  1.1430326e-02
 5.7332747e-02  8.4167922e-05  3.6765953e-05  6.7759226e+00  4.8288470e-02  4.8294836e-02  1.0873563e-02
 5.8102633e-02  4.4083391e-05  2.0906666e-05  3.0350100e+00  2.3321864e-02  2.3304580e-02  6.9307189e-02
 5.8133663e-02  4.6975046e-05  2.3213366e-05  2.9380299e+00  2.3179442e-02  2.3185947e-02  7.1444989e-02
 5.5221215e-02  8.2885353e-05  4.4806689e-05  5.6374808e+01  3.3663471e-02  3.3661967e-02  3.6873524e-03
 5.5239555e-02  8.1419483e-05  4.3159203e-05  5.5417249e+01  3.4412003e-02  3.4411906e-02  3.5542937e-03
 5.3728405e-02  3.5488612e-05  2.3318540e-05  1.8334302e+02  1.7933084e-02  1.7933078e-02  2.6864382e-16
 5.3735164e-02  3.4950561e-05  2.3025207e-05  1.8262453e+02  1.8222834e-02  1.8222834e-02  1.6898022e-15
 5.3003600e-02  6.1105469e-05  4.6311215e-05  2.4879499e+02  4.8956459e-03  4.9396566e-03  4.9412676e-03
 5.3003613e-02  5.9835540e-05  4.4692850e-05  2.4879419e+02  4.9520026e-03  4.9133789e-03  4.9117846e-03
