E(Har) ImSigma_kn(Har) ImSigmaP(Har) dfde v*v
 5.2551487e-02  3.0598730e-05  3.0598732e-05  2.6314587e+02  1.6160119e-18  9.8063644e-20  9.2369821e-20
 5.2551487e-02  3.0459771e-05  3.0459944e-05  2.6314587e+02  5.1726011e-21  1.1817643e-19  6.5126087e-18
 5.3003600e-02  8.4009412e-05  6.9086437e-05  2.4879497e+02  4.9404674e-03  4.8956355e-03  4.9404768e-03
 5.3003613e-02  8.1945284e-05  6.6655422e-05  2.4879418e+02  4.9125848e-03  4.9520275e-03  4.9125631e-03
 5.4288385e-02  9.0416916e-05  5.8967012e-05  1.2555762e+02  1.6836060e-02  1.6544407e-02  1.6834715e-02
 5.4288481e-02  8.6083925e-05  5.4326930e-05  1.2554851e+02  1.6644846e-02  1.6926230e-02  1.6646155e-02
 5.8635300e-02  1.2033993e-04  3.7299749e-05  1.7367617e+00  4.0575309e-02  3.9199137e-02  4.0568050e-02
 5.8635534e-02  1.1887794e-04  3.6442307e-05  1.7363359e+00  3.9647676e-02  4.1036077e-02  3.9654849e-02
 5.6231997e-02  3.4886427e-05  2.5762606e-05  2.0986559e+01  3.0017681e-02  2.9251958e-02  3.0013577e-02
 5.6232200e-02  2.8775843e-05  1.9597300e-05  2.0982266e+01  2.9505400e-02  3.0268803e-02  2.9509446e-02
 5.6231997e-02  3.4881986e-05  2.4978022e-05  2.0986560e+01  3.0017577e-02  2.9251960e-02  3.0013682e-02
 5.6232200e-02  3.2531303e-05  2.3948875e-05  2.0982264e+01  2.9505503e-02  3.0268801e-02  2.9509342e-02
 5.8635300e-02  1.1888361e-04  3.6674720e-05  1.7367617e+00  4.0575494e-02  3.9199135e-02  4.0567864e-02
 5.8635533e-02  1.1766862e-04  3.4755705e-05  1.7363361e+00  3.9647493e-02  4.1036079e-02  3.9655033e-02
 5.4288385e-02  8.8738560e-05  5.6832373e-05  1.2555762e+02  1.6836013e-02  1.6544409e-02  1.6834763e-02
 5.4288481e-02  8.9126301e-05  5.7991384e-05  1.2554851e+02  1.6644893e-02  1.6926228e-02  1.6646108e-02
 5.3003600e-02  8.2799876e-05  6.7489356e-05  2.4879497e+02  4.9404537e-03  4.8956365e-03  4.9404907e-03
 5.3003613e-02  8.3715890e-05  6.8829493e-05  2.4879417e+02  4.9125988e-03  4.9520267e-03  4.9125498e-03
 5.3003600e-02  8.1384996e-05  6.5567478e-05  2.4879498e+02  4.9413853e-03  4.9395316e-03  4.8956576e-03
 5.3003613e-02  8.4141677e-05  6.9204172e-05  2.4879419e+02  4.9116748e-03  4.9134917e-03  4.9520058e-03
 5.3153798e-02  3.6291603e-05  3.4410551e-05  2.3838306e+02  1.9607941e-02  5.3197338e-08  4.0545316e-08
 5.3153804e-02  3.7304934e-05  3.5138932e-05  2.3838259e+02  1.9608622e-02  3.5706730e-08  2.5463458e-08
 5.4155662e-02  9.8962282e-05  6.1415914e-05  1.3856984e+02  3.9187063e-02  4.1544130e-03  4.1627668e-03
 5.4162221e-02  1.0700241e-04  6.8589207e-05  1.3791240e+02  3.9599750e-02  4.2230398e-03  4.2270202e-03
 5.5868665e-02  5.2902556e-05  2.4171119e-05  3.0188056e+01  5.7015252e-02  1.3471846e-02  1.3487662e-02
 5.5886325e-02  6.0398251e-05  3.1185508e-05  2.9664392e+01  5.8191213e-02  1.3524198e-02  1.3524530e-02
 5.7300518e-02  7.8233890e-05  3.7592372e-05  7.0065970e+00  1.1430304e-02  4.7002547e-02  4.7001826e-02
 5.7332745e-02  7.7102910e-05  4.0539635e-05  6.7759354e+00  1.0873580e-02  4.8294857e-02  4.8288563e-02
 5.8102637e-02  5.1244124e-05  2.3933770e-05  3.0349980e+00  6.9307235e-02  2.3304590e-02  2.3321884e-02
 5.8133666e-02  5.7747685e-05  2.8822776e-05  2.9380216e+00  7.1444920e-02  2.3185959e-02  2.3179387e-02
 5.5221213e-02  4.0360636e-05  2.4667237e-05  5.6374926e+01  3.6873433e-03  3.3661906e-02  3.3663410e-02
 5.5239553e-02  4.9625925e-05  3.2457635e-05  5.5417306e+01  3.5543043e-03  3.4411949e-02  3.4412059e-02
 5.3728404e-02  3.9407101e-05  2.9274950e-05  1.8334312e+02  1.4340556e-15  1.7933034e-02  1.7933067e-02
 5.3735163e-02  4.2159208e-05  3.1920651e-05  1.8262459e+02  2.3188235e-16  1.8222861e-02  1.8222856e-02
 5.4288385e-02  8.5960904e-05  5.3632934e-05  1.2555766e+02  1.6837725e-02  1.6832976e-02  1.6544459e-02
 5.4288480e-02  8.9434824e-05  5.7778262e-05  1.2554859e+02  1.6643199e-02  1.6647841e-02  1.6926189e-02
 5.8635300e-02  1.1791235e-04  3.5053317e-05  1.7367622e+00  4.0580310e-02  4.0562875e-02  3.9199251e-02
 5.8635532e-02  1.1720835e-04  3.3855346e-05  1.7363389e+00  3.9642720e-02  3.9659903e-02  4.1036008e-02
 5.4155663e-02  1.0440604e-04  6.5716415e-05  1.3856980e+02  3.9187053e-02  4.1627623e-03  4.1544052e-03
 5.4162220e-02  1.0139212e-04  6.2437519e-05  1.3791249e+02  3.9599770e-02  4.2270017e-03  4.2230402e-03
 5.4860326e-02  2.2812774e-05  1.5151453e-05  7.8263974e+01  6.6044929e-02  5.6531986e-07  5.3216971e-07
 5.4860385e-02  2.3606927e-05  1.5863652e-05  7.8259900e+01  6.6047800e-02  4.7645719e-07  4.4587719e-07
 5.6288252e-02  3.4776048e-05  2.0575462e-05  1.9826339e+01  8.8886005e-02  3.0439904e-03  3.0528916e-03
 5.6305627e-02  3.8448186e-05  2.5600339e-05  1.9480597e+01  8.9696600e-02  3.2403633e-03  3.2438357e-03
 5.8973584e-02  1.9114538e-05  1.2870795e-05  1.2176721e+00  2.2708268e-03  6.1807062e-02  6.1803699e-02
 5.9046284e-02  4.9005516e-05  3.1738017e-05  1.1281603e+00  2.1244480e-03  6.3882293e-02  6.3877659e-02
 5.9159528e-02  1.4085744e-04  4.3510399e-05  1.0016314e+00  1.3620414e-01  2.0291016e-03  2.0220276e-03
 5.9189480e-02  1.3288349e-04  4.1442308e-05  9.7060311e-01  1.3726535e-01  2.3228484e-03  2.3209590e-03
 5.8284180e-02  2.1636341e-05  1.5122660e-05  2.5096112e+00  1.0396048e-01  9.6808840e-03  9.6943287e-03
 5.8325606e-02  2.4922453e-05  1.7371865e-05  2.4030221e+00  1.0581013e-01  9.9892785e-03  9.9915476e-03
 5.6839692e-02  2.7663107e-05  1.4233162e-05  1.1285961e+01  3.0837254e-15  4.9884348e-02  4.9884444e-02
 5.6883694e-02  2.6772697e-05  1.4410781e-05  1.0785746e+01  8.2536449e-15  5.1308782e-02  5.1308770e-02
 5.8284183e-02  2.2908371e-05  1.6103892e-05  2.5096043e+00  1.0396044e-01  9.6943039e-03  9.6809021e-03
 5.8325605e-02  2.2728446e-05  1.5055074e-05  2.4030245e+00  1.0581022e-01  9.9915425e-03  9.9892751e-03
 5.5221212e-02  3.9499525e-05  2.3821235e-05  5.6374952e+01  3.6873559e-03  3.3663329e-02  3.3661971e-02
 5.5239553e-02  4.9505427e-05  3.0773346e-05  5.5417333e+01  3.5542926e-03  3.4412076e-02  3.4411932e-02
 5.8102638e-02  5.2087127e-05  2.4070185e-05  3.0349934e+00  6.9307195e-02  2.3321815e-02  2.3304660e-02
 5.8133664e-02  5.4980906e-05  2.5449962e-05  2.9380260e+00  7.1444983e-02  2.3179409e-02  2.3185921e-02
 5.6231997e-02  2.9862947e-05  2.0340590e-05  2.0986568e+01  3.0020490e-02  3.0010625e-02  2.9252055e-02
 5.6232199e-02  3.4216852e-05  2.3895485e-05  2.0982295e+01  2.9502614e-02  2.9512309e-02  3.0268738e-02
 5.6231997e-02  3.2566134e-05  2.3497609e-05  2.0986568e+01  3.0020742e-02  3.0010372e-02  2.9252055e-02
 5.6232199e-02  2.9813188e-05  1.9698402e-05  2.0982295e+01  2.9502365e-02  2.9512559e-02  3.0268737e-02
 5.5868666e-02  5.7335637e-05  2.6708942e-05  3.0188036e+01  5.7015223e-02  1.3487641e-02  1.3471857e-02
 5.5886323e-02  5.6375695e-05  2.7139843e-05  2.9664431e+01  5.8191256e-02  1.3524506e-02  1.3524194e-02
 5.7300517e-02  7.9777356e-05  3.7770098e-05  7.0066028e+00  1.1430323e-02  4.7001724e-02  4.7002625e-02
 5.7332743e-02  6.6258273e-05  3.0693712e-05  6.7759451e+00  1.0873547e-02  4.8288579e-02  4.8294844e-02
 5.6288253e-02  4.1115372e-05  2.5035355e-05  1.9826312e+01  8.8885969e-02  3.0528896e-03  3.0439818e-03
 5.6305626e-02  3.2944376e-05  2.0699837e-05  1.9480619e+01  8.9696653e-02  3.2438177e-03  3.2403673e-03
 5.8973583e-02  2.0400598e-05  1.3110116e-05  1.2176724e+00  2.2708334e-03  6.1803604e-02  6.1807149e-02
 5.9046283e-02  3.9591417e-05  2.5224919e-05  1.1281617e+00  2.1244261e-03  6.3877649e-02  6.3882299e-02
 5.9159526e-02  1.4557815e-04  4.9091584e-05  1.0016338e+00  1.3620417e-01  2.0220273e-03  2.0291069e-03
 5.9189481e-02  1.3236901e-04  3.9845908e-05  9.7060266e-01  1.3726526e-01  2.3209568e-03  2.3228536e-03
 5.7437770e-02  6.2000458e-05  2.8336824e-05  6.0750242e+00  1.1730992e-01  2.0635727e-06  1.9972406e-06
 5.7437917e-02  6.1751747e-05  2.7769819e-05  6.0740944e+00  1.1731288e-01  1.8982224e-06  1.8343591e-06
 5.7437770e-02  6.4165483e-05  3.0041963e-05  6.0750251e+00  1.1730992e-01  2.0589693e-06  2.0018783e-06
 5.7437918e-02  5.9688092e-05  2.6228214e-05  6.0740931e+00  1.1731287e-01  1.8938094e-06  1.8387954e-06
 5.9159526e-02  1.3918809e-04  4.2533874e-05  1.0016340e+00  1.3620418e-01  2.0220300e-03  2.0291046e-03
 5.9189481e-02  1.3700049e-04  4.3688504e-05  9.7060257e-01  1.3726525e-01  2.3209540e-03  2.3228558e-03
 5.8973583e-02  1.8694532e-05  1.2372505e-05  1.2176722e+00  2.2708337e-03  6.1803602e-02  6.1807146e-02
 5.9046283e-02  4.8479411e-05  2.9938545e-05  1.1281618e+00  2.1244259e-03  6.3877651e-02  6.3882303e-02
 5.6288253e-02  3.6914713e-05  2.2129711e-05  1.9826312e+01  8.8885973e-02  3.0528912e-03  3.0439792e-03
 5.6305626e-02  3.5636043e-05  2.3019943e-05  1.9480618e+01  8.9696648e-02  3.2438158e-03  3.2403696e-03
 5.7300517e-02  7.5209922e-05  3.4588597e-05  7.0066022e+00  1.1430324e-02  4.7001724e-02  4.7002621e-02
 5.7332743e-02  7.4745499e-05  3.4669774e-05  6.7759456e+00  1.0873546e-02  4.8288579e-02  4.8294849e-02
 5.5868666e-02  5.3919840e-05  2.4595408e-05  3.0188035e+01  5.7015225e-02  1.3487642e-02  1.3471854e-02
 5.5886323e-02  5.8213544e-05  2.8393823e-05  2.9664431e+01  5.8191253e-02  1.3524504e-02  1.3524197e-02
 5.8635300e-02  1.1733797e-04  3.3939261e-05  1.7367621e+00  4.0579944e-02  4.0563242e-02  3.9199249e-02
 5.8635532e-02  1.1951958e-04  3.6127217e-05  1.7363389e+00  3.9643081e-02  3.9659540e-02  4.1036010e-02
 5.4288385e-02  8.9198555e-05  5.7872933e-05  1.2555766e+02  1.6837863e-02  1.6832837e-02  1.6544459e-02
 5.4288480e-02  8.5738077e-05  5.3304571e-05  1.2554859e+02  1.6643063e-02  1.6647978e-02  1.6926187e-02
 5.8102638e-02  5.5294960e-05  2.5246540e-05  3.0349934e+00  6.9307193e-02  2.3321814e-02  2.3304664e-02
 5.8133664e-02  5.4311832e-05  2.5279293e-05  2.9380259e+00  7.1444986e-02  2.3179410e-02  2.3185918e-02
 5.5221212e-02  4.3340155e-05  2.7131654e-05  5.6374956e+01  3.6873556e-03  3.3663328e-02  3.3661973e-02
 5.5239553e-02  4.3151884e-05  2.6370740e-05  5.5417331e+01  3.5542930e-03  3.4412076e-02  3.4411928e-02
 5.8284183e-02  2.5834843e-05  1.7655305e-05  2.5096043e+00  1.0396044e-01  9.6943019e-03  9.6809056e-03
 5.8325605e-02  2.2081773e-05  1.4534806e-05  2.4030245e+00  1.0581022e-01  9.9915447e-03  9.9892721e-03
 5.6839692e-02  2.8575762e-05  1.4896057e-05  1.1285963e+01  2.8589770e-15  4.9884348e-02  4.9884447e-02
 5.6883694e-02  2.4480604e-05  1.2782381e-05  1.0785746e+01  7.8280652e-15  5.1308781e-02  5.1308767e-02
 5.8284180e-02  2.5764249e-05  1.9864587e-05  2.5096108e+00  1.0396047e-01  9.6808797e-03  9.6943317e-03
 5.8325606e-02  2.3120705e-05  1.5222514e-05  2.4030223e+00  1.0581014e-01  9.9892828e-03  9.9915450e-03
 5.9159529e-02  1.4695735e-04  4.6581418e-05  1.0016314e+00  1.3620413e-01  2.0290998e-03  2.0220300e-03
 5.9189480e-02  1.3047071e-04  3.9115965e-05  9.7060316e-01  1.3726536e-01  2.3228504e-03  2.3209567e-03
 5.8973583e-02  2.1274398e-05  1.3815309e-05  1.2176723e+00  2.2708271e-03  6.1807064e-02  6.1803702e-02
 5.9046284e-02  3.9496153e-05  2.4882073e-05  1.1281602e+00  2.1244478e-03  6.3882291e-02  6.3877656e-02
 5.6288252e-02  3.9990043e-05  2.5946658e-05  1.9826336e+01  8.8885999e-02  3.0439877e-03  3.0528937e-03
 5.6305627e-02  3.3900218e-05  2.1166090e-05  1.9480598e+01  8.9696606e-02  3.2403661e-03  3.2438338e-03
 5.4860326e-02  2.4197023e-05  1.6462908e-05  7.8263979e+01  6.6044929e-02  5.6340273e-07  5.3410027e-07
 5.4860385e-02  2.2204600e-05  1.4522991e-05  7.8259890e+01  6.6047800e-02  4.7469861e-07  4.4763946e-07
 5.4155663e-02  1.0057835e-04  6.2515304e-05  1.3856980e+02  3.9187055e-02  4.1627630e-03  4.1544032e-03
 5.4162220e-02  1.0418875e-04  6.4884682e-05  1.3791249e+02  3.9599768e-02  4.2270008e-03  4.2230417e-03
 5.3003600e-02  8.4017557e-05  6.9206876e-05  2.4879498e+02  4.9414323e-03  4.9394836e-03  4.8956583e-03
 5.3003613e-02  8.1250930e-05  6.5387925e-05  2.4879419e+02  4.9116282e-03  4.9135393e-03  4.9520045e-03
 5.3728404e-02  4.1896201e-05  3.1894677e-05  1.8334313e+02  1.4279777e-15  1.7933033e-02  1.7933067e-02
 5.3735163e-02  3.9338718e-05  2.9364086e-05  1.8262459e+02  1.7906748e-16  1.8222861e-02  1.8222854e-02
 5.5221213e-02  4.4801773e-05  2.8501196e-05  5.6374930e+01  3.6873433e-03  3.3661906e-02  3.3663410e-02
 5.5239553e-02  4.2789203e-05  2.5912854e-05  5.5417305e+01  3.5543042e-03  3.4411948e-02  3.4412057e-02
 5.8102637e-02  5.6534659e-05  2.9632539e-05  3.0349976e+00  6.9307231e-02  2.3304583e-02  2.3321889e-02
 5.8133665e-02  5.5475330e-05  2.6413780e-05  2.9380217e+00  7.1444924e-02  2.3185966e-02  2.3179383e-02
 5.7300517e-02  8.4102911e-05  4.1403951e-05  7.0065977e+00  1.1430304e-02  4.7002548e-02  4.7001826e-02
 5.7332745e-02  6.4424037e-05  2.8600769e-05  6.7759352e+00  1.0873580e-02  4.8294856e-02  4.8288562e-02
 5.5868666e-02  5.8055576e-05  2.9828838e-05  3.0188053e+01  5.7015249e-02  1.3471842e-02  1.3487666e-02
 5.5886325e-02  5.7650002e-05  2.8066170e-05  2.9664393e+01  5.8191216e-02  1.3524202e-02  1.3524527e-02
 5.4155663e-02  1.0431165e-04  6.7750715e-05  1.3856983e+02  3.9187061e-02  4.1544111e-03  4.1627682e-03
 5.4162221e-02  1.0249610e-04  6.3304816e-05  1.3791240e+02  3.9599752e-02  4.2230418e-03  4.2270192e-03
 5.3153798e-02  3.7637720e-05  3.5533868e-05  2.3838306e+02  1.9607940e-02  5.2684114e-08  4.1059829e-08
 5.3153804e-02  3.5897146e-05  3.3941169e-05  2.3838259e+02  1.9608622e-02  3.5286932e-08  2.5870162e-08
 5.3004005e-02  8.3063327e-05  6.7985909e-05  2.4877016e+02  4.9566939e-03  4.9181693e-03  4.9152347e-03
 5.3004006e-02  8.2058437e-05  6.6504498e-05  2.4877013e+02  4.9034536e-03  4.9418461e-03  4.9448209e-03
 5.3153797e-02  3.7450457e-05  3.5489711e-05  2.3838312e+02  4.7162603e-08  1.9607930e-02  4.6854217e-08
 5.3153803e-02  3.5205985e-05  3.3075719e-05  2.3838272e+02  3.0673725e-08  1.9608561e-02  3.0480768e-08
 5.4155173e-02  1.0440819e-04  6.6600013e-05  1.3861900e+02  4.1568604e-03  3.9182756e-02  4.1568352e-03
 5.4161779e-02  9.9393852e-05  6.0670524e-05  1.3795661e+02  4.2242007e-03  3.9593279e-02  4.2242278e-03
 5.5867577e-02  5.6475766e-05  2.6990561e-05  3.0220617e+01  1.3476923e-02  5.7013095e-02  1.3476842e-02
 5.5885402e-02  5.4602067e-05  2.5756616e-05  2.9691536e+01  1.3522895e-02  5.8183156e-02  1.3522960e-02
 5.7302610e-02  7.9215322e-05  4.1223048e-05  6.9913859e+00  4.7013831e-02  1.1428055e-02  4.7013777e-02
 5.7334343e-02  7.5478072e-05  3.9848778e-05  6.7646901e+00  4.8303242e-02  1.0869239e-02  4.8303193e-02
 5.8100975e-02  5.4244562e-05  2.6371754e-05  3.0402805e+00  2.3307876e-02  6.9309553e-02  2.3307754e-02
 5.8132261e-02  5.2087011e-05  2.3435028e-05  2.9423453e+00  2.3177336e-02  7.1438486e-02  2.3177430e-02
 5.5222701e-02  4.3583681e-05  2.8858213e-05  5.6296667e+01  3.3676934e-02  3.6841786e-03  3.3676878e-02
 5.5240711e-02  4.6820739e-05  3.1012114e-05  5.5357362e+01  3.4423107e-02  3.5490219e-03  3.4423046e-02
 5.3729286e-02  4.1705351e-05  3.2049924e-05  1.8324937e+02  1.7945207e-02  9.8098400e-10  1.7945154e-02
 5.3735928e-02  4.0151462e-05  3.0702044e-05  1.8254326e+02  1.8232223e-02  2.5126615e-09  1.8232180e-02
 5.3153798e-02  3.5166708e-05  3.3112420e-05  2.3838308e+02  4.0918741e-08  5.2848859e-08  1.9607948e-02
 5.3153803e-02  3.7579386e-05  3.5576764e-05  2.3838271e+02  2.5694356e-08  3.5387413e-08  1.9608588e-02
 5.3003600e-02  8.1333134e-05  6.5341101e-05  2.4879499e+02  4.8956436e-03  4.9396424e-03  4.9412837e-03
 5.3003612e-02  8.3087094e-05  6.8036522e-05  2.4879420e+02  4.9520047e-03  4.9133929e-03  4.9117691e-03
 5.3728405e-02  4.0265564e-05  3.0256017e-05  1.8334302e+02  1.7933082e-02  1.7933076e-02  1.1301496e-16
 5.3735163e-02  4.0416764e-05  3.0749572e-05  1.8262454e+02  1.8222836e-02  1.8222836e-02  1.4799343e-15
 5.5221215e-02  4.2287147e-05  2.7212938e-05  5.6374806e+01  3.3663465e-02  3.3661966e-02  3.6873521e-03
 5.5239554e-02  4.4862364e-05  2.8823279e-05  5.5417257e+01  3.4412009e-02  3.4411908e-02  3.5542937e-03
 5.8102633e-02  5.0947157e-05  2.3368877e-05  3.0350099e+00  2.3321860e-02  2.3304585e-02  6.9307196e-02
 5.8133663e-02  6.0048567e-05  3.1246656e-05  2.9380298e+00  2.3179446e-02  2.3185942e-02  7.1444982e-02
 5.7300521e-02  8.1524741e-05  4.2243378e-05  7.0065726e+00  4.7001909e-02  4.7002592e-02  1.1430325e-02
 5.7332746e-02  6.7693155e-05  3.1656100e-05  6.7759239e+00  4.8288480e-02  4.8294835e-02  1.0873563e-02
 5.5868663e-02  5.3188228e-05  2.4205152e-05  3.0188139e+01  1.3487663e-02  1.3471837e-02  5.7015214e-02
 5.5886322e-02  6.0763229e-05  3.1918842e-05  2.9664456e+01  1.3524573e-02  1.3524190e-02  5.8191245e-02
 5.4155661e-02  1.0051528e-04  6.2837609e-05  1.3857001e+02  4.1627708e-03  4.1544158e-03  3.9187032e-02
 5.4162219e-02  1.0503499e-04  6.7023566e-05  1.3791257e+02  4.2270467e-03  4.2230262e-03  3.9599751e-02
 5.4155173e-02  9.6868505e-05  5.9166412e-05  1.3861893e+02  4.1568679e-03  4.1568140e-03  3.9182797e-02
 5.4161779e-02  1.0684354e-04  6.7078240e-05  1.3795661e+02  4.2241978e-03  4.2242402e-03  3.9593276e-02
 5.3728405e-02  3.8725901e-05  2.8222687e-05  1.8334296e+02  1.7933057e-02  6.9205807e-17  1.7933088e-02
 5.3735163e-02  4.1547446e-05  3.1597228e-05  1.8262460e+02  1.8222866e-02  1.6287464e-15  1.8222846e-02
 5.4155173e-02  9.9728283e-05  6.1055602e-05  1.3861892e+02  3.9182731e-02  4.1568326e-03  4.1568454e-03
 5.4161782e-02  1.0462544e-04  6.5936451e-05  1.3795632e+02  3.9593310e-02  4.2242329e-03  4.2242229e-03
 5.5367143e-02  1.4295671e-04  6.8666315e-05  4.9139173e+01  6.1172938e-02  1.4150144e-02  2.1041823e-10
 5.5386387e-02  1.6238334e-04  7.8826543e-05  4.8248815e+01  6.2004881e-02  1.4735678e-02  1.2339501e-10
 5.7213352e-02  1.1873236e-04  5.7149922e-05  7.6699767e+00  7.8167091e-02  2.5600767e-02  2.8207417e-03
 5.7253590e-02  1.0135601e-04  5.0922033e-05  7.3563853e+00  7.9751182e-02  2.6650326e-02  2.7311181e-03
 5.7213348e-02  1.1393079e-04  5.1332526e-05  7.6700104e+00  2.8207158e-03  2.5600747e-02  7.8167093e-02
 5.7253585e-02  1.0831435e-04  5.5485452e-05  7.3564218e+00  2.7311355e-03  2.6650321e-02  7.9751303e-02
 5.5367141e-02  1.3978563e-04  6.6164663e-05  4.9139286e+01  2.0330798e-10  1.4150105e-02  6.1172968e-02
 5.5386383e-02  1.6482659e-04  8.0065984e-05  4.8248984e+01  1.2854607e-10  1.4735700e-02  6.2004927e-02
 5.5867577e-02  5.1516025e-05  2.2171928e-05  3.0220614e+01  1.3476921e-02  1.3476765e-02  5.7013166e-02
 5.5885402e-02  6.0560675e-05  2.9961666e-05  2.9691539e+01  1.3522890e-02  1.3522986e-02  5.8183114e-02
 5.7302608e-02  7.4791845e-05  3.3288249e-05  6.9914014e+00  4.7013929e-02  4.7013768e-02  1.1428011e-02
 5.7334346e-02  7.0528587e-05  3.6131391e-05  6.7646738e+00  4.8303177e-02  4.8303123e-02  1.0869266e-02
 5.5221216e-02  4.0623052e-05  2.3972582e-05  5.6374765e+01  3.3663405e-02  3.6873453e-03  3.3661988e-02
 5.5239553e-02  4.7339123e-05  2.9887811e-05  5.5417324e+01  3.4412067e-02  3.5542850e-03  3.4411924e-02
 5.8102632e-02  5.0054486e-05  2.1591629e-05  3.0350133e+00  2.3321862e-02  6.9307201e-02  2.3304648e-02
 5.8133661e-02  5.5018611e-05  2.6857004e-05  2.9380342e+00  2.3179455e-02  7.1444958e-02  2.3185910e-02
 5.5367144e-02  1.4299950e-04  6.7742019e-05  4.9139135e+01  6.1172876e-02  2.1201439e-10  1.4150148e-02
 5.5386385e-02  1.6176934e-04  7.7906128e-05  4.8248869e+01  6.2004943e-02  1.2110200e-10  1.4735699e-02
 5.6287297e-02  3.6638469e-05  2.1755847e-05  1.9845514e+01  8.8880049e-02  3.0456294e-03  3.0456483e-03
 5.6304815e-02  3.6104195e-05  2.3474784e-05  1.9496614e+01  8.9687065e-02  3.2406200e-03  3.2406077e-03
 5.9160514e-02  1.3494523e-04  3.9078000e-05  1.0005954e+00  1.3622881e-01  2.0273476e-03  2.0273751e-03
 5.9190396e-02  1.3802386e-04  4.6600773e-05  9.6966976e-01  1.3728261e-01  2.3268836e-03  2.3268900e-03
 5.8977647e-02  1.9039203e-05  1.2690909e-05  1.2124876e+00  2.2694383e-03  6.1831098e-02  6.1831230e-02
 5.9049772e-02  4.8031298e-05  3.0388165e-05  1.1240349e+00  2.1206210e-03  6.3910476e-02  6.3910528e-02
 5.7858653e-02  6.6167963e-05  2.2286325e-05  3.9170217e+00  1.1017882e-01  9.9874658e-03  6.4526084e-10
 5.7894214e-02  7.0841436e-05  2.4782745e-05  3.7741514e+00  1.1146462e-01  1.0838851e-02  1.3663826e-10
 5.9115685e-02  9.2222657e-05  3.8031457e-05  1.0488449e+00  1.0798197e-10  3.6796854e-02  9.3024017e-02
 5.9189729e-02  1.0034688e-04  4.3415643e-05  9.7035003e-01  1.1878690e-10  3.8608928e-02  9.5245046e-02
 5.7860850e-02  6.4599589e-05  2.1153134e-05  3.9080413e+00  1.1020637e-01  1.0001047e-02  6.9997696e-10
 5.7896077e-02  7.1715224e-05  2.5748045e-05  3.7668075e+00  1.1149293e-01  1.0849962e-02  2.9455334e-09
 5.9119733e-02  9.2205281e-05  3.7592575e-05  1.0443934e+00  5.1189566e-10  3.6823174e-02  9.3063019e-02
 5.9193279e-02  9.5643290e-05  4.0516166e-05  9.6673752e-01  3.6762394e-09  3.8635224e-02  9.5291990e-02
 5.7212801e-02  1.1192904e-04  4.9841877e-05  7.6743633e+00  2.8180562e-03  2.5601041e-02  7.8167836e-02
 5.7253053e-02  1.0831653e-04  5.2630603e-05  7.3604839e+00  2.7292848e-03  2.6647056e-02  7.9750713e-02
 5.7215547e-02  1.1388145e-04  5.2623765e-05  7.6525377e+00  7.8184648e-02  2.5620225e-02  2.8166251e-03
 5.7255354e-02  9.9919792e-05  5.0762217e-05  7.3429286e+00  7.9774126e-02  2.6660756e-02  2.7261307e-03
 5.8100974e-02  4.9816928e-05  2.1809834e-05  3.0402840e+00  2.3307859e-02  2.3307622e-02  6.9309625e-02
 5.8132261e-02  5.8244803e-05  2.7346602e-05  2.9423443e+00  2.3177314e-02  2.3177467e-02  7.1438425e-02
 5.5222700e-02  3.9083931e-05  2.2633226e-05  5.6296734e+01  3.3677002e-02  3.3676839e-02  3.6841547e-03
 5.5240711e-02  4.8365045e-05  3.2810943e-05  5.5357332e+01  3.4423061e-02  3.4422987e-02  3.5490258e-03
 5.7300522e-02  7.9829628e-05  3.6433399e-05  7.0065621e+00  4.7001834e-02  1.1430308e-02  4.7002612e-02
 5.7332744e-02  7.1618809e-05  3.3698460e-05  6.7759405e+00  4.8288532e-02  1.0873539e-02  4.8294875e-02
 5.5868661e-02  5.1922117e-05  2.2475745e-05  3.0188181e+01  1.3487689e-02  5.7015186e-02  1.3471844e-02
 5.5886322e-02  5.8675360e-05  2.9666918e-05  2.9664484e+01  1.3524559e-02  5.8191214e-02  1.3524192e-02
 5.7213354e-02  1.2060739e-04  5.4727717e-05  7.6699590e+00  7.8167003e-02  2.8207463e-03  2.5600791e-02
 5.7253587e-02  1.0036263e-04  4.8895136e-05  7.3564058e+00  7.9751269e-02  2.7311039e-03  2.6650369e-02
 5.7213347e-02  1.1728096e-04  5.2757414e-05  7.6700159e+00  2.8207332e-03  7.8167061e-02  2.5600808e-02
 5.7253583e-02  9.4604863e-05  4.5468438e-05  7.3564398e+00  2.7311164e-03  7.9751333e-02  2.6650338e-02
 5.7858655e-02  6.6964220e-05  2.2485028e-05  3.9170144e+00  1.1017877e-01  6.5315071e-10  9.9874797e-03
 5.7894212e-02  7.0102274e-05  2.4077044e-05  3.7741582e+00  1.1146468e-01  1.3367226e-10  1.0838881e-02
 5.9115684e-02  9.5395859e-05  3.9871944e-05  1.0488454e+00  1.0994444e-10  9.3024023e-02  3.6796974e-02
 5.9189726e-02  8.8212552e-05  3.5693888e-05  9.7035221e-01  1.1381737e-10  9.5245094e-02  3.8608967e-02
 5.7860849e-02  6.5510575e-05  2.1894069e-05  3.9080437e+00  1.1020634e-01  6.8708816e-10  1.0001081e-02
 5.7896075e-02  7.1770132e-05  2.6177447e-05  3.7668162e+00  1.1149292e-01  2.9365362e-09  1.0850008e-02
 5.9119732e-02  9.4927768e-05  4.0135967e-05  1.0443948e+00  5.1008441e-10  9.3062900e-02  3.6823309e-02
 5.9193278e-02  9.5689726e-05  4.0372740e-05  9.6673808e-01  3.6773800e-09  9.5291916e-02  3.8635285e-02
 5.9158237e-02  1.4071453e-04  4.2889519e-05  1.0029913e+00  1.3619186e-01  2.0229803e-03  2.0230074e-03
 5.9188470e-02  1.3509313e-04  4.2166459e-05  9.7163444e-01  1.3724905e-01  2.3203141e-03  2.3203027e-03
 5.6289155e-02  3.3846300e-05  2.0223434e-05  1.9808215e+01  8.8908234e-02  3.0523369e-03  3.0523658e-03
 5.6306458e-02  3.8045163e-05  2.5867135e-05  1.9464206e+01  8.9707131e-02  3.2494174e-03  3.2494326e-03
 5.8977726e-02  1.9187221e-05  1.2852765e-05  1.2123867e+00  2.2739942e-03  6.1845463e-02  6.1845645e-02
 5.9049957e-02  4.8123554e-05  3.1518940e-05  1.1238163e+00  2.1319746e-03  6.3922235e-02  6.3922306e-02
 5.5368806e-02  1.4102535e-04  6.7124113e-05  4.9061686e+01  6.1193099e-02  1.4166892e-02  1.1563316e-09
 5.5387795e-02  1.6500223e-04  8.0929017e-05  4.8184225e+01  6.2022436e-02  1.4747925e-02  3.8371826e-09
 5.3729285e-02  3.8208984e-05  2.7910727e-05  1.8324943e+02  1.7945233e-02  1.7945112e-02  9.8978591e-10
 5.3735928e-02  4.2579628e-05  3.3410447e-05  1.8254327e+02  1.8232209e-02  1.8232145e-02  2.5220314e-09
 5.4155660e-02  9.7157484e-05  5.9699219e-05  1.3857011e+02  4.1627853e-03  3.9186995e-02  4.1544050e-03
 5.4162218e-02  1.0541533e-04  6.6749483e-05  1.3791264e+02  4.2270401e-03  3.9599720e-02  4.2230306e-03
 5.5367140e-02  1.4467623e-04  7.0221641e-05  4.9139322e+01  2.0715329e-10  6.1172918e-02  1.4150139e-02
 5.5386382e-02  1.5776330e-04  7.4458363e-05  4.8249031e+01  1.2600821e-10  6.2004944e-02  1.4735702e-02
 5.7212801e-02  1.2129466e-04  5.6623629e-05  7.6743650e+00  2.8180499e-03  7.8167793e-02  2.5601141e-02
 5.7253052e-02  9.2027840e-05  4.2875096e-05  7.3604910e+00  2.7292993e-03  7.9750762e-02  2.6647060e-02
 5.7215547e-02  1.1813066e-04  5.8516403e-05  7.6525359e+00  7.8184564e-02  2.8166436e-03  2.5620275e-02
 5.7255352e-02  1.0527612e-04  5.4163094e-05  7.3429499e+00  7.9774165e-02  2.7261360e-03  2.6660808e-02
 5.5368806e-02  1.4465153e-04  7.1109368e-05  4.9061677e+01  6.1193044e-02  1.1417832e-09  1.4166933e-02
 5.5387794e-02  1.6426872e-04  8.0245386e-05  4.8184260e+01  6.2022473e-02  3.8245426e-09  1.4747975e-02
 5.4156364e-02  9.9135523e-05  6.2381160e-05  1.3849946e+02  3.9201941e-02  4.1639688e-03  4.1639949e-03
 5.4162892e-02  1.0640142e-04  6.7555833e-05  1.3784516e+02  3.9606465e-02  4.2328190e-03  4.2328380e-03
 5.4289717e-02  8.6890150e-05  5.5186917e-05  1.2543041e+02  1.6911493e-02  1.6592088e-02  1.6761327e-02
 5.4289720e-02  8.7639024e-05  5.5732490e-05  1.2543016e+02  1.6598863e-02  1.6918037e-02  1.6748129e-02
 5.8637446e-02  1.1771348e-04  3.4651993e-05  1.7328548e+00  4.0814890e-02  3.9284606e-02  4.0342433e-02
 5.8637454e-02  1.1775685e-04  3.5303807e-05  1.7328415e+00  3.9480551e-02  4.1013944e-02  3.9947555e-02
 5.4156360e-02  9.7157553e-05  5.9304508e-05  1.3849984e+02  4.1640369e-03  3.9201717e-02  4.1639814e-03
 5.4162892e-02  1.0558328e-04  6.6073129e-05  1.3784513e+02  4.2328722e-03  3.9606429e-02  4.2328638e-03
 5.4860325e-02  2.3459366e-05  1.5782055e-05  7.8264077e+01  5.4435797e-07  6.6045034e-02  5.5368673e-07
 5.4860379e-02  2.2056393e-05  1.4271753e-05  7.8260351e+01  4.5660319e-07  6.6047667e-02  4.6544192e-07
 5.6287295e-02  3.8939415e-05  2.3823006e-05  1.9845543e+01  3.0456818e-03  8.8880293e-02  3.0456384e-03
 5.6304806e-02  3.0841540e-05  1.8473387e-05  1.9496793e+01  3.2405866e-03  8.9687092e-02  3.2406229e-03
 5.8977645e-02  2.0528654e-05  1.4576833e-05  1.2124895e+00  6.1831273e-02  2.2695030e-03  6.1831134e-02
 5.9049759e-02  5.0459241e-05  3.5148662e-05  1.1240505e+00  6.3910537e-02  2.1206478e-03  6.3910418e-02
 5.9160505e-02  1.4280665e-04  4.4481320e-05  1.0006045e+00  2.0274150e-03  1.3622874e-01  2.0273628e-03
 5.9190398e-02  1.3055484e-04  3.6909308e-05  9.6966800e-01  2.3268992e-03  1.3728282e-01  2.3269005e-03
 5.8282188e-02  2.4278865e-05  1.7339119e-05  2.5148541e+00  9.6829925e-03  1.0395337e-01  9.6828894e-03
 5.8323863e-02  1.9905453e-05  1.2576459e-05  2.4074164e+00  9.9864215e-03  1.0579452e-01  9.9864697e-03
 5.6842807e-02  2.8115134e-05  1.4941400e-05  1.1249824e+01  4.9913207e-02  1.0450244e-09  4.9913061e-02
 5.6886322e-02  2.6333032e-05  1.4928960e-05  1.0756573e+01  5.1335162e-02  5.2403452e-09  5.1335038e-02
 5.8285635e-02  2.4777554e-05  1.7547925e-05  2.5057876e+00  9.6953502e-03  1.0400619e-01  9.6952042e-03
 5.8327060e-02  2.1838662e-05  1.3764947e-05  2.3993652e+00  1.0005382e-02  1.0584009e-01  1.0005338e-02
 5.5223331e-02  4.2659035e-05  2.7484963e-05  5.6263600e+01  3.3691089e-02  3.6926178e-03  3.3690931e-02
 5.5241421e-02  4.6013297e-05  2.9443446e-05  5.5320586e+01  3.4434240e-02  3.5647909e-03  3.4434147e-02
 5.8104299e-02  5.5186008e-05  2.6604353e-05  3.0297233e+00  2.3331131e-02  6.9361490e-02  2.3330873e-02
 5.8135362e-02  5.4051185e-05  2.5196107e-05  2.9328083e+00  2.3210669e-02  7.1477819e-02  2.3210594e-02
 5.4156361e-02  1.0375810e-04  6.5885429e-05  1.3849972e+02  4.1640427e-03  4.1639609e-03  3.9201814e-02
 5.4162892e-02  9.9403155e-05  6.0242594e-05  1.3784517e+02  4.2328604e-03  4.2328388e-03  3.9606459e-02
 5.3729284e-02  4.1188239e-05  3.0685178e-05  1.8324958e+02  1.0018337e-09  1.7945099e-02  1.7945164e-02
 5.3735928e-02  3.8863638e-05  2.8589266e-05  1.8254329e+02  2.5428462e-09  1.8232182e-02  1.8232194e-02
 5.4155660e-02  1.0319106e-04  6.5606747e-05  1.3857009e+02  4.1544178e-03  3.9187023e-02  4.1627528e-03
 5.4162218e-02  9.9189309e-05  5.9233127e-05  1.3791266e+02  4.2229966e-03  3.9599720e-02  4.2270473e-03
 5.5367142e-02  1.4481068e-04  7.0779813e-05  4.9139232e+01  1.4150190e-02  6.1173028e-02  2.0538162e-10
 5.5386381e-02  1.5902582e-04  7.5046961e-05  4.8249055e+01  1.4735668e-02  6.2004857e-02  1.2589956e-10
 5.7212804e-02  1.2038041e-04  5.8422752e-05  7.6743403e+00  2.5601248e-02  7.8167902e-02  2.8180455e-03
 5.7253052e-02  9.5955108e-05  4.5544812e-05  7.3604909e+00  2.6647027e-02  7.9750677e-02  2.7293014e-03
 5.7215544e-02  1.1448327e-04  5.3203991e-05  7.6525597e+00  2.5620354e-02  2.8166446e-03  7.8184479e-02
 5.7255349e-02  1.0400372e-04  5.5058145e-05  7.3429688e+00  2.6660888e-02  2.7261297e-03  7.9774139e-02
 5.5368803e-02  1.4528126e-04  7.0572684e-05  4.9061798e+01  1.4167018e-02  1.1378979e-09  6.1192938e-02
 5.5387793e-02  1.6124125e-04  7.7925086e-05  4.8184324e+01  1.4748023e-02  3.8407203e-09  6.2022441e-02
 5.4860325e-02  2.1957342e-05  1.4191120e-05  7.8264029e+01  5.2559159e-07  5.7231162e-07  6.6045045e-02
 5.4860380e-02  2.3524607e-05  1.5815618e-05  7.8260261e+01  4.3951107e-07  4.8270690e-07  6.6047715e-02
 5.4155661e-02  9.9843417e-05  6.1018868e-05  1.3856997e+02  4.1544190e-03  4.1627380e-03  3.9187066e-02
 5.4162218e-02  1.0195117e-04  6.2378303e-05  1.3791269e+02  4.2229995e-03  4.2270416e-03  3.9599741e-02
 5.4288384e-02  8.5945056e-05  5.3186803e-05  1.2555773e+02  1.6544424e-02  1.6833757e-02  1.6836974e-02
 5.4288480e-02  8.8532308e-05  5.7005780e-05  1.2554860e+02  1.6926196e-02  1.6647086e-02  1.6643922e-02
 5.8635298e-02  1.1938826e-04  3.6006128e-05  1.7367656e+00  3.9199231e-02  4.0567141e-02  4.0576102e-02
 5.8635532e-02  1.1720708e-04  3.4561192e-05  1.7363379e+00  4.1036049e-02  3.9655660e-02  3.9646832e-02
 5.5221214e-02  4.1517783e-05  2.5839939e-05  5.6374882e+01  3.3661982e-02  3.3663439e-02  3.6873363e-03
 5.5239554e-02  4.5966745e-05  2.8934464e-05  5.5417289e+01  3.4411914e-02  3.4411981e-02  3.5542972e-03
 5.8102636e-02  4.9342744e-05  2.1208944e-05  3.0350023e+00  2.3304691e-02  2.3321732e-02  6.9307286e-02
 5.8133662e-02  5.7072387e-05  2.7069067e-05  2.9380320e+00  2.3185904e-02  2.3179499e-02  7.1444972e-02
 5.6839695e-02  2.8287029e-05  1.5272498e-05  1.1285926e+01  4.9884501e-02  4.9884456e-02  1.7688064e-14
 5.6883697e-02  2.5666324e-05  1.3848736e-05  1.0785718e+01  5.1308726e-02  5.1308685e-02  2.9114422e-15
 5.8284174e-02  2.0484754e-05  1.3777001e-05  2.5096257e+00  9.6943132e-03  9.6809020e-03  1.0396047e-01
 5.8325601e-02  2.5516348e-05  1.7686316e-05  2.4030351e+00  9.9916029e-03  9.9892399e-03  1.0581027e-01
 5.8284179e-02  1.9359581e-05  1.2405411e-05  2.5096133e+00  9.6809793e-03  9.6942234e-03  1.0396064e-01
 5.8325602e-02  2.3374422e-05  1.5361233e-05  2.4030328e+00  9.9892061e-03  9.9916387e-03  1.0581030e-01
 5.8973588e-02  2.1260161e-05  1.6017564e-05  1.2176670e+00  6.1803777e-02  6.1807143e-02  2.2708450e-03
 5.9046289e-02  4.3009437e-05  2.8081062e-05  1.1281547e+00  6.3877605e-02  6.3882238e-02  2.1244479e-03
 5.6288248e-02  3.4668174e-05  1.9879150e-05  1.9826427e+01  3.0528786e-03  3.0440120e-03  8.8886002e-02
 5.6305623e-02  3.6106944e-05  2.3549960e-05  1.9480676e+01  3.2438774e-03  3.2403285e-03  8.9696699e-02
 5.9159525e-02  1.3347681e-04  3.5990523e-05  1.0016349e+00  2.0220960e-03  2.0290393e-03  1.3620442e-01
 5.9189476e-02  1.3130671e-04  3.8884685e-05  9.7060770e-01  2.3208890e-03  2.3229222e-03  1.3726550e-01
 5.6287296e-02  3.2735283e-05  1.8067848e-05  1.9845521e+01  3.0456937e-03  3.0456093e-03  8.8880284e-02
 5.6304808e-02  3.7188766e-05  2.3766392e-05  1.9496766e+01  3.2405760e-03  3.2406370e-03  8.9687061e-02
 5.8977643e-02  2.0046308e-05  1.3450972e-05  1.2124922e+00  6.1831379e-02  6.1831125e-02  2.2694753e-03
 5.9049767e-02  4.4188452e-05  3.0081045e-05  1.1240402e+00  6.3910502e-02  6.3910308e-02  2.1206402e-03
 5.9160507e-02  1.3575759e-04  3.8546243e-05  1.0006020e+00  2.0274176e-03  2.0273414e-03  1.3622870e-01
 5.9190396e-02  1.3122823e-04  3.8619766e-05  9.6966940e-01  2.3268960e-03  2.3268912e-03  1.3728284e-01
 5.5367144e-02  1.3984548e-04  6.4832683e-05  4.9139155e+01  1.4150160e-02  2.0809037e-10  6.1173038e-02
 5.5386381e-02  1.6259604e-04  7.7951203e-05  4.8249068e+01  1.4735702e-02  1.2455252e-10  6.2004872e-02
 5.5221215e-02  3.9541683e-05  2.2595939e-05  5.6374814e+01  3.3661919e-02  3.6873376e-03  3.3663456e-02
 5.5239553e-02  4.7334605e-05  3.0175454e-05  5.5417333e+01  3.4411978e-02  3.5542919e-03  3.4412005e-02
 5.8102634e-02  5.3055198e-05  2.4520263e-05  3.0350077e+00  2.3304677e-02  6.9307261e-02  2.3321817e-02
 5.8133662e-02  5.4663291e-05  2.5226135e-05  2.9380331e+00  2.3185913e-02  7.1444963e-02  2.3179452e-02
 5.5867576e-02  5.3139130e-05  2.2804588e-05  3.0220642e+01  5.7013059e-02  1.3476809e-02  1.3476840e-02
 5.5885406e-02  5.9298341e-05  3.0073532e-05  2.9691424e+01  5.8183140e-02  1.3522933e-02  1.3522925e-02
 5.7302608e-02  7.2939138e-05  3.2980350e-05  6.9914037e+00  1.1427982e-02  4.7013722e-02  4.7013847e-02
 5.7334346e-02  7.3468501e-05  3.4046775e-05  6.7646721e+00  1.0869254e-02  4.8303238e-02  4.8303208e-02
 5.7212803e-02  1.1791416e-04  5.4598404e-05  7.6743492e+00  7.8167740e-02  2.5601120e-02  2.8180073e-03
 5.7253059e-02  1.0338612e-04  5.2215330e-05  7.3604421e+00  7.9750649e-02  2.6646960e-02  2.7293000e-03
 5.7215545e-02  1.1016956e-04  4.8294163e-05  7.6525556e+00  2.8166077e-03  2.5620190e-02  7.8184564e-02
 5.7255355e-02  1.0336535e-04  5.0211013e-05  7.3429247e+00  2.7261058e-03  2.6660843e-02  7.9774200e-02
 5.9115688e-02  9.8688386e-05  4.3176776e-05  1.0488412e+00  9.3023955e-02  3.6796883e-02  1.1673675e-10
 5.9189736e-02  9.6412350e-05  4.1169017e-05  9.7034217e-01  9.5244894e-02  3.8608895e-02  1.1813005e-10
 5.7858649e-02  6.3265261e-05  1.9777097e-05  3.9170362e+00  6.1708425e-10  9.9874532e-03  1.1017899e-01
 5.7894206e-02  7.2160962e-05  2.5310578e-05  3.7741805e+00  1.4567110e-10  1.0838854e-02  1.1146479e-01
 5.9119731e-02  9.4017674e-05  4.0690161e-05  1.0443958e+00  9.3063229e-02  3.6823185e-02  4.9322798e-10
 5.9193274e-02  9.4296360e-05  4.0522145e-05  9.6674228e-01  9.5291883e-02  3.8635152e-02  3.6334079e-09
 5.7860845e-02  6.4038555e-05  1.9945782e-05  3.9080594e+00  7.0393990e-10  1.0001043e-02  1.1020627e-01
 5.7896078e-02  6.9769468e-05  2.3614952e-05  3.7668039e+00  2.9925109e-09  1.0849988e-02  1.1149310e-01
 5.8282188e-02  2.0309032e-05  1.3149253e-05  2.5148536e+00  9.6829942e-03  9.6828072e-03  1.0395333e-01
 5.8323865e-02  2.4539239e-05  1.6075212e-05  2.4074113e+00  9.9864018e-03  9.9864785e-03  1.0579443e-01
 5.6842805e-02  2.6865177e-05  1.3667318e-05  1.1249842e+01  4.9913289e-02  4.9912988e-02  1.0635946e-09
 5.6886326e-02  2.5845557e-05  1.4617037e-05  1.0756521e+01  5.1335111e-02  5.1334935e-02  5.2649502e-09
 5.8285638e-02  2.0463910e-05  1.3710618e-05  2.5057821e+00  9.6953802e-03  9.6951149e-03  1.0400625e-01
 5.8327056e-02  2.3865046e-05  1.6231041e-05  2.3993737e+00  1.0005356e-02  1.0005313e-02  1.0584020e-01
 5.7212805e-02  1.1481602e-04  5.0099536e-05  7.6743269e+00  2.5601202e-02  2.8180212e-03  7.8167894e-02
 5.7253052e-02  1.0429723e-04  5.0220874e-05  7.3604952e+00  2.6647055e-02  2.7293023e-03  7.9750668e-02
 5.7215542e-02  1.0977366e-04  4.7057084e-05  7.6525766e+00  2.5620391e-02  7.8184500e-02  2.8166292e-03
 5.7255352e-02  1.0057296e-04  5.2310390e-05  7.3429494e+00  2.6660881e-02  7.9774043e-02  2.7261218e-03
 5.6839698e-02  2.7542644e-05  1.3822163e-05  1.1285900e+01  4.9884415e-02  7.7241364e-15  4.9884477e-02
 5.6883695e-02  2.6400583e-05  1.4298657e-05  1.0785738e+01  5.1308800e-02  1.1522295e-16  5.1308720e-02
 5.8284174e-02  1.9337852e-05  1.2375170e-05  2.5096272e+00  9.6943157e-03  1.0396055e-01  9.6809336e-03
 5.8325599e-02  2.2410296e-05  1.5408870e-05  2.4030399e+00  9.9916147e-03  1.0581027e-01  9.9892229e-03
 5.8284177e-02  2.3384138e-05  1.5905262e-05  2.5096200e+00  9.6809818e-03  1.0396064e-01  9.6942538e-03
 5.8325601e-02  2.1940133e-05  1.4284931e-05  2.4030355e+00  9.9891979e-03  1.0581031e-01  9.9916375e-03
 5.7212804e-02  1.1723756e-04  5.1945816e-05  7.6743364e+00  7.8167668e-02  2.8180019e-03  2.5601152e-02
 5.7253057e-02  1.0341143e-04  5.1441139e-05  7.3604541e+00  7.9750718e-02  2.7293009e-03  2.6646993e-02
 5.7215543e-02  1.1344286e-04  5.1122415e-05  7.6525661e+00  2.8166081e-03  7.8184445e-02  2.5620281e-02
 5.7255354e-02  1.0317416e-04  4.9456884e-05  7.3429289e+00  2.7261039e-03  7.9774203e-02  2.6660865e-02
 5.8282187e-02  2.2426486e-05  1.5264232e-05  2.5148559e+00  1.0395303e-01  9.6828316e-03  9.6828730e-03
 5.8323873e-02  2.4182370e-05  1.6513987e-05  2.4073889e+00  1.0579433e-01  9.9864193e-03  9.9864178e-03
 5.8285641e-02  2.0288947e-05  1.4381130e-05  2.5057736e+00  1.0400650e-01  9.6951451e-03  9.6952696e-03
 5.8327054e-02  2.5110632e-05  1.7740441e-05  2.3993786e+00  1.0584016e-01  1.0005289e-02  1.0005289e-02
 5.6842806e-02  2.6963183e-05  1.3708208e-05  1.1249836e+01  1.0907967e-09  4.9912929e-02  4.9913095e-02
 5.6886329e-02  2.6689079e-05  1.4469770e-05  1.0756491e+01  5.3105190e-09  5.1335062e-02  5.1335091e-02
 5.7216047e-02  1.1149568e-04  5.1912270e-05  7.6485681e+00  7.8208953e-02  2.5627373e-02  2.8232868e-03
 5.7255943e-02  1.0128325e-04  5.2429423e-05  7.3384439e+00  7.9787860e-02  2.6671898e-02  2.7396664e-03
 5.7216046e-02  1.1063583e-04  4.8533182e-05  7.6485786e+00  2.8233308e-03  2.5627355e-02  7.8208676e-02
 5.7255946e-02  1.0466405e-04  5.2716950e-05  7.3384218e+00  2.7397163e-03  2.6671940e-02  7.9787897e-02
 5.5223330e-02  3.8097906e-05  2.2772443e-05  5.6263675e+01  3.3691145e-02  3.3690819e-02  3.6926460e-03
 5.5241423e-02  4.8579421e-05  3.2746110e-05  5.5320475e+01  3.4434197e-02  3.4434083e-02  3.5648245e-03
 5.8104301e-02  4.9850085e-05  2.1759689e-05  3.0297159e+00  2.3331220e-02  2.3330672e-02  6.9361620e-02
 5.8135358e-02  5.8829306e-05  2.9707793e-05  2.9328226e+00  2.3210589e-02  2.3210586e-02  7.1477962e-02
 5.5368802e-02  1.3846092e-04  6.3731566e-05  4.9061878e+01  1.4167041e-02  6.1192881e-02  1.1478421e-09
 5.5387794e-02  1.6514932e-04  8.1407813e-05  4.8184278e+01  1.4748018e-02  6.2022371e-02  3.8614564e-09
 5.8973591e-02  2.1003792e-05  1.3464200e-05  1.2176620e+00  6.1803696e-02  2.2708387e-03  6.1807157e-02
 5.9046285e-02  4.5455410e-05  2.8448077e-05  1.1281589e+00  6.3877649e-02  2.1244376e-03  6.3882298e-02
 5.6288247e-02  3.2406626e-05  1.7890937e-05  1.9826446e+01  3.0528824e-03  8.8886017e-02  3.0440143e-03
 5.6305621e-02  3.5138916e-05  2.3009985e-05  1.9480707e+01  3.2438814e-03  8.9696680e-02  3.2403228e-03
 5.9159522e-02  1.4282530e-04  4.3836066e-05  1.0016378e+00  2.0221072e-03  1.3620447e-01  2.0290357e-03
 5.9189475e-02  1.3054638e-04  3.7957756e-05  9.7060878e-01  2.3208741e-03  1.3726557e-01  2.3229362e-03
 5.9115692e-02  9.8102498e-05  4.1285073e-05  1.0488370e+00  9.3023884e-02  1.1753585e-10  3.6796939e-02
 5.9189733e-02  9.6578052e-05  4.0543693e-05  9.7034595e-01  9.5244964e-02  1.1706649e-10  3.8608964e-02
 5.7858649e-02  6.5192813e-05  2.1230827e-05  3.9170387e+00  6.2474973e-10  1.1017906e-01  9.9874918e-03
 5.7894203e-02  6.6777223e-05  2.1608446e-05  3.7741919e+00  1.4205321e-10  1.1146485e-01  1.0838870e-02
 5.9119732e-02  9.4556093e-05  4.0256880e-05  1.0443955e+00  9.3063124e-02  4.7759554e-10  3.6823266e-02
 5.9193265e-02  9.9733605e-05  4.6255956e-05  9.6675131e-01  9.5291917e-02  3.6133480e-09  3.8635248e-02
 5.7860843e-02  6.6341391e-05  2.1831679e-05  3.9080685e+00  6.9903444e-10  1.1020620e-01  1.0001093e-02
 5.7896078e-02  6.9727352e-05  2.3272157e-05  3.7668043e+00  3.0040616e-09  1.1149309e-01  1.0850017e-02
 5.7216048e-02  1.1346739e-04  5.3300594e-05  7.6485624e+00  7.8208871e-02  2.8232416e-03  2.5627491e-02
 5.7255939e-02  1.0529834e-04  5.4868405e-05  7.3384757e+00  7.9787921e-02  2.7396486e-03  2.6671965e-02
 5.7216044e-02  1.1484502e-04  5.3037245e-05  7.6485893e+00  2.8233175e-03  7.8208497e-02  2.5627505e-02
 5.7255947e-02  1.0242633e-04  4.9569636e-05  7.3384150e+00  2.7397288e-03  7.9787856e-02  2.6671973e-02
 5.5870123e-02  5.2771300e-05  2.4413655e-05  3.0144513e+01  5.7053468e-02  1.3493057e-02  1.3493201e-02
 5.5887758e-02  6.0126608e-05  3.0886958e-05  2.9622253e+01  5.8211203e-02  1.3544942e-02  1.3544937e-02
 5.7303484e-02  7.5676642e-05  3.5155757e-05  6.9850458e+00  1.1441344e-02  4.7043168e-02  4.7043445e-02
 5.7335408e-02  7.3994996e-05  3.7148898e-05  6.7572102e+00  1.0896557e-02  4.8326563e-02  4.8326547e-02
 5.6234096e-02  3.0550600e-05  2.1746946e-05  2.0942128e+01  3.0171012e-02  2.9324017e-02  2.9876616e-02
 5.6234102e-02  3.1633619e-05  2.1866163e-05  2.0942008e+01  2.9410793e-02  3.0258466e-02  2.9702559e-02
 5.6234096e-02  3.3956538e-05  2.3881384e-05  2.0942131e+01  3.0173488e-02  2.9324440e-02  2.9873727e-02
 5.6234102e-02  3.1242852e-05  2.2086041e-05  2.0942005e+01  2.9408347e-02  3.0258037e-02  2.9705438e-02
 5.5870118e-02  5.2273321e-05  2.3272440e-05  3.0144656e+01  1.3493279e-02  5.7053080e-02  1.3493118e-02
 5.5887762e-02  5.8712535e-05  2.8943919e-05  2.9622133e+01  1.3545072e-02  5.8211071e-02  1.3545029e-02
 5.7303486e-02  7.3899502e-05  3.4683019e-05  6.9850300e+00  4.7043654e-02  1.1441162e-02  4.7043397e-02
 5.7335399e-02  7.7315905e-05  4.0197331e-05  6.7572751e+00  4.8326709e-02  1.0896361e-02  4.8326581e-02
 5.6289148e-02  3.2596609e-05  1.8334781e-05  1.9808369e+01  3.0524128e-03  8.8907974e-02  3.0523571e-03
 5.6306459e-02  3.5635965e-05  2.2774403e-05  1.9464182e+01  3.2494605e-03  8.9707210e-02  3.2494517e-03
 5.8977722e-02  1.8829416e-05  1.2876229e-05  1.2123910e+00  6.1845831e-02  2.2739060e-03  6.1845611e-02
 5.9049940e-02  5.0210392e-05  3.4479896e-05  1.1238361e+00  6.3922415e-02  2.1319037e-03  6.3922255e-02
 5.9158236e-02  1.4285336e-04  4.3233268e-05  1.0029921e+00  2.0230500e-03  1.3619241e-01  2.0229924e-03
 5.9188456e-02  1.3337391e-04  3.9707138e-05  9.7164838e-01  2.3202928e-03  1.3724932e-01  2.3203256e-03
 5.7437769e-02  6.2154658e-05  2.8107365e-05  6.0750307e+00  2.0137999e-06  1.1731026e-01  2.0475657e-06
 5.7437906e-02  5.8207885e-05  2.4573813e-05  6.0741646e+00  1.8496376e-06  1.1731287e-01  1.8823989e-06
 5.7437769e-02  6.1104149e-05  2.6485883e-05  6.0750305e+00  2.0132297e-06  1.1731026e-01  2.0482465e-06
 5.7437906e-02  6.2279555e-05  2.8200361e-05  6.0741643e+00  1.8490963e-06  1.1731287e-01  1.8830495e-06
 5.9158236e-02  1.4170016e-04  4.3109179e-05  1.0029921e+00  2.0230487e-03  1.3619242e-01  2.0229938e-03
 5.9188456e-02  1.2628523e-04  3.5100793e-05  9.7164849e-01  2.3202941e-03  1.3724932e-01  2.3203244e-03
 5.8977722e-02  1.9691135e-05  1.3290311e-05  1.2123912e+00  6.1845827e-02  2.2739070e-03  6.1845612e-02
 5.9049940e-02  4.8500652e-05  3.3748399e-05  1.1238360e+00  6.3922419e-02  2.1319028e-03  6.3922256e-02
 5.6289148e-02  3.9502258e-05  2.4192932e-05  1.9808369e+01  3.0524145e-03  8.8907980e-02  3.0523550e-03
 5.6306459e-02  3.2226834e-05  1.8797847e-05  1.9464180e+01  3.2494584e-03  8.9707204e-02  3.2494538e-03
 5.7303486e-02  7.5644098e-05  3.5861442e-05  6.9850309e+00  4.7043652e-02  1.1441164e-02  4.7043397e-02
 5.7335399e-02  7.0144498e-05  3.4800704e-05  6.7572742e+00  4.8326712e-02  1.0896359e-02  4.8326582e-02
 5.5870118e-02  5.7610139e-05  2.7818952e-05  3.0144658e+01  1.3493283e-02  5.7053085e-02  1.3493113e-02
 5.5887763e-02  5.6325380e-05  2.6816677e-05  2.9622130e+01  1.3545067e-02  5.8211066e-02  1.3545034e-02
 5.5870120e-02  5.5906554e-05  2.6194998e-05  3.0144587e+01  1.3493320e-02  1.3493018e-02  5.7053229e-02
 5.5887760e-02  5.5381561e-05  2.6277329e-05  2.9622213e+01  1.3545026e-02  1.3544992e-02  5.8211148e-02
 5.7303484e-02  8.9327263e-05  4.7367944e-05  6.9850484e+00  4.7043752e-02  4.7043217e-02  1.1441231e-02
 5.7335405e-02  6.5332086e-05  2.9827967e-05  6.7572336e+00  4.8326614e-02  4.8326498e-02  1.0896441e-02
 5.5223328e-02  4.2512068e-05  2.5986295e-05  5.6263738e+01  3.6926912e-03  3.3690781e-02  3.3690953e-02
 5.5241424e-02  4.3222687e-05  2.5952149e-05  5.5320412e+01  3.5648745e-03  3.4434148e-02  3.4434158e-02
 5.8104303e-02  5.4165630e-05  2.5769164e-05  3.0297113e+00  6.9361909e-02  2.3330747e-02  2.3331055e-02
 5.8135354e-02  5.5484896e-05  2.6690109e-05  2.9328325e+00  7.1478062e-02  2.3210523e-02  2.3210436e-02
 5.5368801e-02  1.4494125e-04  7.0201379e-05  4.9061899e+01  1.1652926e-09  6.1192818e-02  1.4166953e-02
 5.5387795e-02  1.5908471e-04  7.4034717e-05  4.8184222e+01  3.8918764e-09  6.2022476e-02  1.4747989e-02
 5.6288248e-02  3.8047542e-05  2.3606195e-05  1.9826422e+01  3.0440405e-03  8.8886069e-02  3.0528405e-03
 5.6305621e-02  3.1587366e-05  1.8799392e-05  1.9480702e+01  3.2402856e-03  8.9696678e-02  3.2438976e-03
 5.9159520e-02  1.3915925e-04  4.0933690e-05  1.0016405e+00  2.0290704e-03  1.3620437e-01  2.0220762e-03
 5.9189473e-02  1.3452689e-04  3.9772826e-05  9.7061020e-01  2.3229148e-03  1.3726554e-01  2.3209007e-03
 5.8973590e-02  1.8554209e-05  1.1627098e-05  1.2176642e+00  6.1807121e-02  2.2708092e-03  6.1803724e-02
 5.9046285e-02  4.3541750e-05  2.8962220e-05  1.1281592e+00  6.3882368e-02  2.1244279e-03  6.3877559e-02
 5.7858652e-02  6.7228426e-05  2.3277447e-05  3.9170253e+00  9.9875641e-03  1.1017921e-01  6.2617638e-10
 5.7894202e-02  6.7830612e-05  2.1810175e-05  3.7741960e+00  1.0838862e-02  1.1146475e-01  1.4220298e-10
 5.9119729e-02  9.3973218e-05  3.8355702e-05  1.0443981e+00  3.6823424e-02  4.7601684e-10  9.3062943e-02
 5.9193263e-02  9.7871062e-05  4.4771494e-05  9.6675392e-01  3.8635388e-02  3.6126836e-09  9.5291831e-02
 5.7860842e-02  6.9127212e-05  2.3919268e-05  3.9080725e+00  1.0001176e-02  1.1020626e-01  6.8351514e-10
 5.7896075e-02  6.7360246e-05  2.1335176e-05  3.7668179e+00  1.0850047e-02  1.1149294e-01  2.9817977e-09
 5.9115692e-02  9.2300074e-05  3.6016500e-05  1.0488367e+00  3.6797045e-02  1.1076736e-10  9.3024131e-02
 5.9189727e-02  9.4931444e-05  3.9401584e-05  9.7035206e-01  3.8609057e-02  1.1615635e-10  9.5244972e-02
 5.7216046e-02  1.1587276e-04  5.3049535e-05  7.6485804e+00  2.5627660e-02  2.8232313e-03  7.8208661e-02
 5.7255938e-02  9.8599787e-05  4.9813288e-05  7.3384799e+00  2.6672071e-02  2.7396588e-03  7.9787841e-02
 5.7216043e-02  1.2519848e-04  6.1584770e-05  7.6485987e+00  2.5627691e-02  7.8208586e-02  2.8232568e-03
 5.7255944e-02  9.3478478e-05  4.2886979e-05  7.3384403e+00  2.6672050e-02  7.9787715e-02  2.7396931e-03
 5.6289150e-02  3.7420142e-05  2.2382503e-05  1.9808322e+01  3.0524173e-03  3.0523342e-03  8.8908055e-02
 5.6306458e-02  3.1292263e-05  1.9397107e-05  1.9464204e+01  3.2494499e-03  3.2494312e-03  8.9707240e-02
 5.8977721e-02  2.4073707e-05  1.6987739e-05  1.2123931e+00  6.1845917e-02  6.1845521e-02  2.2739394e-03
 5.9049951e-02  4.1982089e-05  2.7404597e-05  1.1238237e+00  6.3922352e-02  6.3922113e-02  2.1319324e-03
 5.9158237e-02  1.3888816e-04  3.9611345e-05  1.0029912e+00  2.0230651e-03  2.0229609e-03  1.3619228e-01
 5.9188459e-02  1.2804221e-04  3.5468313e-05  9.7164554e-01  2.3202774e-03  2.3203355e-03  1.3724920e-01
 5.5368802e-02  1.4618927e-04  7.0139568e-05  4.9061836e+01  1.1683346e-09  1.4166885e-02  6.1192950e-02
 5.5387795e-02  1.5777778e-04  7.3453167e-05  4.8184229e+01  3.8822467e-09  1.4747964e-02  6.2022482e-02
 5.5222699e-02  4.3366559e-05  2.7109854e-05  5.6296808e+01  3.6841347e-03  3.3676800e-02  3.3676916e-02
 5.5240711e-02  4.2490737e-05  2.4750842e-05  5.5357339e+01  3.5490057e-03  3.4423073e-02  3.4423059e-02
 5.8100972e-02  5.3787418e-05  2.4915654e-05  3.0402908e+00  6.9309513e-02  2.3307666e-02  2.3307726e-02
 5.8132265e-02  5.3440129e-05  2.4906649e-05  2.9423305e+00  7.1438428e-02  2.3177352e-02  2.3177328e-02
 5.5868662e-02  5.5750567e-05  2.6804200e-05  3.0188157e+01  1.3471882e-02  5.7015233e-02  1.3487630e-02
 5.5886321e-02  5.5925113e-05  2.5506503e-05  2.9664493e+01  1.3524144e-02  5.8191212e-02  1.3524571e-02
 5.7300520e-02  7.6785659e-05  3.4388925e-05  7.0065785e+00  4.7002538e-02  1.1430269e-02  4.7001893e-02
 5.7332744e-02  6.8675625e-05  3.3025907e-05  6.7759420e+00  4.8294953e-02  1.0873541e-02  4.8288430e-02
 5.7213350e-02  1.1839228e-04  5.6864853e-05  7.6699943e+00  2.5600891e-02  7.8167223e-02  2.8207192e-03
 5.7253583e-02  9.9840794e-05  4.7155435e-05  7.3564380e+00  2.6650334e-02  7.9751208e-02  2.7311169e-03
 5.7213353e-02  1.1371622e-04  4.9193440e-05  7.6699708e+00  2.5600842e-02  2.8207195e-03  7.8167202e-02
 5.7253583e-02  9.9154722e-05  4.8567777e-05  7.3564424e+00  2.6650385e-02  2.7311194e-03  7.9751222e-02
 5.9115688e-02  9.8645252e-05  4.3429587e-05  1.0488411e+00  3.6797101e-02  9.3024191e-02  1.0860274e-10
 5.9189728e-02  9.4490061e-05  3.9441168e-05  9.7035050e-01  3.8609020e-02  9.5244973e-02  1.1377668e-10
 5.7860844e-02  6.5915986e-05  2.1155009e-05  3.9080644e+00  1.0001166e-02  6.7963366e-10  1.1020623e-01
 5.7896073e-02  6.9342261e-05  2.4106234e-05  3.7668265e+00  1.0850045e-02  2.9565810e-09  1.1149300e-01
 5.9119727e-02  1.0572122e-04  4.6252180e-05  1.0444004e+00  3.6823474e-02  9.3062970e-02  4.8726157e-10
 5.9193271e-02  9.0046230e-05  3.6673571e-05  9.6674515e-01  3.8635367e-02  9.5291690e-02  3.6407051e-09
 5.7858655e-02  6.4813915e-05  2.0185184e-05  3.9170147e+00  9.9875446e-03  6.3596757e-10  1.1017915e-01
 5.7894203e-02  6.8067636e-05  2.2228034e-05  3.7741931e+00  1.0838884e-02  1.4043014e-10  1.1146470e-01
 5.7437770e-02  5.9177692e-05  2.4852628e-05  6.0750278e+00  1.9682711e-06  2.0938281e-06  1.1731021e-01
 5.7437909e-02  6.2445255e-05  2.8539744e-05  6.0741488e+00  1.8061624e-06  1.9269918e-06  1.1731285e-01
 5.7437770e-02  6.2146819e-05  2.7696412e-05  6.0750279e+00  1.9691629e-06  2.0927812e-06  1.1731021e-01
 5.7437909e-02  5.8736074e-05  2.5126379e-05  6.0741486e+00  1.8070166e-06  1.9259808e-06  1.1731285e-01
 5.6288250e-02  3.7400815e-05  2.1396958e-05  1.9826376e+01  3.0440309e-03  3.0528369e-03  8.8886086e-02
 5.6305622e-02  3.1842908e-05  1.9140146e-05  1.9480695e+01  3.2403005e-03  3.2438832e-03  8.9696679e-02
 5.9159520e-02  1.3887886e-04  4.1263056e-05  1.0016402e+00  2.0290792e-03  2.0220600e-03  1.3620423e-01
 5.9189476e-02  1.2865199e-04  3.5534402e-05  9.7060806e-01  2.3228992e-03  2.3209145e-03  1.3726550e-01
 5.8973585e-02  2.4181654e-05  1.7142610e-05  1.2176697e+00  6.1807200e-02  6.1803730e-02  2.2708081e-03
 5.9046288e-02  3.9146357e-05  2.5355300e-05  1.1281557e+00  6.3882298e-02  6.3877498e-02  2.1244218e-03
 5.5868664e-02  5.4611591e-05  2.4200102e-05  3.0188103e+01  1.3471879e-02  1.3487584e-02  5.7015274e-02
 5.5886321e-02  5.6727838e-05  2.6951263e-05  2.9664502e+01  1.3524151e-02  1.3524580e-02  5.8191228e-02
 5.7300518e-02  8.6641258e-05  4.3784452e-05  7.0065958e+00  4.7002615e-02  4.7001897e-02  1.1430271e-02
 5.7332745e-02  6.5049388e-05  2.9328772e-05  6.7759322e+00  4.8294875e-02  4.8288385e-02  1.0873547e-02
 5.6231995e-02  2.9647919e-05  1.9184227e-05  2.0986601e+01  2.9252016e-02  3.0012733e-02  3.0018434e-02
 5.6232199e-02  3.3144706e-05  2.3813070e-05  2.0982293e+01  3.0268771e-02  2.9510221e-02  2.9504611e-02
 5.6231995e-02  3.3572328e-05  2.3346882e-05  2.0986603e+01  2.9252024e-02  3.0012781e-02  3.0018380e-02
 5.6232199e-02  2.9172039e-05  1.9274453e-05  2.0982289e+01  3.0268761e-02  2.9510175e-02  2.9504663e-02
 5.7300518e-02  7.7942025e-05  3.7524995e-05  7.0065953e+00  4.7002618e-02  4.7001884e-02  1.1430273e-02
 5.7332745e-02  7.2694114e-05  3.5002873e-05  6.7759337e+00  4.8294872e-02  4.8288399e-02  1.0873545e-02
 5.5868664e-02  5.2148470e-05  2.2411151e-05  3.0188102e+01  1.3471877e-02  1.3487583e-02  5.7015282e-02
 5.5886321e-02  5.8921531e-05  2.8527146e-05  2.9664502e+01  1.3524153e-02  1.3524581e-02  5.8191219e-02
 5.8973586e-02  2.0546822e-05  1.4861573e-05  1.2176695e+00  6.1807197e-02  6.1803721e-02  2.2708089e-03
 5.9046288e-02  4.5257580e-05  2.9815582e-05  1.1281561e+00  6.3882302e-02  6.3877509e-02  2.1244210e-03
 5.9159520e-02  1.3527113e-04  3.7589660e-05  1.0016402e+00  2.0290785e-03  2.0220618e-03  1.3620425e-01
 5.9189476e-02  1.3600093e-04  4.2516667e-05  9.7060804e-01  2.3228998e-03  2.3209128e-03  1.3726549e-01
 5.6288250e-02  3.3974254e-05  1.8903185e-05  1.9826376e+01  3.0440312e-03  3.0528358e-03  8.8886098e-02
 5.6305622e-02  3.4811284e-05  2.1847296e-05  1.9480695e+01  3.2403002e-03  3.2438846e-03  8.9696666e-02
 5.9158237e-02  1.3598038e-04  3.7435336e-05  1.0029912e+00  2.0230644e-03  2.0229610e-03  1.3619228e-01
 5.9188459e-02  1.3463167e-04  4.1202895e-05  9.7164556e-01  2.3202781e-03  2.3203357e-03  1.3724920e-01
 5.8977721e-02  1.9134332e-05  1.3462855e-05  1.2123931e+00  6.1845919e-02  6.1845518e-02  2.2739391e-03
 5.9049951e-02  4.4508996e-05  3.0249173e-05  1.1238237e+00  6.3922351e-02  6.3922116e-02  2.1319329e-03
 5.6289150e-02  3.3825420e-05  1.9385090e-05  1.9808322e+01  3.0524201e-03  3.0523322e-03  8.8908057e-02
 5.6306458e-02  3.5816348e-05  2.3053596e-05  1.9464205e+01  3.2494469e-03  3.2494334e-03  8.9707238e-02
 5.7858655e-02  6.4853295e-05  2.0660561e-05  3.9170149e+00  9.9875435e-03  6.3688504e-10  1.1017914e-01
 5.7894203e-02  6.9506722e-05  2.2921839e-05  3.7741931e+00  1.0838885e-02  1.3991811e-10  1.1146471e-01
 5.9119727e-02  9.1188261e-05  3.6410327e-05  1.0444004e+00  3.6823476e-02  9.3062966e-02  4.8722477e-10
 5.9193271e-02  9.3137748e-05  4.0421327e-05  9.6674517e-01  3.8635366e-02  9.5291694e-02  3.6408557e-09
 5.7860844e-02  6.4604424e-05  2.0996688e-05  3.9080639e+00  1.0001167e-02  6.7938001e-10  1.1020622e-01
 5.7896072e-02  6.9869748e-05  2.3543057e-05  3.7668270e+00  1.0850044e-02  2.9572078e-09  1.1149301e-01
 5.9115688e-02  1.0644488e-04  4.9066437e-05  1.0488412e+00  3.6797106e-02  9.3024197e-02  1.0864726e-10
 5.9189728e-02  9.1504681e-05  3.7258877e-05  9.7035025e-01  3.8609014e-02  9.5244965e-02  1.1377635e-10
 5.7213353e-02  1.1607698e-04  5.0622912e-05  7.6699710e+00  2.5600841e-02  2.8207220e-03  7.8167196e-02
 5.7253583e-02  9.9916702e-05  4.8229869e-05  7.3564426e+00  2.6650386e-02  2.7311166e-03  7.9751229e-02
 5.7213350e-02  1.2413509e-04  5.8550830e-05  7.6699943e+00  2.5600889e-02  7.8167230e-02  2.8207194e-03
 5.7253583e-02  9.5127260e-05  4.4942788e-05  7.3564369e+00  2.6650336e-02  7.9751200e-02  2.7311168e-03
 5.7300520e-02  7.8884404e-05  3.4421877e-05  7.0065782e+00  4.7002540e-02  1.1430276e-02  4.7001887e-02
 5.7332744e-02  7.1547621e-05  3.5217828e-05  6.7759429e+00  4.8294951e-02  1.0873534e-02  4.8288437e-02
 5.5868662e-02  5.4217958e-05  2.4083939e-05  3.0188152e+01  1.3471873e-02  5.7015236e-02  1.3487630e-02
 5.5886321e-02  5.8020321e-05  2.8364119e-05  2.9664494e+01  1.3524152e-02  5.8191209e-02  1.3524571e-02
 5.8100972e-02  5.1244486e-05  2.2210674e-05  3.0402901e+00  6.9309510e-02  2.3307668e-02  2.3307728e-02
 5.8132265e-02  5.7489455e-05  2.8499294e-05  2.9423315e+00  7.1438432e-02  2.3177350e-02  2.3177325e-02
 5.5222699e-02  3.8925086e-05  2.2718766e-05  5.6296804e+01  3.6841318e-03  3.3676802e-02  3.3676915e-02
 5.5240711e-02  4.9111624e-05  3.0421509e-05  5.5357338e+01  3.5490087e-03  3.4423071e-02  3.4423059e-02
 5.5368802e-02  1.4041678e-04  6.5410308e-05  4.9061837e+01  1.1696727e-09  1.4166885e-02  6.1192956e-02
 5.5387795e-02  1.6450931e-04  7.9399364e-05  4.8184226e+01  3.8796632e-09  1.4747964e-02  6.2022476e-02
 5.7303484e-02  7.2277081e-05  3.3953136e-05  6.9850485e+00  4.7043753e-02  4.7043217e-02  1.1441230e-02
 5.7335405e-02  6.9714462e-05  3.4944005e-05  6.7572337e+00  4.8326614e-02  4.8326499e-02  1.0896442e-02
 5.5870120e-02  5.1818613e-05  2.2597637e-05  3.0144586e+01  1.3493328e-02  1.3493011e-02  5.7053229e-02
 5.5887760e-02  6.1457018e-05  3.1861077e-05  2.9622213e+01  1.3545018e-02  1.3544998e-02  5.8211146e-02
 5.7216043e-02  1.0836311e-04  4.8066231e-05  7.6485984e+00  2.5627691e-02  7.8208581e-02  2.8232578e-03
 5.7255943e-02  1.0081589e-04  5.1257191e-05  7.3384408e+00  2.6672050e-02  7.9787720e-02  2.7396923e-03
 5.7216046e-02  1.1084097e-04  5.0458188e-05  7.6485795e+00  2.5627663e-02  2.8232296e-03  7.8208656e-02
 5.7255938e-02  1.0597661e-04  5.4249605e-05  7.3384809e+00  2.6672068e-02  2.7396604e-03  7.9787845e-02
 5.9115692e-02  9.6735996e-05  3.9557184e-05  1.0488367e+00  3.6797045e-02  1.1143697e-10  9.3024128e-02
 5.9189727e-02  9.4964756e-05  3.9199160e-05  9.7035207e-01  3.8609057e-02  1.1539090e-10  9.5244977e-02
 5.7860842e-02  6.2415471e-05  1.8442370e-05  3.9080724e+00  1.0001178e-02  1.1020626e-01  6.8371718e-10
 5.7896075e-02  7.0038295e-05  2.4671368e-05  3.7668181e+00  1.0850046e-02  1.1149295e-01  2.9813748e-09
 5.9119729e-02  9.2679939e-05  3.8610864e-05  1.0443979e+00  3.6823426e-02  4.7560025e-10  9.3062937e-02
 5.9193262e-02  9.8134265e-05  4.2891373e-05  9.6675408e-01  3.8635386e-02  3.6137735e-09  9.5291837e-02
 5.7858652e-02  6.9074297e-05  2.4148419e-05  3.9170254e+00  9.9875651e-03  1.1017921e-01  6.2668678e-10
 5.7894202e-02  6.8442447e-05  2.2355593e-05  3.7741954e+00  1.0838861e-02  1.1146475e-01  1.4199925e-10
 5.8973590e-02  2.0820626e-05  1.3080089e-05  1.2176641e+00  6.1807123e-02  2.2708127e-03  6.1803723e-02
 5.9046285e-02  4.4771434e-05  2.8754035e-05  1.1281593e+00  6.3882367e-02  2.1244242e-03  6.3877562e-02
 5.9159520e-02  1.3359858e-04  3.5803192e-05  1.0016405e+00  2.0290728e-03  1.3620438e-01  2.0220780e-03
 5.9189473e-02  1.3062187e-04  3.9737535e-05  9.7061018e-01  2.3229124e-03  1.3726554e-01  2.3208990e-03
 5.6288248e-02  3.6690089e-05  2.0821310e-05  1.9826420e+01  3.0440369e-03  8.8886069e-02  3.0528393e-03
 5.6305622e-02  3.4383855e-05  2.1826524e-05  1.9480702e+01  3.2402896e-03  8.9696677e-02  3.2438988e-03
 5.5368801e-02  1.4219055e-04  6.6970540e-05  4.9061896e+01  1.1672220e-09  6.1192820e-02  1.4166948e-02
 5.5387795e-02  1.6408700e-04  7.8719973e-05  4.8184220e+01  3.8880801e-09  6.2022475e-02  1.4747993e-02
 5.8104303e-02  5.0321666e-05  2.3300749e-05  3.0297116e+00  6.9361913e-02  2.3330749e-02  2.3331048e-02
 5.8135355e-02  5.7060815e-05  2.8086773e-05  2.9328322e+00  7.1478059e-02  2.3210521e-02  2.3210443e-02
 5.5223328e-02  3.9885476e-05  2.3850564e-05  5.6263741e+01  3.6926941e-03  3.3690781e-02  3.3690952e-02
 5.5241425e-02  4.8797655e-05  3.1306074e-05  5.5320406e+01  3.5648713e-03  3.4434149e-02  3.4434158e-02
 5.8637447e-02  1.1860886e-04  3.5771770e-05  1.7328546e+00  4.0810006e-02  3.9283545e-02  4.0348363e-02
 5.8637454e-02  1.1657607e-04  3.3776024e-05  1.7328418e+00  3.9485356e-02  4.1015027e-02  3.9941655e-02
 5.4289717e-02  8.8298667e-05  5.6472034e-05  1.2543042e+02  1.6911821e-02  1.6591610e-02  1.6761482e-02
 5.4289720e-02  8.7493104e-05  5.5767262e-05  1.2543015e+02  1.6598537e-02  1.6918520e-02  1.6747974e-02
 5.8104299e-02  5.0665450e-05  2.3063110e-05  3.0297229e+00  2.3331126e-02  6.9361485e-02  2.3330880e-02
 5.8135362e-02  5.4665261e-05  2.5515018e-05  2.9328087e+00  2.3210675e-02  7.1477823e-02  2.3210588e-02
 5.5223331e-02  3.9598504e-05  2.4297094e-05  5.6263596e+01  3.3691090e-02  3.6926165e-03  3.3690932e-02
 5.5241421e-02  5.0649825e-05  3.4035556e-05  5.5320591e+01  3.4434238e-02  3.5647922e-03  3.4434145e-02
 5.8285636e-02  1.9955878e-05  1.3371013e-05  2.5057874e+00  9.6953467e-03  1.0400619e-01  9.6952079e-03
 5.8327060e-02  2.2573137e-05  1.4857078e-05  2.3993654e+00  1.0005386e-02  1.0584010e-01  1.0005334e-02
 5.6842807e-02  2.6692947e-05  1.3869514e-05  1.1249823e+01  4.9913210e-02  1.0443275e-09  4.9913061e-02
 5.6886321e-02  2.7194300e-05  1.5513054e-05  1.0756574e+01  5.1335158e-02  5.2419164e-09  5.1335037e-02
 5.8282188e-02  2.4740992e-05  1.7010606e-05  2.5148543e+00  9.6829945e-03  1.0395337e-01  9.6828872e-03
 5.8323863e-02  2.3209088e-05  1.5365972e-05  2.4074160e+00  9.9864195e-03  1.0579452e-01  9.9864717e-03
 5.9160505e-02  1.3483608e-04  3.8357963e-05  1.0006045e+00  2.0274136e-03  1.3622874e-01  2.0273642e-03
 5.9190398e-02  1.3036275e-04  3.8514561e-05  9.6966806e-01  2.3269010e-03  1.3728282e-01  2.3268989e-03
 5.8977645e-02  1.7861952e-05  1.2237505e-05  1.2124894e+00  6.1831278e-02  2.2695039e-03  6.1831133e-02
 5.9049759e-02  5.0523443e-05  3.5085153e-05  1.1240506e+00  6.3910533e-02  2.1206469e-03  6.3910418e-02
 5.6287295e-02  3.8141938e-05  2.2114656e-05  1.9845543e+01  3.0456834e-03  8.8880290e-02  3.0456369e-03
 5.6304806e-02  3.5322792e-05  2.2151856e-05  1.9496791e+01  3.2405851e-03  8.9687094e-02  3.2406246e-03
 5.4860325e-02  2.2535683e-05  1.4765303e-05  7.8264074e+01  5.4411083e-07  6.6045030e-02  5.5396321e-07
 5.4860379e-02  2.3300621e-05  1.5582721e-05  7.8260347e+01  4.5637970e-07  6.6047671e-02  4.6569792e-07
 5.4156360e-02  1.0474237e-04  6.6291927e-05  1.3849984e+02  4.1640385e-03  3.9201721e-02  4.1639790e-03
 5.4162892e-02  1.0033078e-04  6.0604733e-05  1.3784512e+02  4.2328702e-03  3.9606426e-02  4.2328659e-03
 5.8104301e-02  5.2001614e-05  2.3572952e-05  3.0297159e+00  2.3331209e-02  2.3330681e-02  6.9361619e-02
 5.8135358e-02  5.3703349e-05  2.5288209e-05  2.9328226e+00  2.3210600e-02  2.3210577e-02  7.1477963e-02
 5.5223330e-02  4.7059308e-05  3.1361256e-05  5.6263675e+01  3.3691141e-02  3.3690822e-02  3.6926462e-03
 5.5241423e-02  4.2618315e-05  2.5663826e-05  5.5320474e+01  3.4434199e-02  3.4434080e-02  3.5648240e-03
 5.7303484e-02  7.8120112e-05  3.6409398e-05  6.9850451e+00  1.1441339e-02  4.7043170e-02  4.7043444e-02
 5.7335408e-02  6.5999579e-05  2.9604174e-05  6.7572111e+00  1.0896562e-02  4.8326560e-02  4.8326548e-02
 5.5870123e-02  5.6343278e-05  2.6918537e-05  3.0144512e+01  5.7053464e-02  1.3493056e-02  1.3493206e-02
 5.5887758e-02  5.8152609e-05  2.9158864e-05  2.9622255e+01  5.8211207e-02  1.3544943e-02  1.3544931e-02
 5.7216044e-02  1.1571323e-04  5.3612861e-05  7.6485891e+00  2.8233145e-03  7.8208496e-02  2.5627509e-02
 5.7255947e-02  9.4645795e-05  4.3671976e-05  7.3384157e+00  2.7397320e-03  7.9787857e-02  2.6671969e-02
 5.7216048e-02  1.1332206e-04  5.2191494e-05  7.6485623e+00  7.8208875e-02  2.8232409e-03  2.5627495e-02
 5.7255939e-02  1.0715103e-04  5.6570375e-05  7.3384760e+00  7.9787917e-02  2.7396494e-03  2.6671959e-02
 5.7860843e-02  6.6680567e-05  2.2762703e-05  3.9080688e+00  6.9729579e-10  1.1020620e-01  1.0001098e-02
 5.7896078e-02  6.7889802e-05  2.1694295e-05  3.7668043e+00  3.0079344e-09  1.1149309e-01  1.0850012e-02
 5.9119731e-02  9.2553692e-05  3.8796259e-05  1.0443956e+00  9.3063132e-02  4.7717557e-10  3.6823270e-02
 5.9193265e-02  1.0106968e-04  4.6243488e-05  9.6675131e-01  9.5291909e-02  3.6145054e-09  3.8635243e-02
 5.7858649e-02  6.5450381e-05  2.1404722e-05  3.9170384e+00  6.2409379e-10  1.1017905e-01  9.9874866e-03
 5.7894203e-02  7.1299712e-05  2.4410411e-05  3.7741919e+00  1.4234582e-10  1.1146486e-01  1.0838875e-02
 5.9115692e-02  9.5745239e-05  3.9922987e-05  1.0488371e+00  9.3023881e-02  1.1840105e-10  3.6796937e-02
 5.9189733e-02  9.4803910e-05  3.9828107e-05  9.7034583e-01  9.5244967e-02  1.1615295e-10  3.8608965e-02
 5.9159522e-02  1.4043138e-04  4.3775813e-05  1.0016379e+00  2.0221104e-03  1.3620447e-01  2.0290364e-03
 5.9189475e-02  1.2853973e-04  3.5894152e-05  9.7060878e-01  2.3208706e-03  1.3726557e-01  2.3229352e-03
 5.6288247e-02  3.6835888e-05  2.1940676e-05  1.9826445e+01  3.0528795e-03  8.8886016e-02  3.0440123e-03
 5.6305621e-02  3.4348209e-05  2.0979424e-05  1.9480707e+01  3.2438841e-03  8.9696681e-02  3.2403249e-03
 5.8973591e-02  1.8796908e-05  1.2157681e-05  1.2176621e+00  6.1803695e-02  2.2708421e-03  6.1807157e-02
 5.9046285e-02  4.3079749e-05  2.8125477e-05  1.1281589e+00  6.3877650e-02  2.1244339e-03  6.3882297e-02
 5.5368802e-02  1.4983480e-04  7.4218750e-05  4.9061877e+01  1.4167038e-02  6.1192887e-02  1.1476091e-09
 5.5387794e-02  1.5796538e-04  7.3384692e-05  4.8184277e+01  1.4748020e-02  6.2022366e-02  3.8615773e-09
 5.8285638e-02  2.1789345e-05  1.4647961e-05  2.5057822e+00  9.6953746e-03  9.6951190e-03  1.0400625e-01
 5.8327056e-02  2.1803324e-05  1.4650460e-05  2.3993737e+00  1.0005362e-02  1.0005309e-02  1.0584021e-01
 5.6842805e-02  2.9785370e-05  1.6329581e-05  1.1249842e+01  4.9913284e-02  4.9912994e-02  1.0637983e-09
 5.6886326e-02  2.4306624e-05  1.2797402e-05  1.0756521e+01  5.1335116e-02  5.1334930e-02  5.2641164e-09
 5.8282188e-02  2.1917303e-05  1.4710522e-05  2.5148537e+00  9.6829944e-03  9.6828078e-03  1.0395333e-01
 5.8323865e-02  2.1129115e-05  1.3434554e-05  2.4074113e+00  9.9864016e-03  9.9864772e-03  1.0579443e-01
 5.7216046e-02  1.1889829e-04  5.4300968e-05  7.6485782e+00  2.8233277e-03  2.5627356e-02  7.8208670e-02
 5.7255946e-02  9.1676847e-05  4.2374255e-05  7.3384225e+00  2.7397194e-03  2.6671938e-02  7.9787904e-02
 5.7216047e-02  1.2523360e-04  6.1150459e-05  7.6485679e+00  7.8208948e-02  2.5627376e-02  2.8232880e-03
 5.7255943e-02  9.5124699e-05  4.6051181e-05  7.3384440e+00  7.9787865e-02  2.6671896e-02  2.7396648e-03
 5.6842806e-02  2.8834178e-05  1.5046076e-05  1.1249836e+01  1.0888247e-09  4.9912928e-02  4.9913095e-02
 5.6886329e-02  2.4229507e-05  1.2514116e-05  1.0756492e+01  5.3150707e-09  5.1335062e-02  5.1335091e-02
 5.8285641e-02  2.3638200e-05  1.6629958e-05  2.5057736e+00  1.0400650e-01  9.6951460e-03  9.6952735e-03
 5.8327054e-02  2.3546565e-05  1.6328110e-05  2.3993786e+00  1.0584015e-01  1.0005288e-02  1.0005285e-02
 5.8282187e-02  2.5297327e-05  1.8077649e-05  2.5148565e+00  1.0395303e-01  9.6828303e-03  9.6828699e-03
 5.8323874e-02  2.1316480e-05  1.4161215e-05  2.4073880e+00  1.0579433e-01  9.9864207e-03  9.9864206e-03
 5.7215543e-02  1.1913753e-04  5.6885229e-05  7.6525671e+00  2.8166117e-03  7.8184447e-02  2.5620286e-02
 5.7255354e-02  9.4061069e-05  4.2132609e-05  7.3429287e+00  2.7261002e-03  7.9774201e-02  2.6660859e-02
 5.7212804e-02  1.1815147e-04  5.4444067e-05  7.6743374e+00  7.8167665e-02  2.8179980e-03  2.5601152e-02
 5.7253057e-02  9.7510954e-05  4.7847076e-05  7.3604526e+00  7.9750719e-02  2.7293049e-03  2.6646993e-02
 5.8284176e-02  2.2964630e-05  1.6561822e-05  2.5096204e+00  9.6809887e-03  1.0396064e-01  9.6942549e-03
 5.8325601e-02  2.1906285e-05  1.3875108e-05  2.4030355e+00  9.9891907e-03  1.0581031e-01  9.9916360e-03
 5.8284174e-02  2.2323760e-05  1.5108368e-05  2.5096270e+00  9.6943112e-03  1.0396055e-01  9.6809300e-03
 5.8325599e-02  2.3275118e-05  1.4831987e-05  2.4030401e+00  9.9916192e-03  1.0581028e-01  9.9892266e-03
 5.6839698e-02  2.7937317e-05  1.4296067e-05  1.1285901e+01  4.9884414e-02  1.4865684e-14  4.9884477e-02
 5.6883695e-02  2.4906865e-05  1.3321380e-05  1.0785738e+01  5.1308800e-02  6.8011680e-16  5.1308718e-02
 5.7215542e-02  1.2259525e-04  5.8470324e-05  7.6525764e+00  2.5620386e-02  7.8184506e-02  2.8166287e-03
 5.7255352e-02  9.5963316e-05  4.4253664e-05  7.3429493e+00  2.6660886e-02  7.9774037e-02  2.7261225e-03
 5.7212805e-02  1.1512409e-04  5.1257790e-05  7.6743267e+00  2.5601202e-02  2.8180239e-03  7.8167895e-02
 5.7253052e-02  9.7542480e-05  4.6842096e-05  7.3604952e+00  2.6647054e-02  2.7292992e-03  7.9750666e-02
 5.9160507e-02  1.3983689e-04  4.1576998e-05  1.0006020e+00  2.0274154e-03  2.0273427e-03  1.3622870e-01
 5.9190396e-02  1.2933971e-04  3.7528030e-05  9.6966938e-01  2.3268983e-03  2.3268897e-03  1.3728284e-01
 5.8977643e-02  2.3357356e-05  1.6096687e-05  1.2124922e+00  6.1831375e-02  6.1831131e-02  2.2694749e-03
 5.9049767e-02  4.2763113e-05  2.7888595e-05  1.1240402e+00  6.3910505e-02  6.3910302e-02  2.1206407e-03
 5.6287296e-02  3.8079897e-05  2.2476865e-05  1.9845521e+01  3.0456943e-03  3.0456094e-03  8.8880282e-02
 5.6304808e-02  3.1077914e-05  1.8617314e-05  1.9496766e+01  3.2405753e-03  3.2406367e-03  8.9687062e-02
 5.7860846e-02  6.8138361e-05  2.2693889e-05  3.9080593e+00  7.0287512e-10  1.0001043e-02  1.1020626e-01
 5.7896078e-02  6.6274913e-05  2.0981644e-05  3.7668041e+00  2.9946846e-09  1.0849987e-02  1.1149311e-01
 5.9119731e-02  1.0767250e-04  4.7622656e-05  1.0443957e+00  9.3063225e-02  3.6823189e-02  4.9351383e-10
 5.9193274e-02  8.9550875e-05  3.7513287e-05  9.6674226e-01  9.5291886e-02  3.8635148e-02  3.6323437e-09
 5.7858649e-02  6.6675027e-05  2.2371192e-05  3.9170365e+00  6.1726226e-10  9.9874508e-03  1.1017898e-01
 5.7894206e-02  6.5906797e-05  2.0272239e-05  3.7741803e+00  1.4558841e-10  1.0838856e-02  1.1146479e-01
 5.9115688e-02  1.0805794e-04  5.1848994e-05  1.0488413e+00  9.3023961e-02  3.6796888e-02  1.1713450e-10
 5.9189737e-02  9.0634275e-05  3.6823438e-05  9.7034191e-01  9.5244886e-02  3.8608889e-02  1.1773365e-10
 5.7215545e-02  1.1972160e-04  5.5183990e-05  7.6525557e+00  2.8166098e-03  2.5620188e-02  7.8184557e-02
 5.7255355e-02  9.2073387e-05  4.1550430e-05  7.3429251e+00  2.7261038e-03  2.6660844e-02  7.9774208e-02
 5.7212802e-02  1.2665544e-04  6.2943480e-05  7.6743504e+00  7.8167743e-02  2.5601126e-02  2.8180048e-03
 5.7253059e-02  9.3158923e-05  4.3900505e-05  7.3604399e+00  7.9750644e-02  2.6646954e-02  2.7293023e-03
 5.7302608e-02  8.2332832e-05  4.1127576e-05  6.9914045e+00  1.1427988e-02  4.7013720e-02  4.7013848e-02
 5.7334346e-02  6.6022723e-05  2.7942833e-05  6.7646719e+00  1.0869249e-02  4.8303239e-02  4.8303208e-02
 5.5867576e-02  5.6663070e-05  2.6693890e-05  3.0220647e+01  5.7013063e-02  1.3476808e-02  1.3476838e-02
 5.5885406e-02  5.5295740e-05  2.5991710e-05  2.9691415e+01  5.8183136e-02  1.3522935e-02  1.3522927e-02
 5.8102634e-02  5.3616936e-05  2.5959899e-05  3.0350082e+00  2.3304689e-02  6.9307260e-02  2.3321816e-02
 5.8133662e-02  5.4829437e-05  2.4432673e-05  2.9380330e+00  2.3185901e-02  7.1444964e-02  2.3179453e-02
 5.5221215e-02  4.1546998e-05  2.5154144e-05  5.6374814e+01  3.3661918e-02  3.6873343e-03  3.3663460e-02
 5.5239553e-02  4.3692136e-05  2.6786082e-05  5.5417328e+01  3.4411979e-02  3.5542954e-03  3.4412000e-02
 5.5367144e-02  1.4278303e-04  6.7615821e-05  4.9139153e+01  1.4150161e-02  2.0748630e-10  6.1173041e-02
 5.5386381e-02  1.5868176e-04  7.4575408e-05  4.8249068e+01  1.4735701e-02  1.2507938e-10  6.2004867e-02
 5.4860325e-02  2.3574069e-05  1.5854238e-05  7.8264029e+01  5.2615584e-07  5.7164420e-07  6.6045042e-02
 5.4860380e-02  2.1964731e-05  1.4246999e-05  7.8260260e+01  4.4002852e-07  4.8209123e-07  6.6047716e-02
 5.9159525e-02  1.4368490e-04  4.3500636e-05  1.0016349e+00  2.0220959e-03  2.0290399e-03  1.3620441e-01
 5.9189476e-02  1.2636054e-04  3.4664056e-05  9.7060772e-01  2.3208893e-03  2.3229212e-03  1.3726552e-01
 5.6288248e-02  3.6137043e-05  2.1953266e-05  1.9826427e+01  3.0528799e-03  3.0440099e-03  8.8885989e-02
 5.6305623e-02  3.2926498e-05  2.0277810e-05  1.9480676e+01  3.2438759e-03  3.2403306e-03  8.9696712e-02
 5.8973587e-02  2.5112535e-05  1.8350214e-05  1.2176671e+00  6.1803786e-02  6.1807146e-02  2.2708456e-03
 5.9046289e-02  3.9636361e-05  2.6346827e-05  1.1281544e+00  6.3877594e-02  6.3882233e-02  2.1244473e-03
 5.8284179e-02  2.3943667e-05  1.5685890e-05  2.5096134e+00  9.6809792e-03  9.6942245e-03  1.0396063e-01
 5.8325602e-02  2.0467282e-05  1.3024976e-05  2.4030329e+00  9.9892065e-03  9.9916370e-03  1.0581031e-01
 5.8284174e-02  2.1579446e-05  1.5011174e-05  2.5096257e+00  9.6943154e-03  9.6808980e-03  1.0396046e-01
 5.8325601e-02  2.1885431e-05  1.4163647e-05  2.4030352e+00  9.9916008e-03  9.9892439e-03  1.0581028e-01
 5.6839695e-02  3.0183782e-05  1.6575117e-05  1.1285927e+01  4.9884506e-02  4.9884462e-02  1.9587973e-14
 5.6883697e-02  2.4631554e-05  1.3261708e-05  1.0785716e+01  5.1308720e-02  5.1308678e-02  2.2361593e-15
 5.8102636e-02  5.3949009e-05  2.4225940e-05  3.0350025e+00  2.3304694e-02  2.3321732e-02  6.9307279e-02
 5.8133662e-02  5.3683583e-05  2.4679300e-05  2.9380320e+00  2.3185902e-02  2.3179498e-02  7.1444980e-02
 5.5221214e-02  4.4602381e-05  2.7955260e-05  5.6374884e+01  3.3661981e-02  3.3663447e-02  3.6873350e-03
 5.5239554e-02  4.3187911e-05  2.6708373e-05  5.5417280e+01  3.4411914e-02  3.4411973e-02  3.5542982e-03
 5.8635298e-02  1.1714370e-04  3.3889932e-05  1.7367654e+00  3.9199220e-02  4.0567077e-02  4.0576174e-02
 5.8635532e-02  1.1956282e-04  3.6805301e-05  1.7363383e+00  4.1036060e-02  3.9655723e-02  3.9646761e-02
 5.4288384e-02  8.8585482e-05  5.6555770e-05  1.2555774e+02  1.6544429e-02  1.6833785e-02  1.6836941e-02
 5.4288480e-02  8.5854226e-05  5.3436606e-05  1.2554859e+02  1.6926191e-02  1.6647059e-02  1.6643953e-02
 5.4155661e-02  9.9078274e-05  6.0630196e-05  1.3856997e+02  4.1544188e-03  4.1627371e-03  3.9187073e-02
 5.4162218e-02  1.0340638e-04  6.3372191e-05  1.3791269e+02  4.2229998e-03  4.2270427e-03  3.9599733e-02
 5.4156361e-02  9.7712087e-05  5.9607058e-05  1.3849972e+02  4.1640457e-03  4.1639585e-03  3.9201814e-02
 5.4162892e-02  1.0706261e-04  6.8186830e-05  1.3784517e+02  4.2328571e-03  4.2328414e-03  3.9606457e-02
 5.5368803e-02  1.4108941e-04  6.7610374e-05  4.9061795e+01  1.4167020e-02  1.1373875e-09  6.1192933e-02
 5.5387792e-02  1.6545484e-04  8.0783379e-05  4.8184329e+01  1.4748022e-02  3.8417745e-09  6.2022445e-02
 5.7215544e-02  1.1048074e-04  5.0947448e-05  7.6525591e+00  2.5620356e-02  2.8166449e-03  7.8184471e-02
 5.7255349e-02  1.0545301e-04  5.3150732e-05  7.3429698e+00  2.6660886e-02  2.7261294e-03  7.9774146e-02
 5.7212804e-02  1.2552820e-04  6.0724234e-05  7.6743411e+00  2.5601254e-02  7.8167905e-02  2.8180447e-03
 5.7253053e-02  9.6005053e-05  4.6819487e-05  7.3604892e+00  2.6647021e-02  7.9750672e-02  2.7293022e-03
 5.5367142e-02  1.4522478e-04  6.9996382e-05  4.9139232e+01  1.4150192e-02  6.1173032e-02  2.0553981e-10
 5.5386381e-02  1.6079669e-04  7.7142414e-05  4.8249048e+01  1.4735666e-02  6.2004853e-02  1.2575435e-10
 5.4155660e-02  9.8575054e-05  5.9727751e-05  1.3857008e+02  4.1544145e-03  3.9187026e-02  4.1627518e-03
 5.4162218e-02  1.0469978e-04  6.5578346e-05  1.3791266e+02  4.2230002e-03  3.9599716e-02  4.2270479e-03
 5.3729284e-02  3.8932718e-05  2.8540800e-05  1.8324957e+02  1.0029630e-09  1.7945100e-02  1.7945163e-02
 5.3735928e-02  4.1969071e-05  3.1614059e-05  1.8254328e+02  2.5408351e-09  1.8232181e-02  1.8232195e-02
 5.3004005e-02  8.2199075e-05  6.6707448e-05  2.4877016e+02  4.9569178e-03  4.9167381e-03  4.9164426e-03
 5.3004006e-02  8.3296400e-05  6.8215111e-05  2.4877012e+02  4.9032306e-03  4.9432812e-03  4.9436089e-03
 5.3729286e-02  3.8941405e-05  2.9470459e-05  1.8324937e+02  1.7945208e-02  9.8053813e-10  1.7945154e-02
 5.3735928e-02  4.3004815e-05  3.3576464e-05  1.8254327e+02  1.8232222e-02  2.5134708e-09  1.8232179e-02
 5.5222701e-02  3.7735809e-05  2.3431698e-05  5.6296668e+01  3.3676937e-02  3.6841795e-03  3.3676878e-02
 5.5240711e-02  5.1623010e-05  3.4721560e-05  5.5357364e+01  3.4423104e-02  3.5490209e-03  3.4423045e-02
 5.8100975e-02  5.4711256e-05  2.6233797e-05  3.0402807e+00  2.3307878e-02  6.9309552e-02  2.3307752e-02
 5.8132261e-02  5.6125020e-05  2.7695681e-05  2.9423449e+00  2.3177334e-02  7.1438486e-02  2.3177432e-02
 5.7302610e-02  6.8711430e-05  3.1425997e-05  6.9913861e+00  4.7013835e-02  1.1428056e-02  4.7013776e-02
 5.7334343e-02  7.9105705e-05  4.1703262e-05  6.7646905e+00  4.8303238e-02  1.0869238e-02  4.8303193e-02
 5.5867577e-02  5.5626486e-05  2.5906094e-05  3.0220618e+01  1.3476925e-02  5.7013095e-02  1.3476841e-02
 5.5885402e-02  5.8438150e-05  2.9382327e-05  2.9691532e+01  1.3522893e-02  5.8183156e-02  1.3522962e-02
 5.4155173e-02  1.0129226e-04  6.2858189e-05  1.3861899e+02  4.1568618e-03  3.9182755e-02  4.1568342e-03
 5.4161779e-02  1.0487023e-04  6.6030975e-05  1.3795660e+02  4.2241995e-03  3.9593279e-02  4.2242292e-03
 5.3153797e-02  3.5584823e-05  3.3471414e-05  2.3838312e+02  4.7082173e-08  1.9607928e-02  4.6923661e-08
 5.3153803e-02  3.7243677e-05  3.5236460e-05  2.3838272e+02  3.0609673e-08  1.9608563e-02  3.0538107e-08
 5.3729285e-02  4.2959199e-05  3.3304198e-05  1.8324943e+02  1.7945229e-02  1.7945115e-02  9.8982153e-10
 5.3735928e-02  3.8479007e-05  2.8482539e-05  1.8254327e+02  1.8232212e-02  1.8232142e-02  2.5215674e-09
 5.4156364e-02  1.0353495e-04  6.5527302e-05  1.3849946e+02  3.9201938e-02  4.1639693e-03  4.1639967e-03
 5.4162892e-02  1.0317511e-04  6.5177759e-05  1.3784516e+02  3.9606468e-02  4.2328186e-03  4.2328357e-03
 5.5368806e-02  1.4197130e-04  6.8154699e-05  4.9061680e+01  6.1193048e-02  1.1413132e-09  1.4166936e-02
 5.5387794e-02  1.6625408e-04  8.2188470e-05  4.8184259e+01  6.2022469e-02  3.8254579e-09  1.4747971e-02
 5.7215547e-02  1.0978279e-04  5.0429976e-05  7.6525368e+00  7.8184572e-02  2.8166448e-03  2.5620278e-02
 5.7255352e-02  1.0940163e-04  5.8352262e-05  7.3429496e+00  7.9774157e-02  2.7261349e-03  2.6660804e-02
 5.7212801e-02  1.1616452e-04  5.3393828e-05  7.6743644e+00  2.8180502e-03  7.8167786e-02  2.5601137e-02
 5.7253052e-02  1.0683608e-04  5.2379331e-05  7.3604910e+00  2.7292990e-03  7.9750768e-02  2.6647065e-02
 5.5367140e-02  1.4177426e-04  6.7529791e-05  4.9139318e+01  2.0692962e-10  6.1172914e-02  1.4150135e-02
 5.5386382e-02  1.6352316e-04  7.8783319e-05  4.8249032e+01  1.2615273e-10  6.2004948e-02  1.4735707e-02
 5.4155660e-02  1.0284099e-04  6.4895880e-05  1.3857010e+02  4.1627828e-03  3.9186997e-02  4.1544035e-03
 5.4162218e-02  1.0160429e-04  6.2552348e-05  1.3791264e+02  4.2270424e-03  3.9599718e-02  4.2230326e-03
 5.5222700e-02  4.5624985e-05  3.0049996e-05  5.6296734e+01  3.3676996e-02  3.3676846e-02  3.6841544e-03
 5.5240711e-02  4.3000097e-05  2.5918786e-05  5.5357331e+01  3.4423067e-02  3.4422981e-02  3.5490265e-03
 5.8100974e-02  5.1408855e-05  2.3417328e-05  3.0402840e+00  2.3307859e-02  2.3307623e-02  6.9309623e-02
 5.8132261e-02  5.3706274e-05  2.4519295e-05  2.9423442e+00  2.3177314e-02  2.3177465e-02  7.1438426e-02
 5.5368806e-02  1.5021789e-04  7.4243480e-05  4.9061686e+01  6.1193092e-02  1.4166896e-02  1.1565347e-09
 5.5387795e-02  1.5850819e-04  7.5113142e-05  4.8184225e+01  6.2022442e-02  1.4747922e-02  3.8363355e-09
 5.8977726e-02  2.0913465e-05  1.3542865e-05  1.2123867e+00  2.2739913e-03  6.1845463e-02  6.1845644e-02
 5.9049957e-02  4.1968166e-05  2.6792506e-05  1.1238164e+00  2.1319776e-03  6.3922233e-02  6.3922307e-02
 5.6289155e-02  3.8710539e-05  2.3866513e-05  1.9808216e+01  8.8908233e-02  3.0523383e-03  3.0523674e-03
 5.6306458e-02  3.4477204e-05  2.2938890e-05  1.9464206e+01  8.9707132e-02  3.2494161e-03  3.2494306e-03
 5.9158237e-02  1.4772657e-04  4.9978147e-05  1.0029915e+00  1.3619186e-01  2.0229802e-03  2.0230050e-03
 5.9188470e-02  1.2876648e-04  3.7199331e-05  9.7163414e-01  1.3724905e-01  2.3203142e-03  2.3203051e-03
 5.9119732e-02  9.8741318e-05  4.2793986e-05  1.0443949e+00  5.0851206e-10  9.3062903e-02  3.6823313e-02
 5.9193278e-02  9.1690370e-05  3.6601211e-05  9.6673811e-01  3.6818471e-09  9.5291912e-02  3.8635281e-02
 5.7860849e-02  6.5031424e-05  2.1740263e-05  3.9080443e+00  1.1020635e-01  6.8677327e-10  1.0001085e-02
 5.7896075e-02  7.2565576e-05  2.6419464e-05  3.7668158e+00  1.1149291e-01  2.9372255e-09  1.0850003e-02
 5.9115684e-02  9.3836381e-05  3.9534789e-05  1.0488453e+00  1.0991071e-10  9.3024015e-02  3.6796968e-02
 5.9189726e-02  9.9420612e-05  4.2266852e-05  9.7035229e-01  1.1385737e-10  9.5245102e-02  3.8608973e-02
 5.7858655e-02  6.7907659e-05  2.3809662e-05  3.9170149e+00  1.1017877e-01  6.5492863e-10  9.9874771e-03
 5.7894212e-02  6.8672487e-05  2.2970251e-05  3.7741575e+00  1.1146468e-01  1.3283640e-10  1.0838883e-02
 5.7213347e-02  1.1494236e-04  5.2051796e-05  7.6700151e+00  2.8207324e-03  7.8167055e-02  2.5600802e-02
 5.7253583e-02  1.0582258e-04  4.9633129e-05  7.3564404e+00  2.7311171e-03  7.9751338e-02  2.6650345e-02
 5.7213354e-02  1.1712262e-04  5.4094683e-05  7.6699593e+00  7.8167002e-02  2.8207496e-03  2.5600787e-02
 5.7253587e-02  9.8590984e-05  4.7768216e-05  7.3564053e+00  7.9751269e-02  2.7311004e-03  2.6650372e-02
 5.5868661e-02  5.5461843e-05  2.5565340e-05  3.0188179e+01  1.3487684e-02  5.7015188e-02  1.3471841e-02
 5.5886321e-02  5.7160828e-05  2.7285292e-05  2.9664485e+01  1.3524563e-02  5.8191212e-02  1.3524196e-02
 5.7300522e-02  7.8605066e-05  3.7914654e-05  7.0065620e+00  4.7001833e-02  1.1430314e-02  4.7002608e-02
 5.7332744e-02  6.7835398e-05  3.1283690e-05  6.7759405e+00  4.8288533e-02  1.0873533e-02  4.8294877e-02
 5.7302608e-02  8.4118917e-05  4.1818415e-05  6.9914013e+00  4.7013922e-02  4.7013777e-02  1.1428010e-02
 5.7334346e-02  6.7255396e-05  3.0741147e-05  6.7646737e+00  4.8303184e-02  4.8303115e-02  1.0869267e-02
 5.5867577e-02  5.4961539e-05  2.5334642e-05  3.0220615e+01  1.3476921e-02  1.3476766e-02  5.7013163e-02
 5.5885402e-02  5.5254059e-05  2.5947527e-05  2.9691539e+01  1.3522890e-02  1.3522985e-02  5.8183115e-02
 5.7215547e-02  1.2527326e-04  6.0321372e-05  7.6525378e+00  7.8184642e-02  2.5620229e-02  2.8166252e-03
 5.7255354e-02  9.3772557e-05  4.5186661e-05  7.3429284e+00  7.9774132e-02  2.6660752e-02  2.7261310e-03
 5.7212801e-02  1.1857306e-04  5.4669954e-05  7.6743639e+00  2.8180557e-03  2.5601040e-02  7.8167834e-02
 5.7253053e-02  9.4029861e-05  4.3601354e-05  7.3604834e+00  2.7292853e-03  2.6647057e-02  7.9750714e-02
 5.9119733e-02  1.0033431e-04  4.2153784e-05  1.0443934e+00  5.1063656e-10  3.6823173e-02  9.3063012e-02
 5.9193279e-02  9.0744225e-05  3.6462329e-05  9.6673761e-01  3.6795941e-09  3.8635224e-02  9.5291998e-02
 5.7860850e-02  7.1169788e-05  2.5535304e-05  3.9080414e+00  1.1020637e-01  1.0001050e-02  7.0001331e-10
 5.7896077e-02  6.7135460e-05  2.2205277e-05  3.7668074e+00  1.1149294e-01  1.0849960e-02  2.9450973e-09
 5.9115685e-02  9.6074868e-05  4.0667346e-05  1.0488450e+00  1.0808722e-10  3.6796852e-02  9.3024015e-02
 5.9189729e-02  8.8588038e-05  3.4718107e-05  9.7034993e-01  1.1868935e-10  3.8608930e-02  9.5245048e-02
 5.7858653e-02  7.0708426e-05  2.6737334e-05  3.9170220e+00  1.1017882e-01  9.9874669e-03  6.4724088e-10
 5.7894214e-02  6.7091740e-05  2.1561002e-05  3.7741506e+00  1.1146461e-01  1.0838850e-02  1.3577426e-10
 5.8977647e-02  2.2286327e-05  1.4856731e-05  1.2124877e+00  2.2694413e-03  6.1831098e-02  6.1831230e-02
 5.9049772e-02  4.2073321e-05  2.6306796e-05  1.1240349e+00  2.1206181e-03  6.3910475e-02  6.3910528e-02
 5.9160513e-02  1.4294740e-04  4.5231046e-05  1.0005955e+00  1.3622882e-01  2.0273490e-03  2.0273761e-03
 5.9190396e-02  1.3334284e-04  4.1498640e-05  9.6966966e-01  1.3728261e-01  2.3268822e-03  2.3268886e-03
 5.6287297e-02  4.0979282e-05  2.5995185e-05  1.9845518e+01  8.8880050e-02  3.0456291e-03  3.0456457e-03
 5.6304816e-02  3.2381094e-05  2.0042575e-05  1.9496608e+01  8.9687063e-02  3.2406204e-03  3.2406101e-03
 5.5367144e-02  1.4426938e-04  6.9807467e-05  4.9139137e+01  6.1172876e-02  2.1290126e-10  1.4150146e-02
 5.5386385e-02  1.5920526e-04  7.5023549e-05  4.8248863e+01  6.2004943e-02  1.2039502e-10  1.4735700e-02
 5.8102632e-02  5.3069786e-05  2.4040521e-05  3.0350130e+00  2.3321857e-02  6.9307201e-02  2.3304644e-02
 5.8133661e-02  5.5259389e-05  2.5309014e-05  2.9380344e+00  2.3179460e-02  7.1444957e-02  2.3185914e-02
 5.5221216e-02  4.2099479e-05  2.6298515e-05  5.6374765e+01  3.3663405e-02  3.6873485e-03  3.3661985e-02
 5.5239553e-02  4.3301275e-05  2.6532583e-05  5.5417323e+01  3.4412068e-02  3.5542816e-03  3.4411925e-02
 5.4155173e-02  1.0390286e-04  6.5558426e-05  1.3861894e+02  4.1568683e-03  4.1568142e-03  3.9182795e-02
 5.4161779e-02  9.9075898e-05  6.0246209e-05  1.3795661e+02  4.2241975e-03  4.2242398e-03  3.9593277e-02
 5.5367141e-02  1.4559546e-04  7.1009676e-05  4.9139289e+01  2.0343577e-10  1.4150103e-02  6.1172964e-02
 5.5386383e-02  1.5691624e-04  7.3519472e-05  4.8248982e+01  1.2842597e-10  1.4735702e-02  6.2004930e-02
 5.7213348e-02  1.2005890e-04  5.5895621e-05  7.6700112e+00  2.8207165e-03  2.5600744e-02  7.8167089e-02
 5.7253585e-02  9.4395585e-05  4.3554758e-05  7.3564213e+00  2.7311348e-03  2.6650324e-02  7.9751307e-02
 5.7213352e-02  1.2920464e-04  6.6484324e-05  7.6699768e+00  7.8167096e-02  2.5600767e-02  2.8207439e-03
 5.7253590e-02  9.5058468e-05  4.5406228e-05  7.3563842e+00  7.9751176e-02  2.6650326e-02  2.7311161e-03
 5.5367143e-02  1.4819409e-04  7.4102173e-05  4.9139175e+01  6.1172940e-02  1.4150146e-02  2.1114130e-10
 5.5386387e-02  1.5884003e-04  7.5266719e-05  4.8248807e+01  6.2004878e-02  1.4735676e-02  1.2289592e-10
 5.4155173e-02  1.0417733e-04  6.6213207e-05  1.3861893e+02  3.9182733e-02  4.1568321e-03  4.1568435e-03
 5.4161782e-02  1.0046696e-04  6.0905002e-05  1.3795630e+02  3.9593307e-02  4.2242335e-03  4.2242243e-03
 5.3728405e-02  4.1005270e-05  3.0664438e-05  1.8334296e+02  1.7933057e-02  1.3504610e-16  1.7933088e-02
 5.3735163e-02  3.8806274e-05  2.9002337e-05  1.8262460e+02  1.8222867e-02  3.8554460e-15  1.8222845e-02
 5.3153798e-02  3.7689318e-05  3.5716125e-05  2.3838308e+02  4.1079019e-08  5.2552090e-08  1.9607947e-02
 5.3153803e-02  3.5270853e-05  3.3194076e-05  2.3838271e+02  2.5822050e-08  3.5144080e-08  1.9608588e-02
 5.4155661e-02  1.0130441e-04  6.4517421e-05  1.3857001e+02  4.1627722e-03  4.1544142e-03  3.9187025e-02
 5.4162219e-02  1.0290377e-04  6.4073369e-05  1.3791257e+02  4.2270450e-03  4.2230277e-03  3.9599757e-02
 5.5868663e-02  5.3913187e-05  2.5060175e-05  3.0188140e+01  1.3487666e-02  1.3471834e-02  5.7015206e-02
 5.5886322e-02  5.7737129e-05  2.8414673e-05  2.9664457e+01  1.3524570e-02  1.3524193e-02  5.8191252e-02
 5.7300521e-02  9.2453174e-05  5.0727365e-05  7.0065731e+00  4.7001919e-02  4.7002591e-02  1.1430326e-02
 5.7332747e-02  6.6806088e-05  3.2545317e-05  6.7759226e+00  4.8288470e-02  4.8294836e-02  1.0873563e-02
 5.8102633e-02  5.1195131e-05  2.3145815e-05  3.0350100e+00  2.3321864e-02  2.3304580e-02  6.9307189e-02
 5.8133663e-02  5.5726318e-05  2.7123738e-05  2.9380299e+00  2.3179442e-02  2.3185947e-02  7.1444989e-02
 5.5221215e-02  4.5821861e-05  3.0016478e-05  5.6374808e+01  3.3663471e-02  3.3661967e-02  3.6873524e-03
 5.5239555e-02  4.3831679e-05  2.7997011e-05  5.5417249e+01  3.4412003e-02  3.4411906e-02  3.5542937e-03
 5.3728405e-02  4.1484893e-05  3.1297283e-05  1.8334302e+02  1.7933084e-02  1.7933078e-02  2.6864382e-16
 5.3735164e-02  3.9818134e-05  2.9998084e-05  1.8262453e+02  1.8222834e-02  1.8222834e-02  1.6898022e-15
 5.3003600e-02  8.3215730e-05  6.7986140e-05  2.4879499e+02  4.8956459e-03  4.9396566e-03  4.9412676e-03
 5.3003613e-02  8.1235552e-05  6.5361216e-05  2.4879419e+02  4.9520026e-03  4.9133789e-03  4.9117846e-03
