E(eV) ImSigma(eV) N_States
 1.4302218e+00  8.3074319e-04 2
 1.4417585e+00  2.2496237e-03 16
 1.4456041e+00  9.9394711e-04 12
 1.4629092e+00  1.1018967e-03 24
 1.4744459e+00  2.7799259e-03 48
 1.4763687e+00  2.3876903e-03 16
 1.4936738e+00  6.2403446e-04 12
 1.5032878e+00  1.1961986e-03 48
 1.5071334e+00  4.1524664e-03 48
 1.5205929e+00  1.5299070e-03 48
 1.5302068e+00  8.6813721e-04 16
 1.5321296e+00  9.6535622e-04 48
 1.5475119e+00  7.3119526e-04 24
 1.5571259e+00  2.9512813e-03 96
 1.5590487e+00  2.1508834e-03 24
 1.5609715e+00  1.9147874e-03 24
 1.5628942e+00  1.6641074e-03 12
 1.5744310e+00  1.8281327e-03 36
 1.5763538e+00  1.8899633e-03 12
 1.5801994e+00  1.4260980e-03 24
 1.5821221e+00  1.5121648e-03 24
 1.5859677e+00  6.1158208e-04 24
 1.5878905e+00  6.1979349e-04 24
 1.5955817e+00  3.2172454e-03 16
 1.6051956e+00  5.6090584e-04 24
 1.6071184e+00  1.2174865e-03 24
 1.6090412e+00  3.2255251e-03 48
 1.6109640e+00  3.0764844e-03 48
