E(Har) ImSigma_kn(Har) ImSigma_Flip
 5.2551487e-02  3.0598730e-05  2.0372572e-05
 5.2551487e-02  3.0459771e-05  2.0285186e-05
 5.3003600e-02  8.4009412e-05  4.0392124e-05
 5.3003613e-02  8.1945284e-05  3.7928625e-05
 5.4288385e-02  9.0416916e-05  4.8203510e-05
 5.4288481e-02  8.6083925e-05  4.3615703e-05
 5.8635300e-02  1.2033993e-04  6.0554903e-05
 5.8635534e-02  1.1887794e-04  5.8425583e-05
 5.6231997e-02  3.4886427e-05  2.2025306e-05
 5.6232200e-02  2.8775843e-05  1.8288953e-05
 5.6231997e-02  3.4881986e-05  2.4554938e-05
 5.6232200e-02  3.2531303e-05  2.2953317e-05
 5.8635300e-02  1.1888361e-04  5.9790948e-05
 5.8635533e-02  1.1766862e-04  5.6052158e-05
 5.4288385e-02  8.8738560e-05  4.5884846e-05
 5.4288481e-02  8.9126301e-05  4.8179161e-05
 5.3003600e-02  8.2799876e-05  3.8437227e-05
 5.3003613e-02  8.3715890e-05  4.0651201e-05
 5.3003600e-02  8.1384996e-05  3.8400038e-05
 5.3003613e-02  8.4141677e-05  4.0756099e-05
 5.3153798e-02  3.6291603e-05  5.8997923e-06
 5.3153804e-02  3.7304934e-05  5.7434760e-06
 5.4155662e-02  9.8962282e-05  6.1770767e-05
 5.4162221e-02  1.0700241e-04  6.7353556e-05
 5.5868665e-02  5.2902556e-05  3.1860619e-05
 5.5886325e-02  6.0398251e-05  3.8407494e-05
 5.7300518e-02  7.8233890e-05  5.3593423e-05
 5.7332745e-02  7.7102910e-05  5.9060742e-05
 5.8102637e-02  5.1244124e-05  3.6781527e-05
 5.8133666e-02  5.7747685e-05  3.9386898e-05
 5.5221213e-02  4.0360636e-05  2.8037257e-05
 5.5239553e-02  4.9625925e-05  3.7149772e-05
 5.3728404e-02  3.9407101e-05  2.7234086e-05
 5.3735163e-02  4.2159208e-05  2.9974772e-05
 5.4288385e-02  8.5960904e-05  4.9605653e-05
 5.4288480e-02  8.9434824e-05  5.2403548e-05
 5.8635300e-02  1.1791235e-04  4.6802342e-05
 5.8635532e-02  1.1720835e-04  5.2573690e-05
 5.4155663e-02  1.0440604e-04  6.7076065e-05
 5.4162220e-02  1.0139212e-04  6.2874345e-05
 5.4860326e-02  2.2812774e-05  1.2627773e-05
 5.4860385e-02  2.3606927e-05  1.5077627e-05
 5.6288252e-02  3.4776048e-05  2.6493668e-05
 5.6305627e-02  3.8448186e-05  2.8626918e-05
 5.8973584e-02  1.9114538e-05  1.2216387e-05
 5.9046284e-02  4.9005516e-05  3.5165332e-05
 5.9159528e-02  1.4085744e-04  9.8174526e-05
 5.9189480e-02  1.3288349e-04  8.9776675e-05
 5.8284180e-02  2.1636341e-05  1.8411479e-05
 5.8325606e-02  2.4922453e-05  1.9771761e-05
 5.6839692e-02  2.7663107e-05  1.4837195e-05
 5.6883694e-02  2.6772697e-05  1.6435967e-05
 5.8284183e-02  2.2908371e-05  1.8616544e-05
 5.8325605e-02  2.2728446e-05  1.9884537e-05
 5.5221212e-02  3.9499525e-05  2.6343923e-05
 5.5239553e-02  4.9505427e-05  3.4780661e-05
 5.8102638e-02  5.2087127e-05  3.6341701e-05
 5.8133664e-02  5.4980906e-05  4.0039436e-05
 5.6231997e-02  2.9862947e-05  1.2788811e-05
 5.6232199e-02  3.4216852e-05  1.5525938e-05
 5.6231997e-02  3.2566134e-05  1.4288529e-05
 5.6232199e-02  2.9813188e-05  1.3389756e-05
 5.5868666e-02  5.7335637e-05  3.5825194e-05
 5.5886323e-02  5.6375695e-05  3.7385453e-05
 5.7300517e-02  7.9777356e-05  5.5168829e-05
 5.7332743e-02  6.6258273e-05  4.3702494e-05
 5.6288253e-02  4.1115372e-05  3.1168169e-05
 5.6305626e-02  3.2944376e-05  2.4110610e-05
 5.8973583e-02  2.0400598e-05  1.2610767e-05
 5.9046283e-02  3.9591417e-05  2.6579189e-05
 5.9159526e-02  1.4557815e-04  1.0350784e-04
 5.9189481e-02  1.3236901e-04  8.7689623e-05
 5.7437770e-02  6.2000458e-05  3.7756034e-05
 5.7437917e-02  6.1751747e-05  3.9923454e-05
 5.7437770e-02  6.4165483e-05  4.4462295e-05
 5.7437918e-02  5.9688092e-05  3.8604832e-05
 5.9159526e-02  1.3918809e-04  9.5636990e-05
 5.9189481e-02  1.3700049e-04  8.8382059e-05
 5.8973583e-02  1.8694532e-05  1.1572561e-05
 5.9046283e-02  4.8479411e-05  3.2802052e-05
 5.6288253e-02  3.6914713e-05  2.5205466e-05
 5.6305626e-02  3.5636043e-05  2.5628400e-05
 5.7300517e-02  7.5209922e-05  5.0795099e-05
 5.7332743e-02  7.4745499e-05  5.1340831e-05
 5.5868666e-02  5.3919840e-05  3.1831369e-05
 5.5886323e-02  5.8213544e-05  3.8721193e-05
 5.8635300e-02  1.1733797e-04  4.3475787e-05
 5.8635532e-02  1.1951958e-04  5.0289130e-05
 5.4288385e-02  8.9198555e-05  5.2652342e-05
 5.4288480e-02  8.5738077e-05  5.0035405e-05
 5.8102638e-02  5.5294960e-05  3.9629614e-05
 5.8133664e-02  5.4311832e-05  4.0153855e-05
 5.5221212e-02  4.3340155e-05  3.0104541e-05
 5.5239553e-02  4.3151884e-05  2.9901000e-05
 5.8284183e-02  2.5834843e-05  2.1137353e-05
 5.8325605e-02  2.2081773e-05  1.9269393e-05
 5.6839692e-02  2.8575762e-05  1.5798039e-05
 5.6883694e-02  2.4480604e-05  1.4051396e-05
 5.8284180e-02  2.5764249e-05  2.0793150e-05
 5.8325606e-02  2.3120705e-05  2.0178350e-05
 5.9159529e-02  1.4695735e-04  1.0067684e-04
 5.9189480e-02  1.3047071e-04  8.6308476e-05
 5.8973583e-02  2.1274398e-05  1.2722563e-05
 5.9046284e-02  3.9496153e-05  2.6596778e-05
 5.6288252e-02  3.9990043e-05  2.8522404e-05
 5.6305627e-02  3.3900218e-05  2.3818620e-05
 5.4860326e-02  2.4197023e-05  1.3578286e-05
 5.4860385e-02  2.2204600e-05  1.0516471e-05
 5.4155663e-02  1.0057835e-04  6.3077818e-05
 5.4162220e-02  1.0418875e-04  6.7079893e-05
 5.3003600e-02  8.4017557e-05  3.8381917e-05
 5.3003613e-02  8.1250930e-05  3.6017641e-05
 5.3728404e-02  4.1896201e-05  2.8630513e-05
 5.3735163e-02  3.9338718e-05  2.6581378e-05
 5.5221213e-02  4.4801773e-05  3.0924746e-05
 5.5239553e-02  4.2789203e-05  3.0062975e-05
 5.8102637e-02  5.6534659e-05  3.9333742e-05
 5.8133665e-02  5.5475330e-05  3.8680251e-05
 5.7300517e-02  8.4102911e-05  5.5384242e-05
 5.7332745e-02  6.4424037e-05  4.2086083e-05
 5.5868666e-02  5.8055576e-05  3.4874765e-05
 5.5886325e-02  5.7650002e-05  3.6505536e-05
 5.4155663e-02  1.0431165e-04  6.5148892e-05
 5.4162221e-02  1.0249610e-04  6.2063781e-05
 5.3153798e-02  3.7637720e-05  4.2002993e-06
 5.3153804e-02  3.5897146e-05  4.0815055e-06
 5.3004005e-02  8.3063327e-05  2.8244059e-05
 5.3004006e-02  8.2058437e-05  2.8789632e-05
 5.3153797e-02  3.7450457e-05  3.5263568e-06
 5.3153803e-02  3.5205985e-05  3.7175015e-06
 5.4155173e-02  1.0440819e-04  5.2912398e-05
 5.4161779e-02  9.9393852e-05  4.5908529e-05
 5.5867577e-02  5.6475766e-05  2.8434014e-05
 5.5885402e-02  5.4602067e-05  2.9072747e-05
 5.7302610e-02  7.9215322e-05  5.2350888e-05
 5.7334343e-02  7.5478072e-05  4.8077568e-05
 5.8100975e-02  5.4244562e-05  3.0488148e-05
 5.8132261e-02  5.2087011e-05  3.0645898e-05
 5.5222701e-02  4.3583681e-05  2.7524078e-05
 5.5240711e-02  4.6820739e-05  2.9778985e-05
 5.3729286e-02  4.1705351e-05  2.5473437e-05
 5.3735928e-02  4.0151462e-05  2.3582229e-05
 5.3153798e-02  3.5166708e-05  3.6604767e-06
 5.3153803e-02  3.7579386e-05  3.5190685e-06
 5.3003600e-02  8.1333134e-05  1.9382633e-05
 5.3003612e-02  8.3087094e-05  2.1527319e-05
 5.3728405e-02  4.0265564e-05  2.2887652e-05
 5.3735163e-02  4.0416764e-05  2.3707258e-05
 5.5221215e-02  4.2287147e-05  1.9017287e-05
 5.5239554e-02  4.4862364e-05  2.1691547e-05
 5.8102633e-02  5.0947157e-05  2.3350730e-05
 5.8133663e-02  6.0048567e-05  2.7266324e-05
 5.7300521e-02  8.1524741e-05  3.5824570e-05
 5.7332746e-02  6.7693155e-05  2.8462228e-05
 5.5868663e-02  5.3188228e-05  2.0311578e-05
 5.5886322e-02  6.0763229e-05  2.3435606e-05
 5.4155661e-02  1.0051528e-04  4.0426586e-05
 5.4162219e-02  1.0503499e-04  4.2916840e-05
 5.4155173e-02  9.6868505e-05  3.6556104e-05
 5.4161779e-02  1.0684354e-04  4.2203358e-05
 5.3728405e-02  3.8725901e-05  1.8160347e-05
 5.3735163e-02  4.1547446e-05  2.0967594e-05
 5.4155173e-02  9.9728283e-05  4.9848208e-05
 5.4161782e-02  1.0462544e-04  5.3326780e-05
 5.5367143e-02  1.4295671e-04  7.2267319e-05
 5.5386387e-02  1.6238334e-04  8.2115229e-05
 5.7213352e-02  1.1873236e-04  5.3351770e-05
 5.7253590e-02  1.0135601e-04  4.6575378e-05
 5.7213348e-02  1.1393079e-04  5.0793209e-05
 5.7253585e-02  1.0831435e-04  5.2215227e-05
 5.5367141e-02  1.3978563e-04  5.8364098e-05
 5.5386383e-02  1.6482659e-04  7.0226655e-05
 5.5867577e-02  5.1516025e-05  1.9354741e-05
 5.5885402e-02  6.0560675e-05  2.3730188e-05
 5.7302608e-02  7.4791845e-05  3.2862180e-05
 5.7334346e-02  7.0528587e-05  2.9123463e-05
 5.5221216e-02  4.0623052e-05  2.0581153e-05
 5.5239553e-02  4.7339123e-05  2.7371513e-05
 5.8102632e-02  5.0054486e-05  2.9162567e-05
 5.8133661e-02  5.5018611e-05  3.3757240e-05
 5.5367144e-02  1.4299950e-04  9.5957909e-05
 5.5386385e-02  1.6176934e-04  1.1399580e-04
 5.6287297e-02  3.6638469e-05  1.7070619e-05
 5.6304815e-02  3.6104195e-05  2.3415437e-05
 5.9160514e-02  1.3494523e-04  9.2332100e-05
 5.9190396e-02  1.3802386e-04  9.6439463e-05
 5.8977647e-02  1.9039203e-05  1.3022601e-05
 5.9049772e-02  4.8031298e-05  3.1586591e-05
 5.7858653e-02  6.6167963e-05  3.0792297e-05
 5.7894214e-02  7.0841436e-05  3.4149886e-05
 5.9115685e-02  9.2222657e-05  3.7029254e-05
 5.9189729e-02  1.0034688e-04  4.7190337e-05
 5.7860850e-02  6.4599589e-05  2.5647964e-05
 5.7896077e-02  7.1715224e-05  2.9502819e-05
 5.9119733e-02  9.2205281e-05  3.7487621e-05
 5.9193279e-02  9.5643290e-05  4.0257500e-05
 5.7212801e-02  1.1192904e-04  4.9462689e-05
 5.7253053e-02  1.0831653e-04  5.1648860e-05
 5.7215547e-02  1.1388145e-04  5.2042920e-05
 5.7255354e-02  9.9919792e-05  4.8327734e-05
 5.8100974e-02  4.9816928e-05  2.2518144e-05
 5.8132261e-02  5.8244803e-05  2.7021578e-05
 5.5222700e-02  3.9083931e-05  1.7212533e-05
 5.5240711e-02  4.8365045e-05  2.2341578e-05
 5.7300522e-02  7.9829628e-05  4.4228214e-05
 5.7332744e-02  7.1618809e-05  4.2730388e-05
 5.5868661e-02  5.1922117e-05  2.4029542e-05
 5.5886322e-02  5.8675360e-05  3.2064678e-05
 5.7213354e-02  1.2060739e-04  8.0410939e-05
 5.7253587e-02  1.0036263e-04  7.2837888e-05
 5.7213347e-02  1.1728096e-04  7.8305000e-05
 5.7253583e-02  9.4604863e-05  6.6623250e-05
 5.7858655e-02  6.6964220e-05  3.9987084e-05
 5.7894212e-02  7.0102274e-05  4.6864101e-05
 5.9115684e-02  9.5395859e-05  5.4881435e-05
 5.9189726e-02  8.8212552e-05  5.5943700e-05
 5.7860849e-02  6.5510575e-05  3.5877394e-05
 5.7896075e-02  7.1770132e-05  4.3402029e-05
 5.9119732e-02  9.4927768e-05  5.7617564e-05
 5.9193278e-02  9.5689726e-05  6.0099014e-05
 5.9158237e-02  1.4071453e-04  8.7585899e-05
 5.9188470e-02  1.3509313e-04  8.6439054e-05
 5.6289155e-02  3.3846300e-05  1.5799745e-05
 5.6306458e-02  3.8045163e-05  2.3997310e-05
 5.8977726e-02  1.9187221e-05  1.2645085e-05
 5.9049957e-02  4.8123554e-05  3.0335330e-05
 5.5368806e-02  1.4102535e-04  7.5295749e-05
 5.5387795e-02  1.6500223e-04  8.7518565e-05
 5.3729285e-02  3.8208984e-05  1.8775238e-05
 5.3735928e-02  4.2579628e-05  2.1248256e-05
 5.4155660e-02  9.7157484e-05  4.8219524e-05
 5.4162218e-02  1.0541533e-04  5.4482326e-05
 5.5367140e-02  1.4467623e-04  1.0326868e-04
 5.5386382e-02  1.5776330e-04  1.1425652e-04
 5.7212801e-02  1.2129466e-04  8.0394328e-05
 5.7253052e-02  9.2027840e-05  6.1661318e-05
 5.7215547e-02  1.1813066e-04  8.1678028e-05
 5.7255352e-02  1.0527612e-04  7.9499299e-05
 5.5368806e-02  1.4465153e-04  1.0238289e-04
 5.5387794e-02  1.6426872e-04  1.1903592e-04
 5.4156364e-02  9.9135523e-05  3.9591697e-05
 5.4162892e-02  1.0640142e-04  4.5900685e-05
 5.4289717e-02  8.6890150e-05  3.9356309e-05
 5.4289720e-02  8.7639024e-05  3.8208733e-05
 5.8637446e-02  1.1771348e-04  9.8278045e-05
 5.8637454e-02  1.1775685e-04  9.7741351e-05
 5.4156360e-02  9.7157553e-05  3.9365900e-05
 5.4162892e-02  1.0558328e-04  4.5377167e-05
 5.4860325e-02  2.3459366e-05  1.1626365e-05
 5.4860379e-02  2.2056393e-05  1.0228662e-05
 5.6287295e-02  3.8939415e-05  1.6371369e-05
 5.6304806e-02  3.0841540e-05  1.2359609e-05
 5.8977645e-02  2.0528654e-05  1.2204468e-05
 5.9049759e-02  5.0459241e-05  3.2305938e-05
 5.9160505e-02  1.4280665e-04  9.3074662e-05
 5.9190398e-02  1.3055484e-04  8.1286987e-05
 5.8282188e-02  2.4278865e-05  1.5719161e-05
 5.8323863e-02  1.9905453e-05  1.3697572e-05
 5.6842807e-02  2.8115134e-05  1.2109326e-05
 5.6886322e-02  2.6333032e-05  1.2022658e-05
 5.8285635e-02  2.4777554e-05  2.0010874e-05
 5.8327060e-02  2.1838662e-05  1.7161200e-05
 5.5223331e-02  4.2659035e-05  2.6576502e-05
 5.5241421e-02  4.6013297e-05  2.7377267e-05
 5.8104299e-02  5.5186008e-05  3.6728626e-05
 5.8135362e-02  5.4051185e-05  3.4438052e-05
 5.4156361e-02  1.0375810e-04  3.2427230e-05
 5.4162892e-02  9.9403155e-05  3.2293300e-05
 5.3729284e-02  4.1188239e-05  1.4667132e-05
 5.3735928e-02  3.8863638e-05  1.3612203e-05
 5.4155660e-02  1.0319106e-04  4.6749372e-05
 5.4162218e-02  9.9189309e-05  4.4089167e-05
 5.5367142e-02  1.4481068e-04  6.2879707e-05
 5.5386381e-02  1.5902582e-04  6.9831725e-05
 5.7212804e-02  1.2038041e-04  4.5421978e-05
 5.7253052e-02  9.5955108e-05  3.9012108e-05
 5.7215544e-02  1.1448327e-04  4.5230770e-05
 5.7255349e-02  1.0400372e-04  4.3016987e-05
 5.5368803e-02  1.4528126e-04  5.2732658e-05
 5.5387793e-02  1.6124125e-04  5.7719676e-05
 5.4860325e-02  2.1957342e-05  6.8649141e-06
 5.4860380e-02  2.3524607e-05  7.5442199e-06
 5.4155661e-02  9.9843417e-05  2.8909774e-05
 5.4162218e-02  1.0195117e-04  3.0735967e-05
 5.4288384e-02  8.5945056e-05  2.7919584e-05
 5.4288480e-02  8.8532308e-05  3.1121985e-05
 5.8635298e-02  1.1938826e-04  5.6841492e-05
 5.8635532e-02  1.1720708e-04  5.3137414e-05
 5.5221214e-02  4.1517783e-05  1.8945999e-05
 5.5239554e-02  4.5966745e-05  2.1788269e-05
 5.8102636e-02  4.9342744e-05  2.5290897e-05
 5.8133662e-02  5.7072387e-05  2.9115060e-05
 5.6839695e-02  2.8287029e-05  8.1460964e-06
 5.6883697e-02  2.5666324e-05  8.3043648e-06
 5.8284174e-02  2.0484754e-05  8.0338719e-06
 5.8325601e-02  2.5516348e-05  1.0090437e-05
 5.8284179e-02  1.9359581e-05  8.0230517e-06
 5.8325602e-02  2.3374422e-05  1.0091307e-05
 5.8973588e-02  2.1260161e-05  6.0650826e-06
 5.9046289e-02  4.3009437e-05  1.6941696e-05
 5.6288248e-02  3.4668174e-05  1.1044544e-05
 5.6305623e-02  3.6106944e-05  1.2807302e-05
 5.9159525e-02  1.3347681e-04  2.8840139e-05
 5.9189476e-02  1.3130671e-04  3.0065062e-05
 5.6287296e-02  3.2735283e-05  9.5215037e-06
 5.6304808e-02  3.7188766e-05  1.3662046e-05
 5.8977643e-02  2.0046308e-05  5.9857568e-06
 5.9049767e-02  4.4188452e-05  1.6930597e-05
 5.9160507e-02  1.3575759e-04  2.9760014e-05
 5.9190396e-02  1.3122823e-04  2.9524057e-05
 5.5367144e-02  1.3984548e-04  4.6245673e-05
 5.5386381e-02  1.6259604e-04  5.7003642e-05
 5.5221215e-02  3.9541683e-05  1.6596235e-05
 5.5239553e-02  4.7334605e-05  2.4356750e-05
 5.8102634e-02  5.3055198e-05  3.1873049e-05
 5.8133662e-02  5.4663291e-05  3.1979501e-05
 5.5867576e-02  5.3139130e-05  2.5344792e-05
 5.5885406e-02  5.9298341e-05  3.3151386e-05
 5.7302608e-02  7.2939138e-05  4.6667465e-05
 5.7334346e-02  7.3468501e-05  4.3258906e-05
 5.7212803e-02  1.1791416e-04  4.9499656e-05
 5.7253059e-02  1.0338612e-04  4.8644618e-05
 5.7215545e-02  1.1016956e-04  4.8449465e-05
 5.7255355e-02  1.0336535e-04  4.4085348e-05
 5.9115688e-02  9.8688386e-05  3.0133134e-05
 5.9189736e-02  9.6412350e-05  3.0789202e-05
 5.7858649e-02  6.3265261e-05  1.3875886e-05
 5.7894206e-02  7.2160962e-05  1.7843794e-05
 5.9119731e-02  9.4017674e-05  2.8034890e-05
 5.9193274e-02  9.4296360e-05  3.0231203e-05
 5.7860845e-02  6.4038555e-05  1.2142258e-05
 5.7896078e-02  6.9769468e-05  1.3696078e-05
 5.8282188e-02  2.0309032e-05  7.9457050e-06
 5.8323865e-02  2.4539239e-05  1.0254733e-05
 5.6842805e-02  2.6865177e-05  7.1844483e-06
 5.6886326e-02  2.5845557e-05  7.9250359e-06
 5.8285638e-02  2.0463910e-05  8.1426585e-06
 5.8327056e-02  2.3865046e-05  9.7085280e-06
 5.7212805e-02  1.1481602e-04  3.9434012e-05
 5.7253052e-02  1.0429723e-04  4.0998046e-05
 5.7215542e-02  1.0977366e-04  4.2402564e-05
 5.7255352e-02  1.0057296e-04  4.0639165e-05
 5.6839698e-02  2.7542644e-05  8.9224731e-06
 5.6883695e-02  2.6400583e-05  1.0061045e-05
 5.8284174e-02  1.9337852e-05  1.1933638e-05
 5.8325599e-02  2.2410296e-05  1.6058953e-05
 5.8284177e-02  2.3384138e-05  1.6339247e-05
 5.8325601e-02  2.1940133e-05  1.4032603e-05
 5.7212804e-02  1.1723756e-04  6.7565710e-05
 5.7253057e-02  1.0341143e-04  7.1326702e-05
 5.7215543e-02  1.1344286e-04  7.8590895e-05
 5.7255354e-02  1.0317416e-04  7.1503787e-05
 5.8282187e-02  2.2426486e-05  1.4588206e-05
 5.8323873e-02  2.4182370e-05  1.8458132e-05
 5.8285641e-02  2.0288947e-05  1.1814048e-05
 5.8327054e-02  2.5110632e-05  1.8661332e-05
 5.6842806e-02  2.6963183e-05  8.7958408e-06
 5.6886329e-02  2.6689079e-05  9.7742161e-06
 5.7216047e-02  1.1149568e-04  4.8435593e-05
 5.7255943e-02  1.0128325e-04  4.5795705e-05
 5.7216046e-02  1.1063583e-04  4.9416664e-05
 5.7255946e-02  1.0466405e-04  4.6158198e-05
 5.5223330e-02  3.8097906e-05  1.4447404e-05
 5.5241423e-02  4.8579421e-05  1.9233907e-05
 5.8104301e-02  4.9850085e-05  2.1464930e-05
 5.8135358e-02  5.8829306e-05  2.4488671e-05
 5.5368802e-02  1.3846092e-04  6.0155819e-05
 5.5387794e-02  1.6514932e-04  7.2071726e-05
 5.8973591e-02  2.1003792e-05  1.0823418e-05
 5.9046285e-02  4.5455410e-05  2.7029089e-05
 5.6288247e-02  3.2406626e-05  1.8767628e-05
 5.6305621e-02  3.5138916e-05  2.1848377e-05
 5.9159522e-02  1.4282530e-04  9.2396925e-05
 5.9189475e-02  1.3054638e-04  7.7862785e-05
 5.9115692e-02  9.8102498e-05  5.1381679e-05
 5.9189733e-02  9.6578052e-05  5.9514700e-05
 5.7858649e-02  6.5192813e-05  4.2585660e-05
 5.7894203e-02  6.6777223e-05  4.6899942e-05
 5.9119732e-02  9.4556093e-05  4.9834486e-05
 5.9193265e-02  9.9733605e-05  6.1757749e-05
 5.7860843e-02  6.6341391e-05  3.7564494e-05
 5.7896078e-02  6.9727352e-05  3.9693435e-05
 5.7216048e-02  1.1346739e-04  6.8995828e-05
 5.7255939e-02  1.0529834e-04  6.9946480e-05
 5.7216044e-02  1.1484502e-04  7.7130625e-05
 5.7255947e-02  1.0242633e-04  7.1077100e-05
 5.5870123e-02  5.2771300e-05  2.0827303e-05
 5.5887758e-02  6.0126608e-05  2.7899442e-05
 5.7303484e-02  7.5676642e-05  4.6390519e-05
 5.7335408e-02  7.3994996e-05  4.5986784e-05
 5.6234096e-02  3.0550600e-05  2.3089030e-05
 5.6234102e-02  3.1633619e-05  2.0546480e-05
 5.6234096e-02  3.3956538e-05  2.5262229e-05
 5.6234102e-02  3.1242852e-05  2.4137195e-05
 5.5870118e-02  5.2273321e-05  1.8710886e-05
 5.5887762e-02  5.8712535e-05  2.7483735e-05
 5.7303486e-02  7.3899502e-05  3.8635628e-05
 5.7335399e-02  7.7315905e-05  4.1685252e-05
 5.6289148e-02  3.2596609e-05  9.2964108e-06
 5.6306459e-02  3.5635965e-05  1.5870643e-05
 5.8977722e-02  1.8829416e-05  8.2521302e-06
 5.9049940e-02  5.0210392e-05  2.7116007e-05
 5.9158236e-02  1.4285336e-04  8.8129686e-05
 5.9188456e-02  1.3337391e-04  7.9214991e-05
 5.7437769e-02  6.2154658e-05  3.5679809e-05
 5.7437906e-02  5.8207885e-05  3.1575055e-05
 5.7437769e-02  6.1104149e-05  3.6230190e-05
 5.7437906e-02  6.2279555e-05  3.7819218e-05
 5.9158236e-02  1.4170016e-04  8.1133265e-05
 5.9188456e-02  1.2628523e-04  7.0611847e-05
 5.8977722e-02  1.9691135e-05  1.1173651e-05
 5.9049940e-02  4.8500652e-05  2.5918096e-05
 5.6289148e-02  3.9502258e-05  1.7855745e-05
 5.6306459e-02  3.2226834e-05  1.4114781e-05
 5.7303486e-02  7.5644098e-05  4.5613719e-05
 5.7335399e-02  7.0144498e-05  4.1633287e-05
 5.5870118e-02  5.7610139e-05  2.7045394e-05
 5.5887763e-02  5.6325380e-05  2.3946944e-05
 5.5870120e-02  5.5906554e-05  1.3839918e-05
 5.5887760e-02  5.5381561e-05  1.3167871e-05
 5.7303484e-02  8.9327263e-05  2.9337611e-05
 5.7335405e-02  6.5332086e-05  1.9954202e-05
 5.5223328e-02  4.2512068e-05  1.5781786e-05
 5.5241424e-02  4.3222687e-05  1.6735691e-05
 5.8104303e-02  5.4165630e-05  2.5601858e-05
 5.8135354e-02  5.5484896e-05  2.8096022e-05
 5.5368801e-02  1.4494125e-04  8.3512181e-05
 5.5387795e-02  1.5908471e-04  9.3238286e-05
 5.6288248e-02  3.8047542e-05  1.8407039e-05
 5.6305621e-02  3.1587366e-05  1.4992263e-05
 5.9159520e-02  1.3915925e-04  8.6455942e-05
 5.9189473e-02  1.3452689e-04  8.0772625e-05
 5.8973590e-02  1.8554209e-05  7.8991240e-06
 5.9046285e-02  4.3541750e-05  2.4310987e-05
 5.7858652e-02  6.7228426e-05  2.3002907e-05
 5.7894202e-02  6.7830612e-05  2.4600568e-05
 5.9119729e-02  9.3973218e-05  3.2988292e-05
 5.9193263e-02  9.7871062e-05  3.8237392e-05
 5.7860842e-02  6.9127212e-05  1.7349289e-05
 5.7896075e-02  6.7360246e-05  1.7060792e-05
 5.9115692e-02  9.2300074e-05  3.0367546e-05
 5.9189727e-02  9.4931444e-05  3.5364317e-05
 5.7216046e-02  1.1587276e-04  4.5012472e-05
 5.7255938e-02  9.8599787e-05  3.7973845e-05
 5.7216043e-02  1.2519848e-04  4.5415801e-05
 5.7255944e-02  9.3478478e-05  3.3521935e-05
 5.6289150e-02  3.7420142e-05  9.0403311e-06
 5.6306458e-02  3.1292263e-05  8.1151615e-06
 5.8977721e-02  2.4073707e-05  5.1070638e-06
 5.9049951e-02  4.1982089e-05  1.2596830e-05
 5.9158237e-02  1.3888816e-04  2.8772743e-05
 5.9188459e-02  1.2804221e-04  2.6054873e-05
 5.5368802e-02  1.4618927e-04  4.5689834e-05
 5.5387795e-02  1.5777778e-04  4.9836289e-05
 5.5222699e-02  4.3366559e-05  1.6236419e-05
 5.5240711e-02  4.2490737e-05  1.5103422e-05
 5.8100972e-02  5.3787418e-05  2.4761889e-05
 5.8132265e-02  5.3440129e-05  2.6709682e-05
 5.5868662e-02  5.5750567e-05  1.9782066e-05
 5.5886321e-02  5.5925113e-05  2.3578899e-05
 5.7300520e-02  7.6785659e-05  4.0171936e-05
 5.7332744e-02  6.8675625e-05  3.3981319e-05
 5.7213350e-02  1.1839228e-04  4.2883375e-05
 5.7253583e-02  9.9840794e-05  3.8565398e-05
 5.7213353e-02  1.1371622e-04  4.1288927e-05
 5.7253583e-02  9.9154722e-05  3.7464001e-05
 5.9115688e-02  9.8645252e-05  2.7143725e-05
 5.9189728e-02  9.4490061e-05  2.7903644e-05
 5.7860844e-02  6.5915986e-05  1.1532862e-05
 5.7896073e-02  6.9342261e-05  1.3038858e-05
 5.9119727e-02  1.0572122e-04  2.7643568e-05
 5.9193271e-02  9.0046230e-05  2.4958102e-05
 5.7858655e-02  6.4813915e-05  9.3655478e-06
 5.7894203e-02  6.8067636e-05  1.0247503e-05
 5.7437770e-02  5.9177692e-05  1.4173123e-05
 5.7437909e-02  6.2445255e-05  1.5374123e-05
 5.7437770e-02  6.2146819e-05  1.4470789e-05
 5.7437909e-02  5.8736074e-05  1.3419489e-05
 5.6288250e-02  3.7400815e-05  8.6659789e-06
 5.6305622e-02  3.1842908e-05  8.3023846e-06
 5.9159520e-02  1.3887886e-04  2.8451108e-05
 5.9189476e-02  1.2865199e-04  2.7301435e-05
 5.8973585e-02  2.4181654e-05  4.5183244e-06
 5.9046288e-02  3.9146357e-05  1.2044220e-05
 5.5868664e-02  5.4611591e-05  1.2582351e-05
 5.5886321e-02  5.6727838e-05  1.2783611e-05
 5.7300518e-02  8.6641258e-05  2.6606168e-05
 5.7332745e-02  6.5049388e-05  1.9271087e-05
 5.6231995e-02  2.9647919e-05  8.1644716e-06
 5.6232199e-02  3.3144706e-05  1.0354110e-05
 5.6231995e-02  3.3572328e-05  1.2247461e-05
 5.6232199e-02  2.9172039e-05  1.0656743e-05
 5.7300518e-02  7.7942025e-05  3.2143218e-05
 5.7332745e-02  7.2694114e-05  3.0679623e-05
 5.5868664e-02  5.2148470e-05  1.5367491e-05
 5.5886321e-02  5.8921531e-05  1.8291577e-05
 5.8973586e-02  2.0546822e-05  5.0270882e-06
 5.9046288e-02  4.5257580e-05  1.5270436e-05
 5.9159520e-02  1.3527113e-04  2.5140313e-05
 5.9189476e-02  1.3600093e-04  2.6452549e-05
 5.6288250e-02  3.3974254e-05  8.0684250e-06
 5.6305622e-02  3.4811284e-05  9.9617136e-06
 5.9158237e-02  1.3598038e-04  2.6547339e-05
 5.9188459e-02  1.3463167e-04  2.7571169e-05
 5.8977721e-02  1.9134332e-05  4.3829385e-06
 5.9049951e-02  4.4508996e-05  1.4543215e-05
 5.6289150e-02  3.3825420e-05  8.3090857e-06
 5.6306458e-02  3.5816348e-05  9.7720871e-06
 5.7858655e-02  6.4853295e-05  9.6908073e-06
 5.7894203e-02  6.9506722e-05  1.1222279e-05
 5.9119727e-02  9.1188261e-05  2.5672710e-05
 5.9193271e-02  9.3137748e-05  2.8535692e-05
 5.7860844e-02  6.4604424e-05  9.1221956e-06
 5.7896072e-02  6.9869748e-05  1.0558906e-05
 5.9115688e-02  1.0644488e-04  2.6629597e-05
 5.9189728e-02  9.1504681e-05  2.4855132e-05
 5.7213353e-02  1.1607698e-04  3.9811639e-05
 5.7253583e-02  9.9916702e-05  3.7168600e-05
 5.7213350e-02  1.2413509e-04  4.4429195e-05
 5.7253583e-02  9.5127260e-05  3.3884483e-05
 5.7300520e-02  7.8884404e-05  3.4932085e-05
 5.7332744e-02  7.1547621e-05  3.9138774e-05
 5.5868662e-02  5.4217958e-05  1.9520124e-05
 5.5886321e-02  5.8020321e-05  1.8674134e-05
 5.8100972e-02  5.1244486e-05  2.9994339e-05
 5.8132265e-02  5.7489455e-05  3.4623945e-05
 5.5222699e-02  3.8925086e-05  2.3360972e-05
 5.5240711e-02  4.9111624e-05  2.9354950e-05
 5.5368802e-02  1.4041678e-04  5.6739829e-05
 5.5387795e-02  1.6450931e-04  6.6038335e-05
 5.7303484e-02  7.2277081e-05  2.8966092e-05
 5.7335405e-02  6.9714462e-05  3.0218713e-05
 5.5870120e-02  5.1818613e-05  1.3544301e-05
 5.5887760e-02  6.1457018e-05  1.5896667e-05
 5.7216043e-02  1.0836311e-04  3.9436011e-05
 5.7255943e-02  1.0081589e-04  3.8867419e-05
 5.7216046e-02  1.1084097e-04  3.7016417e-05
 5.7255938e-02  1.0597661e-04  3.4933633e-05
 5.9115692e-02  9.6735996e-05  2.9498966e-05
 5.9189727e-02  9.4964756e-05  3.3008224e-05
 5.7860842e-02  6.2415471e-05  2.4022519e-05
 5.7896075e-02  7.0038295e-05  2.8515227e-05
 5.9119729e-02  9.2679939e-05  2.7354555e-05
 5.9193262e-02  9.8134265e-05  3.1204957e-05
 5.7858652e-02  6.9074297e-05  1.6506314e-05
 5.7894202e-02  6.8442447e-05  1.6577146e-05
 5.8973590e-02  2.0820626e-05  7.3710360e-06
 5.9046285e-02  4.4771434e-05  2.0053482e-05
 5.9159520e-02  1.3359858e-04  6.7832001e-05
 5.9189473e-02  1.3062187e-04  6.7459431e-05
 5.6288248e-02  3.6690089e-05  1.8366694e-05
 5.6305622e-02  3.4383855e-05  1.5036058e-05
 5.5368801e-02  1.4219055e-04  1.0352589e-04
 5.5387795e-02  1.6408700e-04  1.2261020e-04
 5.8104303e-02  5.0321666e-05  2.6746403e-05
 5.8135355e-02  5.7060815e-05  3.3005823e-05
 5.5223328e-02  3.9885476e-05  2.4028010e-05
 5.5241425e-02  4.8797655e-05  2.9684186e-05
 5.8637447e-02  1.1860886e-04  8.5711566e-05
 5.8637454e-02  1.1657607e-04  8.1997150e-05
 5.4289717e-02  8.8298667e-05  3.9732126e-05
 5.4289720e-02  8.7493104e-05  3.9496103e-05
 5.8104299e-02  5.0665450e-05  2.3866548e-05
 5.8135362e-02  5.4665261e-05  2.8994218e-05
 5.5223331e-02  3.9598504e-05  1.6798177e-05
 5.5241421e-02  5.0649825e-05  2.3869878e-05
 5.8285636e-02  1.9955878e-05  9.3453051e-06
 5.8327060e-02  2.2573137e-05  1.4168908e-05
 5.6842807e-02  2.6692947e-05  6.7074952e-06
 5.6886321e-02  2.7194300e-05  8.1889912e-06
 5.8282188e-02  2.4740992e-05  1.2324883e-05
 5.8323863e-02  2.3209088e-05  1.3519668e-05
 5.9160505e-02  1.3483608e-04  7.0426393e-05
 5.9190398e-02  1.3036275e-04  6.7263002e-05
 5.8977645e-02  1.7861952e-05  5.6123601e-06
 5.9049759e-02  5.0523443e-05  1.9097858e-05
 5.6287295e-02  3.8141938e-05  1.0206284e-05
 5.6304806e-02  3.5322792e-05  1.1782503e-05
 5.4860325e-02  2.2535683e-05  8.4285758e-06
 5.4860379e-02  2.3300621e-05  9.8018286e-06
 5.4156360e-02  1.0474237e-04  4.2595063e-05
 5.4162892e-02  1.0033078e-04  3.9553231e-05
 5.8104301e-02  5.2001614e-05  1.8424917e-05
 5.8135358e-02  5.3703349e-05  1.9094112e-05
 5.5223330e-02  4.7059308e-05  1.2174941e-05
 5.5241423e-02  4.2618315e-05  1.2176671e-05
 5.7303484e-02  7.8120112e-05  3.3563337e-05
 5.7335408e-02  6.5999579e-05  2.5694403e-05
 5.5870123e-02  5.6343278e-05  1.6855333e-05
 5.5887758e-02  5.8152609e-05  1.9150332e-05
 5.7216044e-02  1.1571323e-04  5.6763382e-05
 5.7255947e-02  9.4645795e-05  4.6849705e-05
 5.7216048e-02  1.1332206e-04  5.8950016e-05
 5.7255939e-02  1.0715103e-04  5.6012167e-05
 5.7860843e-02  6.6680567e-05  2.0754550e-05
 5.7896078e-02  6.7889802e-05  2.3615863e-05
 5.9119731e-02  9.2553692e-05  3.7746675e-05
 5.9193265e-02  1.0106968e-04  4.5870599e-05
 5.7858649e-02  6.5450381e-05  1.4796362e-05
 5.7894203e-02  7.1299712e-05  2.0154458e-05
 5.9115692e-02  9.5745239e-05  3.9897064e-05
 5.9189733e-02  9.4803910e-05  4.4218412e-05
 5.9159522e-02  1.4043138e-04  6.9788884e-05
 5.9189475e-02  1.2853973e-04  6.0571253e-05
 5.6288247e-02  3.6835888e-05  1.4234539e-05
 5.6305621e-02  3.4348209e-05  1.4270327e-05
 5.8973591e-02  1.8796908e-05  5.5516548e-06
 5.9046285e-02  4.3079749e-05  1.8191492e-05
 5.5368802e-02  1.4983480e-04  6.8485124e-05
 5.5387794e-02  1.5796538e-04  7.4428591e-05
 5.8285638e-02  2.1789345e-05  6.3423260e-06
 5.8327056e-02  2.1803324e-05  6.9678136e-06
 5.6842805e-02  2.9785370e-05  4.8607153e-06
 5.6886326e-02  2.4306624e-05  3.9858434e-06
 5.8282188e-02  2.1917303e-05  6.3715259e-06
 5.8323865e-02  2.1129115e-05  6.4723578e-06
 5.7216046e-02  1.1889829e-04  3.5262872e-05
 5.7255946e-02  9.1676847e-05  2.6781749e-05
 5.7216047e-02  1.2523360e-04  3.9540521e-05
 5.7255943e-02  9.5124699e-05  2.8631117e-05
 5.6842806e-02  2.8834178e-05  7.3877310e-06
 5.6886329e-02  2.4229507e-05  6.3756165e-06
 5.8285641e-02  2.3638200e-05  1.1709256e-05
 5.8327054e-02  2.3546565e-05  1.2794655e-05
 5.8282187e-02  2.5297327e-05  1.1280613e-05
 5.8323874e-02  2.1316480e-05  1.1538500e-05
 5.7215543e-02  1.1913753e-04  5.8250977e-05
 5.7255354e-02  9.4061069e-05  4.4542157e-05
 5.7212804e-02  1.1815147e-04  6.4323383e-05
 5.7253057e-02  9.7510954e-05  5.1679760e-05
 5.8284176e-02  2.2964630e-05  1.0789775e-05
 5.8325601e-02  2.1906285e-05  1.1705208e-05
 5.8284174e-02  2.2323760e-05  9.5755215e-06
 5.8325599e-02  2.3275118e-05  1.1292350e-05
 5.6839698e-02  2.7937317e-05  5.9031889e-06
 5.6883695e-02  2.4906865e-05  5.4416780e-06
 5.7215542e-02  1.2259525e-04  4.5585895e-05
 5.7255352e-02  9.5963316e-05  3.5016339e-05
 5.7212805e-02  1.1512409e-04  3.9085502e-05
 5.7253052e-02  9.7542480e-05  3.2197300e-05
 5.9160507e-02  1.3983689e-04  2.5075373e-05
 5.9190396e-02  1.2933971e-04  2.3819493e-05
 5.8977643e-02  2.3357356e-05  3.7971898e-06
 5.9049767e-02  4.2763113e-05  1.0859138e-05
 5.6287296e-02  3.8079897e-05  7.4511368e-06
 5.6304808e-02  3.1077914e-05  6.4427865e-06
 5.7860846e-02  6.8138361e-05  6.9029903e-06
 5.7896078e-02  6.6274913e-05  6.9422581e-06
 5.9119731e-02  1.0767250e-04  2.5312495e-05
 5.9193274e-02  8.9550875e-05  2.3170791e-05
 5.7858649e-02  6.6675027e-05  6.4219051e-06
 5.7894206e-02  6.5906797e-05  6.7742104e-06
 5.9115688e-02  1.0805794e-04  2.4848614e-05
 5.9189737e-02  9.0634275e-05  2.3360912e-05
 5.7215545e-02  1.1972160e-04  3.3505252e-05
 5.7255355e-02  9.2073387e-05  2.5466777e-05
 5.7212802e-02  1.2665544e-04  4.1062136e-05
 5.7253059e-02  9.3158923e-05  2.9956349e-05
 5.7302608e-02  8.2332832e-05  3.1726981e-05
 5.7334346e-02  6.6022723e-05  2.1313350e-05
 5.5867576e-02  5.6663070e-05  1.3909528e-05
 5.5885406e-02  5.5295740e-05  1.3875293e-05
 5.8102634e-02  5.3616936e-05  2.4596771e-05
 5.8133662e-02  5.4829437e-05  2.6614708e-05
 5.5221215e-02  4.1546998e-05  1.6692296e-05
 5.5239553e-02  4.3692136e-05  1.9324822e-05
 5.5367144e-02  1.4278303e-04  5.1849951e-05
 5.5386381e-02  1.5868176e-04  5.8260943e-05
 5.4860325e-02  2.3574069e-05  6.2636976e-06
 5.4860380e-02  2.1964731e-05  5.8803669e-06
 5.9159525e-02  1.4368490e-04  2.5114463e-05
 5.9189476e-02  1.2636054e-04  2.1956606e-05
 5.6288248e-02  3.6137043e-05  6.9553382e-06
 5.6305623e-02  3.2926498e-05  7.4824098e-06
 5.8973587e-02  2.5112535e-05  3.4062172e-06
 5.9046289e-02  3.9636361e-05  1.0389358e-05
 5.8284179e-02  2.3943667e-05  5.5068547e-06
 5.8325602e-02  2.0467282e-05  5.5207081e-06
 5.8284174e-02  2.1579446e-05  5.2916224e-06
 5.8325601e-02  2.1885431e-05  6.0727972e-06
 5.6839695e-02  3.0183782e-05  4.1874692e-06
 5.6883697e-02  2.4631554e-05  3.3470239e-06
 5.8102636e-02  5.3949009e-05  1.6731843e-05
 5.8133662e-02  5.3683583e-05  1.7247165e-05
 5.5221214e-02  4.4602381e-05  1.0986732e-05
 5.5239554e-02  4.3187911e-05  1.2014827e-05
 5.8635298e-02  1.1714370e-04  4.6295176e-05
 5.8635532e-02  1.1956282e-04  4.4664554e-05
 5.4288384e-02  8.8585482e-05  3.2157143e-05
 5.4288480e-02  8.5854226e-05  3.0636562e-05
 5.4155661e-02  9.9078274e-05  3.1549895e-05
 5.4162218e-02  1.0340638e-04  3.4417495e-05
 5.4156361e-02  9.7712087e-05  3.2525739e-05
 5.4162892e-02  1.0706261e-04  3.6365505e-05
 5.5368803e-02  1.4108941e-04  4.9203593e-05
 5.5387792e-02  1.6545484e-04  5.8810725e-05
 5.7215544e-02  1.1048074e-04  3.7273412e-05
 5.7255349e-02  1.0545301e-04  3.3456061e-05
 5.7212804e-02  1.2552820e-04  4.4203237e-05
 5.7253053e-02  9.6005053e-05  3.4423674e-05
 5.5367142e-02  1.4522478e-04  6.8124370e-05
 5.5386381e-02  1.6079669e-04  7.7298188e-05
 5.4155660e-02  9.8575054e-05  3.2931129e-05
 5.4162218e-02  1.0469978e-04  3.5235174e-05
 5.3729284e-02  3.8932718e-05  2.3117969e-05
 5.3735928e-02  4.1969071e-05  2.4960191e-05
 5.3004005e-02  8.2199075e-05  1.2987464e-05
 5.3004006e-02  8.3296400e-05  1.2968030e-05
 5.3729286e-02  3.8941405e-05  1.4233555e-05
 5.3735928e-02  4.3004815e-05  1.6736782e-05
 5.5222701e-02  3.7735809e-05  1.1273061e-05
 5.5240711e-02  5.1623010e-05  1.7223581e-05
 5.8100975e-02  5.4711256e-05  2.0207654e-05
 5.8132261e-02  5.6125020e-05  2.1974380e-05
 5.7302610e-02  6.8711430e-05  2.4403627e-05
 5.7334343e-02  7.9105705e-05  2.7680659e-05
 5.5867577e-02  5.5626486e-05  1.1552318e-05
 5.5885402e-02  5.8438150e-05  1.4232521e-05
 5.4155173e-02  1.0129226e-04  2.5983188e-05
 5.4161779e-02  1.0487023e-04  2.7581177e-05
 5.3153797e-02  3.5584823e-05  2.8320381e-06
 5.3153803e-02  3.7243677e-05  2.8925316e-06
 5.3729285e-02  4.2959199e-05  1.2907674e-05
 5.3735928e-02  3.8479007e-05  1.2336379e-05
 5.4156364e-02  1.0353495e-04  3.1017270e-05
 5.4162892e-02  1.0317511e-04  3.0246821e-05
 5.5368806e-02  1.4197130e-04  8.1079161e-05
 5.5387794e-02  1.6625408e-04  9.9096657e-05
 5.7215547e-02  1.0978279e-04  4.9626637e-05
 5.7255352e-02  1.0940163e-04  4.6685656e-05
 5.7212801e-02  1.1616452e-04  4.8864450e-05
 5.7253052e-02  1.0683608e-04  4.4633491e-05
 5.5367140e-02  1.4177426e-04  7.7039959e-05
 5.5386382e-02  1.6352316e-04  9.4307355e-05
 5.4155660e-02  1.0284099e-04  2.5407802e-05
 5.4162218e-02  1.0160429e-04  2.5456892e-05
 5.5222700e-02  4.5624985e-05  9.3002131e-06
 5.5240711e-02  4.3000097e-05  9.6277220e-06
 5.8100974e-02  5.1408855e-05  1.5858552e-05
 5.8132261e-02  5.3706274e-05  1.6777328e-05
 5.5368806e-02  1.5021789e-04  5.3351668e-05
 5.5387795e-02  1.5850819e-04  5.9381684e-05
 5.8977726e-02  2.0913465e-05  5.2338083e-06
 5.9049957e-02  4.1968166e-05  1.5362756e-05
 5.6289155e-02  3.8710539e-05  9.7135160e-06
 5.6306458e-02  3.4477204e-05  9.3698035e-06
 5.9158237e-02  1.4772657e-04  7.8343066e-05
 5.9188470e-02  1.2876648e-04  6.5831726e-05
 5.9119732e-02  9.8741318e-05  3.5852048e-05
 5.9193278e-02  9.1690370e-05  3.7505888e-05
 5.7860849e-02  6.5031424e-05  2.0222074e-05
 5.7896075e-02  7.2565576e-05  2.6633068e-05
 5.9115684e-02  9.3836381e-05  3.1733462e-05
 5.9189726e-02  9.9420612e-05  4.0000849e-05
 5.7858655e-02  6.7907659e-05  1.7068699e-05
 5.7894212e-02  6.8672487e-05  1.8732537e-05
 5.7213347e-02  1.1494236e-04  4.9548862e-05
 5.7253583e-02  1.0582258e-04  4.3437705e-05
 5.7213354e-02  1.1712262e-04  5.0791363e-05
 5.7253587e-02  9.8590984e-05  4.0914377e-05
 5.5868661e-02  5.5461843e-05  9.6859301e-06
 5.5886321e-02  5.7160828e-05  9.1918361e-06
 5.7300522e-02  7.8605066e-05  2.7239996e-05
 5.7332744e-02  6.7835398e-05  2.2586790e-05
 5.7302608e-02  8.4118917e-05  1.8241445e-05
 5.7334346e-02  6.7255396e-05  1.3749561e-05
 5.5867577e-02  5.4961539e-05  7.2953781e-06
 5.5885402e-02  5.5254059e-05  7.0319348e-06
 5.7215547e-02  1.2527326e-04  3.2500384e-05
 5.7255354e-02  9.3772557e-05  2.4148074e-05
 5.7212801e-02  1.1857306e-04  2.9930553e-05
 5.7253053e-02  9.4029861e-05  2.2727653e-05
 5.9119733e-02  1.0033431e-04  2.3812224e-05
 5.9193279e-02  9.0744225e-05  2.4459234e-05
 5.7860850e-02  7.1169788e-05  1.2130796e-05
 5.7896077e-02  6.7135460e-05  1.2243049e-05
 5.9115685e-02  9.6074868e-05  2.2563098e-05
 5.9189729e-02  8.8588038e-05  2.4285873e-05
 5.7858653e-02  7.0708426e-05  7.4221320e-06
 5.7894214e-02  6.7091740e-05  7.6185773e-06
 5.8977647e-02  2.2286327e-05  5.4918312e-06
 5.9049772e-02  4.2073321e-05  1.3657056e-05
 5.9160513e-02  1.4294740e-04  6.5939436e-05
 5.9190396e-02  1.3334284e-04  5.9312146e-05
 5.6287297e-02  4.0979282e-05  9.2803663e-06
 5.6304816e-02  3.2381094e-05  8.0253692e-06
 5.5367144e-02  1.4426938e-04  8.3400763e-05
 5.5386385e-02  1.5920526e-04  9.5965108e-05
 5.8102632e-02  5.3069786e-05  2.0082781e-05
 5.8133661e-02  5.5259389e-05  2.0728512e-05
 5.5221216e-02  4.2099479e-05  1.1427326e-05
 5.5239553e-02  4.3301275e-05  1.2826335e-05
 5.4155173e-02  1.0390286e-04  1.8621516e-05
 5.4161779e-02  9.9075898e-05  1.8502626e-05
 5.5367141e-02  1.4559546e-04  4.2088522e-05
 5.5386383e-02  1.5691624e-04  4.7596507e-05
 5.7213348e-02  1.2005890e-04  3.0809784e-05
 5.7253585e-02  9.4395585e-05  2.3949835e-05
 5.7213352e-02  1.2920464e-04  3.3138532e-05
 5.7253590e-02  9.5058468e-05  2.4120398e-05
 5.5367143e-02  1.4819409e-04  5.5532458e-05
 5.5386387e-02  1.5884003e-04  6.2595581e-05
 5.4155173e-02  1.0417733e-04  1.7126751e-05
 5.4161782e-02  1.0046696e-04  1.6780119e-05
 5.3728405e-02  4.1005270e-05  1.3739084e-05
 5.3735163e-02  3.8806274e-05  1.3428209e-05
 5.3153798e-02  3.7689318e-05  2.7011395e-06
 5.3153803e-02  3.5270853e-05  2.7876073e-06
 5.4155661e-02  1.0130441e-04  1.7122221e-05
 5.4162219e-02  1.0290377e-04  1.8777681e-05
 5.5868663e-02  5.3913187e-05  5.5420489e-06
 5.5886322e-02  5.7737129e-05  6.2910305e-06
 5.7300521e-02  9.2453174e-05  2.0057084e-05
 5.7332747e-02  6.6806088e-05  1.4408308e-05
 5.8102633e-02  5.1195131e-05  1.5651461e-05
 5.8133663e-02  5.5726318e-05  1.7195588e-05
 5.5221215e-02  4.5821861e-05  8.7799408e-06
 5.5239555e-02  4.3831679e-05  9.3497994e-06
 5.3728405e-02  4.1484893e-05  1.1697748e-05
 5.3735164e-02  3.9818134e-05  1.1929903e-05
 5.3003600e-02  8.3215730e-05  6.1029163e-06
 5.3003613e-02  8.1235552e-05  5.3376072e-06
