E(Har) ImSigma_kn(Har) b^2
 5.2551487e-02  3.0598730e-05 -2.4658053e-13 -3.2762681e-13 -6.6613381e-14
 5.2551487e-02  3.0459771e-05 -5.7065463e-13 -4.8872018e-13 -7.4940054e-13
 5.3003600e-02  8.4009412e-05  1.5218276e-01  4.9414641e-01  1.4099029e-01
 5.3003613e-02  8.1945284e-05  1.5218277e-01  4.9414642e-01  1.4099030e-01
 5.4288385e-02  9.0416916e-05  1.4982186e-01  4.9931589e-01  1.4358311e-01
 5.4288481e-02  8.6083925e-05  1.4982194e-01  4.9931589e-01  1.4358319e-01
 5.8635300e-02  1.2033993e-04  1.4989288e-01  4.9990115e-01  1.4417058e-01
 5.8635534e-02  1.1887794e-04  1.4989305e-01  4.9990117e-01  1.4417076e-01
 5.6231997e-02  3.4886427e-05  1.4972517e-01  4.9997589e-01  1.4404645e-01
 5.6232200e-02  2.8775843e-05  1.4972533e-01  4.9997590e-01  1.4404661e-01
 5.6231997e-02  3.4881986e-05  1.4976533e-01  4.9978971e-01  1.4400700e-01
 5.6232200e-02  3.2531303e-05  1.4976548e-01  4.9978972e-01  1.4400716e-01
 5.8635300e-02  1.1888361e-04  1.4986900e-01  4.9993231e-01  1.4419407e-01
 5.8635533e-02  1.1766862e-04  1.4986917e-01  4.9993229e-01  1.4419424e-01
 5.4288385e-02  8.8738560e-05  1.4989235e-01  4.9906589e-01  1.4351444e-01
 5.4288481e-02  8.9126301e-05  1.4989243e-01  4.9906590e-01  1.4351452e-01
 5.3003600e-02  8.2799876e-05  1.5238496e-01  4.9359712e-01  1.4080388e-01
 5.3003613e-02  8.3715890e-05  1.5238497e-01  4.9359712e-01  1.4080389e-01
 5.3003600e-02  8.1384996e-05  1.5758766e-01  1.3598620e-01  4.8788219e-01
 5.3003613e-02  8.4141677e-05  1.5758767e-01  1.3598621e-01  4.8788219e-01
 5.3153798e-02  3.6291603e-05  2.6703345e-04  1.3232006e-04  1.3231566e-04
 5.3153804e-02  3.7304934e-05  2.6703344e-04  1.3227268e-04  1.3227522e-04
 5.4155662e-02  9.8962282e-05  4.9384257e-01  1.4456596e-01  1.4885597e-01
 5.4162221e-02  1.0700241e-04  4.9384265e-01  1.4455639e-01  1.4884663e-01
 5.5868665e-02  5.2902556e-05  4.9437029e-01  1.4491286e-01  1.4885498e-01
 5.5886325e-02  6.0398251e-05  4.9437049e-01  1.4488898e-01  1.4883122e-01
 5.7300518e-02  7.8233890e-05  4.9854605e-01  1.4786951e-01  1.4609497e-01
 5.7332745e-02  7.7102910e-05  4.9854601e-01  1.4782798e-01  1.4605353e-01
 5.8102637e-02  5.1244124e-05  4.9579951e-01  1.4550844e-01  1.4854308e-01
 5.8133666e-02  5.7747685e-05  4.9579980e-01  1.4547021e-01  1.4850472e-01
 5.5221213e-02  4.0360636e-05  4.9890947e-01  1.4758718e-01  1.4602708e-01
 5.5239553e-02  4.9625925e-05  4.9890945e-01  1.4756168e-01  1.4600168e-01
 5.3728404e-02  3.9407101e-05  4.9969608e-01  1.4666140e-01  1.4659148e-01
 5.3735163e-02  4.2159208e-05  4.9969605e-01  1.4665152e-01  1.4658160e-01
 5.4288385e-02  8.5960904e-05  1.5071156e-01  1.4274121e-01  4.9531420e-01
 5.4288480e-02  8.9434824e-05  1.5071163e-01  1.4274129e-01  4.9531420e-01
 5.8635300e-02  1.1791235e-04  1.4969294e-01  1.4438980e-01  4.9600536e-01
 5.8635532e-02  1.1720835e-04  1.4969309e-01  1.4438996e-01  4.9600535e-01
 5.4155663e-02  1.0440604e-04  4.9393659e-01  1.4886820e-01  1.4455226e-01
 5.4162220e-02  1.0139212e-04  4.9393667e-01  1.4885886e-01  1.4454269e-01
 5.4860326e-02  2.2812774e-05  4.9030156e-01  1.4123901e-01  1.5248825e-01
 5.4860385e-02  2.3606927e-05  4.9030155e-01  1.4123869e-01  1.5248793e-01
 5.6288252e-02  3.4776048e-05  4.9535737e-01  1.4470352e-01  1.4912618e-01
 5.6305627e-02  3.8448186e-05  4.9535748e-01  1.4468040e-01  1.4910380e-01
 5.8973584e-02  1.9114538e-05  4.9924004e-01  1.4726348e-01  1.4694614e-01
 5.9046284e-02  4.9005516e-05  4.9923978e-01  1.4717490e-01  1.4685753e-01
 5.9159528e-02  1.4085744e-04  4.9696690e-01  1.4919820e-01  1.4496530e-01
 5.9189480e-02  1.3288349e-04  4.9696697e-01  1.4916433e-01  1.4493045e-01
 5.8284180e-02  2.1636341e-05  4.9646703e-01  1.4578470e-01  1.4829656e-01
 5.8325606e-02  2.4922453e-05  4.9646723e-01  1.4573460e-01  1.4824685e-01
 5.6839692e-02  2.7663107e-05  4.9929483e-01  1.4697373e-01  1.4695241e-01
 5.6883694e-02  2.6772697e-05  4.9929467e-01  1.4691584e-01  1.4689453e-01
 5.8284183e-02  2.2908371e-05  4.9655580e-01  1.4829608e-01  1.4578430e-01
 5.8325605e-02  2.2728446e-05  4.9655600e-01  1.4824637e-01  1.4573420e-01
 5.5221212e-02  3.9499525e-05  4.9890428e-01  1.4607308e-01  1.4754100e-01
 5.5239553e-02  4.9505427e-05  4.9890424e-01  1.4604767e-01  1.4751550e-01
 5.8102638e-02  5.2087127e-05  4.9587718e-01  1.4852748e-01  1.4552300e-01
 5.8133664e-02  5.4980906e-05  4.9587745e-01  1.4848912e-01  1.4548476e-01
 5.6231997e-02  2.9862947e-05  1.4994060e-01  1.4385416e-01  4.9626332e-01
 5.6232199e-02  3.4216852e-05  1.4994074e-01  1.4385431e-01  4.9626331e-01
 5.6231997e-02  3.2566134e-05  1.4976437e-01  1.4403349e-01  4.9572796e-01
 5.6232199e-02  2.9813188e-05  1.4976450e-01  1.4403364e-01  4.9572795e-01
 5.5868666e-02  5.7335637e-05  4.9444738e-01  1.4885352e-01  1.4491309e-01
 5.5886323e-02  5.6375695e-05  4.9444757e-01  1.4882976e-01  1.4488920e-01
 5.7300517e-02  7.9777356e-05  4.9852701e-01  1.4612172e-01  1.4784270e-01
 5.7332743e-02  6.6258273e-05  4.9852695e-01  1.4608028e-01  1.4780118e-01
 5.6288253e-02  4.1115372e-05  4.9547841e-01  1.4913497e-01  1.4469326e-01
 5.6305626e-02  3.2944376e-05  4.9547853e-01  1.4911260e-01  1.4467014e-01
 5.8973583e-02  2.0400598e-05  4.9922792e-01  1.4694935e-01  1.4726030e-01
 5.9046283e-02  3.9591417e-05  4.9922765e-01  1.4686072e-01  1.4717172e-01
 5.9159526e-02  1.4557815e-04  4.9682479e-01  1.4496759e-01  1.4919715e-01
 5.9189481e-02  1.3236901e-04  4.9682484e-01  1.4493273e-01  1.4916328e-01
 5.7437770e-02  6.2000458e-05  4.9011395e-01  1.4408887e-01  1.5000081e-01
 5.7437917e-02  6.1751747e-05  4.9011394e-01  1.4408828e-01  1.5000023e-01
 5.7437770e-02  6.4165483e-05  4.8994370e-01  1.4450137e-01  1.4958670e-01
 5.7437918e-02  5.9688092e-05  4.8994369e-01  1.4450078e-01  1.4958612e-01
 5.9159526e-02  1.3918809e-04  4.9682661e-01  1.4497378e-01  1.4919086e-01
 5.9189481e-02  1.3700049e-04  4.9682666e-01  1.4493892e-01  1.4915699e-01
 5.8973583e-02  1.8694532e-05  4.9922849e-01  1.4694779e-01  1.4726186e-01
 5.9046283e-02  4.8479411e-05  4.9922822e-01  1.4685916e-01  1.4717329e-01
 5.6288253e-02  3.6914713e-05  4.9547833e-01  1.4913785e-01  1.4469042e-01
 5.6305626e-02  3.5636043e-05  4.9547845e-01  1.4911548e-01  1.4466730e-01
 5.7300517e-02  7.5209922e-05  4.9852829e-01  1.4611865e-01  1.4784578e-01
 5.7332743e-02  7.4745499e-05  4.9852823e-01  1.4607720e-01  1.4780426e-01
 5.5868666e-02  5.3919840e-05  4.9444590e-01  1.4885239e-01  1.4491422e-01
 5.5886323e-02  5.8213544e-05  4.9444609e-01  1.4882864e-01  1.4489034e-01
 5.8635300e-02  1.1733797e-04  1.4985428e-01  1.4422620e-01  4.9645224e-01
 5.8635532e-02  1.1951958e-04  1.4985443e-01  1.4422637e-01  4.9645223e-01
 5.4288385e-02  8.9198555e-05  1.5047830e-01  1.4298021e-01  4.9455376e-01
 5.4288480e-02  8.5738077e-05  1.5047836e-01  1.4298028e-01  4.9455376e-01
 5.8102638e-02  5.5294960e-05  4.9587851e-01  1.4852871e-01  1.4552177e-01
 5.8133664e-02  5.4311832e-05  4.9587878e-01  1.4849035e-01  1.4548352e-01
 5.5221212e-02  4.3340155e-05  4.9890260e-01  1.4607740e-01  1.4753666e-01
 5.5239553e-02  4.3151884e-05  4.9890256e-01  1.4605199e-01  1.4751117e-01
 5.8284183e-02  2.5834843e-05  4.9655650e-01  1.4829580e-01  1.4578457e-01
 5.8325605e-02  2.2081773e-05  4.9655671e-01  1.4824609e-01  1.4573447e-01
 5.6839692e-02  2.8575762e-05  4.9929412e-01  1.4697592e-01  1.4695023e-01
 5.6883694e-02  2.4480604e-05  4.9929396e-01  1.4691803e-01  1.4689234e-01
 5.8284180e-02  2.5764249e-05  4.9646531e-01  1.4578005e-01  1.4830127e-01
 5.8325606e-02  2.3120705e-05  4.9646551e-01  1.4572994e-01  1.4825156e-01
 5.9159529e-02  1.4695735e-04  4.9696710e-01  1.4919578e-01  1.4496769e-01
 5.9189480e-02  1.3047071e-04  4.9696717e-01  1.4916191e-01  1.4493284e-01
 5.8973583e-02  2.1274398e-05  4.9923959e-01  1.4726497e-01  1.4694465e-01
 5.9046284e-02  3.9496153e-05  4.9923933e-01  1.4717639e-01  1.4685604e-01
 5.6288252e-02  3.9990043e-05  4.9535435e-01  1.4469511e-01  1.4913473e-01
 5.6305627e-02  3.3900218e-05  4.9535445e-01  1.4467199e-01  1.4911235e-01
 5.4860326e-02  2.4197023e-05  4.8996195e-01  1.4188768e-01  1.5182948e-01
 5.4860385e-02  2.2204600e-05  4.8996194e-01  1.4188735e-01  1.5182916e-01
 5.4155663e-02  1.0057835e-04  4.9393571e-01  1.4886955e-01  1.4455094e-01
 5.4162220e-02  1.0418875e-04  4.9393579e-01  1.4886021e-01  1.4454137e-01
 5.3003600e-02  8.4017557e-05  1.5706099e-01  1.3654552e-01  4.8611545e-01
 5.3003613e-02  8.1250930e-05  1.5706100e-01  1.3654553e-01  4.8611545e-01
 5.3728404e-02  4.1896201e-05  4.9969446e-01  1.4666647e-01  1.4658641e-01
 5.3735163e-02  3.9338718e-05  4.9969444e-01  1.4665659e-01  1.4657654e-01
 5.5221213e-02  4.4801773e-05  4.9890911e-01  1.4758938e-01  1.4602488e-01
 5.5239553e-02  4.2789203e-05  4.9890908e-01  1.4756389e-01  1.4599948e-01
 5.8102637e-02  5.6534659e-05  4.9579747e-01  1.4550398e-01  1.4854761e-01
 5.8133665e-02  5.5475330e-05  4.9579776e-01  1.4546574e-01  1.4850925e-01
 5.7300517e-02  8.4102911e-05  4.9854596e-01  1.4787092e-01  1.4609356e-01
 5.7332745e-02  6.4424037e-05  4.9854592e-01  1.4782940e-01  1.4605212e-01
 5.5868666e-02  5.8055576e-05  4.9436727e-01  1.4490625e-01  1.4886172e-01
 5.5886325e-02  5.7650002e-05  4.9436747e-01  1.4488236e-01  1.4883796e-01
 5.4155663e-02  1.0431165e-04  4.9383782e-01  1.4455465e-01  1.4886750e-01
 5.4162221e-02  1.0249610e-04  4.9383790e-01  1.4454508e-01  1.4885816e-01
 5.3153798e-02  3.7637720e-05  2.6703413e-04  1.3232028e-04  1.3231598e-04
 5.3153804e-02  3.5897146e-05  2.6703413e-04  1.3227310e-04  1.3227525e-04
 5.3004005e-02  8.3063327e-05  1.3495189e-04  1.3495244e-04  1.3495300e-04
 5.3004006e-02  8.2058437e-05  1.3495196e-04  1.3495098e-04  1.3495251e-04
 5.3153797e-02  3.7450457e-05  1.3231824e-04  2.6703374e-04  1.3231731e-04
 5.3153803e-02  3.5205985e-05  1.3227502e-04  2.6703375e-04  1.3227384e-04
 5.4155173e-02  1.0440819e-04  1.4674314e-01  4.9999771e-01  1.4661151e-01
 5.4161779e-02  9.9393852e-05  1.4673364e-01  4.9999771e-01  1.4660200e-01
 5.5867577e-02  5.6475766e-05  1.4691642e-01  4.9999309e-01  1.4679487e-01
 5.5885402e-02  5.4602067e-05  1.4689261e-01  4.9999309e-01  1.4677105e-01
 5.7302610e-02  7.9215322e-05  1.4697896e-01  4.9998465e-01  1.4698128e-01
 5.7334343e-02  7.5478072e-05  1.4693711e-01  4.9998466e-01  1.4693943e-01
 5.8100975e-02  5.4244562e-05  1.4705896e-01  4.9999397e-01  1.4696065e-01
 5.8132261e-02  5.2087011e-05  1.4702063e-01  4.9999396e-01  1.4692232e-01
 5.5222701e-02  4.3583681e-05  1.4680943e-01  4.9996861e-01  1.4680226e-01
 5.5240711e-02  4.6820739e-05  1.4678382e-01  4.9996862e-01  1.4677665e-01
 5.3729286e-02  4.1705351e-05  1.4663393e-01  4.9992830e-01  1.4661934e-01
 5.3735928e-02  4.0151462e-05  1.4662405e-01  4.9992830e-01  1.4660945e-01
 5.3153798e-02  3.5166708e-05  1.3231728e-04  1.3232017e-04  2.6703620e-04
 5.3153803e-02  3.7579386e-05  1.3227715e-04  1.3227333e-04  2.6703626e-04
 5.3003600e-02  8.1333134e-05  4.8281435e-01  1.4340509e-01  1.5008027e-01
 5.3003612e-02  8.3087094e-05  4.8281435e-01  1.4340510e-01  1.5008028e-01
 5.3728405e-02  4.0265564e-05  1.4662924e-01  1.4662375e-01  4.9958874e-01
 5.3735163e-02  4.0416764e-05  1.4661936e-01  1.4661387e-01  4.9958872e-01
 5.5221215e-02  4.2287147e-05  1.4605503e-01  1.4755943e-01  4.9880889e-01
 5.5239554e-02  4.4862364e-05  1.4602962e-01  1.4753395e-01  4.9880886e-01
 5.8102633e-02  5.0947157e-05  1.4851102e-01  1.4554015e-01  4.9580863e-01
 5.8133663e-02  6.0048567e-05  1.4847265e-01  1.4550188e-01  4.9580893e-01
 5.7300521e-02  8.1524741e-05  1.4611248e-01  1.4785228e-01  4.9845781e-01
 5.7332746e-02  6.7693155e-05  1.4607104e-01  1.4781078e-01  4.9845777e-01
 5.5868663e-02  5.3188228e-05  1.4880160e-01  1.4496558e-01  4.9437690e-01
 5.5886322e-02  6.0763229e-05  1.4877783e-01  1.4494167e-01  4.9437712e-01
 5.4155661e-02  1.0051528e-04  1.4874595e-01  1.4467446e-01  4.9385580e-01
 5.4162219e-02  1.0503499e-04  1.4873660e-01  1.4466488e-01  4.9385589e-01
 5.4155173e-02  9.6868505e-05  1.4677045e-01  1.4658422e-01  4.9992649e-01
 5.4161779e-02  1.0684354e-04  1.4676094e-01  1.4657471e-01  4.9992649e-01
 5.3728405e-02  3.8725901e-05  1.4666714e-01  4.9954586e-01  1.4658590e-01
 5.3735163e-02  4.1547446e-05  1.4665726e-01  4.9954584e-01  1.4657603e-01
 5.4155173e-02  9.9728283e-05  4.9992649e-01  1.4665888e-01  1.4669576e-01
 5.4161782e-02  1.0462544e-04  4.9992649e-01  1.4664938e-01  1.4668626e-01
 5.5367143e-02  1.4295671e-04  2.7895948e-01  5.2102496e-02  4.9882375e-01
 5.5386387e-02  1.6238334e-04  2.7894277e-01  5.2068997e-02  4.9882359e-01
 5.7213352e-02  1.1873236e-04  2.6552624e-01  6.9683932e-02  4.0462781e-01
 5.7253590e-02  1.0135601e-04  2.6549140e-01  6.9621273e-02  4.0461421e-01
 5.7213348e-02  1.1393079e-04  4.0454549e-01  6.9697394e-02  2.6553503e-01
 5.7253585e-02  1.0831435e-04  4.0453188e-01  6.9634705e-02  2.6550021e-01
 5.5367141e-02  1.3978563e-04  4.9895405e-01  5.2111094e-02  2.7894141e-01
 5.5386383e-02  1.6482659e-04  4.9895389e-01  5.2077577e-02  2.7892471e-01
 5.5867577e-02  5.1516025e-05  1.4692287e-01  1.4678844e-01  4.9993654e-01
 5.5885402e-02  6.0560675e-05  1.4689904e-01  1.4676460e-01  4.9993653e-01
 5.7302608e-02  7.4791845e-05  1.4696918e-01  1.4699105e-01  4.9999074e-01
 5.7334346e-02  7.0528587e-05  1.4692735e-01  1.4694919e-01  4.9999074e-01
 5.5221216e-02  4.0623052e-05  1.4606173e-01  4.9877703e-01  1.4755281e-01
 5.5239553e-02  4.7339123e-05  1.4603631e-01  4.9877699e-01  1.4752734e-01
 5.8102632e-02  5.0054486e-05  1.4850218e-01  4.9588404e-01  1.4554801e-01
 5.8133661e-02  5.5018611e-05  1.4846383e-01  4.9588434e-01  1.4550976e-01
 5.5367144e-02  1.4299950e-04  2.7901408e-01  4.9878863e-01  5.2075634e-02
 5.5386385e-02  1.6176934e-04  2.7899738e-01  4.9878846e-01  5.2042139e-02
 5.6287297e-02  3.6638469e-05  4.9993765e-01  1.4687756e-01  1.4690694e-01
 5.6304815e-02  3.6104195e-05  4.9993764e-01  1.4685450e-01  1.4688388e-01
 5.9160514e-02  1.3494523e-04  4.9992487e-01  1.4707201e-01  1.4706444e-01
 5.9190396e-02  1.3802386e-04  4.9992487e-01  1.4703829e-01  1.4703072e-01
 5.8977647e-02  1.9039203e-05  4.9998508e-01  1.4710580e-01  1.4710459e-01
 5.9049772e-02  4.8031298e-05  4.9998507e-01  1.4701664e-01  1.4701546e-01
 5.7858653e-02  6.6167963e-05  3.4842218e-01  2.4377198e-02  4.9813129e-01
 5.7894214e-02  7.0841436e-05  3.4840255e-01  2.4318330e-02  4.9813087e-01
 5.9115685e-02  9.2222657e-05  4.9910369e-01  8.0683590e-02  2.2938159e-01
 5.9189729e-02  1.0034688e-04  4.9910335e-01  8.0578920e-02  2.2931170e-01
 5.7860850e-02  6.4599589e-05  3.5184104e-01  2.3297925e-02  4.9938712e-01
 5.7896077e-02  7.1715224e-05  3.5182123e-01  2.3239772e-02  4.9938656e-01
 5.9119733e-02  9.2205281e-05  4.9994297e-01  7.9867023e-02  2.3065147e-01
 5.9193279e-02  9.5643290e-05  4.9994327e-01  7.9762170e-02  2.3058111e-01
 5.7212801e-02  1.1192904e-04  4.0238371e-01  6.9399675e-02  2.6697569e-01
 5.7253053e-02  1.0831653e-04  4.0236970e-01  6.9336964e-02  2.6694077e-01
 5.7215547e-02  1.1388145e-04  2.6905597e-01  6.8338154e-02  4.0213208e-01
 5.7255354e-02  9.9919792e-05  2.6902072e-01  6.8275533e-02  4.0211805e-01
 5.8100974e-02  4.9816928e-05  1.4706005e-01  1.4695958e-01  4.9994866e-01
 5.8132261e-02  5.8244803e-05  1.4702170e-01  1.4692123e-01  4.9994865e-01
 5.5222700e-02  3.9083931e-05  1.4678795e-01  1.4682372e-01  4.9998001e-01
 5.5240711e-02  4.8365045e-05  1.4676236e-01  1.4679811e-01  4.9998001e-01
 5.7300522e-02  7.9829628e-05  1.4610240e-01  4.9842521e-01  1.4786255e-01
 5.7332744e-02  7.1618809e-05  1.4606094e-01  4.9842515e-01  1.4782106e-01
 5.5868661e-02  5.1922117e-05  1.4880476e-01  4.9444972e-01  1.4496127e-01
 5.5886322e-02  5.8675360e-05  1.4878102e-01  4.9444994e-01  1.4493738e-01
 5.7213354e-02  1.2060739e-04  2.6555550e-01  4.0464725e-01  6.9663667e-02
 5.7253587e-02  1.0036263e-04  2.6552066e-01  4.0463367e-01  6.9601012e-02
 5.7213347e-02  1.1728096e-04  4.0455313e-01  2.6556982e-01  6.9676726e-02
 5.7253583e-02  9.4604863e-05  4.0453953e-01  2.6553501e-01  6.9614057e-02
 5.7858655e-02  6.6964220e-05  3.4849798e-01  4.9810399e-01  2.4353133e-02
 5.7894212e-02  7.0102274e-05  3.4847837e-01  4.9810356e-01  2.4294272e-02
 5.9115684e-02  9.5395859e-05  4.9910217e-01  2.2938797e-01  8.0679462e-02
 5.9189726e-02  8.8212552e-05  4.9910184e-01  2.2931808e-01  8.0574812e-02
 5.7860849e-02  6.5510575e-05  3.5194466e-01  4.9937978e-01  2.3265734e-02
 5.7896075e-02  7.1770132e-05  3.5192485e-01  4.9937923e-01  2.3207589e-02
 5.9119732e-02  9.4927768e-05  4.9990864e-01  2.3065455e-01  7.9865037e-02
 5.9193278e-02  9.5689726e-05  4.9990892e-01  2.3058418e-01  7.9760214e-02
 5.9158237e-02  1.4071453e-04  4.9993353e-01  1.4705811e-01  1.4707902e-01
 5.9188470e-02  1.3509313e-04  4.9993352e-01  1.4702323e-01  1.4704415e-01
 5.6289155e-02  3.3846300e-05  4.9992409e-01  1.4690243e-01  1.4688169e-01
 5.6306458e-02  3.8045163e-05  4.9992409e-01  1.4688020e-01  1.4685946e-01
 5.8977726e-02  1.9187221e-05  4.9997809e-01  1.4710531e-01  1.4710531e-01
 5.9049957e-02  4.8123554e-05  4.9997809e-01  1.4701631e-01  1.4701633e-01
 5.5368806e-02  1.4102535e-04  2.8222088e-01  5.0507008e-02  4.9936596e-01
 5.5387795e-02  1.6500223e-04  2.8220399e-01  5.0473832e-02  4.9936567e-01
 5.3729285e-02  3.8208984e-05  1.4659082e-01  1.4666244e-01  4.9995090e-01
 5.3735928e-02  4.2579628e-05  1.4658094e-01  1.4665255e-01  4.9995090e-01
 5.4155660e-02  9.7157484e-05  1.4876541e-01  4.9392679e-01  1.4465399e-01
 5.4162218e-02  1.0541533e-04  1.4875607e-01  4.9392689e-01  1.4464442e-01
 5.5367140e-02  1.4467623e-04  4.9894095e-01  2.7899706e-01  5.2083647e-02
 5.5386382e-02  1.5776330e-04  4.9894078e-01  2.7898037e-01  5.2050145e-02
 5.7212801e-02  1.2129466e-04  4.0238661e-01  2.6700155e-01  6.9385003e-02
 5.7253052e-02  9.2027840e-05  4.0237261e-01  2.6696664e-01  6.9322313e-02
 5.7215547e-02  1.1813066e-04  2.6911882e-01  4.0211620e-01  6.8308135e-02
 5.7255352e-02  1.0527612e-04  2.6908356e-01  4.0210218e-01  6.8245520e-02
 5.5368806e-02  1.4465153e-04  2.8230625e-01  4.9935292e-01  5.0465673e-02
 5.5387794e-02  1.6426872e-04  2.8228936e-01  4.9935263e-01  5.0432502e-02
 5.4156364e-02  9.9135523e-05  4.9992407e-01  1.4670124e-01  1.4665353e-01
 5.4162892e-02  1.0640142e-04  4.9992407e-01  1.4669199e-01  1.4664428e-01
 5.4289717e-02  8.6890150e-05  4.5725397e-04  4.5725522e-04  4.5725846e-04
 5.4289720e-02  8.7639024e-05  4.5725495e-04  4.5725227e-04  4.5725459e-04
 5.8637446e-02  1.1771348e-04  1.0837002e-03  1.0837003e-03  1.0837055e-03
 5.8637454e-02  1.1775685e-04  1.0837013e-03  1.0836967e-03  1.0836970e-03
 5.4156360e-02  9.7157553e-05  1.4672075e-01  4.9998979e-01  1.4663402e-01
 5.4162892e-02  1.0558328e-04  1.4671150e-01  4.9998980e-01  1.4662476e-01
 5.4860325e-02  2.3459366e-05  1.4838653e-01  4.9448512e-01  1.4516822e-01
 5.4860379e-02  2.2056393e-05  1.4838622e-01  4.9448511e-01  1.4516790e-01
 5.6287295e-02  3.8939415e-05  1.4694823e-01  4.9997980e-01  1.4683628e-01
 5.6304806e-02  3.0841540e-05  1.4692518e-01  4.9997978e-01  1.4681322e-01
 5.8977645e-02  2.0528654e-05  1.4710400e-01  4.9999123e-01  1.4710637e-01
 5.9049759e-02  5.0459241e-05  1.4701486e-01  4.9999123e-01  1.4701725e-01
 5.9160505e-02  1.4280665e-04  1.4709402e-01  4.9995382e-01  1.4704245e-01
 5.9190398e-02  1.3055484e-04  1.4706028e-01  4.9995380e-01  1.4700872e-01
 5.8282188e-02  2.4278865e-05  1.4707655e-01  4.9999393e-01  1.4698196e-01
 5.8323863e-02  1.9905453e-05  1.4702635e-01  4.9999392e-01  1.4693175e-01
 5.6842807e-02  2.8115134e-05  1.4696669e-01  4.9997830e-01  1.4696022e-01
 5.6886322e-02  2.6333032e-05  1.4690857e-01  4.9997829e-01  1.4690211e-01
 5.8285635e-02  2.4777554e-05  1.4705122e-01  4.9998876e-01  1.4700724e-01
 5.8327060e-02  2.1838662e-05  1.4700181e-01  4.9998875e-01  1.4695781e-01
 5.5223331e-02  4.2659035e-05  1.4681259e-01  4.9994617e-01  1.4679930e-01
 5.5241421e-02  4.6013297e-05  1.4678713e-01  4.9994616e-01  1.4677384e-01
 5.8104299e-02  5.5186008e-05  1.4702635e-01  4.9998211e-01  1.4699388e-01
 5.8135362e-02  5.4051185e-05  1.4698827e-01  4.9998210e-01  1.4695579e-01
 5.4156361e-02  1.0375810e-04  1.4672451e-01  1.4663028e-01  4.9994940e-01
 5.4162892e-02  9.9403155e-05  1.4671525e-01  1.4662102e-01  4.9994940e-01
 5.3729284e-02  4.1188239e-05  4.9999962e-01  1.4664856e-01  1.4660471e-01
 5.3735928e-02  3.8863638e-05  4.9999962e-01  1.4663866e-01  1.4659482e-01
 5.4155660e-02  1.0319106e-04  1.4468325e-01  4.9390335e-01  1.4873622e-01
 5.4162218e-02  9.9189309e-05  1.4467369e-01  4.9390344e-01  1.4872688e-01
 5.5367142e-02  1.4481068e-04  5.2106642e-02  2.7895084e-01  4.9886962e-01
 5.5386381e-02  1.5902582e-04  5.2073147e-02  2.7893413e-01  4.9886945e-01
 5.7212804e-02  1.2038041e-04  6.9418125e-02  2.6697739e-01  4.0229825e-01
 5.7253052e-02  9.5955108e-05  6.9355440e-02  2.6694249e-01  4.0228423e-01
 5.7215544e-02  1.1448327e-04  6.8305397e-02  4.0215847e-01  2.6910606e-01
 5.7255349e-02  1.0400372e-04  6.8242767e-02  4.0214444e-01  2.6907079e-01
 5.5368803e-02  1.4528126e-04  5.0475150e-02  4.9944724e-01  2.8228645e-01
 5.5387793e-02  1.6124125e-04  5.0441967e-02  4.9944695e-01  2.8226955e-01
 5.4860325e-02  2.1957342e-05  1.5479087e-01  1.3891258e-01  4.9618023e-01
 5.4860380e-02  2.3524607e-05  1.5479055e-01  1.3891226e-01  4.9618023e-01
 5.4155661e-02  9.9843417e-05  1.4469165e-01  1.4872757e-01  4.9391243e-01
 5.4162218e-02  1.0195117e-04  1.4468208e-01  1.4871822e-01  4.9391252e-01
 5.4288384e-02  8.5945056e-05  4.9432360e-01  1.4642542e-01  1.4699716e-01
 5.4288480e-02  8.8532308e-05  4.9432361e-01  1.4642550e-01  1.4699724e-01
 5.8635298e-02  1.1938826e-04  4.9584451e-01  1.4774393e-01  1.4632221e-01
 5.8635532e-02  1.1720708e-04  4.9584452e-01  1.4774410e-01  1.4632238e-01
 5.5221214e-02  4.1517783e-05  1.4756921e-01  1.4604531e-01  4.9880513e-01
 5.5239554e-02  4.5966745e-05  1.4754372e-01  1.4601990e-01  4.9880510e-01
 5.8102636e-02  4.9342744e-05  1.4556188e-01  1.4848855e-01  4.9585524e-01
 5.8133662e-02  5.7072387e-05  1.4552363e-01  1.4845017e-01  4.9585552e-01
 5.6839695e-02  2.8287029e-05  1.4696850e-01  1.4695782e-01  4.9921689e-01
 5.6883697e-02  2.5666324e-05  1.4691061e-01  1.4689994e-01  4.9921672e-01
 5.8284174e-02  2.0484754e-05  1.4825753e-01  1.4582317e-01  4.9649884e-01
 5.8325601e-02  2.5516348e-05  1.4820780e-01  1.4577304e-01  4.9649906e-01
 5.8284179e-02  1.9359581e-05  1.4584864e-01  1.4823146e-01  4.9654087e-01
 5.8325602e-02  2.3374422e-05  1.4579853e-01  1.4818173e-01  4.9654107e-01
 5.8973588e-02  2.1260161e-05  1.4695175e-01  1.4725802e-01  4.9917729e-01
 5.9046289e-02  4.3009437e-05  1.4686312e-01  1.4716947e-01  4.9917701e-01
 5.6288248e-02  3.4668174e-05  1.4902101e-01  1.4480682e-01  4.9540341e-01
 5.6305623e-02  3.6106944e-05  1.4899862e-01  1.4478369e-01  4.9540353e-01
 5.9159525e-02  1.3347681e-04  1.4508232e-01  1.4908014e-01  4.9692980e-01
 5.9189476e-02  1.3130671e-04  1.4504747e-01  1.4904627e-01  4.9692985e-01
 5.6287296e-02  3.2735283e-05  1.4697520e-01  1.4680934e-01  4.9995816e-01
 5.6304808e-02  3.7188766e-05  1.4695213e-01  1.4678627e-01  4.9995816e-01
 5.8977643e-02  2.0046308e-05  1.4709632e-01  1.4711404e-01  4.9997969e-01
 5.9049767e-02  4.4188452e-05  1.4700720e-01  1.4702490e-01  4.9997968e-01
 5.9160507e-02  1.3575759e-04  1.4708969e-01  1.4704679e-01  4.9997816e-01
 5.9190396e-02  1.3122823e-04  1.4705595e-01  1.4701305e-01  4.9997817e-01
 5.5367144e-02  1.3984548e-04  5.2107199e-02  4.9883579e-01  2.7894988e-01
 5.5386381e-02  1.6259604e-04  5.2073691e-02  4.9883561e-01  2.7893318e-01
 5.5221215e-02  3.9541683e-05  1.4761188e-01  4.9878748e-01  1.4600288e-01
 5.5239553e-02  4.7334605e-05  1.4758639e-01  4.9878744e-01  1.4597748e-01
 5.8102634e-02  5.3055198e-05  1.4554659e-01  4.9584053e-01  1.4850413e-01
 5.8133662e-02  5.4663291e-05  1.4550835e-01  4.9584083e-01  1.4846578e-01
 5.5867576e-02  5.3139130e-05  4.9993857e-01  1.4685764e-01  1.4685364e-01
 5.5885406e-02  5.9298341e-05  4.9993856e-01  1.4683382e-01  1.4682982e-01
 5.7302608e-02  7.2939138e-05  4.9999931e-01  1.4698373e-01  1.4697652e-01
 5.7334346e-02  7.3468501e-05  4.9999932e-01  1.4694185e-01  1.4693468e-01
 5.7212803e-02  1.1791416e-04  2.6698836e-01  6.9416313e-02  4.0228007e-01
 5.7253059e-02  1.0338612e-04  2.6695344e-01  6.9353626e-02  4.0226606e-01
 5.7215545e-02  1.1016956e-04  4.0217106e-01  6.8312499e-02  2.6908745e-01
 5.7255355e-02  1.0336535e-04  4.0215703e-01  6.8249851e-02  2.6905220e-01
 5.9115688e-02  9.8688386e-05  2.2936929e-01  8.0691688e-02  4.9903101e-01
 5.9189736e-02  9.6412350e-05  2.2929938e-01  8.0587047e-02  4.9903067e-01
 5.7858649e-02  6.3265261e-05  4.9825653e-01  2.4369905e-02  3.4844359e-01
 5.7894206e-02  7.2160962e-05  4.9825612e-01  2.4311015e-02  3.4842399e-01
 5.9119731e-02  9.4017674e-05  2.3061179e-01  7.9892440e-02  4.9995331e-01
 5.9193274e-02  9.4296360e-05  2.3054144e-01  7.9787619e-02  4.9995362e-01
 5.7860845e-02  6.4038555e-05  4.9944077e-01  2.3278311e-02  3.5190401e-01
 5.7896078e-02  6.9769468e-05  4.9944022e-01  2.3220133e-02  3.5188421e-01
 5.8282188e-02  2.0309032e-05  1.4708579e-01  1.4697274e-01  4.9996454e-01
 5.8323865e-02  2.4539239e-05  1.4703557e-01  1.4692251e-01  4.9996453e-01
 5.6842805e-02  2.6865177e-05  1.4694689e-01  1.4698001e-01  4.9996259e-01
 5.6886326e-02  2.5845557e-05  1.4688879e-01  1.4692189e-01  4.9996258e-01
 5.8285638e-02  2.0463910e-05  1.4706767e-01  1.4699081e-01  4.9996896e-01
 5.8327056e-02  2.3865046e-05  1.4701825e-01  1.4694137e-01  4.9996896e-01
 5.7212805e-02  1.1481602e-04  6.9411217e-02  4.0226436e-01  2.6700437e-01
 5.7253052e-02  1.0429723e-04  6.9348513e-02  4.0225033e-01  2.6696947e-01
 5.7215542e-02  1.0977366e-04  6.8315442e-02  2.6907391e-01  4.0218996e-01
 5.7255352e-02  1.0057296e-04  6.8252835e-02  2.6903863e-01  4.0217595e-01
 5.6839698e-02  2.7542644e-05  1.4697802e-01  4.9919644e-01  1.4694833e-01
 5.6883695e-02  2.6400583e-05  1.4692013e-01  4.9919627e-01  1.4689046e-01
 5.8284174e-02  1.9337852e-05  1.4824309e-01  4.9657165e-01  1.4583677e-01
 5.8325599e-02  2.2410296e-05  1.4819339e-01  4.9657188e-01  1.4578667e-01
 5.8284177e-02  2.3384138e-05  1.4585867e-01  4.9651315e-01  1.4822163e-01
 5.8325601e-02  2.1940133e-05  1.4580858e-01  4.9651336e-01  1.4817192e-01
 5.7212804e-02  1.1723756e-04  2.6704149e-01  4.0226464e-01  6.9391050e-02
 5.7253057e-02  1.0341143e-04  2.6700658e-01  4.0225062e-01  6.9328367e-02
 5.7215543e-02  1.1344286e-04  4.0219336e-01  2.6910397e-01  6.8298601e-02
 5.7255354e-02  1.0317416e-04  4.0217935e-01  2.6906870e-01  6.8235981e-02
 5.8282187e-02  2.2426486e-05  4.9995462e-01  1.4702880e-01  1.4702970e-01
 5.8323873e-02  2.4182370e-05  4.9995461e-01  1.4697858e-01  1.4697949e-01
 5.8285641e-02  2.0288947e-05  4.9994244e-01  1.4701859e-01  1.4703986e-01
 5.8327054e-02  2.5110632e-05  4.9994244e-01  1.4696917e-01  1.4699046e-01
 5.6842806e-02  2.6963183e-05  4.9997866e-01  1.4697243e-01  1.4695448e-01
 5.6886329e-02  2.6689079e-05  4.9997865e-01  1.4691430e-01  1.4689637e-01
 5.7216047e-02  1.1149568e-04  2.6809865e-01  6.8689709e-02  4.0284837e-01
 5.7255943e-02  1.0128325e-04  2.6806354e-01  6.8627275e-02  4.0283495e-01
 5.7216046e-02  1.1063583e-04  4.0283642e-01  6.8668645e-02  2.6814288e-01
 5.7255946e-02  1.0466405e-04  4.0282298e-01  6.8606182e-02  2.6810777e-01
 5.5223330e-02  3.8097906e-05  1.4676585e-01  1.4684605e-01  4.9991727e-01
 5.5241423e-02  4.8579421e-05  1.4674039e-01  1.4682058e-01  4.9991726e-01
 5.8104301e-02  4.9850085e-05  1.4706931e-01  1.4695095e-01  4.9993016e-01
 5.8135358e-02  5.8829306e-05  1.4703122e-01  1.4691285e-01  4.9993015e-01
 5.5368802e-02  1.3846092e-04  5.0481653e-02  2.8227293e-01  4.9947844e-01
 5.5387794e-02  1.6514932e-04  5.0448483e-02  2.8225602e-01  4.9947816e-01
 5.8973591e-02  2.1003792e-05  1.4694334e-01  4.9915106e-01  1.4726648e-01
 5.9046285e-02  4.5455410e-05  1.4685471e-01  4.9915076e-01  1.4717793e-01
 5.6288247e-02  3.2406626e-05  1.4900181e-01  4.9549020e-01  1.4482467e-01
 5.6305621e-02  3.5138916e-05  1.4897943e-01  4.9549034e-01  1.4480155e-01
 5.9159522e-02  1.4282530e-04  1.4511286e-01  4.9687306e-01  1.4904975e-01
 5.9189475e-02  1.3054638e-04  1.4507803e-01  4.9687311e-01  1.4901588e-01
 5.9115692e-02  9.8102498e-05  2.2939195e-01  4.9901582e-01  8.0677079e-02
 5.9189733e-02  9.6578052e-05  2.2932205e-01  4.9901546e-01  8.0572442e-02
 5.7858649e-02  6.5192813e-05  4.9825028e-01  3.4848481e-01  2.4356778e-02
 5.7894203e-02  6.6777223e-05  4.9824987e-01  3.4846521e-01  2.4297912e-02
 5.9119732e-02  9.4556093e-05  2.3065450e-01  4.9994284e-01  7.9865057e-02
 5.9193265e-02  9.9733605e-05  2.3058413e-01  4.9994314e-01  7.9760251e-02
 5.7860843e-02  6.6341391e-05  4.9947598e-01  3.5193886e-01  2.3267429e-02
 5.7896078e-02  6.9727352e-05  4.9947544e-01  3.5191906e-01  2.3209271e-02
 5.7216048e-02  1.1346739e-04  2.6817117e-01  4.0281872e-01  6.8657401e-02
 5.7255939e-02  1.0529834e-04  2.6813605e-01  4.0280529e-01  6.8594980e-02
 5.7216044e-02  1.1484502e-04  4.0277937e-01  2.6817673e-01  6.8663287e-02
 5.7255947e-02  1.0242633e-04  4.0276593e-01  2.6814161e-01  6.8600847e-02
 5.5870123e-02  5.2771300e-05  4.9991552e-01  1.4684282e-01  1.4686892e-01
 5.5887758e-02  6.0126608e-05  4.9991552e-01  1.4681928e-01  1.4684539e-01
 5.7303484e-02  7.5676642e-05  4.9994653e-01  1.4699640e-01  1.4696428e-01
 5.7335408e-02  7.3994996e-05  4.9994653e-01  1.4695480e-01  1.4692270e-01
 5.6234096e-02  3.0550600e-05  8.0882832e-04  8.0882916e-04  8.0883476e-04
 5.6234102e-02  3.1633619e-05  8.0882963e-04  8.0882527e-04  8.0882689e-04
 5.6234096e-02  3.3956538e-05  8.0882815e-04  8.0882968e-04  8.0883467e-04
 5.6234102e-02  3.1242852e-05  8.0882961e-04  8.0882584e-04  8.0882712e-04
 5.5870118e-02  5.2273321e-05  1.4688572e-01  4.9998626e-01  1.4682602e-01
 5.5887762e-02  5.8712535e-05  1.4686218e-01  4.9998625e-01  1.4680248e-01
 5.7303486e-02  7.3899502e-05  1.4697673e-01  4.9996279e-01  1.4698393e-01
 5.7335399e-02  7.7315905e-05  1.4693515e-01  4.9996278e-01  1.4694236e-01
 5.6289148e-02  3.2596609e-05  1.4692174e-01  4.9996602e-01  1.4686239e-01
 5.6306459e-02  3.5635965e-05  1.4689950e-01  4.9996601e-01  1.4684015e-01
 5.8977722e-02  1.8829416e-05  1.4709957e-01  4.9998917e-01  1.4711104e-01
 5.9049940e-02  5.0210392e-05  1.4701059e-01  4.9998916e-01  1.4702207e-01
 5.9158236e-02  1.4285336e-04  1.4711843e-01  4.9996299e-01  1.4701870e-01
 5.9188456e-02  1.3337391e-04  1.4708358e-01  4.9996297e-01  1.4698384e-01
 5.7437769e-02  6.2154658e-05  1.4853518e-01  4.9209751e-01  1.4548619e-01
 5.7437906e-02  5.8207885e-05  1.4853462e-01  4.9209749e-01  1.4548562e-01
 5.7437769e-02  6.1104149e-05  1.4858210e-01  4.9254930e-01  1.4542988e-01
 5.7437906e-02  6.2279555e-05  1.4858153e-01  4.9254928e-01  1.4542930e-01
 5.9158236e-02  1.4170016e-04  1.4711786e-01  4.9996168e-01  1.4701927e-01
 5.9188456e-02  1.2628523e-04  1.4708301e-01  4.9996166e-01  1.4698441e-01
 5.8977722e-02  1.9691135e-05  1.4710034e-01  4.9998908e-01  1.4711026e-01
 5.9049940e-02  4.8500652e-05  1.4701136e-01  4.9998907e-01  1.4702130e-01
 5.6289148e-02  3.9502258e-05  1.4692218e-01  4.9997034e-01  1.4686195e-01
 5.6306459e-02  3.2226834e-05  1.4689994e-01  4.9997033e-01  1.4683971e-01
 5.7303486e-02  7.5644098e-05  1.4697823e-01  4.9996322e-01  1.4698243e-01
 5.7335399e-02  7.0144498e-05  1.4693665e-01  4.9996320e-01  1.4694087e-01
 5.5870118e-02  5.7610139e-05  1.4688705e-01  4.9998240e-01  1.4682469e-01
 5.5887763e-02  5.6325380e-05  1.4686351e-01  4.9998240e-01  1.4680115e-01
 5.5870120e-02  5.5906554e-05  1.4692085e-01  1.4679092e-01  4.9993435e-01
 5.5887760e-02  5.5381561e-05  1.4689731e-01  1.4676737e-01  4.9993435e-01
 5.7303484e-02  8.9327263e-05  1.4693819e-01  1.4702248e-01  4.9991756e-01
 5.7335405e-02  6.5332086e-05  1.4689662e-01  1.4698091e-01  4.9991755e-01
 5.5223328e-02  4.2512068e-05  4.9995395e-01  1.4682941e-01  1.4678249e-01
 5.5241424e-02  4.3222687e-05  4.9995395e-01  1.4680393e-01  1.4675702e-01
 5.8104303e-02  5.4165630e-05  4.9991957e-01  1.4698077e-01  1.4703946e-01
 5.8135354e-02  5.5484896e-05  4.9991957e-01  1.4694269e-01  1.4700139e-01
 5.5368801e-02  1.4494125e-04  4.9946012e-01  2.8230890e-01  5.0464254e-02
 5.5387795e-02  1.5908471e-04  4.9945984e-01  2.8229200e-01  5.0431076e-02
 5.6288248e-02  3.8047542e-05  1.4485787e-01  4.9541251e-01  1.4896922e-01
 5.6305621e-02  3.1587366e-05  1.4483477e-01  4.9541262e-01  1.4894684e-01
 5.9159520e-02  1.3915925e-04  1.4908115e-01  4.9697480e-01  1.4508094e-01
 5.9189473e-02  1.3452689e-04  1.4904727e-01  4.9697489e-01  1.4504609e-01
 5.8973590e-02  1.8554209e-05  1.4727381e-01  4.9915718e-01  1.4693600e-01
 5.9046285e-02  4.3541750e-05  1.4718523e-01  4.9915689e-01  1.4684740e-01
 5.7858652e-02  6.7228426e-05  2.4377760e-02  3.4841962e-01  4.9819655e-01
 5.7894202e-02  6.7830612e-05  2.4318910e-02  3.4840000e-01  4.9819613e-01
 5.9119729e-02  9.3973218e-05  7.9862362e-02  4.9992132e-01  2.3065873e-01
 5.9193263e-02  9.7871062e-05  7.9757535e-02  4.9992160e-01  2.3058837e-01
 5.7860842e-02  6.9127212e-05  2.3287321e-02  3.5187480e-01  4.9948989e-01
 5.7896075e-02  6.7360246e-05  2.3229171e-02  3.5185496e-01  4.9948934e-01
 5.9115692e-02  9.2300074e-05  8.0682564e-02  4.9902739e-01  2.2938343e-01
 5.9189727e-02  9.4931444e-05  8.0577904e-02  4.9902703e-01  2.2931355e-01
 5.7216046e-02  1.1587276e-04  6.8670959e-02  4.0276379e-01  2.6816901e-01
 5.7255938e-02  9.8599787e-05  6.8608519e-02  4.0275034e-01  2.6813389e-01
 5.7216043e-02  1.2519848e-04  6.8676794e-02  2.6816541e-01  4.0274643e-01
 5.7255944e-02  9.3478478e-05  6.8614368e-02  2.6813029e-01  4.0273298e-01
 5.6289150e-02  3.7420142e-05  1.4691819e-01  1.4686595e-01  4.9997741e-01
 5.6306458e-02  3.1292263e-05  1.4689596e-01  1.4684370e-01  4.9997742e-01
 5.8977721e-02  2.4073707e-05  1.4708763e-01  1.4712297e-01  4.9996594e-01
 5.9049951e-02  4.1982089e-05  1.4699866e-01  1.4703400e-01  4.9996592e-01
 5.9158237e-02  1.3888816e-04  1.4714104e-01  1.4699612e-01  4.9996710e-01
 5.9188459e-02  1.2804221e-04  1.4710618e-01  1.4696123e-01  4.9996711e-01
 5.5368802e-02  1.4618927e-04  4.9942452e-01  5.0484581e-02  2.8226704e-01
 5.5387795e-02  1.5777778e-04  4.9942423e-01  5.0451385e-02  2.8225015e-01
 5.5222699e-02  4.3366559e-05  4.9999734e-01  1.4681895e-01  1.4679273e-01
 5.5240711e-02  4.2490737e-05  4.9999735e-01  1.4679333e-01  1.4676713e-01
 5.8100972e-02  5.3787418e-05  4.9994428e-01  1.4701847e-01  1.4700114e-01
 5.8132265e-02  5.3440129e-05  4.9994428e-01  1.4698013e-01  1.4696280e-01
 5.5868662e-02  5.5750567e-05  1.4497694e-01  4.9441388e-01  1.4878951e-01
 5.5886321e-02  5.5925113e-05  1.4495306e-01  4.9441410e-01  1.4876575e-01
 5.7300520e-02  7.6785659e-05  1.4790073e-01  4.9843944e-01  1.4606436e-01
 5.7332744e-02  6.8675625e-05  1.4785921e-01  4.9843939e-01  1.4602292e-01
 5.7213350e-02  1.1839228e-04  6.9693185e-02  2.6552365e-01  4.0459242e-01
 5.7253583e-02  9.9840794e-05  6.9630528e-02  2.6548883e-01  4.0457882e-01
 5.7213353e-02  1.1371622e-04  6.9688542e-02  4.0460615e-01  2.6552659e-01
 5.7253583e-02  9.9154722e-05  6.9625867e-02  4.0459255e-01  2.6549176e-01
 5.9115688e-02  9.8645252e-05  8.0697970e-02  2.2935949e-01  4.9904988e-01
 5.9189728e-02  9.4490061e-05  8.0593326e-02  2.2928961e-01  4.9904954e-01
 5.7860844e-02  6.5915986e-05  2.3271916e-02  4.9944815e-01  3.5192456e-01
 5.7896073e-02  6.9342261e-05  2.3213753e-02  4.9944760e-01  3.5190474e-01
 5.9119727e-02  1.0572122e-04  7.9874443e-02  2.3063987e-01  4.9989838e-01
 5.9193271e-02  9.0046230e-05  7.9769635e-02  2.3056951e-01  4.9989866e-01
 5.7858655e-02  6.4813915e-05  2.4365310e-02  4.9815680e-01  3.4845917e-01
 5.7894203e-02  6.8067636e-05  2.4306438e-02  4.9815637e-01  3.4843955e-01
 5.7437770e-02  5.9177692e-05  1.5262060e-01  1.4140156e-01  4.9779101e-01
 5.7437909e-02  6.2445255e-05  1.5262003e-01  1.4140098e-01  4.9779103e-01
 5.7437770e-02  6.2146819e-05  1.5253482e-01  1.4149678e-01  4.9632120e-01
 5.7437909e-02  5.8736074e-05  1.5253425e-01  1.4149620e-01  4.9632121e-01
 5.6288250e-02  3.7400815e-05  1.4482984e-01  1.4899717e-01  4.9544478e-01
 5.6305622e-02  3.1842908e-05  1.4480672e-01  1.4897478e-01  4.9544489e-01
 5.9159520e-02  1.3887886e-04  1.4910970e-01  1.4505355e-01  4.9687851e-01
 5.9189476e-02  1.2865199e-04  1.4907582e-01  1.4501869e-01  4.9687859e-01
 5.8973585e-02  2.4181654e-05  1.4726855e-01  1.4694126e-01  4.9916001e-01
 5.9046288e-02  3.9146357e-05  1.4717998e-01  1.4685265e-01  4.9915973e-01
 5.5868664e-02  5.4611591e-05  1.4498536e-01  1.4878090e-01  4.9442034e-01
 5.5886321e-02  5.6727838e-05  1.4496146e-01  1.4875713e-01  4.9442054e-01
 5.7300518e-02  8.6641258e-05  1.4786365e-01  1.4610129e-01  4.9843075e-01
 5.7332745e-02  6.5049388e-05  1.4782214e-01  1.4605986e-01  4.9843070e-01
 5.6231995e-02  2.9647919e-05  4.9581673e-01  1.4709987e-01  1.4667381e-01
 5.6232199e-02  3.3144706e-05  4.9581674e-01  1.4710003e-01  1.4667396e-01
 5.6231995e-02  3.3572328e-05  4.9553208e-01  1.4745422e-01  1.4632374e-01
 5.6232199e-02  2.9172039e-05  4.9553209e-01  1.4745438e-01  1.4632389e-01
 5.7300518e-02  7.7942025e-05  1.4786427e-01  1.4610062e-01  4.9844090e-01
 5.7332745e-02  7.2694114e-05  1.4782276e-01  1.4605919e-01  4.9844085e-01
 5.5868664e-02  5.2148470e-05  1.4498515e-01  1.4878115e-01  4.9441828e-01
 5.5886321e-02  5.8921531e-05  1.4496125e-01  1.4875737e-01  4.9441849e-01
 5.8973586e-02  2.0546822e-05  1.4726896e-01  1.4694084e-01  4.9916589e-01
 5.9046288e-02  4.5257580e-05  1.4718039e-01  1.4685223e-01  4.9916561e-01
 5.9159520e-02  1.3527113e-04  1.4910942e-01  1.4505374e-01  4.9688794e-01
 5.9189476e-02  1.3600093e-04  1.4907554e-01  1.4501888e-01  4.9688801e-01
 5.6288250e-02  3.3974254e-05  1.4482917e-01  1.4899778e-01  4.9545048e-01
 5.6305622e-02  3.4811284e-05  1.4480604e-01  1.4897539e-01  4.9545059e-01
 5.9158237e-02  1.3598038e-04  1.4714083e-01  1.4699633e-01  4.9997249e-01
 5.9188459e-02  1.3463167e-04  1.4710597e-01  1.4696145e-01  4.9997249e-01
 5.8977721e-02  1.9134332e-05  1.4708906e-01  1.4712154e-01  4.9996836e-01
 5.9049951e-02  4.4508996e-05  1.4700009e-01  1.4703257e-01  4.9996835e-01
 5.6289150e-02  3.3825420e-05  1.4691945e-01  1.4686469e-01  4.9996635e-01
 5.6306458e-02  3.5816348e-05  1.4689722e-01  1.4684244e-01  4.9996636e-01
 5.7858655e-02  6.4853295e-05  2.4365991e-02  4.9815734e-01  3.4845702e-01
 5.7894203e-02  6.9506722e-05  2.4307120e-02  4.9815692e-01  3.4843741e-01
 5.9119727e-02  9.1188261e-05  7.9875751e-02  2.3063783e-01  4.9990111e-01
 5.9193271e-02  9.3137748e-05  7.9770942e-02  2.3056746e-01  4.9990139e-01
 5.7860844e-02  6.4604424e-05  2.3269828e-02  4.9944841e-01  3.5193128e-01
 5.7896072e-02  6.9869748e-05  2.3211664e-02  4.9944786e-01  3.5191146e-01
 5.9115688e-02  1.0644488e-04  8.0697821e-02  2.2935974e-01  4.9904484e-01
 5.9189728e-02  9.1504681e-05  8.0593177e-02  2.2928986e-01  4.9904450e-01
 5.7213353e-02  1.1607698e-04  6.9688387e-02  4.0460541e-01  2.6552717e-01
 5.7253583e-02  9.9916702e-05  6.9625713e-02  4.0459182e-01  2.6549234e-01
 5.7213350e-02  1.2413509e-04  6.9691703e-02  2.6552317e-01  4.0460029e-01
 5.7253583e-02  9.5127260e-05  6.9629045e-02  2.6548835e-01  4.0458669e-01
 5.7300520e-02  7.8884404e-05  1.4789780e-01  4.9844098e-01  1.4606726e-01
 5.7332744e-02  7.1547621e-05  1.4785629e-01  4.9844093e-01  1.4602582e-01
 5.5868662e-02  5.4217958e-05  1.4496982e-01  4.9441255e-01  1.4879672e-01
 5.5886321e-02  5.8020321e-05  1.4494594e-01  4.9441277e-01  1.4877297e-01
 5.8100972e-02  5.1244486e-05  4.9994686e-01  1.4701515e-01  1.4700445e-01
 5.8132265e-02  5.7489455e-05  4.9994686e-01  1.4697682e-01  1.4696612e-01
 5.5222699e-02  3.8925086e-05  4.9999658e-01  1.4681763e-01  1.4679405e-01
 5.5240711e-02  4.9111624e-05  4.9999659e-01  1.4679201e-01  1.4676845e-01
 5.5368802e-02  1.4041678e-04  4.9942339e-01  5.0486241e-02  2.8226362e-01
 5.5387795e-02  1.6450931e-04  4.9942310e-01  5.0453046e-02  2.8224673e-01
 5.7303484e-02  7.2277081e-05  1.4694053e-01  1.4702014e-01  4.9992194e-01
 5.7335405e-02  6.9714462e-05  1.4689896e-01  1.4697856e-01  4.9992192e-01
 5.5870120e-02  5.1818613e-05  1.4692262e-01  1.4678915e-01  4.9992573e-01
 5.5887760e-02  6.1457018e-05  1.4689908e-01  1.4676560e-01  4.9992573e-01
 5.7216043e-02  1.0836311e-04  6.8677751e-02  2.6816217e-01  4.0274992e-01
 5.7255943e-02  1.0081589e-04  6.8615324e-02  2.6812704e-01  4.0273647e-01
 5.7216046e-02  1.1084097e-04  6.8669149e-02  4.0276299e-01  2.6817271e-01
 5.7255938e-02  1.0597661e-04  6.8606709e-02  4.0274954e-01  2.6813759e-01
 5.9115692e-02  9.6735996e-05  8.0682296e-02  4.9902792e-01  2.2938385e-01
 5.9189727e-02  9.4964756e-05  8.0577636e-02  4.9902757e-01  2.2931396e-01
 5.7860842e-02  6.2415471e-05  2.3288452e-02  3.5187117e-01  4.9948617e-01
 5.7896075e-02  7.0038295e-05  2.3230302e-02  3.5185133e-01  4.9948563e-01
 5.9119729e-02  9.2679939e-05  7.9860962e-02  4.9992125e-01  2.3066091e-01
 5.9193262e-02  9.8134265e-05  7.9756135e-02  4.9992153e-01  2.3059056e-01
 5.7858652e-02  6.9074297e-05  2.4377646e-02  3.4842005e-01  4.9819080e-01
 5.7894202e-02  6.8442447e-05  2.4318795e-02  3.4840043e-01  4.9819038e-01
 5.8973590e-02  2.0820626e-05  1.4727290e-01  4.9915785e-01  1.4693691e-01
 5.9046285e-02  4.4771434e-05  1.4718433e-01  4.9915756e-01  1.4684830e-01
 5.9159520e-02  1.3359858e-04  1.4908360e-01  4.9697845e-01  1.4507848e-01
 5.9189473e-02  1.3062187e-04  1.4904972e-01  4.9697854e-01  1.4504364e-01
 5.6288248e-02  3.6690089e-05  1.4485296e-01  4.9541332e-01  1.4897418e-01
 5.6305622e-02  3.4383855e-05  1.4482986e-01  4.9541343e-01  1.4895180e-01
 5.5368801e-02  1.4219055e-04  4.9946005e-01  2.8230703e-01  5.0465160e-02
 5.5387795e-02  1.6408700e-04  4.9945976e-01  2.8229013e-01  5.0431982e-02
 5.8104303e-02  5.0321666e-05  4.9992143e-01  1.4698198e-01  1.4703825e-01
 5.8135355e-02  5.7060815e-05  4.9992143e-01  1.4694391e-01  1.4700018e-01
 5.5223328e-02  3.9885476e-05  4.9995229e-01  1.4683055e-01  1.4678135e-01
 5.5241425e-02  4.8797655e-05  4.9995228e-01  1.4680507e-01  1.4675589e-01
 5.8637447e-02  1.1860886e-04  1.0837003e-03  1.0836999e-03  1.0837056e-03
 5.8637454e-02  1.1657607e-04  1.0837013e-03  1.0836963e-03  1.0836968e-03
 5.4289717e-02  8.8298667e-05  4.5725382e-04  4.5725570e-04  4.5725841e-04
 5.4289720e-02  8.7493104e-05  4.5725488e-04  4.5725284e-04  4.5725476e-04
 5.8104299e-02  5.0665450e-05  1.4702559e-01  4.9998470e-01  1.4699464e-01
 5.8135362e-02  5.4665261e-05  1.4698751e-01  4.9998470e-01  1.4695655e-01
 5.5223331e-02  3.9598504e-05  1.4681078e-01  4.9994592e-01  1.4680111e-01
 5.5241421e-02  5.0649825e-05  1.4678531e-01  4.9994591e-01  1.4677565e-01
 5.8285636e-02  1.9955878e-05  1.4705096e-01  4.9998634e-01  1.4700750e-01
 5.8327060e-02  2.2573137e-05  1.4700155e-01  4.9998634e-01  1.4695807e-01
 5.6842807e-02  2.6692947e-05  1.4696579e-01  4.9997864e-01  1.4696111e-01
 5.6886321e-02  2.7194300e-05  1.4690768e-01  4.9997864e-01  1.4690301e-01
 5.8282188e-02  2.4740992e-05  1.4707718e-01  4.9999397e-01  1.4698133e-01
 5.8323863e-02  2.3209088e-05  1.4702698e-01  4.9999397e-01  1.4693112e-01
 5.9160505e-02  1.3483608e-04  1.4709402e-01  4.9995064e-01  1.4704244e-01
 5.9190398e-02  1.3036275e-04  1.4706029e-01  4.9995062e-01  1.4700871e-01
 5.8977645e-02  1.7861952e-05  1.4710339e-01  4.9999151e-01  1.4710699e-01
 5.9049759e-02  5.0523443e-05  1.4701425e-01  4.9999151e-01  1.4701786e-01
 5.6287295e-02  3.8141938e-05  1.4694928e-01  4.9998089e-01  1.4683524e-01
 5.6304806e-02  3.5322792e-05  1.4692622e-01  4.9998088e-01  1.4681218e-01
 5.4860325e-02  2.2535683e-05  1.4846320e-01  4.9516218e-01  1.4508237e-01
 5.4860379e-02  2.3300621e-05  1.4846289e-01  4.9516217e-01  1.4508205e-01
 5.4156360e-02  1.0474237e-04  1.4672250e-01  4.9998354e-01  1.4663227e-01
 5.4162892e-02  1.0033078e-04  1.4671324e-01  4.9998354e-01  1.4662302e-01
 5.8104301e-02  5.2001614e-05  1.4706826e-01  1.4695200e-01  4.9993571e-01
 5.8135358e-02  5.3703349e-05  1.4703017e-01  1.4691390e-01  4.9993570e-01
 5.5223330e-02  4.7059308e-05  1.4676281e-01  1.4684909e-01  4.9991125e-01
 5.5241423e-02  4.2618315e-05  1.4673735e-01  1.4682363e-01  4.9991124e-01
 5.7303484e-02  7.8120112e-05  4.9994797e-01  1.4699534e-01  1.4696534e-01
 5.7335408e-02  6.5999579e-05  4.9994797e-01  1.4695375e-01  1.4692375e-01
 5.5870123e-02  5.6343278e-05  4.9991312e-01  1.4684126e-01  1.4687048e-01
 5.5887758e-02  5.8152609e-05  4.9991313e-01  1.4681773e-01  1.4684695e-01
 5.7216044e-02  1.1571323e-04  4.0277972e-01  2.6817750e-01  6.8662798e-02
 5.7255947e-02  9.4645795e-05  4.0276628e-01  2.6814237e-01  6.8600358e-02
 5.7216048e-02  1.1332206e-04  2.6817138e-01  4.0281819e-01  6.8657410e-02
 5.7255939e-02  1.0715103e-04  2.6813626e-01  4.0280476e-01  6.8594989e-02
 5.7860843e-02  6.6680567e-05  4.9947639e-01  3.5194065e-01  2.3266873e-02
 5.7896078e-02  6.7889802e-05  4.9947585e-01  3.5192084e-01  2.3208715e-02
 5.9119731e-02  9.2553692e-05  2.3065464e-01  4.9994235e-01  7.9864964e-02
 5.9193265e-02  1.0106968e-04  2.3058428e-01  4.9994265e-01  7.9760158e-02
 5.7858649e-02  6.5450381e-05  4.9825101e-01  3.4848249e-01  2.4357512e-02
 5.7894203e-02  7.1299712e-05  4.9825060e-01  3.4846290e-01  2.4298646e-02
 5.9115692e-02  9.5745239e-05  2.2939294e-01  4.9901508e-01  8.0676444e-02
 5.9189733e-02  9.4803910e-05  2.2932303e-01  4.9901472e-01  8.0571807e-02
 5.9159522e-02  1.4043138e-04  1.4511609e-01  4.9687213e-01  1.4904650e-01
 5.9189475e-02  1.2853973e-04  1.4508126e-01  4.9687219e-01  1.4901263e-01
 5.6288247e-02  3.6835888e-05  1.4899781e-01  4.9548557e-01  1.4482868e-01
 5.6305621e-02  3.4348209e-05  1.4897543e-01  4.9548571e-01  1.4480556e-01
 5.8973591e-02  1.8796908e-05  1.4694389e-01  4.9915046e-01  1.4726593e-01
 5.9046285e-02  4.3079749e-05  1.4685525e-01  4.9915016e-01  1.4717739e-01
 5.5368802e-02  1.4983480e-04  5.0479501e-02  2.8227736e-01  4.9948455e-01
 5.5387794e-02  1.5796538e-04  5.0446332e-02  2.8226045e-01  4.9948426e-01
 5.8285638e-02  2.1789345e-05  1.4706709e-01  1.4699139e-01  4.9997449e-01
 5.8327056e-02  2.1803324e-05  1.4701767e-01  1.4694195e-01  4.9997449e-01
 5.6842805e-02  2.9785370e-05  1.4694496e-01  1.4698194e-01  4.9995898e-01
 5.6886326e-02  2.4306624e-05  1.4688686e-01  1.4692383e-01  4.9995896e-01
 5.8282188e-02  2.1917303e-05  1.4708607e-01  1.4697246e-01  4.9996198e-01
 5.8323865e-02  2.1129115e-05  1.4703585e-01  1.4692223e-01  4.9996197e-01
 5.7216046e-02  1.1889829e-04  4.0283506e-01  6.8667499e-02  2.6814558e-01
 5.7255946e-02  9.1676847e-05  4.0282163e-01  6.8605036e-02  2.6811046e-01
 5.7216047e-02  1.2523360e-04  2.6809671e-01  6.8690228e-02  4.0285070e-01
 5.7255943e-02  9.5124699e-05  2.6806160e-01  6.8627794e-02  4.0283728e-01
 5.6842806e-02  2.8834178e-05  4.9997902e-01  1.4697236e-01  1.4695455e-01
 5.6886329e-02  2.4229507e-05  4.9997901e-01  1.4691423e-01  1.4689645e-01
 5.8285641e-02  2.3638200e-05  4.9994148e-01  1.4701835e-01  1.4704010e-01
 5.8327054e-02  2.3546565e-05  4.9994147e-01  1.4696893e-01  1.4699070e-01
 5.8282187e-02  2.5297327e-05  4.9995274e-01  1.4703147e-01  1.4702702e-01
 5.8323874e-02  2.1316480e-05  4.9995273e-01  1.4698126e-01  1.4697681e-01
 5.7215543e-02  1.1913753e-04  4.0219453e-01  2.6910512e-01  6.8297719e-02
 5.7255354e-02  9.4061069e-05  4.0218052e-01  2.6906985e-01  6.8235098e-02
 5.7212804e-02  1.1815147e-04  2.6704446e-01  4.0226382e-01  6.9389633e-02
 5.7253057e-02  9.7510954e-05  2.6700954e-01  4.0224980e-01  6.9326950e-02
 5.8284176e-02  2.2964630e-05  1.4586231e-01  4.9651340e-01  1.4821796e-01
 5.8325601e-02  2.1906285e-05  1.4581222e-01  4.9651361e-01  1.4816825e-01
 5.8284174e-02  2.2323760e-05  1.4823998e-01  4.9656879e-01  1.4583988e-01
 5.8325599e-02  2.3275118e-05  1.4819028e-01  4.9656902e-01  1.4578978e-01
 5.6839698e-02  2.7937317e-05  1.4697909e-01  4.9919553e-01  1.4694726e-01
 5.6883695e-02  2.4906865e-05  1.4692120e-01  4.9919536e-01  1.4688939e-01
 5.7215542e-02  1.2259525e-04  6.8312988e-02  2.6907658e-01  4.0219449e-01
 5.7255352e-02  9.5963316e-05  6.8250381e-02  2.6904130e-01  4.0218047e-01
 5.7212805e-02  1.1512409e-04  6.9411089e-02  4.0226370e-01  2.6700488e-01
 5.7253052e-02  9.7542480e-05  6.9348384e-02  4.0224967e-01  2.6696998e-01
 5.9160507e-02  1.3983689e-04  1.4708907e-01  1.4704740e-01  4.9998671e-01
 5.9190396e-02  1.2933971e-04  1.4705534e-01  1.4701366e-01  4.9998672e-01
 5.8977643e-02  2.3357356e-05  1.4709483e-01  1.4711554e-01  4.9997701e-01
 5.9049767e-02  4.2763113e-05  1.4700570e-01  1.4702640e-01  4.9997700e-01
 5.6287296e-02  3.8079897e-05  1.4697490e-01  1.4680964e-01  4.9995018e-01
 5.6304808e-02  3.1077914e-05  1.4695184e-01  1.4678656e-01  4.9995018e-01
 5.7860846e-02  6.8138361e-05  4.9944181e-01  2.3276958e-02  3.5190836e-01
 5.7896078e-02  6.6274913e-05  4.9944126e-01  2.3218781e-02  3.5188856e-01
 5.9119731e-02  1.0767250e-04  2.3061050e-01  7.9893267e-02  4.9995523e-01
 5.9193274e-02  8.9550875e-05  2.3054014e-01  7.9788446e-02  4.9995553e-01
 5.7858649e-02  6.6675027e-05  4.9825606e-01  2.4371717e-02  3.4843791e-01
 5.7894206e-02  6.5906797e-05  4.9825565e-01  2.4312827e-02  3.4841831e-01
 5.9115688e-02  1.0805794e-04  2.2936870e-01  8.0692087e-02  4.9902478e-01
 5.9189737e-02  9.0634275e-05  2.2929879e-01  8.0587446e-02  4.9902444e-01
 5.7215545e-02  1.1972160e-04  4.0217137e-01  6.8311899e-02  2.6908844e-01
 5.7255355e-02  9.2073387e-05  4.0215735e-01  6.8249250e-02  2.6905319e-01
 5.7212802e-02  1.2665544e-04  2.6698799e-01  6.9418408e-02  4.0227173e-01
 5.7253059e-02  9.3158923e-05  2.6695307e-01  6.9355720e-02  4.0225772e-01
 5.7302608e-02  8.2332832e-05  4.9999982e-01  1.4698489e-01  1.4697536e-01
 5.7334346e-02  6.6022723e-05  4.9999981e-01  1.4694302e-01  1.4693351e-01
 5.5867576e-02  5.6663070e-05  4.9993450e-01  1.4686271e-01  1.4684857e-01
 5.5885406e-02  5.5295740e-05  4.9993449e-01  1.4683889e-01  1.4682476e-01
 5.8102634e-02  5.3616936e-05  1.4555165e-01  4.9584168e-01  1.4849902e-01
 5.8133662e-02  5.4829437e-05  1.4551341e-01  4.9584199e-01  1.4846066e-01
 5.5221215e-02  4.1546998e-05  1.4761556e-01  4.9878542e-01  1.4599923e-01
 5.5239553e-02  4.3692136e-05  1.4759007e-01  4.9878539e-01  1.4597382e-01
 5.5367144e-02  1.4278303e-04  5.2106569e-02  4.9883501e-01  2.7895117e-01
 5.5386381e-02  1.5868176e-04  5.2073060e-02  4.9883484e-01  2.7893447e-01
 5.4860325e-02  2.3574069e-05  1.5458483e-01  1.3914174e-01  4.9386070e-01
 5.4860380e-02  2.1964731e-05  1.5458451e-01  1.3914142e-01  4.9386070e-01
 5.9159525e-02  1.4368490e-04  1.4508293e-01  1.4907958e-01  4.9692464e-01
 5.9189476e-02  1.2636054e-04  1.4504808e-01  1.4904570e-01  4.9692469e-01
 5.6288248e-02  3.6137043e-05  1.4902169e-01  1.4480631e-01  4.9539125e-01
 5.6305623e-02  3.2926498e-05  1.4899930e-01  1.4478317e-01  4.9539138e-01
 5.8973587e-02  2.5112535e-05  1.4695148e-01  1.4725830e-01  4.9917160e-01
 5.9046289e-02  3.9636361e-05  1.4686285e-01  1.4716975e-01  4.9917132e-01
 5.8284179e-02  2.3943667e-05  1.4584907e-01  1.4823105e-01  4.9653933e-01
 5.8325602e-02  2.0467282e-05  1.4579896e-01  1.4818132e-01  4.9653954e-01
 5.8284174e-02  2.1579446e-05  1.4825773e-01  1.4582303e-01  4.9649225e-01
 5.8325601e-02  2.1885431e-05  1.4820801e-01  1.4577290e-01  4.9649247e-01
 5.6839695e-02  3.0183782e-05  1.4696809e-01  1.4695825e-01  4.9920869e-01
 5.6883697e-02  2.4631554e-05  1.4691020e-01  1.4690038e-01  4.9920853e-01
 5.8102636e-02  5.3949009e-05  1.4556214e-01  1.4848827e-01  4.9585702e-01
 5.8133662e-02  5.3683583e-05  1.4552389e-01  1.4844989e-01  4.9585731e-01
 5.5221214e-02  4.4602381e-05  1.4756851e-01  1.4604606e-01  4.9879115e-01
 5.5239554e-02  4.3187911e-05  1.4754302e-01  1.4602066e-01  4.9879112e-01
 5.8635298e-02  1.1714370e-04  4.9609528e-01  1.4744020e-01  1.4662211e-01
 5.8635532e-02  1.1956282e-04  4.9609529e-01  1.4744038e-01  1.4662227e-01
 5.4288384e-02  8.8585482e-05  4.9393794e-01  1.4692173e-01  1.4650716e-01
 5.4288480e-02  8.5854226e-05  4.9393795e-01  1.4692181e-01  1.4650723e-01
 5.4155661e-02  9.9078274e-05  1.4469121e-01  1.4872799e-01  4.9391453e-01
 5.4162218e-02  1.0340638e-04  1.4468163e-01  1.4871864e-01  4.9391462e-01
 5.4156361e-02  9.7712087e-05  1.4672714e-01  1.4662765e-01  4.9993494e-01
 5.4162892e-02  1.0706261e-04  1.4671788e-01  1.4661839e-01  4.9993494e-01
 5.5368803e-02  1.4108941e-04  5.0472238e-02  4.9944734e-01  2.8229247e-01
 5.5387792e-02  1.6545484e-04  5.0439054e-02  4.9944705e-01  2.8227556e-01
 5.7215544e-02  1.1048074e-04  6.8303578e-02  4.0215788e-01  2.6910971e-01
 5.7255349e-02  1.0545301e-04  6.8240947e-02  4.0214385e-01  2.6907444e-01
 5.7212804e-02  1.2552820e-04  6.9419071e-02  2.6697799e-01  4.0229267e-01
 5.7253053e-02  9.6005053e-05  6.9356384e-02  2.6694308e-01  4.0227866e-01
 5.5367142e-02  1.4522478e-04  5.2106519e-02  2.7895114e-01  4.9885979e-01
 5.5386381e-02  1.6079669e-04  5.2073024e-02  2.7893443e-01  4.9885962e-01
 5.4155660e-02  9.8575054e-05  1.4467402e-01  4.9390293e-01  1.4874557e-01
 5.4162218e-02  1.0469978e-04  1.4466445e-01  4.9390302e-01  1.4873623e-01
 5.3729284e-02  3.8932718e-05  4.9999964e-01  1.4664845e-01  1.4660482e-01
 5.3735928e-02  4.1969071e-05  4.9999964e-01  1.4663855e-01  1.4659493e-01
 5.3004005e-02  8.2199075e-05  1.3495180e-04  1.3495273e-04  1.3495302e-04
 5.3004006e-02  8.3296400e-05  1.3495190e-04  1.3495135e-04  1.3495256e-04
 5.3729286e-02  3.8941405e-05  1.4663218e-01  4.9992938e-01  1.4662109e-01
 5.3735928e-02  4.3004815e-05  1.4662229e-01  4.9992938e-01  1.4661121e-01
 5.5222701e-02  3.7735809e-05  1.4680865e-01  4.9997004e-01  1.4680303e-01
 5.5240711e-02  5.1623010e-05  1.4678304e-01  4.9997005e-01  1.4677742e-01
 5.8100975e-02  5.4711256e-05  1.4705973e-01  4.9999486e-01  1.4695989e-01
 5.8132261e-02  5.6125020e-05  1.4702140e-01  4.9999485e-01  1.4692156e-01
 5.7302610e-02  6.8711430e-05  1.4697841e-01  4.9998576e-01  1.4698183e-01
 5.7334343e-02  7.9105705e-05  1.4693656e-01  4.9998577e-01  1.4693998e-01
 5.5867577e-02  5.5626486e-05  1.4691762e-01  4.9999413e-01  1.4679367e-01
 5.5885402e-02  5.8438150e-05  1.4689381e-01  4.9999413e-01  1.4676985e-01
 5.4155173e-02  1.0129226e-04  1.4674509e-01  4.9999790e-01  1.4660956e-01
 5.4161779e-02  1.0487023e-04  1.4673559e-01  4.9999791e-01  1.4660005e-01
 5.3153797e-02  3.5584823e-05  1.3231872e-04  2.6703457e-04  1.3231754e-04
 5.3153803e-02  3.7243677e-05  1.3227540e-04  2.6703459e-04  1.3227404e-04
 5.3729285e-02  4.2959199e-05  1.4658672e-01  1.4666655e-01  4.9994245e-01
 5.3735928e-02  3.8479007e-05  1.4657684e-01  1.4665666e-01  4.9994245e-01
 5.4156364e-02  1.0353495e-04  4.9992174e-01  1.4670017e-01  1.4665460e-01
 5.4162892e-02  1.0317511e-04  4.9992174e-01  1.4669092e-01  1.4664535e-01
 5.5368806e-02  1.4197130e-04  2.8230695e-01  4.9935465e-01  5.0465334e-02
 5.5387794e-02  1.6625408e-04  2.8229006e-01  4.9935435e-01  5.0432163e-02
 5.7215547e-02  1.0978279e-04  2.6911916e-01  4.0211798e-01  6.8307546e-02
 5.7255352e-02  1.0940163e-04  2.6908390e-01  4.0210396e-01  6.8244931e-02
 5.7212801e-02  1.1616452e-04  4.0238662e-01  2.6700041e-01  6.9385622e-02
 5.7253052e-02  1.0683608e-04  4.0237262e-01  2.6696550e-01  6.9322932e-02
 5.5367140e-02  1.4177426e-04  4.9894186e-01  2.7899412e-01  5.2085098e-02
 5.5386382e-02  1.6352316e-04  4.9894169e-01  2.7897743e-01  5.2051596e-02
 5.4155660e-02  1.0284099e-04  1.4875790e-01  4.9392060e-01  1.4466153e-01
 5.4162218e-02  1.0160429e-04  1.4874856e-01  4.9392069e-01  1.4465196e-01
 5.5222700e-02  4.5624985e-05  1.4678506e-01  1.4682661e-01  4.9997387e-01
 5.5240711e-02  4.3000097e-05  1.4675947e-01  1.4680100e-01  4.9997387e-01
 5.8100974e-02  5.1408855e-05  1.4705997e-01  1.4695966e-01  4.9994600e-01
 5.8132261e-02  5.3706274e-05  1.4702162e-01  1.4692131e-01  4.9994598e-01
 5.5368806e-02  1.5021789e-04  2.8221899e-01  5.0507929e-02  4.9936371e-01
 5.5387795e-02  1.5850819e-04  2.8220210e-01  5.0474752e-02  4.9936342e-01
 5.8977726e-02  2.0913465e-05  4.9997852e-01  1.4710506e-01  1.4710555e-01
 5.9049957e-02  4.1968166e-05  4.9997852e-01  1.4701606e-01  1.4701657e-01
 5.6289155e-02  3.8710539e-05  4.9992349e-01  1.4690313e-01  1.4688099e-01
 5.6306458e-02  3.4477204e-05  4.9992349e-01  1.4688090e-01  1.4685876e-01
 5.9158237e-02  1.4772657e-04  4.9993173e-01  1.4706122e-01  1.4707591e-01
 5.9188470e-02  1.2876648e-04  4.9993172e-01  1.4702634e-01  1.4704104e-01
 5.9119732e-02  9.8741318e-05  4.9990859e-01  2.3065510e-01  7.9864685e-02
 5.9193278e-02  9.1690370e-05  4.9990887e-01  2.3058473e-01  7.9759862e-02
 5.7860849e-02  6.5031424e-05  3.5194535e-01  4.9938140e-01  2.3265517e-02
 5.7896075e-02  7.2565576e-05  3.5192554e-01  4.9938085e-01  2.3207372e-02
 5.9115684e-02  9.3836381e-05  4.9910282e-01  2.2938639e-01  8.0680476e-02
 5.9189726e-02  9.9420612e-05  4.9910249e-01  2.2931650e-01  8.0575827e-02
 5.7858655e-02  6.7907659e-05  3.4850007e-01  4.9810227e-01  2.4352473e-02
 5.7894212e-02  6.8672487e-05  3.4848046e-01  4.9810184e-01  2.4293612e-02
 5.7213347e-02  1.1494236e-04  4.0455140e-01  2.6556701e-01  6.9678644e-02
 5.7253583e-02  1.0582258e-04  4.0453781e-01  2.6553219e-01  6.9615975e-02
 5.7213354e-02  1.1712262e-04  2.6555619e-01  4.0464833e-01  6.9663050e-02
 5.7253587e-02  9.8590984e-05  2.6552135e-01  4.0463474e-01  6.9600394e-02
 5.5868661e-02  5.5461843e-05  1.4879907e-01  4.9444573e-01  1.4496697e-01
 5.5886321e-02  5.7160828e-05  1.4877532e-01  4.9444595e-01  1.4494307e-01
 5.7300522e-02  7.8605066e-05  1.4610201e-01  4.9842484e-01  1.4786295e-01
 5.7332744e-02  6.7835398e-05  1.4606055e-01  4.9842478e-01  1.4782145e-01
 5.7302608e-02  8.4118917e-05  1.4696686e-01  1.4699336e-01  4.9998599e-01
 5.7334346e-02  6.7255396e-05  1.4692503e-01  1.4695151e-01  4.9998599e-01
 5.5867577e-02  5.4961539e-05  1.4692226e-01  1.4678905e-01  4.9993091e-01
 5.5885402e-02  5.5254059e-05  1.4689843e-01  1.4676521e-01  4.9993090e-01
 5.7215547e-02  1.2527326e-04  2.6905457e-01  6.8339407e-02  4.0212987e-01
 5.7255354e-02  9.3772557e-05  2.6901932e-01  6.8276785e-02  4.0211584e-01
 5.7212801e-02  1.1857306e-04  4.0238354e-01  6.9401541e-02  2.6697231e-01
 5.7253053e-02  9.4029861e-05  4.0236953e-01  6.9338830e-02  2.6693739e-01
 5.9119733e-02  1.0033431e-04  4.9994244e-01  7.9866353e-02  2.3065252e-01
 5.9193279e-02  9.0744225e-05  4.9994273e-01  7.9761500e-02  2.3058216e-01
 5.7860850e-02  7.1169788e-05  3.5184010e-01  2.3298218e-02  4.9938711e-01
 5.7896077e-02  6.7135460e-05  3.5182029e-01  2.3240065e-02  4.9938655e-01
 5.9115685e-02  9.6074868e-05  4.9910336e-01  8.0685015e-02  2.2937938e-01
 5.9189729e-02  8.8588038e-05  4.9910303e-01  8.0580345e-02  2.2930949e-01
 5.7858653e-02  7.0708426e-05  3.4842072e-01  2.4377705e-02  4.9812127e-01
 5.7894214e-02  6.7091740e-05  3.4840109e-01  2.4318837e-02  4.9812085e-01
 5.8977647e-02  2.2286327e-05  4.9998515e-01  1.4710585e-01  1.4710454e-01
 5.9049772e-02  4.2073321e-05  4.9998514e-01  1.4701669e-01  1.4701541e-01
 5.9160513e-02  1.4294740e-04  4.9992458e-01  1.4707300e-01  1.4706345e-01
 5.9190396e-02  1.3334284e-04  4.9992457e-01  1.4703928e-01  1.4702973e-01
 5.6287297e-02  4.0979282e-05  4.9993420e-01  1.4688239e-01  1.4690211e-01
 5.6304816e-02  3.2381094e-05  4.9993419e-01  1.4685932e-01  1.4687905e-01
 5.5367144e-02  1.4426938e-04  2.7901756e-01  4.9878645e-01  5.2073925e-02
 5.5386385e-02  1.5920526e-04  2.7900085e-01  4.9878628e-01  5.2040430e-02
 5.8102632e-02  5.3069786e-05  1.4849811e-01  4.9588114e-01  1.4555208e-01
 5.8133661e-02  5.5259389e-05  1.4845976e-01  4.9588144e-01  1.4551383e-01
 5.5221216e-02  4.2099479e-05  1.4606157e-01  4.9877637e-01  1.4755298e-01
 5.5239553e-02  4.3301275e-05  1.4603615e-01  4.9877633e-01  1.4752750e-01
 5.4155173e-02  1.0390286e-04  1.4676920e-01  1.4658549e-01  4.9991489e-01
 5.4161779e-02  9.9075898e-05  1.4675969e-01  1.4657597e-01  4.9991489e-01
 5.5367141e-02  1.4559546e-04  4.9895293e-01  5.2114326e-02  2.7893487e-01
 5.5386383e-02  1.5691624e-04  4.9895277e-01  5.2080809e-02  2.7891816e-01
 5.7213348e-02  1.2005890e-04  4.0454648e-01  6.9699445e-02  2.6553086e-01
 5.7253585e-02  9.4395585e-05  4.0453287e-01  6.9636758e-02  2.6549604e-01
 5.7213352e-02  1.2920464e-04  2.6552445e-01  6.9682885e-02  4.0463695e-01
 5.7253590e-02  9.5058468e-05  2.6548960e-01  6.9620225e-02  4.0462335e-01
 5.5367143e-02  1.4819409e-04  2.7895782e-01  5.2103354e-02  4.9880984e-01
 5.5386387e-02  1.5884003e-04  2.7894110e-01  5.2069856e-02  4.9880967e-01
 5.4155173e-02  1.0417733e-04  4.9992014e-01  1.4666684e-01  1.4668780e-01
 5.4161782e-02  1.0046696e-04  4.9992014e-01  1.4665734e-01  1.4667830e-01
 5.3728405e-02  4.1005270e-05  1.4666973e-01  4.9954376e-01  1.4658332e-01
 5.3735163e-02  3.8806274e-05  1.4665985e-01  4.9954374e-01  1.4657344e-01
 5.3153798e-02  3.7689318e-05  1.3231746e-04  1.3232023e-04  2.6703622e-04
 5.3153803e-02  3.5270853e-05  1.3227719e-04  1.3227353e-04  2.6703630e-04
 5.4155661e-02  1.0130441e-04  1.4874718e-01  1.4467348e-01  4.9384188e-01
 5.4162219e-02  1.0290377e-04  1.4873783e-01  1.4466391e-01  4.9384197e-01
 5.5868663e-02  5.3913187e-05  1.4880216e-01  1.4496513e-01  4.9436970e-01
 5.5886322e-02  5.7737129e-05  1.4877839e-01  1.4494123e-01  4.9436992e-01
 5.7300521e-02  9.2453174e-05  1.4611230e-01  1.4785250e-01  4.9844992e-01
 5.7332747e-02  6.6806088e-05  1.4607085e-01  1.4781100e-01  4.9844988e-01
 5.8102633e-02  5.1195131e-05  1.4851127e-01  1.4553996e-01  4.9580358e-01
 5.8133663e-02  5.5726318e-05  1.4847290e-01  1.4550169e-01  4.9580387e-01
 5.5221215e-02  4.5821861e-05  1.4605470e-01  1.4755981e-01  4.9879756e-01
 5.5239555e-02  4.3831679e-05  1.4602929e-01  1.4753433e-01  4.9879753e-01
 5.3728405e-02  4.1484893e-05  1.4662851e-01  1.4662450e-01  4.9956972e-01
 5.3735164e-02  3.9818134e-05  1.4661863e-01  1.4661463e-01  4.9956970e-01
 5.3003600e-02  8.3215730e-05  4.8199887e-01  1.4459617e-01  1.4891146e-01
 5.3003613e-02  8.1235552e-05  4.8199888e-01  1.4459618e-01  1.4891147e-01
